<?xml version="1.0" encoding="UTF-8"?>
<testsuites name="Ordinary_teacher" time="13.828" tests="2" failures="0" errors="0">
   <testsuite name="Ordinary_teacher" tests="2" failures="0" errors="0" time="13.828" timestamp="2019-12-31 13:13:54" hostname="faz - 192.168.2.28" id="Test Suites/Android/Teacher Test Suite/Ordinary_teacher">
      <properties>
         <property name="deviceName" value="HUAWEI COL-AL10 (Android 9)"/>
         <property name="devicePlatform" value=""/>
         <property name="logFolder" value="/Users/faz/git/com.goldlokedu.app/Reports/20191231_131336/Android/Teacher Test Suite/Ordinary_teacher/20191231_131336"/>
         <property name="logFiles" value="/Users/faz/git/com.goldlokedu.app/Reports/20191231_131336/Android/Teacher Test Suite/Ordinary_teacher/20191231_131336/execution0.log, /Users/faz/git/com.goldlokedu.app/Reports/20191231_131336/Android/Teacher Test Suite/Ordinary_teacher/20191231_131336/appium.log"/>
         <property name="attachments" value=""/>
         <property name="hostName" value="faz - 192.168.2.28"/>
         <property name="os" value="Mac OS X 64bit"/>
         <property name="appiumServerStatus" value="{\&quot;value\&quot;:{\&quot;build\&quot;:{\&quot;version\&quot;:\&quot;1.16.0\&quot;}},\&quot;sessionId\&quot;:null,\&quot;status\&quot;:0}"/>
         <property name="katalonVersion" value="7.2.0.1"/>
         <property name="deviceOS" value="Android"/>
         <property name="appiumVersion" value="1.16.0"/>
         <property name="deviceModel" value="COL-AL10"/>
         <property name="hostAddress" value="192.168.2.28"/>
         <property name="deviceManufacturer" value="HUAWEI"/>
         <property name="deviceId" value="VBJ4C18519001467"/>
         <property name="deviceName" value="HUAWEI COL-AL10 (Android 9)"/>
         <property name="deviceOSVersion" value="9"/>
      </properties>
      <testcase name="Test Cases/Android/Public Module/Start App/start_app" time="12.796" classname="Test Cases/Android/Public Module/Start App/start_app" status="PASSED">
         <system-out><![CDATA[2019-12-31 13:13:55 - [TEST_CASE][PASSED] - Test Cases/Android/Public Module/Start App/start_app: Test Cases/Android/Public Module/Start App/start_app

2019-12-31 13:13:55 - [TEST_STEP][PASSED] - startExistingApplication(G_AppId, STOP_ON_FAILURE): Starting app with application ID: 'com.goldlokedu.tgoldlokedu '

2019-12-31 13:13:56 - [MESSAGE][INFO] - User set preference: ['deviceId', 'VBJ4C18519001467']

2019-12-31 13:13:58 - [MESSAGE][INFO] - Appium server started on port 53,890

2019-12-31 13:14:08 - [MESSAGE][PASSED] - Starting app with application ID: 'com.goldlokedu.tgoldlokedu ']]></system-out>
         <system-err><![CDATA[]]></system-err>
      </testcase>
      <testcase name="Test Cases/Android/Bottom Navigation/Campus/tap_test" time="0.266" classname="Test Cases/Android/Bottom Navigation/Campus/tap_test" status="PASSED">
         <system-out><![CDATA[2019-12-31 13:14:08 - [TEST_CASE][PASSED] - Test Cases/Android/Bottom Navigation/Campus/tap_test: Test Cases/Android/Bottom Navigation/Campus/tap_test

2019-12-31 13:14:08 - [TEST_STEP][PASSED] - isPresent = true: null

2019-12-31 13:14:08 - [TEST_STEP][PASSED] - assert isPresent == true: null]]></system-out>
         <system-err><![CDATA[]]></system-err>
      </testcase>
      <system-out><![CDATA[2019-12-31 13:13:54 - [TEST_SUITE][PASSED] - Ordinary_teacher: Test Cases/Android/Bottom Navigation/Campus/tap_test]]></system-out>
      <system-err><![CDATA[]]></system-err>
   </testsuite>
</testsuites>
