<?xml version="1.0" encoding="UTF-8"?>
<testsuites name="Ordinary_teacher" time="43.845" tests="7" failures="0" errors="0">
   <testsuite name="Ordinary_teacher" tests="7" failures="0" errors="0" time="43.845" timestamp="2020-01-05 23:17:43" hostname="Administrator - PC-20190203YURK" id="Test Suites/Android/Teacher Test Suite/Ordinary_teacher">
      <properties>
         <property name="deviceName" value="HUAWEI COL-AL10 (Android 9)"/>
         <property name="devicePlatform" value=""/>
         <property name="logFolder" value="E:\\\u5E84\u610F\u5F3A\\katalonworkspace\\com.goldlokedu.app\\Reports\\20200105_231733\\Android\\Teacher Test Suite\\Ordinary_teacher\\20200105_231733"/>
         <property name="logFiles" value="E:\\\u5E84\u610F\u5F3A\\katalonworkspace\\com.goldlokedu.app\\Reports\\20200105_231733\\Android\\Teacher Test Suite\\Ordinary_teacher\\20200105_231733\\appium.log, E:\\\u5E84\u610F\u5F3A\\katalonworkspace\\com.goldlokedu.app\\Reports\\20200105_231733\\Android\\Teacher Test Suite\\Ordinary_teacher\\20200105_231733\\execution0.log"/>
         <property name="attachments" value=""/>
         <property name="hostName" value="Administrator - PC-20190203YURK"/>
         <property name="os" value="Windows 7 64bit"/>
         <property name="appiumServerStatus" value="{\&quot;value\&quot;:{\&quot;build\&quot;:{\&quot;version\&quot;:\&quot;1.15.1\&quot;}},\&quot;sessionId\&quot;:null,\&quot;status\&quot;:0}"/>
         <property name="katalonVersion" value="7.2.0.1"/>
         <property name="deviceOS" value="Android"/>
         <property name="appiumVersion" value="1.15.1"/>
         <property name="deviceModel" value="COL-AL10"/>
         <property name="hostAddress" value="192.168.3.4"/>
         <property name="deviceManufacturer" value="HUAWEI"/>
         <property name="deviceId" value="VBJ4C18519001467"/>
         <property name="deviceName" value="HUAWEI COL-AL10 (Android 9)"/>
         <property name="deviceOSVersion" value="9"/>
      </properties>
      <testcase name="Test Cases/Android/Public Module/Start App/start_app" time="15.918" classname="Test Cases/Android/Public Module/Start App/start_app" status="PASSED">
         <system-out><![CDATA[2020-01-05 23:17:43 - [TEST_CASE][PASSED] - Test Cases/Android/Public Module/Start App/start_app: Test Cases/Android/Public Module/Start App/start_app

2020-01-05 23:17:43 - [TEST_STEP][PASSED] - startExistingApplication(G_AppId, STOP_ON_FAILURE): Starting app with application ID: 'com.goldlokedu.tgoldlokedu '

2020-01-05 23:17:43 - [MESSAGE][INFO] - User set preference: ['deviceId', 'VBJ4C18519001467']

2020-01-05 23:17:45 - [MESSAGE][INFO] - Appium server started on port 54,582

2020-01-05 23:17:57 - [MESSAGE][PASSED] - Starting app with application ID: 'com.goldlokedu.tgoldlokedu ']]></system-out>
         <system-err><![CDATA[]]></system-err>
      </testcase>
      <testcase name="Test Cases/Android/Bottom Navigation/Campus/tap_sms_text" time="5.291" classname="Test Cases/Android/Bottom Navigation/Campus/tap_sms_text" status="PASSED">
         <system-out><![CDATA[2020-01-05 23:17:59 - [TEST_CASE][PASSED] - Test Cases/Android/Bottom Navigation/Campus/tap_sms_text: Test Cases/Android/Bottom Navigation/Campus/tap_sms_text

2020-01-05 23:17:59 - [TEST_STEP][PASSED] - tap(findTestObject("Object Repository/Android/Bottom Bavigation/Campus/Interactive Management/sms_text"), G_Timeout, CONTINUE_ON_FAILURE): Tapped on element 'Object Repository/Android/Bottom Bavigation/Campus/Interactive Management/sms_text'

2020-01-05 23:18:02 - [MESSAGE][PASSED] - Tapped on element 'Object Repository/Android/Bottom Bavigation/Campus/Interactive Management/sms_text']]></system-out>
         <system-err><![CDATA[]]></system-err>
      </testcase>
      <testcase name="Test Cases/Android/Bottom Navigation/Campus/SMS/Sending SMS/tap_add_contacts_image" time="3.809" classname="Test Cases/Android/Bottom Navigation/Campus/SMS/Sending SMS/tap_add_contacts_image" status="PASSED">
         <system-out><![CDATA[2020-01-05 23:18:04 - [TEST_CASE][PASSED] - Test Cases/Android/Bottom Navigation/Campus/SMS/Sending SMS/tap_add_contacts_image: Test Cases/Android/Bottom Navigation/Campus/SMS/Sending SMS/tap_add_contacts_image

2020-01-05 23:18:04 - [TEST_STEP][PASSED] - tap(findTestObject("Object Repository/Android/Bottom Bavigation/Campus/Interactive Management/SMS/Sending SMS/add_contacts_image"), G_Timeout, CONTINUE_ON_FAILURE): Tapped on element 'Object Repository/Android/Bottom Bavigation/Campus/Interactive Management/SMS/Sending SMS/add_contacts_image'

2020-01-05 23:18:06 - [MESSAGE][PASSED] - Tapped on element 'Object Repository/Android/Bottom Bavigation/Campus/Interactive Management/SMS/Sending SMS/add_contacts_image']]></system-out>
         <system-err><![CDATA[]]></system-err>
      </testcase>
      <testcase name="Test Cases/Android/Bottom Navigation/Campus/SMS/Sending SMS/Contacts Select/Teacher Contacts/tap_all_teacher_option" time="4.144" classname="Test Cases/Android/Bottom Navigation/Campus/SMS/Sending SMS/Contacts Select/Teacher Contacts/tap_all_teacher_option" status="PASSED">
         <system-out><![CDATA[2020-01-05 23:18:08 - [TEST_CASE][PASSED] - Test Cases/Android/Bottom Navigation/Campus/SMS/Sending SMS/Contacts Select/Teacher Contacts/tap_all_teacher_option: Test Cases/Android/Bottom Navigation/Campus/SMS/Sending SMS/Contacts Select/Teacher Contacts/tap_all_teacher_option

2020-01-05 23:18:08 - [TEST_STEP][PASSED] - to = findTestObject("Object Repository/Android/Bottom Bavigation/Campus/Interactive Management/SMS/Sending SMS/Contacts Select Page/Teacher Contacts/checkbox_btn"): null

2020-01-05 23:18:08 - [TEST_STEP][PASSED] - tap(to, G_Timeout, CONTINUE_ON_FAILURE): Tapped on element 'Object Repository/Android/Bottom Bavigation/Campus/Interactive Management/SMS/Sending SMS/Contacts Select Page/Teacher Contacts/checkbox_btn'

2020-01-05 23:18:10 - [MESSAGE][PASSED] - Tapped on element 'Object Repository/Android/Bottom Bavigation/Campus/Interactive Management/SMS/Sending SMS/Contacts Select Page/Teacher Contacts/checkbox_btn']]></system-out>
         <system-err><![CDATA[]]></system-err>
      </testcase>
      <testcase name="Test Cases/Android/Bottom Navigation/Campus/SMS/Sending SMS/Contacts Select/tap_sure_btn" time="3.624" classname="Test Cases/Android/Bottom Navigation/Campus/SMS/Sending SMS/Contacts Select/tap_sure_btn" status="PASSED">
         <system-out><![CDATA[2020-01-05 23:18:12 - [TEST_CASE][PASSED] - Test Cases/Android/Bottom Navigation/Campus/SMS/Sending SMS/Contacts Select/tap_sure_btn: Test Cases/Android/Bottom Navigation/Campus/SMS/Sending SMS/Contacts Select/tap_sure_btn

2020-01-05 23:18:12 - [TEST_STEP][PASSED] - tap(findTestObject("Object Repository/Android/Bottom Bavigation/Campus/Interactive Management/SMS/Sending SMS/Contacts Select Page/sure_btn"), G_Timeout, CONTINUE_ON_FAILURE): Tapped on element 'Object Repository/Android/Bottom Bavigation/Campus/Interactive Management/SMS/Sending SMS/Contacts Select Page/sure_btn'

2020-01-05 23:18:14 - [MESSAGE][PASSED] - Tapped on element 'Object Repository/Android/Bottom Bavigation/Campus/Interactive Management/SMS/Sending SMS/Contacts Select Page/sure_btn']]></system-out>
         <system-err><![CDATA[]]></system-err>
      </testcase>
      <testcase name="Test Cases/Android/Bottom Navigation/Campus/SMS/Sending SMS/set_text_to_sms_content" time="4.265" classname="Test Cases/Android/Bottom Navigation/Campus/SMS/Sending SMS/set_text_to_sms_content" status="PASSED">
         <system-out><![CDATA[2020-01-05 23:18:16 - [TEST_CASE][PASSED] - Test Cases/Android/Bottom Navigation/Campus/SMS/Sending SMS/set_text_to_sms_content: Test Cases/Android/Bottom Navigation/Campus/SMS/Sending SMS/set_text_to_sms_content

2020-01-05 23:18:16 - [TEST_STEP][PASSED] - str = SetDateCalendarKeyword.getDATE_PATTERN_1(): null

2020-01-05 23:18:16 - [TEST_STEP][PASSED] - setText(findTestObject("Object Repository/Android/Bottom Bavigation/Campus/Interactive Management/SMS/Sending SMS/sms_content_edittext"), "测试短信" + str, G_Timeout, CONTINUE_ON_FAILURE): Text '测试短信(\b\d{1,2}\D{0,3})?\b(?:Jan(?:uary)?|Feb(?:ruary)?|Mar(?:ch)?|Apr(?:il)?|May|Jun(?:e)?|Jul(?:y)?|Aug(?:ust)?|Sep(?:tember)?|Oct(?:ober)?|(Nov|Dec)(?:ember)?)\D?(\d{1,2}\D?)?\D?((19[7-9]\d|20\d{2})|\d{2})' has been set to element 'Object Repository/Android/Bottom Bavigation/Campus/Interactive Management/SMS/Sending SMS/sms_content_edittext'

2020-01-05 23:18:18 - [MESSAGE][PASSED] - Text '测试短信(\b\d{1,2}\D{0,3})?\b(?:Jan(?:uary)?|Feb(?:ruary)?|Mar(?:ch)?|Apr(?:il)?|May|Jun(?:e)?|Jul(?:y)?|Aug(?:ust)?|Sep(?:tember)?|Oct(?:ober)?|(Nov|Dec)(?:ember)?)\D?(\d{1,2}\D?)?\D?((19[7-9]\d|20\d{2})|\d{2})' has been set to element 'Object Repository/Android/Bottom Bavigation/Campus/Interactive Management/SMS/Sending SMS/sms_content_edittext']]></system-out>
         <system-err><![CDATA[]]></system-err>
      </testcase>
      <testcase name="Test Cases/Android/Bottom Navigation/Campus/SMS/Sending SMS/tap_send_sms_text" time="5.947" classname="Test Cases/Android/Bottom Navigation/Campus/SMS/Sending SMS/tap_send_sms_text" status="PASSED">
         <system-out><![CDATA[2020-01-05 23:18:20 - [TEST_CASE][PASSED] - Test Cases/Android/Bottom Navigation/Campus/SMS/Sending SMS/tap_send_sms_text: Test Cases/Android/Bottom Navigation/Campus/SMS/Sending SMS/tap_send_sms_text

2020-01-05 23:18:20 - [TEST_STEP][PASSED] - tap(findTestObject("Android/Bottom Bavigation/Campus/Interactive Management/SMS/Sending SMS/sms_send_text"), G_Timeout, CONTINUE_ON_FAILURE): Tapped on element 'Object Repository/Android/Bottom Bavigation/Campus/Interactive Management/SMS/Sending SMS/sms_send_text'

2020-01-05 23:18:24 - [MESSAGE][PASSED] - Tapped on element 'Object Repository/Android/Bottom Bavigation/Campus/Interactive Management/SMS/Sending SMS/sms_send_text']]></system-out>
         <system-err><![CDATA[]]></system-err>
      </testcase>
      <system-out><![CDATA[2020-01-05 23:17:43 - [TEST_SUITE][PASSED] - Ordinary_teacher: Test Cases/Android/Bottom Navigation/Campus/SMS/Sending SMS/tap_send_sms_text]]></system-out>
      <system-err><![CDATA[]]></system-err>
   </testsuite>
</testsuites>
