<?xml version="1.0" encoding="UTF-8"?>
<testsuites name="Ordinary_teacher" time="21.261" tests="3" failures="0" errors="0">
   <testsuite name="Ordinary_teacher" tests="3" failures="0" errors="0" time="21.261" timestamp="2019-12-31 16:36:59" hostname="faz - 192.168.2.28" id="Test Suites/Android/Teacher Test Suite/Ordinary_teacher">
      <properties>
         <property name="deviceName" value="HUAWEI COL-AL10 (Android 9)"/>
         <property name="devicePlatform" value=""/>
         <property name="logFolder" value="/Users/faz/git/com.goldlokedu.app/Reports/20191231_163641/Android/Teacher Test Suite/Ordinary_teacher/20191231_163641"/>
         <property name="logFiles" value="/Users/faz/git/com.goldlokedu.app/Reports/20191231_163641/Android/Teacher Test Suite/Ordinary_teacher/20191231_163641/execution0.log, /Users/faz/git/com.goldlokedu.app/Reports/20191231_163641/Android/Teacher Test Suite/Ordinary_teacher/20191231_163641/appium.log"/>
         <property name="attachments" value=""/>
         <property name="hostName" value="faz - 192.168.2.28"/>
         <property name="os" value="Mac OS X 64bit"/>
         <property name="appiumServerStatus" value="{\&quot;value\&quot;:{\&quot;build\&quot;:{\&quot;version\&quot;:\&quot;1.16.0\&quot;}},\&quot;sessionId\&quot;:null,\&quot;status\&quot;:0}"/>
         <property name="katalonVersion" value="7.2.0.1"/>
         <property name="deviceOS" value="Android"/>
         <property name="appiumVersion" value="1.16.0"/>
         <property name="deviceModel" value="COL-AL10"/>
         <property name="hostAddress" value="192.168.2.28"/>
         <property name="deviceManufacturer" value="HUAWEI"/>
         <property name="deviceId" value="VBJ4C18519001467"/>
         <property name="deviceName" value="HUAWEI COL-AL10 (Android 9)"/>
         <property name="deviceOSVersion" value="9"/>
      </properties>
      <testcase name="Test Cases/Android/Public Module/Start App/start_app" time="12.404" classname="Test Cases/Android/Public Module/Start App/start_app" status="PASSED">
         <system-out><![CDATA[2019-12-31 16:37:00 - [TEST_CASE][PASSED] - Test Cases/Android/Public Module/Start App/start_app: Test Cases/Android/Public Module/Start App/start_app

2019-12-31 16:37:00 - [TEST_STEP][PASSED] - startExistingApplication(G_AppId, STOP_ON_FAILURE): Starting app with application ID: 'com.goldlokedu.tgoldlokedu '

2019-12-31 16:37:01 - [MESSAGE][INFO] - User set preference: ['deviceId', 'VBJ4C18519001467']

2019-12-31 16:37:03 - [MESSAGE][INFO] - Appium server started on port 49,866

2019-12-31 16:37:12 - [MESSAGE][PASSED] - Starting app with application ID: 'com.goldlokedu.tgoldlokedu ']]></system-out>
         <system-err><![CDATA[]]></system-err>
      </testcase>
      <testcase name="Test Cases/Android/Bottom Navigation/tap_bottom_my" time="3.571" classname="Test Cases/Android/Bottom Navigation/tap_bottom_my" status="PASSED">
         <system-out><![CDATA[2019-12-31 16:37:12 - [TEST_CASE][PASSED] - Test Cases/Android/Bottom Navigation/tap_bottom_my: Test Cases/Android/Bottom Navigation/tap_bottom_my

2019-12-31 16:37:13 - [TEST_STEP][PASSED] - tap(findTestObject("Object Repository/Android/Bottom Bavigation/bottom_my_btn"), G_Timeout, CONTINUE_ON_FAILURE): Tapped on element 'Object Repository/Android/Bottom Bavigation/bottom_my_btn'

2019-12-31 16:37:16 - [MESSAGE][PASSED] - Tapped on element 'Object Repository/Android/Bottom Bavigation/bottom_my_btn']]></system-out>
         <system-err><![CDATA[]]></system-err>
      </testcase>
      <testcase name="Test Cases/Android/Bottom Navigation/My/Logout/tap_logout_btn" time="4.361" classname="Test Cases/Android/Bottom Navigation/My/Logout/tap_logout_btn" status="PASSED">
         <system-out><![CDATA[2019-12-31 16:37:16 - [TEST_CASE][PASSED] - Test Cases/Android/Bottom Navigation/My/Logout/tap_logout_btn: Test Cases/Android/Bottom Navigation/My/Logout/tap_logout_btn

2019-12-31 16:37:16 - [TEST_STEP][PASSED] - callTestCase(findTestCase("Android/Pubilc Action/wipe_up"), [:], CONTINUE_ON_FAILURE): Call Test Case 'Test Cases/Android/Pubilc Action/wipe_up' successfully

2019-12-31 16:37:16 - [TEST_CASE][PASSED] - Test Cases/Android/Pubilc Action/wipe_up: Test Cases/Android/Pubilc Action/wipe_up

2019-12-31 16:37:16 - [TEST_STEP][PASSED] - y = getDeviceHeight(): Current device physical height is 2190

2019-12-31 16:37:17 - [MESSAGE][PASSED] - Current device physical height is 2190

2019-12-31 16:37:17 - [TEST_STEP][PASSED] - x = getDeviceWidth(): Current device physical width is 1080

2019-12-31 16:37:17 - [MESSAGE][PASSED] - Current device physical width is 1080

2019-12-31 16:37:17 - [TEST_STEP][PASSED] - swipe(BigDecimal((x / 2)).intValue(), BigDecimal(((y * 2) / 3)).intValue(), BigDecimal((x / 2)).intValue(), BigDecimal((y / 3)).intValue()): Swiped from 540,1,460 to 540,730

2019-12-31 16:37:18 - [MESSAGE][PASSED] - Swiped from 540,1,460 to 540,730

2019-12-31 16:37:18 - [MESSAGE][PASSED] - Call Test Case 'Test Cases/Android/Pubilc Action/wipe_up' successfully

2019-12-31 16:37:18 - [TEST_STEP][PASSED] - tap(findTestObject("Object Repository/Android/Bottom Bavigation/My/Logout/logout_btn"), G_Timeout, CONTINUE_ON_FAILURE): Tapped on element 'Object Repository/Android/Bottom Bavigation/My/Logout/logout_btn'

2019-12-31 16:37:20 - [MESSAGE][PASSED] - Tapped on element 'Object Repository/Android/Bottom Bavigation/My/Logout/logout_btn']]></system-out>
         <system-err><![CDATA[]]></system-err>
      </testcase>
      <system-out><![CDATA[2019-12-31 16:36:59 - [TEST_SUITE][PASSED] - Ordinary_teacher: Test Cases/Android/Bottom Navigation/My/Logout/tap_logout_btn]]></system-out>
      <system-err><![CDATA[]]></system-err>
   </testsuite>
</testsuites>
