<?xml version="1.0" encoding="UTF-8"?>
<testsuites name="Ordinary_teacher" time="57.016" tests="8" failures="0" errors="0">
   <testsuite name="Ordinary_teacher" tests="8" failures="0" errors="0" time="57.016" timestamp="2020-01-06 16:27:05" hostname="faz - 192.168.2.119" id="Test Suites/Android/Teacher Test Suite/Ordinary_teacher">
      <properties>
         <property name="deviceName" value="HUAWEI COL-AL10 (Android 9)"/>
         <property name="devicePlatform" value=""/>
         <property name="logFolder" value="/Users/faz/git/com.goldlokedu.app/Reports/20200106_162640/Android/Teacher Test Suite/Ordinary_teacher/20200106_162640"/>
         <property name="logFiles" value="/Users/faz/git/com.goldlokedu.app/Reports/20200106_162640/Android/Teacher Test Suite/Ordinary_teacher/20200106_162640/execution0.log, /Users/faz/git/com.goldlokedu.app/Reports/20200106_162640/Android/Teacher Test Suite/Ordinary_teacher/20200106_162640/appium.log"/>
         <property name="attachments" value=""/>
         <property name="hostName" value="faz - 192.168.2.119"/>
         <property name="os" value="Mac OS X 64bit"/>
         <property name="appiumServerStatus" value="{\&quot;value\&quot;:{\&quot;build\&quot;:{\&quot;version\&quot;:\&quot;1.16.0\&quot;}},\&quot;sessionId\&quot;:null,\&quot;status\&quot;:0}"/>
         <property name="katalonVersion" value="7.2.0.1"/>
         <property name="deviceOS" value="Android"/>
         <property name="appiumVersion" value="1.16.0"/>
         <property name="deviceModel" value="COL-AL10"/>
         <property name="hostAddress" value="192.168.2.119"/>
         <property name="deviceManufacturer" value="HUAWEI"/>
         <property name="deviceId" value="VBJ4C18519001467"/>
         <property name="deviceName" value="HUAWEI COL-AL10 (Android 9)"/>
         <property name="deviceOSVersion" value="9"/>
      </properties>
      <testcase name="Test Cases/Android/Public Module/Start App/start_app" time="20.218" classname="Test Cases/Android/Public Module/Start App/start_app" status="PASSED">
         <system-out><![CDATA[2020-01-06 16:27:05 - [TEST_CASE][PASSED] - Test Cases/Android/Public Module/Start App/start_app: Test Cases/Android/Public Module/Start App/start_app

2020-01-06 16:27:07 - [TEST_STEP][PASSED] - startExistingApplication(G_AppId, STOP_ON_FAILURE): Starting app with application ID: 'com.goldlokedu.tgoldlokedu '

2020-01-06 16:27:08 - [MESSAGE][INFO] - User set preference: ['deviceId', 'VBJ4C18519001467']

2020-01-06 16:27:12 - [MESSAGE][INFO] - Appium server started on port 54,427

2020-01-06 16:27:23 - [MESSAGE][PASSED] - Starting app with application ID: 'com.goldlokedu.tgoldlokedu ']]></system-out>
         <system-err><![CDATA[]]></system-err>
      </testcase>
      <testcase name="Test Cases/Android/Bottom Navigation/Campus/tap_sms_text" time="7.501" classname="Test Cases/Android/Bottom Navigation/Campus/tap_sms_text" status="PASSED">
         <system-out><![CDATA[2020-01-06 16:27:26 - [TEST_CASE][PASSED] - Test Cases/Android/Bottom Navigation/Campus/tap_sms_text: Test Cases/Android/Bottom Navigation/Campus/tap_sms_text

2020-01-06 16:27:26 - [TEST_STEP][PASSED] - tap(findTestObject("Object Repository/Android/Bottom Bavigation/Campus/Interactive Management/sms_text"), G_Timeout, CONTINUE_ON_FAILURE): Tapped on element 'Object Repository/Android/Bottom Bavigation/Campus/Interactive Management/sms_text'

2020-01-06 16:27:31 - [MESSAGE][PASSED] - Tapped on element 'Object Repository/Android/Bottom Bavigation/Campus/Interactive Management/sms_text']]></system-out>
         <system-err><![CDATA[]]></system-err>
      </testcase>
      <testcase name="Test Cases/Android/Bottom Navigation/Campus/Interactive Management/SMS/Sending SMS/tap_add_contacts_image" time="4.172" classname="Test Cases/Android/Bottom Navigation/Campus/Interactive Management/SMS/Sending SMS/tap_add_contacts_image" status="PASSED">
         <system-out><![CDATA[2020-01-06 16:27:33 - [TEST_CASE][PASSED] - Test Cases/Android/Bottom Navigation/Campus/Interactive Management/SMS/Sending SMS/tap_add_contacts_image: Test Cases/Android/Bottom Navigation/Campus/Interactive Management/SMS/Sending SMS/tap_add_contacts_image

2020-01-06 16:27:33 - [TEST_STEP][PASSED] - tap(findTestObject("Object Repository/Android/Bottom Bavigation/Campus/Interactive Management/SMS/Sending SMS/add_contacts_image"), G_Timeout, CONTINUE_ON_FAILURE): Tapped on element 'Object Repository/Android/Bottom Bavigation/Campus/Interactive Management/SMS/Sending SMS/add_contacts_image'

2020-01-06 16:27:35 - [MESSAGE][PASSED] - Tapped on element 'Object Repository/Android/Bottom Bavigation/Campus/Interactive Management/SMS/Sending SMS/add_contacts_image']]></system-out>
         <system-err><![CDATA[]]></system-err>
      </testcase>
      <testcase name="Test Cases/Android/Bottom Navigation/Campus/Interactive Management/SMS/Sending SMS/Contacts Select/Teacher Contacts/tap_all_teacher_option" time="3.797" classname="Test Cases/Android/Bottom Navigation/Campus/Interactive Management/SMS/Sending SMS/Contacts Select/Teacher Contacts/tap_all_teacher_option" status="PASSED">
         <system-out><![CDATA[2020-01-06 16:27:37 - [TEST_CASE][PASSED] - Test Cases/Android/Bottom Navigation/Campus/Interactive Management/SMS/Sending SMS/Contacts Select/Teacher Contacts/tap_all_teacher_option: Test Cases/Android/Bottom Navigation/Campus/Interactive Management/SMS/Sending SMS/Contacts Select/Teacher Contacts/tap_all_teacher_option

2020-01-06 16:27:37 - [TEST_STEP][PASSED] - to = findTestObject("Object Repository/Android/Bottom Bavigation/Campus/Interactive Management/SMS/Sending SMS/Contacts Select Page/Teacher Contacts/checkbox_btn"): null

2020-01-06 16:27:38 - [TEST_STEP][PASSED] - tap(to, G_Timeout, CONTINUE_ON_FAILURE): Tapped on element 'Object Repository/Android/Bottom Bavigation/Campus/Interactive Management/SMS/Sending SMS/Contacts Select Page/Teacher Contacts/checkbox_btn'

2020-01-06 16:27:39 - [MESSAGE][PASSED] - Tapped on element 'Object Repository/Android/Bottom Bavigation/Campus/Interactive Management/SMS/Sending SMS/Contacts Select Page/Teacher Contacts/checkbox_btn']]></system-out>
         <system-err><![CDATA[]]></system-err>
      </testcase>
      <testcase name="Test Cases/Android/Bottom Navigation/Campus/Interactive Management/SMS/Sending SMS/Contacts Select/tap_sure_btn" time="4.369" classname="Test Cases/Android/Bottom Navigation/Campus/Interactive Management/SMS/Sending SMS/Contacts Select/tap_sure_btn" status="PASSED">
         <system-out><![CDATA[2020-01-06 16:27:41 - [TEST_CASE][PASSED] - Test Cases/Android/Bottom Navigation/Campus/Interactive Management/SMS/Sending SMS/Contacts Select/tap_sure_btn: Test Cases/Android/Bottom Navigation/Campus/Interactive Management/SMS/Sending SMS/Contacts Select/tap_sure_btn

2020-01-06 16:27:41 - [TEST_STEP][PASSED] - tap(findTestObject("Object Repository/Android/Bottom Bavigation/Campus/Interactive Management/SMS/Sending SMS/Contacts Select Page/sure_btn"), G_Timeout, CONTINUE_ON_FAILURE): Tapped on element 'Object Repository/Android/Bottom Bavigation/Campus/Interactive Management/SMS/Sending SMS/Contacts Select Page/sure_btn'

2020-01-06 16:27:43 - [MESSAGE][PASSED] - Tapped on element 'Object Repository/Android/Bottom Bavigation/Campus/Interactive Management/SMS/Sending SMS/Contacts Select Page/sure_btn']]></system-out>
         <system-err><![CDATA[]]></system-err>
      </testcase>
      <testcase name="Test Cases/Android/Bottom Navigation/Campus/Interactive Management/SMS/Sending SMS/set_text_to_sms_content" time="4.674" classname="Test Cases/Android/Bottom Navigation/Campus/Interactive Management/SMS/Sending SMS/set_text_to_sms_content" status="PASSED">
         <system-out><![CDATA[2020-01-06 16:27:45 - [TEST_CASE][PASSED] - Test Cases/Android/Bottom Navigation/Campus/Interactive Management/SMS/Sending SMS/set_text_to_sms_content: Test Cases/Android/Bottom Navigation/Campus/Interactive Management/SMS/Sending SMS/set_text_to_sms_content

2020-01-06 16:27:46 - [TEST_STEP][PASSED] - setText(findTestObject("Object Repository/Android/Bottom Bavigation/Campus/Interactive Management/SMS/Sending SMS/sms_content_edittext"), getDate() + "测试短信", G_Timeout, CONTINUE_ON_FAILURE): null

2020-01-06 16:27:46 - [TEST_STEP][PASSED] - date = new java.util.Date(): null

2020-01-06 16:27:46 - [TEST_STEP][PASSED] - df = new java.text.SimpleDateFormat(yyyy-MM-dd HH:mm:ss): null

2020-01-06 16:27:46 - [TEST_STEP][PASSED] - time = df.format(date): null

2020-01-06 16:27:46 - [TEST_STEP][PASSED] - return time: Text '2020-01-06 16:27:46测试短信' has been set to element 'Object Repository/Android/Bottom Bavigation/Campus/Interactive Management/SMS/Sending SMS/sms_content_edittext'

2020-01-06 16:27:48 - [MESSAGE][PASSED] - Text '2020-01-06 16:27:46测试短信' has been set to element 'Object Repository/Android/Bottom Bavigation/Campus/Interactive Management/SMS/Sending SMS/sms_content_edittext']]></system-out>
         <system-err><![CDATA[]]></system-err>
      </testcase>
      <testcase name="Test Cases/Android/Bottom Navigation/Campus/Interactive Management/SMS/Sending SMS/tap_send_sms_text" time="4.665" classname="Test Cases/Android/Bottom Navigation/Campus/Interactive Management/SMS/Sending SMS/tap_send_sms_text" status="PASSED">
         <system-out><![CDATA[2020-01-06 16:27:50 - [TEST_CASE][PASSED] - Test Cases/Android/Bottom Navigation/Campus/Interactive Management/SMS/Sending SMS/tap_send_sms_text: Test Cases/Android/Bottom Navigation/Campus/Interactive Management/SMS/Sending SMS/tap_send_sms_text

2020-01-06 16:27:50 - [TEST_STEP][PASSED] - tap(findTestObject("Android/Bottom Bavigation/Campus/Interactive Management/SMS/Sending SMS/sms_send_text"), G_Timeout, CONTINUE_ON_FAILURE): Tapped on element 'Object Repository/Android/Bottom Bavigation/Campus/Interactive Management/SMS/Sending SMS/sms_send_text'

2020-01-06 16:27:53 - [MESSAGE][PASSED] - Tapped on element 'Object Repository/Android/Bottom Bavigation/Campus/Interactive Management/SMS/Sending SMS/sms_send_text']]></system-out>
         <system-err><![CDATA[]]></system-err>
      </testcase>
      <testcase name="Test Cases/Android/Bottom Navigation/Campus/Interactive Management/SMS/Sending SMS/SMS Confirmation Box/tap_send_immediately_text" time="6.428" classname="Test Cases/Android/Bottom Navigation/Campus/Interactive Management/SMS/Sending SMS/SMS Confirmation Box/tap_send_immediately_text" status="PASSED">
         <system-out><![CDATA[2020-01-06 16:27:55 - [TEST_CASE][PASSED] - Test Cases/Android/Bottom Navigation/Campus/Interactive Management/SMS/Sending SMS/SMS Confirmation Box/tap_send_immediately_text: Test Cases/Android/Bottom Navigation/Campus/Interactive Management/SMS/Sending SMS/SMS Confirmation Box/tap_send_immediately_text

2020-01-06 16:27:55 - [TEST_STEP][PASSED] - tap(findTestObject("Object Repository/Android/Bottom Bavigation/Campus/Interactive Management/SMS/Sending SMS/SMS Confirmation Box/send_immediately_text"), G_Timeout, CONTINUE_ON_FAILURE): Tapped on element 'Object Repository/Android/Bottom Bavigation/Campus/Interactive Management/SMS/Sending SMS/SMS Confirmation Box/send_immediately_text'

2020-01-06 16:27:59 - [MESSAGE][PASSED] - Tapped on element 'Object Repository/Android/Bottom Bavigation/Campus/Interactive Management/SMS/Sending SMS/SMS Confirmation Box/send_immediately_text']]></system-out>
         <system-err><![CDATA[]]></system-err>
      </testcase>
      <system-out><![CDATA[2020-01-06 16:27:05 - [TEST_SUITE][PASSED] - Ordinary_teacher: Test Cases/Android/Bottom Navigation/Campus/Interactive Management/SMS/Sending SMS/SMS Confirmation Box/tap_send_immediately_text]]></system-out>
      <system-err><![CDATA[]]></system-err>
   </testsuite>
</testsuites>
