<?xml version="1.0" encoding="UTF-8"?>
<testsuites name="teacher" time="28.345" tests="3" failures="3" errors="0">
   <testsuite name="teacher" tests="3" failures="3" errors="0" time="28.345" timestamp="2019-12-25 14:21:23" hostname="faz - 192.168.2.28" id="Test Suites/IOS App/Teacher Test Suite/teacher">
      <properties>
         <property name="deviceName" value=""/>
         <property name="devicePlatform" value=""/>
         <property name="logFolder" value="/Users/faz/git/com.goldlokedu.app/Reports/20191225_142102/IOS App/Teacher Test Suite/teacher/20191225_142102"/>
         <property name="logFiles" value="/Users/faz/git/com.goldlokedu.app/Reports/20191225_142102/IOS App/Teacher Test Suite/teacher/20191225_142102/execution0.log, /Users/faz/git/com.goldlokedu.app/Reports/20191225_142102/IOS App/Teacher Test Suite/teacher/20191225_142102/appium.log, /Users/faz/git/com.goldlokedu.app/Reports/20191225_142102/IOS App/Teacher Test Suite/teacher/20191225_142102/appium-proxy-server.log"/>
         <property name="attachments" value=""/>
         <property name="hostName" value="faz - 192.168.2.28"/>
         <property name="os" value="Mac OS X 64bit"/>
         <property name="katalonVersion" value="7.2.0.1"/>
         <property name="deviceOS" value="iOS"/>
         <property name="deviceModel" value=""/>
         <property name="hostAddress" value="192.168.2.28"/>
         <property name="deviceManufacturer" value="Apple"/>
         <property name="deviceId" value="e6d787265ef659f59b738dbf66bcbf75a4ec54a1"/>
         <property name="deviceName" value=""/>
         <property name="deviceOSVersion" value=""/>
      </properties>
      <testcase name="Test Cases/IOS App/Public Module/Choose City/choose_puning" time="26.443" classname="Test Cases/IOS App/Public Module/Choose City/choose_puning" status="FAILED">
         <failure type="FAILED" message="Test Cases/IOS App/Public Module/Choose City/choose_puning FAILED.
Reason:
com.kms.katalon.core.exception.StepFailedException: Unable to start app with application ID: 'com.goldlokedu.app' (Root cause: org.openqa.selenium.SessionNotCreatedException: Unable to create a new remote session. Please check the server log for more details. Original error: An unknown server-side error occurred while processing the command. Original error: Unable to launch WebDriverAgent because of xcodebuild failure: xcodebuild failed with code 65
xcodebuild error message:

2019-12-25 14:21:44.109 xcodebuild[4516:98354] Error writing xctestrun file: Error Domain=NSCocoaErrorDomain Code=4 &quot;The folder “WebDriverAgentRunner_iphoneos13.2-arm64.xctestrun” doesn’t exist.&quot; UserInfo={NSFilePath=/Users/faz/Library/Developer/Xcode/DerivedData/WebDriverAgent-aiaejbhejflmruhkhsmeebmhbaia/Build/Products/WebDriverAgentRunner_iphoneos13.2-arm64.xctestrun, NSUserStringVariant=Folder, NSUnderlyingError=0x7fcf39fe2270 {Error Domain=NSPOSIXErrorDomain Code=2 &quot;No such file or directory&quot;}}
** TEST BUILD FAILED **
2019-12-25 14:21:44.133 xcodebuild[4516:98353]  IDETestOperationsObserverDebug: Writing diagnostic log for test session to:
/Users/faz/Library/Developer/Xcode/DerivedData/WebDriverAgent-aiaejbhejflmruhkhsmeebmhbaia/Logs/Test/Test-WebDriverAgentRunner-2019.12.25_14-21-43-+0800.xcresult/Staging/2_Test/Diagnostics/WebDriverAgentRunner-36AA6A3E-E0CE-4DAF-9A5C-DB58FBDF1225/WebDriverAgentRunner-1C9E1ECC-3AE0-4C7C-B816-D11065163395/Session-WebDriverAgentRunner-2019-12-25_142144-EGOQqD.log
2019-12-25 14:21:44.136 xcodebuild[4516:98352] [MT] IDETestOperationsObserverDebug: (8EA15F36-BDFD-42E4-AA22-45E8DF2EE4EB) Beginning test session WebDriverAgentRunner-8EA15F36-BDFD-42E4-AA22-45E8DF2EE4EB at 2019-12-25 14:21:44.134 with Xcode 11C29 on target 📱&lt;DVTiOSDevice (0x7fcf3a2aadf0), 烟雾弹, iPhone, 13.2.2 (17B102), e6d787265ef659f59b738dbf66bcbf75a4ec54a1> {
		deviceSerialNumber:         DNPQTPW4GRY7
		identifier:                 e6d787265ef659f59b738dbf66bcbf75a4ec54a1
		deviceClass:                iPhone
		deviceName:                 烟雾弹
		deviceIdentifier:           e6d787265ef659f59b738dbf66bcbf75a4ec54a1
		productVersion:             13.2.2
		buildVersion:               17B102
		deviceSoftwareVersion:      13.2.2 (17B102)
		deviceArchitecture:         arm64
		deviceTotalCapacity:        122728800256
		deviceAvailableCapacity:    97967312896
		deviceIsTransient:          NO
		ignored:                    NO
		deviceIsBusy:               NO
		deviceIsPaired:             YES
		deviceIsActivated:          YES
		deviceActivationState:      Activated
		isPasscodeLocked:           NO
		deviceType:                 &lt;DVTDeviceType:0x7fcf39cc8a80 Xcode.DeviceType.iPhone>
		supportedDeviceFamilies:    (
    1
)
		applications:              (null)
		provisioningProfiles:      (null)
		hasInternalSupport:        NO
		hasWritableSystem:         NO
		isSupportedOS:             YES
		bootArgs:                  (null)
		nextBootArgs:              (null)
		connected:                 YES
		isWirelessEnabled:         NO
		connectionType:            direct
		hostname:                  yanwudan.local.
		bonjourServiceName:        1c:5c:f2:b1:d0:2e@fe80::1e5c:f2ff:feb1:d02e._apple-mobdev2._tcp.local.
		activeProxiedDevice:       (null)
		} (13.2.2 (17B102))
2019-12-25 14:21:44.305 xcodebuild[4516:98352] [MT] IDETestOperationsObserverDebug: (8EA15F36-BDFD-42E4-AA22-45E8DF2EE4EB) Finished requesting crash reports. Continuing with testing.
*** If you believe this error represents a bug, please attach the result bundle at /Users/faz/Library/Developer/Xcode/DerivedData/WebDriverAgent-aiaejbhejflmruhkhsmeebmhbaia/Logs/Test/Test-WebDriverAgentRunner-2019.12.25_14-21-43-+0800.xcresult
2019-12-25 14:21:44.323 xcodebuild[4516:98352] [MT] IDETestOperationsObserverDebug: 0.199 elapsed -- Testing started completed.
2019-12-25 14:21:44.323 xcodebuild[4516:98352] [MT] IDETestOperationsObserverDebug: 0.000 sec, +0.000 sec -- start
2019-12-25 14:21:44.323 xcodebuild[4516:98352] [MT] IDETestOperationsObserverDebug: 0.199 sec, +0.199 sec -- end
2019-12-25 14:21:44.325 xcodebuild[4516:98352] Error Domain=NSCocoaErrorDomain Code=260 &quot;The file “WebDriverAgentRunner-Runner.app” couldn’t be opened because there is no such file.&quot; UserInfo={NSFilePath=/Users/faz/Library/Developer/Xcode/DerivedData/WebDriverAgent-aiaejbhejflmruhkhsmeebmhbaia/Build/Products/Debug-iphoneos/WebDriverAgentRunner-Runner.app, NSUnderlyingError=0x7fcf3a4e5280 {Error Domain=NSPOSIXErrorDomain Code=2 &quot;No such file or directory&quot;}}
Test session results, code coverage, and logs:
	/Users/faz/Library/Developer/Xcode/DerivedData/WebDriverAgent-aiaejbhejflmruhkhsmeebmhbaia/Logs/Test/Test-WebDriverAgentRunner-2019.12.25_14-21-43-+0800.xcresult
Testing started on '烟雾弹'
Testing failed:
	Signing for &quot;WebDriverAgentRunner&quot; requires a development team. Select a development team in the Signing &amp; Capabilities editor.
	WebDriverAgentRunner:
		WebDriverAgentRunner-Runner.app encountered an error (Failed to install or launch the test runner. (Underlying error: The file “WebDriverAgentRunner-Runner.app” couldn’t be opened because there is no such file. The file doesn’t exist. (Underlying error: The operation couldn’t be completed. No such file or directory)))
** TEST EXECUTE FAILED **. Make sure you follow the tutorial at https://github.com/appium/appium-xcuitest-driver/blob/master/docs/real-device-config.md. Try to remove the WebDriverAgentRunner application from the device if it is installed and reboot the device.
Build info: version: '3.141.59', revision: 'e82be7d358', time: '2018-11-14T08:25:53'
System info: host: 'FazAiZhongdeMacBook-Pro.local', ip: '192.168.2.28', os.name: 'Mac OS X', os.arch: 'x86_64', os.version: '10.14.6', java.version: '1.8.0_181'
Driver info: driver.version: MobileDriverFactory$startMobileDriver
remote stacktrace: UnknownError: An unknown server-side error occurred while processing the command. Original error: Unable to launch WebDriverAgent because of xcodebuild failure: xcodebuild failed with code 65
xcodebuild error message:

2019-12-25 14:21:44.109 xcodebuild[4516:98354] Error writing xctestrun file: Error Domain=NSCocoaErrorDomain Code=4 &quot;The folder “WebDriverAgentRunner_iphoneos13.2-arm64.xctestrun” doesn’t exist.&quot; UserInfo={NSFilePath=/Users/faz/Library/Developer/Xcode/DerivedData/WebDriverAgent-aiaejbhejflmruhkhsmeebmhbaia/Build/Products/WebDriverAgentRunner_iphoneos13.2-arm64.xctestrun, NSUserStringVariant=Folder, NSUnderlyingError=0x7fcf39fe2270 {Error Domain=NSPOSIXErrorDomain Code=2 &quot;No such file or directory&quot;}}
** TEST BUILD FAILED **
2019-12-25 14:21:44.133 xcodebuild[4516:98353]  IDETestOperationsObserverDebug: Writing diagnostic log for test session to:
/Users/faz/Library/Developer/Xcode/DerivedData/WebDriverAgent-aiaejbhejflmruhkhsmeebmhbaia/Logs/Test/Test-WebDriverAgentRunner-2019.12.25_14-21-43-+0800.xcresult/Staging/2_Test/Diagnostics/WebDriverAgentRunner-36AA6A3E-E0CE-4DAF-9A5C-DB58FBDF1225/WebDriverAgentRunner-1C9E1ECC-3AE0-4C7C-B816-D11065163395/Session-WebDriverAgentRunner-2019-12-25_142144-EGOQqD.log
2019-12-25 14:21:44.136 xcodebuild[4516:98352] [MT] IDETestOperationsObserverDebug: (8EA15F36-BDFD-42E4-AA22-45E8DF2EE4EB) Beginning test session WebDriverAgentRunner-8EA15F36-BDFD-42E4-AA22-45E8DF2EE4EB at 2019-12-25 14:21:44.134 with Xcode 11C29 on target 📱&lt;DVTiOSDevice (0x7fcf3a2aadf0), 烟雾弹, iPhone, 13.2.2 (17B102), e6d787265ef659f59b738dbf66bcbf75a4ec54a1> {
		deviceSerialNumber:         DNPQTPW4GRY7
		identifier:                 e6d787265ef659f59b738dbf66bcbf75a4ec54a1
		deviceClass:                iPhone
		deviceName:                 烟雾弹
		deviceIdentifier:           e6d787265ef659f59b738dbf66bcbf75a4ec54a1
		productVersion:             13.2.2
		buildVersion:               17B102
		deviceSoftwareVersion:      13.2.2 (17B102)
		deviceArchitecture:         arm64
		deviceTotalCapacity:        122728800256
		deviceAvailableCapacity:    97967312896
		deviceIsTransient:          NO
		ignored:                    NO
		deviceIsBusy:               NO
		deviceIsPaired:             YES
		deviceIsActivated:          YES
		deviceActivationState:      Activated
		isPasscodeLocked:           NO
		deviceType:                 &lt;DVTDeviceType:0x7fcf39cc8a80 Xcode.DeviceType.iPhone>
		supportedDeviceFamilies:    (
    1
)
		applications:              (null)
		provisioningProfiles:      (null)
		hasInternalSupport:        NO
		hasWritableSystem:         NO
		isSupportedOS:             YES
		bootArgs:                  (null)
		nextBootArgs:              (null)
		connected:                 YES
		isWirelessEnabled:         NO
		connectionType:            direct
		hostname:                  yanwudan.local.
		bonjourServiceName:        1c:5c:f2:b1:d0:2e@fe80::1e5c:f2ff:feb1:d02e._apple-mobdev2._tcp.local.
		activeProxiedDevice:       (null)
		} (13.2.2 (17B102))
2019-12-25 14:21:44.305 xcodebuild[4516:98352] [MT] IDETestOperationsObserverDebug: (8EA15F36-BDFD-42E4-AA22-45E8DF2EE4EB) Finished requesting crash reports. Continuing with testing.
*** If you believe this error represents a bug, please attach the result bundle at /Users/faz/Library/Developer/Xcode/DerivedData/WebDriverAgent-aiaejbhejflmruhkhsmeebmhbaia/Logs/Test/Test-WebDriverAgentRunner-2019.12.25_14-21-43-+0800.xcresult
2019-12-25 14:21:44.323 xcodebuild[4516:98352] [MT] IDETestOperationsObserverDebug: 0.199 elapsed -- Testing started completed.
2019-12-25 14:21:44.323 xcodebuild[4516:98352] [MT] IDETestOperationsObserverDebug: 0.000 sec, +0.000 sec -- start
2019-12-25 14:21:44.323 xcodebuild[4516:98352] [MT] IDETestOperationsObserverDebug: 0.199 sec, +0.199 sec -- end
2019-12-25 14:21:44.325 xcodebuild[4516:98352] Error Domain=NSCocoaErrorDomain Code=260 &quot;The file “WebDriverAgentRunner-Runner.app” couldn’t be opened because there is no such file.&quot; UserInfo={NSFilePath=/Users/faz/Library/Developer/Xcode/DerivedData/WebDriverAgent-aiaejbhejflmruhkhsmeebmhbaia/Build/Products/Debug-iphoneos/WebDriverAgentRunner-Runner.app, NSUnderlyingError=0x7fcf3a4e5280 {Error Domain=NSPOSIXErrorDomain Code=2 &quot;No such file or directory&quot;}}
Test session results, code coverage, and logs:
	/Users/faz/Library/Developer/Xcode/DerivedData/WebDriverAgent-aiaejbhejflmruhkhsmeebmhbaia/Logs/Test/Test-WebDriverAgentRunner-2019.12.25_14-21-43-+0800.xcresult
Testing started on '烟雾弹'
Testing failed:
	Signing for &quot;WebDriverAgentRunner&quot; requires a development team. Select a development team in the Signing &amp; Capabilities editor.
	WebDriverAgentRunner:
		WebDriverAgentRunner-Runner.app encountered an error (Failed to install or launch the test runner. (Underlying error: The file “WebDriverAgentRunner-Runner.app” couldn’t be opened because there is no such file. The file doesn’t exist. (Underlying error: The operation couldn’t be completed. No such file or directory)))
** TEST EXECUTE FAILED **. Make sure you follow the tutorial at https://github.com/appium/appium-xcuitest-driver/blob/master/docs/real-device-config.md. Try to remove the WebDriverAgentRunner application from the device if it is installed and reboot the device.
    at getResponseForW3CError (/usr/local/lib/node_modules/appium/node_modules/appium-base-driver/lib/protocol/errors.js:804:9)
    at asyncHandler (/usr/local/lib/node_modules/appium/node_modules/appium-base-driver/lib/protocol/protocol.js:388:37)
Build info: version: '3.141.59', revision: 'e82be7d358', time: '2018-11-14T08:25:53'
System info: host: 'FazAiZhongdeMacBook-Pro.local', ip: '192.168.2.28', os.name: 'Mac OS X', os.arch: 'x86_64', os.version: '10.14.6', java.version: '1.8.0_181'
Driver info: driver.version: MobileDriverFactory$startMobileDriver
	at io.appium.java_client.remote.AppiumCommandExecutor$1.createSession(AppiumCommandExecutor.java:208)
	at io.appium.java_client.remote.AppiumCommandExecutor.createSession(AppiumCommandExecutor.java:217)
	at io.appium.java_client.remote.AppiumCommandExecutor.execute(AppiumCommandExecutor.java:239)
	at org.openqa.selenium.remote.RemoteWebDriver.execute(RemoteWebDriver.java:552)
	at io.appium.java_client.DefaultGenericMobileDriver.execute(DefaultGenericMobileDriver.java:42)
	at io.appium.java_client.AppiumDriver.execute(AppiumDriver.java:1)
	at io.appium.java_client.ios.IOSDriver.execute(IOSDriver.java:1)
	at org.openqa.selenium.remote.RemoteWebDriver.startSession(RemoteWebDriver.java:213)
	at org.openqa.selenium.remote.RemoteWebDriver.&lt;init>(RemoteWebDriver.java:131)
	at io.appium.java_client.DefaultGenericMobileDriver.&lt;init>(DefaultGenericMobileDriver.java:38)
	at io.appium.java_client.AppiumDriver.&lt;init>(AppiumDriver.java:84)
	at io.appium.java_client.ios.IOSDriver.&lt;init>(IOSDriver.java:85)
	at com.kms.katalon.core.appium.driver.AppiumDriverManager.createMobileDriver(AppiumDriverManager.java:495)
	at com.kms.katalon.core.appium.driver.AppiumDriverManager.createMobileDriver(AppiumDriverManager.java:479)
	at com.kms.katalon.core.mobile.keyword.internal.MobileDriverFactory.startMobileDriver(MobileDriverFactory.java:339)
	at com.kms.katalon.core.mobile.keyword.internal.MobileDriverFactory$startMobileDriver.call(Unknown Source)
	at com.kms.katalon.core.mobile.keyword.builtin.StartExistingApplicationKeyword$_startApplication_closure1.doCall(StartExistingApplicationKeyword.groovy:40)
	at com.kms.katalon.core.mobile.keyword.builtin.StartExistingApplicationKeyword$_startApplication_closure1.doCall(StartExistingApplicationKeyword.groovy)
	at com.kms.katalon.core.mobile.keyword.internal.MobileKeywordMain.runKeyword(MobileKeywordMain.groovy:21)
	at com.kms.katalon.core.mobile.keyword.internal.MobileKeywordMain$runKeyword.call(Unknown Source)
	at com.kms.katalon.core.mobile.keyword.builtin.StartExistingApplicationKeyword.startApplication(StartExistingApplicationKeyword.groovy:43)
	at com.kms.katalon.core.mobile.keyword.builtin.StartExistingApplicationKeyword.execute(StartExistingApplicationKeyword.groovy:34)
	at com.kms.katalon.core.keyword.internal.KeywordExecutor.executeKeywordForPlatform(KeywordExecutor.groovy:72)
	at com.kms.katalon.core.mobile.keyword.MobileBuiltInKeywords.startExistingApplication(MobileBuiltInKeywords.groovy:89)
	at com.kms.katalon.core.mobile.keyword.MobileBuiltInKeywords$startExistingApplication.call(Unknown Source)
	at choose_puning.run(choose_puning:17)
	at com.kms.katalon.core.main.ScriptEngine.run(ScriptEngine.java:194)
	at com.kms.katalon.core.main.ScriptEngine.runScriptAsRawText(ScriptEngine.java:119)
	at com.kms.katalon.core.main.TestCaseExecutor.runScript(TestCaseExecutor.java:337)
	at com.kms.katalon.core.main.TestCaseExecutor.doExecute(TestCaseExecutor.java:328)
	at com.kms.katalon.core.main.TestCaseExecutor.processExecutionPhase(TestCaseExecutor.java:307)
	at com.kms.katalon.core.main.TestCaseExecutor.accessMainPhase(TestCaseExecutor.java:299)
	at com.kms.katalon.core.main.TestCaseExecutor.execute(TestCaseExecutor.java:233)
	at com.kms.katalon.core.main.TestSuiteExecutor.accessTestCaseMainPhase(TestSuiteExecutor.java:169)
	at com.kms.katalon.core.main.TestSuiteExecutor.accessTestSuiteMainPhase(TestSuiteExecutor.java:142)
	at com.kms.katalon.core.main.TestSuiteExecutor.execute(TestSuiteExecutor.java:91)
	at com.kms.katalon.core.main.TestCaseMain.startTestSuite(TestCaseMain.java:157)
	at com.kms.katalon.core.main.TestCaseMain$startTestSuite$0.call(Unknown Source)
	at TempTestSuite1577254872853.run(TempTestSuite1577254872853.groovy:36)
Caused by: java.lang.reflect.InvocationTargetException
	at io.appium.java_client.remote.AppiumCommandExecutor$1.createSession(AppiumCommandExecutor.java:186)
	at io.appium.java_client.remote.AppiumCommandExecutor.createSession(AppiumCommandExecutor.java:217)
	at io.appium.java_client.remote.AppiumCommandExecutor.execute(AppiumCommandExecutor.java:239)
	at org.openqa.selenium.remote.RemoteWebDriver.execute(RemoteWebDriver.java:552)
	at io.appium.java_client.DefaultGenericMobileDriver.execute(DefaultGenericMobileDriver.java:42)
	at io.appium.java_client.AppiumDriver.execute(AppiumDriver.java:1)
	at io.appium.java_client.ios.IOSDriver.execute(IOSDriver.java:1)
	at org.openqa.selenium.remote.RemoteWebDriver.startSession(RemoteWebDriver.java:213)
	at org.openqa.selenium.remote.RemoteWebDriver.&lt;init>(RemoteWebDriver.java:131)
	at io.appium.java_client.DefaultGenericMobileDriver.&lt;init>(DefaultGenericMobileDriver.java:38)
	at io.appium.java_client.AppiumDriver.&lt;init>(AppiumDriver.java:84)
	at io.appium.java_client.ios.IOSDriver.&lt;init>(IOSDriver.java:85)
	at com.kms.katalon.core.appium.driver.AppiumDriverManager.createMobileDriver(AppiumDriverManager.java:495)
	at com.kms.katalon.core.appium.driver.AppiumDriverManager.createMobileDriver(AppiumDriverManager.java:479)
	at com.kms.katalon.core.mobile.keyword.internal.MobileDriverFactory.startMobileDriver(MobileDriverFactory.java:339)
	at com.kms.katalon.core.mobile.keyword.internal.MobileDriverFactory$startMobileDriver.call(Unknown Source)
	at com.kms.katalon.core.mobile.keyword.builtin.StartExistingApplicationKeyword$_startApplication_closure1.doCall(StartExistingApplicationKeyword.groovy:40)
	at com.kms.katalon.core.mobile.keyword.builtin.StartExistingApplicationKeyword$_startApplication_closure1.doCall(StartExistingApplicationKeyword.groovy)
	at com.kms.katalon.core.mobile.keyword.internal.MobileKeywordMain.runKeyword(MobileKeywordMain.groovy:21)
	at com.kms.katalon.core.mobile.keyword.internal.MobileKeywordMain$runKeyword.call(Unknown Source)
	at com.kms.katalon.core.mobile.keyword.builtin.StartExistingApplicationKeyword.startApplication(StartExistingApplicationKeyword.groovy:43)
	at com.kms.katalon.core.mobile.keyword.builtin.StartExistingApplicationKeyword.execute(StartExistingApplicationKeyword.groovy:34)
	at com.kms.katalon.core.keyword.internal.KeywordExecutor.executeKeywordForPlatform(KeywordExecutor.groovy:72)
	at com.kms.katalon.core.mobile.keyword.MobileBuiltInKeywords.startExistingApplication(MobileBuiltInKeywords.groovy:89)
	at com.kms.katalon.core.mobile.keyword.MobileBuiltInKeywords$startExistingApplication.call(Unknown Source)
	at Script1575874101227.run(Script1575874101227.groovy:17)
	... 13 more
Caused by: org.openqa.selenium.WebDriverException: An unknown server-side error occurred while processing the command. Original error: Unable to launch WebDriverAgent because of xcodebuild failure: xcodebuild failed with code 65
xcodebuild error message:

2019-12-25 14:21:44.109 xcodebuild[4516:98354] Error writing xctestrun file: Error Domain=NSCocoaErrorDomain Code=4 &quot;The folder “WebDriverAgentRunner_iphoneos13.2-arm64.xctestrun” doesn’t exist.&quot; UserInfo={NSFilePath=/Users/faz/Library/Developer/Xcode/DerivedData/WebDriverAgent-aiaejbhejflmruhkhsmeebmhbaia/Build/Products/WebDriverAgentRunner_iphoneos13.2-arm64.xctestrun, NSUserStringVariant=Folder, NSUnderlyingError=0x7fcf39fe2270 {Error Domain=NSPOSIXErrorDomain Code=2 &quot;No such file or directory&quot;}}
** TEST BUILD FAILED **
2019-12-25 14:21:44.133 xcodebuild[4516:98353]  IDETestOperationsObserverDebug: Writing diagnostic log for test session to:
/Users/faz/Library/Developer/Xcode/DerivedData/WebDriverAgent-aiaejbhejflmruhkhsmeebmhbaia/Logs/Test/Test-WebDriverAgentRunner-2019.12.25_14-21-43-+0800.xcresult/Staging/2_Test/Diagnostics/WebDriverAgentRunner-36AA6A3E-E0CE-4DAF-9A5C-DB58FBDF1225/WebDriverAgentRunner-1C9E1ECC-3AE0-4C7C-B816-D11065163395/Session-WebDriverAgentRunner-2019-12-25_142144-EGOQqD.log
2019-12-25 14:21:44.136 xcodebuild[4516:98352] [MT] IDETestOperationsObserverDebug: (8EA15F36-BDFD-42E4-AA22-45E8DF2EE4EB) Beginning test session WebDriverAgentRunner-8EA15F36-BDFD-42E4-AA22-45E8DF2EE4EB at 2019-12-25 14:21:44.134 with Xcode 11C29 on target 📱&lt;DVTiOSDevice (0x7fcf3a2aadf0), 烟雾弹, iPhone, 13.2.2 (17B102), e6d787265ef659f59b738dbf66bcbf75a4ec54a1> {
		deviceSerialNumber:         DNPQTPW4GRY7
		identifier:                 e6d787265ef659f59b738dbf66bcbf75a4ec54a1
		deviceClass:                iPhone
		deviceName:                 烟雾弹
		deviceIdentifier:           e6d787265ef659f59b738dbf66bcbf75a4ec54a1
		productVersion:             13.2.2
		buildVersion:               17B102
		deviceSoftwareVersion:      13.2.2 (17B102)
		deviceArchitecture:         arm64
		deviceTotalCapacity:        122728800256
		deviceAvailableCapacity:    97967312896
		deviceIsTransient:          NO
		ignored:                    NO
		deviceIsBusy:               NO
		deviceIsPaired:             YES
		deviceIsActivated:          YES
		deviceActivationState:      Activated
		isPasscodeLocked:           NO
		deviceType:                 &lt;DVTDeviceType:0x7fcf39cc8a80 Xcode.DeviceType.iPhone>
		supportedDeviceFamilies:    (
    1
)
		applications:              (null)
		provisioningProfiles:      (null)
		hasInternalSupport:        NO
		hasWritableSystem:         NO
		isSupportedOS:             YES
		bootArgs:                  (null)
		nextBootArgs:              (null)
		connected:                 YES
		isWirelessEnabled:         NO
		connectionType:            direct
		hostname:                  yanwudan.local.
		bonjourServiceName:        1c:5c:f2:b1:d0:2e@fe80::1e5c:f2ff:feb1:d02e._apple-mobdev2._tcp.local.
		activeProxiedDevice:       (null)
		} (13.2.2 (17B102))
2019-12-25 14:21:44.305 xcodebuild[4516:98352] [MT] IDETestOperationsObserverDebug: (8EA15F36-BDFD-42E4-AA22-45E8DF2EE4EB) Finished requesting crash reports. Continuing with testing.
*** If you believe this error represents a bug, please attach the result bundle at /Users/faz/Library/Developer/Xcode/DerivedData/WebDriverAgent-aiaejbhejflmruhkhsmeebmhbaia/Logs/Test/Test-WebDriverAgentRunner-2019.12.25_14-21-43-+0800.xcresult
2019-12-25 14:21:44.323 xcodebuild[4516:98352] [MT] IDETestOperationsObserverDebug: 0.199 elapsed -- Testing started completed.
2019-12-25 14:21:44.323 xcodebuild[4516:98352] [MT] IDETestOperationsObserverDebug: 0.000 sec, +0.000 sec -- start
2019-12-25 14:21:44.323 xcodebuild[4516:98352] [MT] IDETestOperationsObserverDebug: 0.199 sec, +0.199 sec -- end
2019-12-25 14:21:44.325 xcodebuild[4516:98352] Error Domain=NSCocoaErrorDomain Code=260 &quot;The file “WebDriverAgentRunner-Runner.app” couldn’t be opened because there is no such file.&quot; UserInfo={NSFilePath=/Users/faz/Library/Developer/Xcode/DerivedData/WebDriverAgent-aiaejbhejflmruhkhsmeebmhbaia/Build/Products/Debug-iphoneos/WebDriverAgentRunner-Runner.app, NSUnderlyingError=0x7fcf3a4e5280 {Error Domain=NSPOSIXErrorDomain Code=2 &quot;No such file or directory&quot;}}
Test session results, code coverage, and logs:
	/Users/faz/Library/Developer/Xcode/DerivedData/WebDriverAgent-aiaejbhejflmruhkhsmeebmhbaia/Logs/Test/Test-WebDriverAgentRunner-2019.12.25_14-21-43-+0800.xcresult
Testing started on '烟雾弹'
Testing failed:
	Signing for &quot;WebDriverAgentRunner&quot; requires a development team. Select a development team in the Signing &amp; Capabilities editor.
	WebDriverAgentRunner:
		WebDriverAgentRunner-Runner.app encountered an error (Failed to install or launch the test runner. (Underlying error: The file “WebDriverAgentRunner-Runner.app” couldn’t be opened because there is no such file. The file doesn’t exist. (Underlying error: The operation couldn’t be completed. No such file or directory)))
** TEST EXECUTE FAILED **. Make sure you follow the tutorial at https://github.com/appium/appium-xcuitest-driver/blob/master/docs/real-device-config.md. Try to remove the WebDriverAgentRunner application from the device if it is installed and reboot the device.
Build info: version: '3.141.59', revision: 'e82be7d358', time: '2018-11-14T08:25:53'
System info: host: 'FazAiZhongdeMacBook-Pro.local', ip: '192.168.2.28', os.name: 'Mac OS X', os.arch: 'x86_64', os.version: '10.14.6', java.version: '1.8.0_181'
Driver info: driver.version: MobileDriverFactory$startMobileDriver
remote stacktrace: UnknownError: An unknown server-side error occurred while processing the command. Original error: Unable to launch WebDriverAgent because of xcodebuild failure: xcodebuild failed with code 65
xcodebuild error message:

2019-12-25 14:21:44.109 xcodebuild[4516:98354] Error writing xctestrun file: Error Domain=NSCocoaErrorDomain Code=4 &quot;The folder “WebDriverAgentRunner_iphoneos13.2-arm64.xctestrun” doesn’t exist.&quot; UserInfo={NSFilePath=/Users/faz/Library/Developer/Xcode/DerivedData/WebDriverAgent-aiaejbhejflmruhkhsmeebmhbaia/Build/Products/WebDriverAgentRunner_iphoneos13.2-arm64.xctestrun, NSUserStringVariant=Folder, NSUnderlyingError=0x7fcf39fe2270 {Error Domain=NSPOSIXErrorDomain Code=2 &quot;No such file or directory&quot;}}
** TEST BUILD FAILED **
2019-12-25 14:21:44.133 xcodebuild[4516:98353]  IDETestOperationsObserverDebug: Writing diagnostic log for test session to:
/Users/faz/Library/Developer/Xcode/DerivedData/WebDriverAgent-aiaejbhejflmruhkhsmeebmhbaia/Logs/Test/Test-WebDriverAgentRunner-2019.12.25_14-21-43-+0800.xcresult/Staging/2_Test/Diagnostics/WebDriverAgentRunner-36AA6A3E-E0CE-4DAF-9A5C-DB58FBDF1225/WebDriverAgentRunner-1C9E1ECC-3AE0-4C7C-B816-D11065163395/Session-WebDriverAgentRunner-2019-12-25_142144-EGOQqD.log
2019-12-25 14:21:44.136 xcodebuild[4516:98352] [MT] IDETestOperationsObserverDebug: (8EA15F36-BDFD-42E4-AA22-45E8DF2EE4EB) Beginning test session WebDriverAgentRunner-8EA15F36-BDFD-42E4-AA22-45E8DF2EE4EB at 2019-12-25 14:21:44.134 with Xcode 11C29 on target 📱&lt;DVTiOSDevice (0x7fcf3a2aadf0), 烟雾弹, iPhone, 13.2.2 (17B102), e6d787265ef659f59b738dbf66bcbf75a4ec54a1> {
		deviceSerialNumber:         DNPQTPW4GRY7
		identifier:                 e6d787265ef659f59b738dbf66bcbf75a4ec54a1
		deviceClass:                iPhone
		deviceName:                 烟雾弹
		deviceIdentifier:           e6d787265ef659f59b738dbf66bcbf75a4ec54a1
		productVersion:             13.2.2
		buildVersion:               17B102
		deviceSoftwareVersion:      13.2.2 (17B102)
		deviceArchitecture:         arm64
		deviceTotalCapacity:        122728800256
		deviceAvailableCapacity:    97967312896
		deviceIsTransient:          NO
		ignored:                    NO
		deviceIsBusy:               NO
		deviceIsPaired:             YES
		deviceIsActivated:          YES
		deviceActivationState:      Activated
		isPasscodeLocked:           NO
		deviceType:                 &lt;DVTDeviceType:0x7fcf39cc8a80 Xcode.DeviceType.iPhone>
		supportedDeviceFamilies:    (
    1
)
		applications:              (null)
		provisioningProfiles:      (null)
		hasInternalSupport:        NO
		hasWritableSystem:         NO
		isSupportedOS:             YES
		bootArgs:                  (null)
		nextBootArgs:              (null)
		connected:                 YES
		isWirelessEnabled:         NO
		connectionType:            direct
		hostname:                  yanwudan.local.
		bonjourServiceName:        1c:5c:f2:b1:d0:2e@fe80::1e5c:f2ff:feb1:d02e._apple-mobdev2._tcp.local.
		activeProxiedDevice:       (null)
		} (13.2.2 (17B102))
2019-12-25 14:21:44.305 xcodebuild[4516:98352] [MT] IDETestOperationsObserverDebug: (8EA15F36-BDFD-42E4-AA22-45E8DF2EE4EB) Finished requesting crash reports. Continuing with testing.
*** If you believe this error represents a bug, please attach the result bundle at /Users/faz/Library/Developer/Xcode/DerivedData/WebDriverAgent-aiaejbhejflmruhkhsmeebmhbaia/Logs/Test/Test-WebDriverAgentRunner-2019.12.25_14-21-43-+0800.xcresult
2019-12-25 14:21:44.323 xcodebuild[4516:98352] [MT] IDETestOperationsObserverDebug: 0.199 elapsed -- Testing started completed.
2019-12-25 14:21:44.323 xcodebuild[4516:98352] [MT] IDETestOperationsObserverDebug: 0.000 sec, +0.000 sec -- start
2019-12-25 14:21:44.323 xcodebuild[4516:98352] [MT] IDETestOperationsObserverDebug: 0.199 sec, +0.199 sec -- end
2019-12-25 14:21:44.325 xcodebuild[4516:98352] Error Domain=NSCocoaErrorDomain Code=260 &quot;The file “WebDriverAgentRunner-Runner.app” couldn’t be opened because there is no such file.&quot; UserInfo={NSFilePath=/Users/faz/Library/Developer/Xcode/DerivedData/WebDriverAgent-aiaejbhejflmruhkhsmeebmhbaia/Build/Products/Debug-iphoneos/WebDriverAgentRunner-Runner.app, NSUnderlyingError=0x7fcf3a4e5280 {Error Domain=NSPOSIXErrorDomain Code=2 &quot;No such file or directory&quot;}}
Test session results, code coverage, and logs:
	/Users/faz/Library/Developer/Xcode/DerivedData/WebDriverAgent-aiaejbhejflmruhkhsmeebmhbaia/Logs/Test/Test-WebDriverAgentRunner-2019.12.25_14-21-43-+0800.xcresult
Testing started on '烟雾弹'
Testing failed:
	Signing for &quot;WebDriverAgentRunner&quot; requires a development team. Select a development team in the Signing &amp; Capabilities editor.
	WebDriverAgentRunner:
		WebDriverAgentRunner-Runner.app encountered an error (Failed to install or launch the test runner. (Underlying error: The file “WebDriverAgentRunner-Runner.app” couldn’t be opened because there is no such file. The file doesn’t exist. (Underlying error: The operation couldn’t be completed. No such file or directory)))
** TEST EXECUTE FAILED **. Make sure you follow the tutorial at https://github.com/appium/appium-xcuitest-driver/blob/master/docs/real-device-config.md. Try to remove the WebDriverAgentRunner application from the device if it is installed and reboot the device.
    at getResponseForW3CError (/usr/local/lib/node_modules/appium/node_modules/appium-base-driver/lib/protocol/errors.js:804:9)
    at asyncHandler (/usr/local/lib/node_modules/appium/node_modules/appium-base-driver/lib/protocol/protocol.js:388:37)
	at org.openqa.selenium.remote.W3CHandshakeResponse.lambda$errorHandler$0(W3CHandshakeResponse.java:62)
	at org.openqa.selenium.remote.HandshakeResponse.lambda$getResponseFunction$0(HandshakeResponse.java:30)
	at org.openqa.selenium.remote.ProtocolHandshake.lambda$createSession$0(ProtocolHandshake.java:126)
	at org.openqa.selenium.remote.ProtocolHandshake.createSession(ProtocolHandshake.java:128)
	... 39 more
)
	at com.kms.katalon.core.keyword.internal.KeywordMain.stepFailed(KeywordMain.groovy:50)
	at com.kms.katalon.core.mobile.keyword.internal.MobileKeywordMain.stepFailed(MobileKeywordMain.groovy:40)
	at com.kms.katalon.core.mobile.keyword.internal.MobileKeywordMain.runKeyword(MobileKeywordMain.groovy:23)
	at com.kms.katalon.core.mobile.keyword.internal.MobileKeywordMain$runKeyword.call(Unknown Source)
	at com.kms.katalon.core.mobile.keyword.builtin.StartExistingApplicationKeyword.startApplication(StartExistingApplicationKeyword.groovy:43)
	at com.kms.katalon.core.mobile.keyword.builtin.StartExistingApplicationKeyword.execute(StartExistingApplicationKeyword.groovy:34)
	at com.kms.katalon.core.keyword.internal.KeywordExecutor.executeKeywordForPlatform(KeywordExecutor.groovy:72)
	at com.kms.katalon.core.mobile.keyword.MobileBuiltInKeywords.startExistingApplication(MobileBuiltInKeywords.groovy:89)
	at com.kms.katalon.core.mobile.keyword.MobileBuiltInKeywords$startExistingApplication.call(Unknown Source)
	at choose_puning.run(choose_puning:17)
	at com.kms.katalon.core.main.ScriptEngine.run(ScriptEngine.java:194)
	at com.kms.katalon.core.main.ScriptEngine.runScriptAsRawText(ScriptEngine.java:119)
	at com.kms.katalon.core.main.TestCaseExecutor.runScript(TestCaseExecutor.java:337)
	at com.kms.katalon.core.main.TestCaseExecutor.doExecute(TestCaseExecutor.java:328)
	at com.kms.katalon.core.main.TestCaseExecutor.processExecutionPhase(TestCaseExecutor.java:307)
	at com.kms.katalon.core.main.TestCaseExecutor.accessMainPhase(TestCaseExecutor.java:299)
	at com.kms.katalon.core.main.TestCaseExecutor.execute(TestCaseExecutor.java:233)
	at com.kms.katalon.core.main.TestSuiteExecutor.accessTestCaseMainPhase(TestSuiteExecutor.java:169)
	at com.kms.katalon.core.main.TestSuiteExecutor.accessTestSuiteMainPhase(TestSuiteExecutor.java:142)
	at com.kms.katalon.core.main.TestSuiteExecutor.execute(TestSuiteExecutor.java:91)
	at com.kms.katalon.core.main.TestCaseMain.startTestSuite(TestCaseMain.java:157)
	at com.kms.katalon.core.main.TestCaseMain$startTestSuite$0.call(Unknown Source)
	at TempTestSuite1577254872853.run(TempTestSuite1577254872853.groovy:36)
Caused by: org.openqa.selenium.SessionNotCreatedException: Unable to create a new remote session. Please check the server log for more details. Original error: An unknown server-side error occurred while processing the command. Original error: Unable to launch WebDriverAgent because of xcodebuild failure: xcodebuild failed with code 65
xcodebuild error message:

2019-12-25 14:21:44.109 xcodebuild[4516:98354] Error writing xctestrun file: Error Domain=NSCocoaErrorDomain Code=4 &quot;The folder “WebDriverAgentRunner_iphoneos13.2-arm64.xctestrun” doesn’t exist.&quot; UserInfo={NSFilePath=/Users/faz/Library/Developer/Xcode/DerivedData/WebDriverAgent-aiaejbhejflmruhkhsmeebmhbaia/Build/Products/WebDriverAgentRunner_iphoneos13.2-arm64.xctestrun, NSUserStringVariant=Folder, NSUnderlyingError=0x7fcf39fe2270 {Error Domain=NSPOSIXErrorDomain Code=2 &quot;No such file or directory&quot;}}
** TEST BUILD FAILED **
2019-12-25 14:21:44.133 xcodebuild[4516:98353]  IDETestOperationsObserverDebug: Writing diagnostic log for test session to:
/Users/faz/Library/Developer/Xcode/DerivedData/WebDriverAgent-aiaejbhejflmruhkhsmeebmhbaia/Logs/Test/Test-WebDriverAgentRunner-2019.12.25_14-21-43-+0800.xcresult/Staging/2_Test/Diagnostics/WebDriverAgentRunner-36AA6A3E-E0CE-4DAF-9A5C-DB58FBDF1225/WebDriverAgentRunner-1C9E1ECC-3AE0-4C7C-B816-D11065163395/Session-WebDriverAgentRunner-2019-12-25_142144-EGOQqD.log
2019-12-25 14:21:44.136 xcodebuild[4516:98352] [MT] IDETestOperationsObserverDebug: (8EA15F36-BDFD-42E4-AA22-45E8DF2EE4EB) Beginning test session WebDriverAgentRunner-8EA15F36-BDFD-42E4-AA22-45E8DF2EE4EB at 2019-12-25 14:21:44.134 with Xcode 11C29 on target 📱&lt;DVTiOSDevice (0x7fcf3a2aadf0), 烟雾弹, iPhone, 13.2.2 (17B102), e6d787265ef659f59b738dbf66bcbf75a4ec54a1> {
		deviceSerialNumber:         DNPQTPW4GRY7
		identifier:                 e6d787265ef659f59b738dbf66bcbf75a4ec54a1
		deviceClass:                iPhone
		deviceName:                 烟雾弹
		deviceIdentifier:           e6d787265ef659f59b738dbf66bcbf75a4ec54a1
		productVersion:             13.2.2
		buildVersion:               17B102
		deviceSoftwareVersion:      13.2.2 (17B102)
		deviceArchitecture:         arm64
		deviceTotalCapacity:        122728800256
		deviceAvailableCapacity:    97967312896
		deviceIsTransient:          NO
		ignored:                    NO
		deviceIsBusy:               NO
		deviceIsPaired:             YES
		deviceIsActivated:          YES
		deviceActivationState:      Activated
		isPasscodeLocked:           NO
		deviceType:                 &lt;DVTDeviceType:0x7fcf39cc8a80 Xcode.DeviceType.iPhone>
		supportedDeviceFamilies:    (
    1
)
		applications:              (null)
		provisioningProfiles:      (null)
		hasInternalSupport:        NO
		hasWritableSystem:         NO
		isSupportedOS:             YES
		bootArgs:                  (null)
		nextBootArgs:              (null)
		connected:                 YES
		isWirelessEnabled:         NO
		connectionType:            direct
		hostname:                  yanwudan.local.
		bonjourServiceName:        1c:5c:f2:b1:d0:2e@fe80::1e5c:f2ff:feb1:d02e._apple-mobdev2._tcp.local.
		activeProxiedDevice:       (null)
		} (13.2.2 (17B102))
2019-12-25 14:21:44.305 xcodebuild[4516:98352] [MT] IDETestOperationsObserverDebug: (8EA15F36-BDFD-42E4-AA22-45E8DF2EE4EB) Finished requesting crash reports. Continuing with testing.
*** If you believe this error represents a bug, please attach the result bundle at /Users/faz/Library/Developer/Xcode/DerivedData/WebDriverAgent-aiaejbhejflmruhkhsmeebmhbaia/Logs/Test/Test-WebDriverAgentRunner-2019.12.25_14-21-43-+0800.xcresult
2019-12-25 14:21:44.323 xcodebuild[4516:98352] [MT] IDETestOperationsObserverDebug: 0.199 elapsed -- Testing started completed.
2019-12-25 14:21:44.323 xcodebuild[4516:98352] [MT] IDETestOperationsObserverDebug: 0.000 sec, +0.000 sec -- start
2019-12-25 14:21:44.323 xcodebuild[4516:98352] [MT] IDETestOperationsObserverDebug: 0.199 sec, +0.199 sec -- end
2019-12-25 14:21:44.325 xcodebuild[4516:98352] Error Domain=NSCocoaErrorDomain Code=260 &quot;The file “WebDriverAgentRunner-Runner.app” couldn’t be opened because there is no such file.&quot; UserInfo={NSFilePath=/Users/faz/Library/Developer/Xcode/DerivedData/WebDriverAgent-aiaejbhejflmruhkhsmeebmhbaia/Build/Products/Debug-iphoneos/WebDriverAgentRunner-Runner.app, NSUnderlyingError=0x7fcf3a4e5280 {Error Domain=NSPOSIXErrorDomain Code=2 &quot;No such file or directory&quot;}}
Test session results, code coverage, and logs:
	/Users/faz/Library/Developer/Xcode/DerivedData/WebDriverAgent-aiaejbhejflmruhkhsmeebmhbaia/Logs/Test/Test-WebDriverAgentRunner-2019.12.25_14-21-43-+0800.xcresult
Testing started on '烟雾弹'
Testing failed:
	Signing for &quot;WebDriverAgentRunner&quot; requires a development team. Select a development team in the Signing &amp; Capabilities editor.
	WebDriverAgentRunner:
		WebDriverAgentRunner-Runner.app encountered an error (Failed to install or launch the test runner. (Underlying error: The file “WebDriverAgentRunner-Runner.app” couldn’t be opened because there is no such file. The file doesn’t exist. (Underlying error: The operation couldn’t be completed. No such file or directory)))
** TEST EXECUTE FAILED **. Make sure you follow the tutorial at https://github.com/appium/appium-xcuitest-driver/blob/master/docs/real-device-config.md. Try to remove the WebDriverAgentRunner application from the device if it is installed and reboot the device.
Build info: version: '3.141.59', revision: 'e82be7d358', time: '2018-11-14T08:25:53'
System info: host: 'FazAiZhongdeMacBook-Pro.local', ip: '192.168.2.28', os.name: 'Mac OS X', os.arch: 'x86_64', os.version: '10.14.6', java.version: '1.8.0_181'
Driver info: driver.version: MobileDriverFactory$startMobileDriver
remote stacktrace: UnknownError: An unknown server-side error occurred while processing the command. Original error: Unable to launch WebDriverAgent because of xcodebuild failure: xcodebuild failed with code 65
xcodebuild error message:

2019-12-25 14:21:44.109 xcodebuild[4516:98354] Error writing xctestrun file: Error Domain=NSCocoaErrorDomain Code=4 &quot;The folder “WebDriverAgentRunner_iphoneos13.2-arm64.xctestrun” doesn’t exist.&quot; UserInfo={NSFilePath=/Users/faz/Library/Developer/Xcode/DerivedData/WebDriverAgent-aiaejbhejflmruhkhsmeebmhbaia/Build/Products/WebDriverAgentRunner_iphoneos13.2-arm64.xctestrun, NSUserStringVariant=Folder, NSUnderlyingError=0x7fcf39fe2270 {Error Domain=NSPOSIXErrorDomain Code=2 &quot;No such file or directory&quot;}}
** TEST BUILD FAILED **
2019-12-25 14:21:44.133 xcodebuild[4516:98353]  IDETestOperationsObserverDebug: Writing diagnostic log for test session to:
/Users/faz/Library/Developer/Xcode/DerivedData/WebDriverAgent-aiaejbhejflmruhkhsmeebmhbaia/Logs/Test/Test-WebDriverAgentRunner-2019.12.25_14-21-43-+0800.xcresult/Staging/2_Test/Diagnostics/WebDriverAgentRunner-36AA6A3E-E0CE-4DAF-9A5C-DB58FBDF1225/WebDriverAgentRunner-1C9E1ECC-3AE0-4C7C-B816-D11065163395/Session-WebDriverAgentRunner-2019-12-25_142144-EGOQqD.log
2019-12-25 14:21:44.136 xcodebuild[4516:98352] [MT] IDETestOperationsObserverDebug: (8EA15F36-BDFD-42E4-AA22-45E8DF2EE4EB) Beginning test session WebDriverAgentRunner-8EA15F36-BDFD-42E4-AA22-45E8DF2EE4EB at 2019-12-25 14:21:44.134 with Xcode 11C29 on target 📱&lt;DVTiOSDevice (0x7fcf3a2aadf0), 烟雾弹, iPhone, 13.2.2 (17B102), e6d787265ef659f59b738dbf66bcbf75a4ec54a1> {
		deviceSerialNumber:         DNPQTPW4GRY7
		identifier:                 e6d787265ef659f59b738dbf66bcbf75a4ec54a1
		deviceClass:                iPhone
		deviceName:                 烟雾弹
		deviceIdentifier:           e6d787265ef659f59b738dbf66bcbf75a4ec54a1
		productVersion:             13.2.2
		buildVersion:               17B102
		deviceSoftwareVersion:      13.2.2 (17B102)
		deviceArchitecture:         arm64
		deviceTotalCapacity:        122728800256
		deviceAvailableCapacity:    97967312896
		deviceIsTransient:          NO
		ignored:                    NO
		deviceIsBusy:               NO
		deviceIsPaired:             YES
		deviceIsActivated:          YES
		deviceActivationState:      Activated
		isPasscodeLocked:           NO
		deviceType:                 &lt;DVTDeviceType:0x7fcf39cc8a80 Xcode.DeviceType.iPhone>
		supportedDeviceFamilies:    (
    1
)
		applications:              (null)
		provisioningProfiles:      (null)
		hasInternalSupport:        NO
		hasWritableSystem:         NO
		isSupportedOS:             YES
		bootArgs:                  (null)
		nextBootArgs:              (null)
		connected:                 YES
		isWirelessEnabled:         NO
		connectionType:            direct
		hostname:                  yanwudan.local.
		bonjourServiceName:        1c:5c:f2:b1:d0:2e@fe80::1e5c:f2ff:feb1:d02e._apple-mobdev2._tcp.local.
		activeProxiedDevice:       (null)
		} (13.2.2 (17B102))
2019-12-25 14:21:44.305 xcodebuild[4516:98352] [MT] IDETestOperationsObserverDebug: (8EA15F36-BDFD-42E4-AA22-45E8DF2EE4EB) Finished requesting crash reports. Continuing with testing.
*** If you believe this error represents a bug, please attach the result bundle at /Users/faz/Library/Developer/Xcode/DerivedData/WebDriverAgent-aiaejbhejflmruhkhsmeebmhbaia/Logs/Test/Test-WebDriverAgentRunner-2019.12.25_14-21-43-+0800.xcresult
2019-12-25 14:21:44.323 xcodebuild[4516:98352] [MT] IDETestOperationsObserverDebug: 0.199 elapsed -- Testing started completed.
2019-12-25 14:21:44.323 xcodebuild[4516:98352] [MT] IDETestOperationsObserverDebug: 0.000 sec, +0.000 sec -- start
2019-12-25 14:21:44.323 xcodebuild[4516:98352] [MT] IDETestOperationsObserverDebug: 0.199 sec, +0.199 sec -- end
2019-12-25 14:21:44.325 xcodebuild[4516:98352] Error Domain=NSCocoaErrorDomain Code=260 &quot;The file “WebDriverAgentRunner-Runner.app” couldn’t be opened because there is no such file.&quot; UserInfo={NSFilePath=/Users/faz/Library/Developer/Xcode/DerivedData/WebDriverAgent-aiaejbhejflmruhkhsmeebmhbaia/Build/Products/Debug-iphoneos/WebDriverAgentRunner-Runner.app, NSUnderlyingError=0x7fcf3a4e5280 {Error Domain=NSPOSIXErrorDomain Code=2 &quot;No such file or directory&quot;}}
Test session results, code coverage, and logs:
	/Users/faz/Library/Developer/Xcode/DerivedData/WebDriverAgent-aiaejbhejflmruhkhsmeebmhbaia/Logs/Test/Test-WebDriverAgentRunner-2019.12.25_14-21-43-+0800.xcresult
Testing started on '烟雾弹'
Testing failed:
	Signing for &quot;WebDriverAgentRunner&quot; requires a development team. Select a development team in the Signing &amp; Capabilities editor.
	WebDriverAgentRunner:
		WebDriverAgentRunner-Runner.app encountered an error (Failed to install or launch the test runner. (Underlying error: The file “WebDriverAgentRunner-Runner.app” couldn’t be opened because there is no such file. The file doesn’t exist. (Underlying error: The operation couldn’t be completed. No such file or directory)))
** TEST EXECUTE FAILED **. Make sure you follow the tutorial at https://github.com/appium/appium-xcuitest-driver/blob/master/docs/real-device-config.md. Try to remove the WebDriverAgentRunner application from the device if it is installed and reboot the device.
    at getResponseForW3CError (/usr/local/lib/node_modules/appium/node_modules/appium-base-driver/lib/protocol/errors.js:804:9)
    at asyncHandler (/usr/local/lib/node_modules/appium/node_modules/appium-base-driver/lib/protocol/protocol.js:388:37)
Build info: version: '3.141.59', revision: 'e82be7d358', time: '2018-11-14T08:25:53'
System info: host: 'FazAiZhongdeMacBook-Pro.local', ip: '192.168.2.28', os.name: 'Mac OS X', os.arch: 'x86_64', os.version: '10.14.6', java.version: '1.8.0_181'
Driver info: driver.version: MobileDriverFactory$startMobileDriver
	at io.appium.java_client.remote.AppiumCommandExecutor$1.createSession(AppiumCommandExecutor.java:208)
	at io.appium.java_client.remote.AppiumCommandExecutor.createSession(AppiumCommandExecutor.java:217)
	at io.appium.java_client.remote.AppiumCommandExecutor.execute(AppiumCommandExecutor.java:239)
	at org.openqa.selenium.remote.RemoteWebDriver.execute(RemoteWebDriver.java:552)
	at io.appium.java_client.DefaultGenericMobileDriver.execute(DefaultGenericMobileDriver.java:42)
	at io.appium.java_client.AppiumDriver.execute(AppiumDriver.java:1)
	at io.appium.java_client.ios.IOSDriver.execute(IOSDriver.java:1)
	at org.openqa.selenium.remote.RemoteWebDriver.startSession(RemoteWebDriver.java:213)
	at org.openqa.selenium.remote.RemoteWebDriver.&lt;init>(RemoteWebDriver.java:131)
	at io.appium.java_client.DefaultGenericMobileDriver.&lt;init>(DefaultGenericMobileDriver.java:38)
	at io.appium.java_client.AppiumDriver.&lt;init>(AppiumDriver.java:84)
	at io.appium.java_client.ios.IOSDriver.&lt;init>(IOSDriver.java:85)
	at com.kms.katalon.core.appium.driver.AppiumDriverManager.createMobileDriver(AppiumDriverManager.java:495)
	at com.kms.katalon.core.appium.driver.AppiumDriverManager.createMobileDriver(AppiumDriverManager.java:479)
	at com.kms.katalon.core.mobile.keyword.internal.MobileDriverFactory.startMobileDriver(MobileDriverFactory.java:339)
	at com.kms.katalon.core.mobile.keyword.internal.MobileDriverFactory$startMobileDriver.call(Unknown Source)
	at com.kms.katalon.core.mobile.keyword.builtin.StartExistingApplicationKeyword$_startApplication_closure1.doCall(StartExistingApplicationKeyword.groovy:40)
	at com.kms.katalon.core.mobile.keyword.builtin.StartExistingApplicationKeyword$_startApplication_closure1.doCall(StartExistingApplicationKeyword.groovy)
	at com.kms.katalon.core.mobile.keyword.internal.MobileKeywordMain.runKeyword(MobileKeywordMain.groovy:21)
	... 20 more
Caused by: java.lang.reflect.InvocationTargetException
	at io.appium.java_client.remote.AppiumCommandExecutor$1.createSession(AppiumCommandExecutor.java:186)
	at io.appium.java_client.remote.AppiumCommandExecutor.createSession(AppiumCommandExecutor.java:217)
	at io.appium.java_client.remote.AppiumCommandExecutor.execute(AppiumCommandExecutor.java:239)
	at org.openqa.selenium.remote.RemoteWebDriver.execute(RemoteWebDriver.java:552)
	at io.appium.java_client.DefaultGenericMobileDriver.execute(DefaultGenericMobileDriver.java:42)
	at io.appium.java_client.AppiumDriver.execute(AppiumDriver.java:1)
	at io.appium.java_client.ios.IOSDriver.execute(IOSDriver.java:1)
	at org.openqa.selenium.remote.RemoteWebDriver.startSession(RemoteWebDriver.java:213)
	at org.openqa.selenium.remote.RemoteWebDriver.&lt;init>(RemoteWebDriver.java:131)
	at io.appium.java_client.DefaultGenericMobileDriver.&lt;init>(DefaultGenericMobileDriver.java:38)
	at io.appium.java_client.AppiumDriver.&lt;init>(AppiumDriver.java:84)
	at io.appium.java_client.ios.IOSDriver.&lt;init>(IOSDriver.java:85)
	at com.kms.katalon.core.appium.driver.AppiumDriverManager.createMobileDriver(AppiumDriverManager.java:495)
	at com.kms.katalon.core.appium.driver.AppiumDriverManager.createMobileDriver(AppiumDriverManager.java:479)
	at com.kms.katalon.core.mobile.keyword.internal.MobileDriverFactory.startMobileDriver(MobileDriverFactory.java:339)
	at com.kms.katalon.core.mobile.keyword.internal.MobileDriverFactory$startMobileDriver.call(Unknown Source)
	at com.kms.katalon.core.mobile.keyword.builtin.StartExistingApplicationKeyword$_startApplication_closure1.doCall(StartExistingApplicationKeyword.groovy:40)
	at com.kms.katalon.core.mobile.keyword.builtin.StartExistingApplicationKeyword$_startApplication_closure1.doCall(StartExistingApplicationKeyword.groovy)
	at com.kms.katalon.core.mobile.keyword.internal.MobileKeywordMain.runKeyword(MobileKeywordMain.groovy:21)
	at com.kms.katalon.core.mobile.keyword.internal.MobileKeywordMain$runKeyword.call(Unknown Source)
	at com.kms.katalon.core.mobile.keyword.builtin.StartExistingApplicationKeyword.startApplication(StartExistingApplicationKeyword.groovy:43)
	at com.kms.katalon.core.mobile.keyword.builtin.StartExistingApplicationKeyword.execute(StartExistingApplicationKeyword.groovy:34)
	at com.kms.katalon.core.keyword.internal.KeywordExecutor.executeKeywordForPlatform(KeywordExecutor.groovy:72)
	at com.kms.katalon.core.mobile.keyword.MobileBuiltInKeywords.startExistingApplication(MobileBuiltInKeywords.groovy:89)
	at com.kms.katalon.core.mobile.keyword.MobileBuiltInKeywords$startExistingApplication.call(Unknown Source)
	at Script1575874101227.run(Script1575874101227.groovy:17)
	... 13 more
Caused by: org.openqa.selenium.WebDriverException: An unknown server-side error occurred while processing the command. Original error: Unable to launch WebDriverAgent because of xcodebuild failure: xcodebuild failed with code 65
xcodebuild error message:

2019-12-25 14:21:44.109 xcodebuild[4516:98354] Error writing xctestrun file: Error Domain=NSCocoaErrorDomain Code=4 &quot;The folder “WebDriverAgentRunner_iphoneos13.2-arm64.xctestrun” doesn’t exist.&quot; UserInfo={NSFilePath=/Users/faz/Library/Developer/Xcode/DerivedData/WebDriverAgent-aiaejbhejflmruhkhsmeebmhbaia/Build/Products/WebDriverAgentRunner_iphoneos13.2-arm64.xctestrun, NSUserStringVariant=Folder, NSUnderlyingError=0x7fcf39fe2270 {Error Domain=NSPOSIXErrorDomain Code=2 &quot;No such file or directory&quot;}}
** TEST BUILD FAILED **
2019-12-25 14:21:44.133 xcodebuild[4516:98353]  IDETestOperationsObserverDebug: Writing diagnostic log for test session to:
/Users/faz/Library/Developer/Xcode/DerivedData/WebDriverAgent-aiaejbhejflmruhkhsmeebmhbaia/Logs/Test/Test-WebDriverAgentRunner-2019.12.25_14-21-43-+0800.xcresult/Staging/2_Test/Diagnostics/WebDriverAgentRunner-36AA6A3E-E0CE-4DAF-9A5C-DB58FBDF1225/WebDriverAgentRunner-1C9E1ECC-3AE0-4C7C-B816-D11065163395/Session-WebDriverAgentRunner-2019-12-25_142144-EGOQqD.log
2019-12-25 14:21:44.136 xcodebuild[4516:98352] [MT] IDETestOperationsObserverDebug: (8EA15F36-BDFD-42E4-AA22-45E8DF2EE4EB) Beginning test session WebDriverAgentRunner-8EA15F36-BDFD-42E4-AA22-45E8DF2EE4EB at 2019-12-25 14:21:44.134 with Xcode 11C29 on target 📱&lt;DVTiOSDevice (0x7fcf3a2aadf0), 烟雾弹, iPhone, 13.2.2 (17B102), e6d787265ef659f59b738dbf66bcbf75a4ec54a1> {
		deviceSerialNumber:         DNPQTPW4GRY7
		identifier:                 e6d787265ef659f59b738dbf66bcbf75a4ec54a1
		deviceClass:                iPhone
		deviceName:                 烟雾弹
		deviceIdentifier:           e6d787265ef659f59b738dbf66bcbf75a4ec54a1
		productVersion:             13.2.2
		buildVersion:               17B102
		deviceSoftwareVersion:      13.2.2 (17B102)
		deviceArchitecture:         arm64
		deviceTotalCapacity:        122728800256
		deviceAvailableCapacity:    97967312896
		deviceIsTransient:          NO
		ignored:                    NO
		deviceIsBusy:               NO
		deviceIsPaired:             YES
		deviceIsActivated:          YES
		deviceActivationState:      Activated
		isPasscodeLocked:           NO
		deviceType:                 &lt;DVTDeviceType:0x7fcf39cc8a80 Xcode.DeviceType.iPhone>
		supportedDeviceFamilies:    (
    1
)
		applications:              (null)
		provisioningProfiles:      (null)
		hasInternalSupport:        NO
		hasWritableSystem:         NO
		isSupportedOS:             YES
		bootArgs:                  (null)
		nextBootArgs:              (null)
		connected:                 YES
		isWirelessEnabled:         NO
		connectionType:            direct
		hostname:                  yanwudan.local.
		bonjourServiceName:        1c:5c:f2:b1:d0:2e@fe80::1e5c:f2ff:feb1:d02e._apple-mobdev2._tcp.local.
		activeProxiedDevice:       (null)
		} (13.2.2 (17B102))
2019-12-25 14:21:44.305 xcodebuild[4516:98352] [MT] IDETestOperationsObserverDebug: (8EA15F36-BDFD-42E4-AA22-45E8DF2EE4EB) Finished requesting crash reports. Continuing with testing.
*** If you believe this error represents a bug, please attach the result bundle at /Users/faz/Library/Developer/Xcode/DerivedData/WebDriverAgent-aiaejbhejflmruhkhsmeebmhbaia/Logs/Test/Test-WebDriverAgentRunner-2019.12.25_14-21-43-+0800.xcresult
2019-12-25 14:21:44.323 xcodebuild[4516:98352] [MT] IDETestOperationsObserverDebug: 0.199 elapsed -- Testing started completed.
2019-12-25 14:21:44.323 xcodebuild[4516:98352] [MT] IDETestOperationsObserverDebug: 0.000 sec, +0.000 sec -- start
2019-12-25 14:21:44.323 xcodebuild[4516:98352] [MT] IDETestOperationsObserverDebug: 0.199 sec, +0.199 sec -- end
2019-12-25 14:21:44.325 xcodebuild[4516:98352] Error Domain=NSCocoaErrorDomain Code=260 &quot;The file “WebDriverAgentRunner-Runner.app” couldn’t be opened because there is no such file.&quot; UserInfo={NSFilePath=/Users/faz/Library/Developer/Xcode/DerivedData/WebDriverAgent-aiaejbhejflmruhkhsmeebmhbaia/Build/Products/Debug-iphoneos/WebDriverAgentRunner-Runner.app, NSUnderlyingError=0x7fcf3a4e5280 {Error Domain=NSPOSIXErrorDomain Code=2 &quot;No such file or directory&quot;}}
Test session results, code coverage, and logs:
	/Users/faz/Library/Developer/Xcode/DerivedData/WebDriverAgent-aiaejbhejflmruhkhsmeebmhbaia/Logs/Test/Test-WebDriverAgentRunner-2019.12.25_14-21-43-+0800.xcresult
Testing started on '烟雾弹'
Testing failed:
	Signing for &quot;WebDriverAgentRunner&quot; requires a development team. Select a development team in the Signing &amp; Capabilities editor.
	WebDriverAgentRunner:
		WebDriverAgentRunner-Runner.app encountered an error (Failed to install or launch the test runner. (Underlying error: The file “WebDriverAgentRunner-Runner.app” couldn’t be opened because there is no such file. The file doesn’t exist. (Underlying error: The operation couldn’t be completed. No such file or directory)))
** TEST EXECUTE FAILED **. Make sure you follow the tutorial at https://github.com/appium/appium-xcuitest-driver/blob/master/docs/real-device-config.md. Try to remove the WebDriverAgentRunner application from the device if it is installed and reboot the device.
Build info: version: '3.141.59', revision: 'e82be7d358', time: '2018-11-14T08:25:53'
System info: host: 'FazAiZhongdeMacBook-Pro.local', ip: '192.168.2.28', os.name: 'Mac OS X', os.arch: 'x86_64', os.version: '10.14.6', java.version: '1.8.0_181'
Driver info: driver.version: MobileDriverFactory$startMobileDriver
remote stacktrace: UnknownError: An unknown server-side error occurred while processing the command. Original error: Unable to launch WebDriverAgent because of xcodebuild failure: xcodebuild failed with code 65
xcodebuild error message:

2019-12-25 14:21:44.109 xcodebuild[4516:98354] Error writing xctestrun file: Error Domain=NSCocoaErrorDomain Code=4 &quot;The folder “WebDriverAgentRunner_iphoneos13.2-arm64.xctestrun” doesn’t exist.&quot; UserInfo={NSFilePath=/Users/faz/Library/Developer/Xcode/DerivedData/WebDriverAgent-aiaejbhejflmruhkhsmeebmhbaia/Build/Products/WebDriverAgentRunner_iphoneos13.2-arm64.xctestrun, NSUserStringVariant=Folder, NSUnderlyingError=0x7fcf39fe2270 {Error Domain=NSPOSIXErrorDomain Code=2 &quot;No such file or directory&quot;}}
** TEST BUILD FAILED **
2019-12-25 14:21:44.133 xcodebuild[4516:98353]  IDETestOperationsObserverDebug: Writing diagnostic log for test session to:
/Users/faz/Library/Developer/Xcode/DerivedData/WebDriverAgent-aiaejbhejflmruhkhsmeebmhbaia/Logs/Test/Test-WebDriverAgentRunner-2019.12.25_14-21-43-+0800.xcresult/Staging/2_Test/Diagnostics/WebDriverAgentRunner-36AA6A3E-E0CE-4DAF-9A5C-DB58FBDF1225/WebDriverAgentRunner-1C9E1ECC-3AE0-4C7C-B816-D11065163395/Session-WebDriverAgentRunner-2019-12-25_142144-EGOQqD.log
2019-12-25 14:21:44.136 xcodebuild[4516:98352] [MT] IDETestOperationsObserverDebug: (8EA15F36-BDFD-42E4-AA22-45E8DF2EE4EB) Beginning test session WebDriverAgentRunner-8EA15F36-BDFD-42E4-AA22-45E8DF2EE4EB at 2019-12-25 14:21:44.134 with Xcode 11C29 on target 📱&lt;DVTiOSDevice (0x7fcf3a2aadf0), 烟雾弹, iPhone, 13.2.2 (17B102), e6d787265ef659f59b738dbf66bcbf75a4ec54a1> {
		deviceSerialNumber:         DNPQTPW4GRY7
		identifier:                 e6d787265ef659f59b738dbf66bcbf75a4ec54a1
		deviceClass:                iPhone
		deviceName:                 烟雾弹
		deviceIdentifier:           e6d787265ef659f59b738dbf66bcbf75a4ec54a1
		productVersion:             13.2.2
		buildVersion:               17B102
		deviceSoftwareVersion:      13.2.2 (17B102)
		deviceArchitecture:         arm64
		deviceTotalCapacity:        122728800256
		deviceAvailableCapacity:    97967312896
		deviceIsTransient:          NO
		ignored:                    NO
		deviceIsBusy:               NO
		deviceIsPaired:             YES
		deviceIsActivated:          YES
		deviceActivationState:      Activated
		isPasscodeLocked:           NO
		deviceType:                 &lt;DVTDeviceType:0x7fcf39cc8a80 Xcode.DeviceType.iPhone>
		supportedDeviceFamilies:    (
    1
)
		applications:              (null)
		provisioningProfiles:      (null)
		hasInternalSupport:        NO
		hasWritableSystem:         NO
		isSupportedOS:             YES
		bootArgs:                  (null)
		nextBootArgs:              (null)
		connected:                 YES
		isWirelessEnabled:         NO
		connectionType:            direct
		hostname:                  yanwudan.local.
		bonjourServiceName:        1c:5c:f2:b1:d0:2e@fe80::1e5c:f2ff:feb1:d02e._apple-mobdev2._tcp.local.
		activeProxiedDevice:       (null)
		} (13.2.2 (17B102))
2019-12-25 14:21:44.305 xcodebuild[4516:98352] [MT] IDETestOperationsObserverDebug: (8EA15F36-BDFD-42E4-AA22-45E8DF2EE4EB) Finished requesting crash reports. Continuing with testing.
*** If you believe this error represents a bug, please attach the result bundle at /Users/faz/Library/Developer/Xcode/DerivedData/WebDriverAgent-aiaejbhejflmruhkhsmeebmhbaia/Logs/Test/Test-WebDriverAgentRunner-2019.12.25_14-21-43-+0800.xcresult
2019-12-25 14:21:44.323 xcodebuild[4516:98352] [MT] IDETestOperationsObserverDebug: 0.199 elapsed -- Testing started completed.
2019-12-25 14:21:44.323 xcodebuild[4516:98352] [MT] IDETestOperationsObserverDebug: 0.000 sec, +0.000 sec -- start
2019-12-25 14:21:44.323 xcodebuild[4516:98352] [MT] IDETestOperationsObserverDebug: 0.199 sec, +0.199 sec -- end
2019-12-25 14:21:44.325 xcodebuild[4516:98352] Error Domain=NSCocoaErrorDomain Code=260 &quot;The file “WebDriverAgentRunner-Runner.app” couldn’t be opened because there is no such file.&quot; UserInfo={NSFilePath=/Users/faz/Library/Developer/Xcode/DerivedData/WebDriverAgent-aiaejbhejflmruhkhsmeebmhbaia/Build/Products/Debug-iphoneos/WebDriverAgentRunner-Runner.app, NSUnderlyingError=0x7fcf3a4e5280 {Error Domain=NSPOSIXErrorDomain Code=2 &quot;No such file or directory&quot;}}
Test session results, code coverage, and logs:
	/Users/faz/Library/Developer/Xcode/DerivedData/WebDriverAgent-aiaejbhejflmruhkhsmeebmhbaia/Logs/Test/Test-WebDriverAgentRunner-2019.12.25_14-21-43-+0800.xcresult
Testing started on '烟雾弹'
Testing failed:
	Signing for &quot;WebDriverAgentRunner&quot; requires a development team. Select a development team in the Signing &amp; Capabilities editor.
	WebDriverAgentRunner:
		WebDriverAgentRunner-Runner.app encountered an error (Failed to install or launch the test runner. (Underlying error: The file “WebDriverAgentRunner-Runner.app” couldn’t be opened because there is no such file. The file doesn’t exist. (Underlying error: The operation couldn’t be completed. No such file or directory)))
** TEST EXECUTE FAILED **. Make sure you follow the tutorial at https://github.com/appium/appium-xcuitest-driver/blob/master/docs/real-device-config.md. Try to remove the WebDriverAgentRunner application from the device if it is installed and reboot the device.
    at getResponseForW3CError (/usr/local/lib/node_modules/appium/node_modules/appium-base-driver/lib/protocol/errors.js:804:9)
    at asyncHandler (/usr/local/lib/node_modules/appium/node_modules/appium-base-driver/lib/protocol/protocol.js:388:37)
	at org.openqa.selenium.remote.W3CHandshakeResponse.lambda$errorHandler$0(W3CHandshakeResponse.java:62)
	at org.openqa.selenium.remote.HandshakeResponse.lambda$getResponseFunction$0(HandshakeResponse.java:30)
	at org.openqa.selenium.remote.ProtocolHandshake.lambda$createSession$0(ProtocolHandshake.java:126)
	at org.openqa.selenium.remote.ProtocolHandshake.createSession(ProtocolHandshake.java:128)
	at io.appium.java_client.remote.AppiumCommandExecutor$1.createSession(AppiumCommandExecutor.java:186)
	at io.appium.java_client.remote.AppiumCommandExecutor.createSession(AppiumCommandExecutor.java:217)
	at io.appium.java_client.remote.AppiumCommandExecutor.execute(AppiumCommandExecutor.java:239)
	at org.openqa.selenium.remote.RemoteWebDriver.execute(RemoteWebDriver.java:552)
	at io.appium.java_client.DefaultGenericMobileDriver.execute(DefaultGenericMobileDriver.java:42)
	at io.appium.java_client.AppiumDriver.execute(AppiumDriver.java:1)
	at io.appium.java_client.ios.IOSDriver.execute(IOSDriver.java:1)
	at org.openqa.selenium.remote.RemoteWebDriver.startSession(RemoteWebDriver.java:213)
	at org.openqa.selenium.remote.RemoteWebDriver.&lt;init>(RemoteWebDriver.java:131)
	at io.appium.java_client.DefaultGenericMobileDriver.&lt;init>(DefaultGenericMobileDriver.java:38)
	at io.appium.java_client.AppiumDriver.&lt;init>(AppiumDriver.java:84)
	at io.appium.java_client.ios.IOSDriver.&lt;init>(IOSDriver.java:85)
	at com.kms.katalon.core.appium.driver.AppiumDriverManager.createMobileDriver(AppiumDriverManager.java:495)
	at com.kms.katalon.core.appium.driver.AppiumDriverManager.createMobileDriver(AppiumDriverManager.java:479)
	at com.kms.katalon.core.mobile.keyword.internal.MobileDriverFactory.startMobileDriver(MobileDriverFactory.java:339)
	at com.kms.katalon.core.mobile.keyword.internal.MobileDriverFactory$startMobileDriver.call(Unknown Source)
	at com.kms.katalon.core.mobile.keyword.builtin.StartExistingApplicationKeyword$_startApplication_closure1.doCall(StartExistingApplicationKeyword.groovy:40)
	at com.kms.katalon.core.mobile.keyword.builtin.StartExistingApplicationKeyword$_startApplication_closure1.doCall(StartExistingApplicationKeyword.groovy)
	at com.kms.katalon.core.mobile.keyword.internal.MobileKeywordMain.runKeyword(MobileKeywordMain.groovy:21)
	at com.kms.katalon.core.mobile.keyword.internal.MobileKeywordMain$runKeyword.call(Unknown Source)
	at com.kms.katalon.core.mobile.keyword.builtin.StartExistingApplicationKeyword.startApplication(StartExistingApplicationKeyword.groovy:43)
	at com.kms.katalon.core.mobile.keyword.builtin.StartExistingApplicationKeyword.execute(StartExistingApplicationKeyword.groovy:34)
	at com.kms.katalon.core.keyword.internal.KeywordExecutor.executeKeywordForPlatform(KeywordExecutor.groovy:72)
	at com.kms.katalon.core.mobile.keyword.MobileBuiltInKeywords.startExistingApplication(MobileBuiltInKeywords.groovy:89)
	at com.kms.katalon.core.mobile.keyword.MobileBuiltInKeywords$startExistingApplication.call(Unknown Source)
	at choose_puning.run(choose_puning:17)
	... 13 more
"/>
         <system-out><![CDATA[2019-12-25 14:21:23 - [TEST_CASE][FAILED] - Test Cases/IOS App/Public Module/Choose City/choose_puning: Test Cases/IOS App/Public Module/Choose City/choose_puning FAILED.
Reason:
com.kms.katalon.core.exception.StepFailedException: Unable to start app with application ID: 'com.goldlokedu.app' (Root cause: org.openqa.selenium.SessionNotCreatedException: Unable to create a new remote session. Please check the server log for more details. Original error: An unknown server-side error occurred while processing the command. Original error: Unable to launch WebDriverAgent because of xcodebuild failure: xcodebuild failed with code 65
xcodebuild error message:

2019-12-25 14:21:44.109 xcodebuild[4516:98354] Error writing xctestrun file: Error Domain=NSCocoaErrorDomain Code=4 "The folder “WebDriverAgentRunner_iphoneos13.2-arm64.xctestrun” doesn’t exist." UserInfo={NSFilePath=/Users/faz/Library/Developer/Xcode/DerivedData/WebDriverAgent-aiaejbhejflmruhkhsmeebmhbaia/Build/Products/WebDriverAgentRunner_iphoneos13.2-arm64.xctestrun, NSUserStringVariant=Folder, NSUnderlyingError=0x7fcf39fe2270 {Error Domain=NSPOSIXErrorDomain Code=2 "No such file or directory"}}
** TEST BUILD FAILED **
2019-12-25 14:21:44.133 xcodebuild[4516:98353]  IDETestOperationsObserverDebug: Writing diagnostic log for test session to:
/Users/faz/Library/Developer/Xcode/DerivedData/WebDriverAgent-aiaejbhejflmruhkhsmeebmhbaia/Logs/Test/Test-WebDriverAgentRunner-2019.12.25_14-21-43-+0800.xcresult/Staging/2_Test/Diagnostics/WebDriverAgentRunner-36AA6A3E-E0CE-4DAF-9A5C-DB58FBDF1225/WebDriverAgentRunner-1C9E1ECC-3AE0-4C7C-B816-D11065163395/Session-WebDriverAgentRunner-2019-12-25_142144-EGOQqD.log
2019-12-25 14:21:44.136 xcodebuild[4516:98352] [MT] IDETestOperationsObserverDebug: (8EA15F36-BDFD-42E4-AA22-45E8DF2EE4EB) Beginning test session WebDriverAgentRunner-8EA15F36-BDFD-42E4-AA22-45E8DF2EE4EB at 2019-12-25 14:21:44.134 with Xcode 11C29 on target 📱<DVTiOSDevice (0x7fcf3a2aadf0), 烟雾弹, iPhone, 13.2.2 (17B102), e6d787265ef659f59b738dbf66bcbf75a4ec54a1> {
		deviceSerialNumber:         DNPQTPW4GRY7
		identifier:                 e6d787265ef659f59b738dbf66bcbf75a4ec54a1
		deviceClass:                iPhone
		deviceName:                 烟雾弹
		deviceIdentifier:           e6d787265ef659f59b738dbf66bcbf75a4ec54a1
		productVersion:             13.2.2
		buildVersion:               17B102
		deviceSoftwareVersion:      13.2.2 (17B102)
		deviceArchitecture:         arm64
		deviceTotalCapacity:        122728800256
		deviceAvailableCapacity:    97967312896
		deviceIsTransient:          NO
		ignored:                    NO
		deviceIsBusy:               NO
		deviceIsPaired:             YES
		deviceIsActivated:          YES
		deviceActivationState:      Activated
		isPasscodeLocked:           NO
		deviceType:                 <DVTDeviceType:0x7fcf39cc8a80 Xcode.DeviceType.iPhone>
		supportedDeviceFamilies:    (
    1
)
		applications:              (null)
		provisioningProfiles:      (null)
		hasInternalSupport:        NO
		hasWritableSystem:         NO
		isSupportedOS:             YES
		bootArgs:                  (null)
		nextBootArgs:              (null)
		connected:                 YES
		isWirelessEnabled:         NO
		connectionType:            direct
		hostname:                  yanwudan.local.
		bonjourServiceName:        1c:5c:f2:b1:d0:2e@fe80::1e5c:f2ff:feb1:d02e._apple-mobdev2._tcp.local.
		activeProxiedDevice:       (null)
		} (13.2.2 (17B102))
2019-12-25 14:21:44.305 xcodebuild[4516:98352] [MT] IDETestOperationsObserverDebug: (8EA15F36-BDFD-42E4-AA22-45E8DF2EE4EB) Finished requesting crash reports. Continuing with testing.
*** If you believe this error represents a bug, please attach the result bundle at /Users/faz/Library/Developer/Xcode/DerivedData/WebDriverAgent-aiaejbhejflmruhkhsmeebmhbaia/Logs/Test/Test-WebDriverAgentRunner-2019.12.25_14-21-43-+0800.xcresult
2019-12-25 14:21:44.323 xcodebuild[4516:98352] [MT] IDETestOperationsObserverDebug: 0.199 elapsed -- Testing started completed.
2019-12-25 14:21:44.323 xcodebuild[4516:98352] [MT] IDETestOperationsObserverDebug: 0.000 sec, +0.000 sec -- start
2019-12-25 14:21:44.323 xcodebuild[4516:98352] [MT] IDETestOperationsObserverDebug: 0.199 sec, +0.199 sec -- end
2019-12-25 14:21:44.325 xcodebuild[4516:98352] Error Domain=NSCocoaErrorDomain Code=260 "The file “WebDriverAgentRunner-Runner.app” couldn’t be opened because there is no such file." UserInfo={NSFilePath=/Users/faz/Library/Developer/Xcode/DerivedData/WebDriverAgent-aiaejbhejflmruhkhsmeebmhbaia/Build/Products/Debug-iphoneos/WebDriverAgentRunner-Runner.app, NSUnderlyingError=0x7fcf3a4e5280 {Error Domain=NSPOSIXErrorDomain Code=2 "No such file or directory"}}
Test session results, code coverage, and logs:
	/Users/faz/Library/Developer/Xcode/DerivedData/WebDriverAgent-aiaejbhejflmruhkhsmeebmhbaia/Logs/Test/Test-WebDriverAgentRunner-2019.12.25_14-21-43-+0800.xcresult
Testing started on '烟雾弹'
Testing failed:
	Signing for "WebDriverAgentRunner" requires a development team. Select a development team in the Signing & Capabilities editor.
	WebDriverAgentRunner:
		WebDriverAgentRunner-Runner.app encountered an error (Failed to install or launch the test runner. (Underlying error: The file “WebDriverAgentRunner-Runner.app” couldn’t be opened because there is no such file. The file doesn’t exist. (Underlying error: The operation couldn’t be completed. No such file or directory)))
** TEST EXECUTE FAILED **. Make sure you follow the tutorial at https://github.com/appium/appium-xcuitest-driver/blob/master/docs/real-device-config.md. Try to remove the WebDriverAgentRunner application from the device if it is installed and reboot the device.
Build info: version: '3.141.59', revision: 'e82be7d358', time: '2018-11-14T08:25:53'
System info: host: 'FazAiZhongdeMacBook-Pro.local', ip: '192.168.2.28', os.name: 'Mac OS X', os.arch: 'x86_64', os.version: '10.14.6', java.version: '1.8.0_181'
Driver info: driver.version: MobileDriverFactory$startMobileDriver
remote stacktrace: UnknownError: An unknown server-side error occurred while processing the command. Original error: Unable to launch WebDriverAgent because of xcodebuild failure: xcodebuild failed with code 65
xcodebuild error message:

2019-12-25 14:21:44.109 xcodebuild[4516:98354] Error writing xctestrun file: Error Domain=NSCocoaErrorDomain Code=4 "The folder “WebDriverAgentRunner_iphoneos13.2-arm64.xctestrun” doesn’t exist." UserInfo={NSFilePath=/Users/faz/Library/Developer/Xcode/DerivedData/WebDriverAgent-aiaejbhejflmruhkhsmeebmhbaia/Build/Products/WebDriverAgentRunner_iphoneos13.2-arm64.xctestrun, NSUserStringVariant=Folder, NSUnderlyingError=0x7fcf39fe2270 {Error Domain=NSPOSIXErrorDomain Code=2 "No such file or directory"}}
** TEST BUILD FAILED **
2019-12-25 14:21:44.133 xcodebuild[4516:98353]  IDETestOperationsObserverDebug: Writing diagnostic log for test session to:
/Users/faz/Library/Developer/Xcode/DerivedData/WebDriverAgent-aiaejbhejflmruhkhsmeebmhbaia/Logs/Test/Test-WebDriverAgentRunner-2019.12.25_14-21-43-+0800.xcresult/Staging/2_Test/Diagnostics/WebDriverAgentRunner-36AA6A3E-E0CE-4DAF-9A5C-DB58FBDF1225/WebDriverAgentRunner-1C9E1ECC-3AE0-4C7C-B816-D11065163395/Session-WebDriverAgentRunner-2019-12-25_142144-EGOQqD.log
2019-12-25 14:21:44.136 xcodebuild[4516:98352] [MT] IDETestOperationsObserverDebug: (8EA15F36-BDFD-42E4-AA22-45E8DF2EE4EB) Beginning test session WebDriverAgentRunner-8EA15F36-BDFD-42E4-AA22-45E8DF2EE4EB at 2019-12-25 14:21:44.134 with Xcode 11C29 on target 📱<DVTiOSDevice (0x7fcf3a2aadf0), 烟雾弹, iPhone, 13.2.2 (17B102), e6d787265ef659f59b738dbf66bcbf75a4ec54a1> {
		deviceSerialNumber:         DNPQTPW4GRY7
		identifier:                 e6d787265ef659f59b738dbf66bcbf75a4ec54a1
		deviceClass:                iPhone
		deviceName:                 烟雾弹
		deviceIdentifier:           e6d787265ef659f59b738dbf66bcbf75a4ec54a1
		productVersion:             13.2.2
		buildVersion:               17B102
		deviceSoftwareVersion:      13.2.2 (17B102)
		deviceArchitecture:         arm64
		deviceTotalCapacity:        122728800256
		deviceAvailableCapacity:    97967312896
		deviceIsTransient:          NO
		ignored:                    NO
		deviceIsBusy:               NO
		deviceIsPaired:             YES
		deviceIsActivated:          YES
		deviceActivationState:      Activated
		isPasscodeLocked:           NO
		deviceType:                 <DVTDeviceType:0x7fcf39cc8a80 Xcode.DeviceType.iPhone>
		supportedDeviceFamilies:    (
    1
)
		applications:              (null)
		provisioningProfiles:      (null)
		hasInternalSupport:        NO
		hasWritableSystem:         NO
		isSupportedOS:             YES
		bootArgs:                  (null)
		nextBootArgs:              (null)
		connected:                 YES
		isWirelessEnabled:         NO
		connectionType:            direct
		hostname:                  yanwudan.local.
		bonjourServiceName:        1c:5c:f2:b1:d0:2e@fe80::1e5c:f2ff:feb1:d02e._apple-mobdev2._tcp.local.
		activeProxiedDevice:       (null)
		} (13.2.2 (17B102))
2019-12-25 14:21:44.305 xcodebuild[4516:98352] [MT] IDETestOperationsObserverDebug: (8EA15F36-BDFD-42E4-AA22-45E8DF2EE4EB) Finished requesting crash reports. Continuing with testing.
*** If you believe this error represents a bug, please attach the result bundle at /Users/faz/Library/Developer/Xcode/DerivedData/WebDriverAgent-aiaejbhejflmruhkhsmeebmhbaia/Logs/Test/Test-WebDriverAgentRunner-2019.12.25_14-21-43-+0800.xcresult
2019-12-25 14:21:44.323 xcodebuild[4516:98352] [MT] IDETestOperationsObserverDebug: 0.199 elapsed -- Testing started completed.
2019-12-25 14:21:44.323 xcodebuild[4516:98352] [MT] IDETestOperationsObserverDebug: 0.000 sec, +0.000 sec -- start
2019-12-25 14:21:44.323 xcodebuild[4516:98352] [MT] IDETestOperationsObserverDebug: 0.199 sec, +0.199 sec -- end
2019-12-25 14:21:44.325 xcodebuild[4516:98352] Error Domain=NSCocoaErrorDomain Code=260 "The file “WebDriverAgentRunner-Runner.app” couldn’t be opened because there is no such file." UserInfo={NSFilePath=/Users/faz/Library/Developer/Xcode/DerivedData/WebDriverAgent-aiaejbhejflmruhkhsmeebmhbaia/Build/Products/Debug-iphoneos/WebDriverAgentRunner-Runner.app, NSUnderlyingError=0x7fcf3a4e5280 {Error Domain=NSPOSIXErrorDomain Code=2 "No such file or directory"}}
Test session results, code coverage, and logs:
	/Users/faz/Library/Developer/Xcode/DerivedData/WebDriverAgent-aiaejbhejflmruhkhsmeebmhbaia/Logs/Test/Test-WebDriverAgentRunner-2019.12.25_14-21-43-+0800.xcresult
Testing started on '烟雾弹'
Testing failed:
	Signing for "WebDriverAgentRunner" requires a development team. Select a development team in the Signing & Capabilities editor.
	WebDriverAgentRunner:
		WebDriverAgentRunner-Runner.app encountered an error (Failed to install or launch the test runner. (Underlying error: The file “WebDriverAgentRunner-Runner.app” couldn’t be opened because there is no such file. The file doesn’t exist. (Underlying error: The operation couldn’t be completed. No such file or directory)))
** TEST EXECUTE FAILED **. Make sure you follow the tutorial at https://github.com/appium/appium-xcuitest-driver/blob/master/docs/real-device-config.md. Try to remove the WebDriverAgentRunner application from the device if it is installed and reboot the device.
    at getResponseForW3CError (/usr/local/lib/node_modules/appium/node_modules/appium-base-driver/lib/protocol/errors.js:804:9)
    at asyncHandler (/usr/local/lib/node_modules/appium/node_modules/appium-base-driver/lib/protocol/protocol.js:388:37)
Build info: version: '3.141.59', revision: 'e82be7d358', time: '2018-11-14T08:25:53'
System info: host: 'FazAiZhongdeMacBook-Pro.local', ip: '192.168.2.28', os.name: 'Mac OS X', os.arch: 'x86_64', os.version: '10.14.6', java.version: '1.8.0_181'
Driver info: driver.version: MobileDriverFactory$startMobileDriver
	at io.appium.java_client.remote.AppiumCommandExecutor$1.createSession(AppiumCommandExecutor.java:208)
	at io.appium.java_client.remote.AppiumCommandExecutor.createSession(AppiumCommandExecutor.java:217)
	at io.appium.java_client.remote.AppiumCommandExecutor.execute(AppiumCommandExecutor.java:239)
	at org.openqa.selenium.remote.RemoteWebDriver.execute(RemoteWebDriver.java:552)
	at io.appium.java_client.DefaultGenericMobileDriver.execute(DefaultGenericMobileDriver.java:42)
	at io.appium.java_client.AppiumDriver.execute(AppiumDriver.java:1)
	at io.appium.java_client.ios.IOSDriver.execute(IOSDriver.java:1)
	at org.openqa.selenium.remote.RemoteWebDriver.startSession(RemoteWebDriver.java:213)
	at org.openqa.selenium.remote.RemoteWebDriver.<init>(RemoteWebDriver.java:131)
	at io.appium.java_client.DefaultGenericMobileDriver.<init>(DefaultGenericMobileDriver.java:38)
	at io.appium.java_client.AppiumDriver.<init>(AppiumDriver.java:84)
	at io.appium.java_client.ios.IOSDriver.<init>(IOSDriver.java:85)
	at com.kms.katalon.core.appium.driver.AppiumDriverManager.createMobileDriver(AppiumDriverManager.java:495)
	at com.kms.katalon.core.appium.driver.AppiumDriverManager.createMobileDriver(AppiumDriverManager.java:479)
	at com.kms.katalon.core.mobile.keyword.internal.MobileDriverFactory.startMobileDriver(MobileDriverFactory.java:339)
	at com.kms.katalon.core.mobile.keyword.internal.MobileDriverFactory$startMobileDriver.call(Unknown Source)
	at com.kms.katalon.core.mobile.keyword.builtin.StartExistingApplicationKeyword$_startApplication_closure1.doCall(StartExistingApplicationKeyword.groovy:40)
	at com.kms.katalon.core.mobile.keyword.builtin.StartExistingApplicationKeyword$_startApplication_closure1.doCall(StartExistingApplicationKeyword.groovy)
	at com.kms.katalon.core.mobile.keyword.internal.MobileKeywordMain.runKeyword(MobileKeywordMain.groovy:21)
	at com.kms.katalon.core.mobile.keyword.internal.MobileKeywordMain$runKeyword.call(Unknown Source)
	at com.kms.katalon.core.mobile.keyword.builtin.StartExistingApplicationKeyword.startApplication(StartExistingApplicationKeyword.groovy:43)
	at com.kms.katalon.core.mobile.keyword.builtin.StartExistingApplicationKeyword.execute(StartExistingApplicationKeyword.groovy:34)
	at com.kms.katalon.core.keyword.internal.KeywordExecutor.executeKeywordForPlatform(KeywordExecutor.groovy:72)
	at com.kms.katalon.core.mobile.keyword.MobileBuiltInKeywords.startExistingApplication(MobileBuiltInKeywords.groovy:89)
	at com.kms.katalon.core.mobile.keyword.MobileBuiltInKeywords$startExistingApplication.call(Unknown Source)
	at choose_puning.run(choose_puning:17)
	at com.kms.katalon.core.main.ScriptEngine.run(ScriptEngine.java:194)
	at com.kms.katalon.core.main.ScriptEngine.runScriptAsRawText(ScriptEngine.java:119)
	at com.kms.katalon.core.main.TestCaseExecutor.runScript(TestCaseExecutor.java:337)
	at com.kms.katalon.core.main.TestCaseExecutor.doExecute(TestCaseExecutor.java:328)
	at com.kms.katalon.core.main.TestCaseExecutor.processExecutionPhase(TestCaseExecutor.java:307)
	at com.kms.katalon.core.main.TestCaseExecutor.accessMainPhase(TestCaseExecutor.java:299)
	at com.kms.katalon.core.main.TestCaseExecutor.execute(TestCaseExecutor.java:233)
	at com.kms.katalon.core.main.TestSuiteExecutor.accessTestCaseMainPhase(TestSuiteExecutor.java:169)
	at com.kms.katalon.core.main.TestSuiteExecutor.accessTestSuiteMainPhase(TestSuiteExecutor.java:142)
	at com.kms.katalon.core.main.TestSuiteExecutor.execute(TestSuiteExecutor.java:91)
	at com.kms.katalon.core.main.TestCaseMain.startTestSuite(TestCaseMain.java:157)
	at com.kms.katalon.core.main.TestCaseMain$startTestSuite$0.call(Unknown Source)
	at TempTestSuite1577254872853.run(TempTestSuite1577254872853.groovy:36)
Caused by: java.lang.reflect.InvocationTargetException
	at io.appium.java_client.remote.AppiumCommandExecutor$1.createSession(AppiumCommandExecutor.java:186)
	at io.appium.java_client.remote.AppiumCommandExecutor.createSession(AppiumCommandExecutor.java:217)
	at io.appium.java_client.remote.AppiumCommandExecutor.execute(AppiumCommandExecutor.java:239)
	at org.openqa.selenium.remote.RemoteWebDriver.execute(RemoteWebDriver.java:552)
	at io.appium.java_client.DefaultGenericMobileDriver.execute(DefaultGenericMobileDriver.java:42)
	at io.appium.java_client.AppiumDriver.execute(AppiumDriver.java:1)
	at io.appium.java_client.ios.IOSDriver.execute(IOSDriver.java:1)
	at org.openqa.selenium.remote.RemoteWebDriver.startSession(RemoteWebDriver.java:213)
	at org.openqa.selenium.remote.RemoteWebDriver.<init>(RemoteWebDriver.java:131)
	at io.appium.java_client.DefaultGenericMobileDriver.<init>(DefaultGenericMobileDriver.java:38)
	at io.appium.java_client.AppiumDriver.<init>(AppiumDriver.java:84)
	at io.appium.java_client.ios.IOSDriver.<init>(IOSDriver.java:85)
	at com.kms.katalon.core.appium.driver.AppiumDriverManager.createMobileDriver(AppiumDriverManager.java:495)
	at com.kms.katalon.core.appium.driver.AppiumDriverManager.createMobileDriver(AppiumDriverManager.java:479)
	at com.kms.katalon.core.mobile.keyword.internal.MobileDriverFactory.startMobileDriver(MobileDriverFactory.java:339)
	at com.kms.katalon.core.mobile.keyword.internal.MobileDriverFactory$startMobileDriver.call(Unknown Source)
	at com.kms.katalon.core.mobile.keyword.builtin.StartExistingApplicationKeyword$_startApplication_closure1.doCall(StartExistingApplicationKeyword.groovy:40)
	at com.kms.katalon.core.mobile.keyword.builtin.StartExistingApplicationKeyword$_startApplication_closure1.doCall(StartExistingApplicationKeyword.groovy)
	at com.kms.katalon.core.mobile.keyword.internal.MobileKeywordMain.runKeyword(MobileKeywordMain.groovy:21)
	at com.kms.katalon.core.mobile.keyword.internal.MobileKeywordMain$runKeyword.call(Unknown Source)
	at com.kms.katalon.core.mobile.keyword.builtin.StartExistingApplicationKeyword.startApplication(StartExistingApplicationKeyword.groovy:43)
	at com.kms.katalon.core.mobile.keyword.builtin.StartExistingApplicationKeyword.execute(StartExistingApplicationKeyword.groovy:34)
	at com.kms.katalon.core.keyword.internal.KeywordExecutor.executeKeywordForPlatform(KeywordExecutor.groovy:72)
	at com.kms.katalon.core.mobile.keyword.MobileBuiltInKeywords.startExistingApplication(MobileBuiltInKeywords.groovy:89)
	at com.kms.katalon.core.mobile.keyword.MobileBuiltInKeywords$startExistingApplication.call(Unknown Source)
	at Script1575874101227.run(Script1575874101227.groovy:17)
	... 13 more
Caused by: org.openqa.selenium.WebDriverException: An unknown server-side error occurred while processing the command. Original error: Unable to launch WebDriverAgent because of xcodebuild failure: xcodebuild failed with code 65
xcodebuild error message:

2019-12-25 14:21:44.109 xcodebuild[4516:98354] Error writing xctestrun file: Error Domain=NSCocoaErrorDomain Code=4 "The folder “WebDriverAgentRunner_iphoneos13.2-arm64.xctestrun” doesn’t exist." UserInfo={NSFilePath=/Users/faz/Library/Developer/Xcode/DerivedData/WebDriverAgent-aiaejbhejflmruhkhsmeebmhbaia/Build/Products/WebDriverAgentRunner_iphoneos13.2-arm64.xctestrun, NSUserStringVariant=Folder, NSUnderlyingError=0x7fcf39fe2270 {Error Domain=NSPOSIXErrorDomain Code=2 "No such file or directory"}}
** TEST BUILD FAILED **
2019-12-25 14:21:44.133 xcodebuild[4516:98353]  IDETestOperationsObserverDebug: Writing diagnostic log for test session to:
/Users/faz/Library/Developer/Xcode/DerivedData/WebDriverAgent-aiaejbhejflmruhkhsmeebmhbaia/Logs/Test/Test-WebDriverAgentRunner-2019.12.25_14-21-43-+0800.xcresult/Staging/2_Test/Diagnostics/WebDriverAgentRunner-36AA6A3E-E0CE-4DAF-9A5C-DB58FBDF1225/WebDriverAgentRunner-1C9E1ECC-3AE0-4C7C-B816-D11065163395/Session-WebDriverAgentRunner-2019-12-25_142144-EGOQqD.log
2019-12-25 14:21:44.136 xcodebuild[4516:98352] [MT] IDETestOperationsObserverDebug: (8EA15F36-BDFD-42E4-AA22-45E8DF2EE4EB) Beginning test session WebDriverAgentRunner-8EA15F36-BDFD-42E4-AA22-45E8DF2EE4EB at 2019-12-25 14:21:44.134 with Xcode 11C29 on target 📱<DVTiOSDevice (0x7fcf3a2aadf0), 烟雾弹, iPhone, 13.2.2 (17B102), e6d787265ef659f59b738dbf66bcbf75a4ec54a1> {
		deviceSerialNumber:         DNPQTPW4GRY7
		identifier:                 e6d787265ef659f59b738dbf66bcbf75a4ec54a1
		deviceClass:                iPhone
		deviceName:                 烟雾弹
		deviceIdentifier:           e6d787265ef659f59b738dbf66bcbf75a4ec54a1
		productVersion:             13.2.2
		buildVersion:               17B102
		deviceSoftwareVersion:      13.2.2 (17B102)
		deviceArchitecture:         arm64
		deviceTotalCapacity:        122728800256
		deviceAvailableCapacity:    97967312896
		deviceIsTransient:          NO
		ignored:                    NO
		deviceIsBusy:               NO
		deviceIsPaired:             YES
		deviceIsActivated:          YES
		deviceActivationState:      Activated
		isPasscodeLocked:           NO
		deviceType:                 <DVTDeviceType:0x7fcf39cc8a80 Xcode.DeviceType.iPhone>
		supportedDeviceFamilies:    (
    1
)
		applications:              (null)
		provisioningProfiles:      (null)
		hasInternalSupport:        NO
		hasWritableSystem:         NO
		isSupportedOS:             YES
		bootArgs:                  (null)
		nextBootArgs:              (null)
		connected:                 YES
		isWirelessEnabled:         NO
		connectionType:            direct
		hostname:                  yanwudan.local.
		bonjourServiceName:        1c:5c:f2:b1:d0:2e@fe80::1e5c:f2ff:feb1:d02e._apple-mobdev2._tcp.local.
		activeProxiedDevice:       (null)
		} (13.2.2 (17B102))
2019-12-25 14:21:44.305 xcodebuild[4516:98352] [MT] IDETestOperationsObserverDebug: (8EA15F36-BDFD-42E4-AA22-45E8DF2EE4EB) Finished requesting crash reports. Continuing with testing.
*** If you believe this error represents a bug, please attach the result bundle at /Users/faz/Library/Developer/Xcode/DerivedData/WebDriverAgent-aiaejbhejflmruhkhsmeebmhbaia/Logs/Test/Test-WebDriverAgentRunner-2019.12.25_14-21-43-+0800.xcresult
2019-12-25 14:21:44.323 xcodebuild[4516:98352] [MT] IDETestOperationsObserverDebug: 0.199 elapsed -- Testing started completed.
2019-12-25 14:21:44.323 xcodebuild[4516:98352] [MT] IDETestOperationsObserverDebug: 0.000 sec, +0.000 sec -- start
2019-12-25 14:21:44.323 xcodebuild[4516:98352] [MT] IDETestOperationsObserverDebug: 0.199 sec, +0.199 sec -- end
2019-12-25 14:21:44.325 xcodebuild[4516:98352] Error Domain=NSCocoaErrorDomain Code=260 "The file “WebDriverAgentRunner-Runner.app” couldn’t be opened because there is no such file." UserInfo={NSFilePath=/Users/faz/Library/Developer/Xcode/DerivedData/WebDriverAgent-aiaejbhejflmruhkhsmeebmhbaia/Build/Products/Debug-iphoneos/WebDriverAgentRunner-Runner.app, NSUnderlyingError=0x7fcf3a4e5280 {Error Domain=NSPOSIXErrorDomain Code=2 "No such file or directory"}}
Test session results, code coverage, and logs:
	/Users/faz/Library/Developer/Xcode/DerivedData/WebDriverAgent-aiaejbhejflmruhkhsmeebmhbaia/Logs/Test/Test-WebDriverAgentRunner-2019.12.25_14-21-43-+0800.xcresult
Testing started on '烟雾弹'
Testing failed:
	Signing for "WebDriverAgentRunner" requires a development team. Select a development team in the Signing & Capabilities editor.
	WebDriverAgentRunner:
		WebDriverAgentRunner-Runner.app encountered an error (Failed to install or launch the test runner. (Underlying error: The file “WebDriverAgentRunner-Runner.app” couldn’t be opened because there is no such file. The file doesn’t exist. (Underlying error: The operation couldn’t be completed. No such file or directory)))
** TEST EXECUTE FAILED **. Make sure you follow the tutorial at https://github.com/appium/appium-xcuitest-driver/blob/master/docs/real-device-config.md. Try to remove the WebDriverAgentRunner application from the device if it is installed and reboot the device.
Build info: version: '3.141.59', revision: 'e82be7d358', time: '2018-11-14T08:25:53'
System info: host: 'FazAiZhongdeMacBook-Pro.local', ip: '192.168.2.28', os.name: 'Mac OS X', os.arch: 'x86_64', os.version: '10.14.6', java.version: '1.8.0_181'
Driver info: driver.version: MobileDriverFactory$startMobileDriver
remote stacktrace: UnknownError: An unknown server-side error occurred while processing the command. Original error: Unable to launch WebDriverAgent because of xcodebuild failure: xcodebuild failed with code 65
xcodebuild error message:

2019-12-25 14:21:44.109 xcodebuild[4516:98354] Error writing xctestrun file: Error Domain=NSCocoaErrorDomain Code=4 "The folder “WebDriverAgentRunner_iphoneos13.2-arm64.xctestrun” doesn’t exist." UserInfo={NSFilePath=/Users/faz/Library/Developer/Xcode/DerivedData/WebDriverAgent-aiaejbhejflmruhkhsmeebmhbaia/Build/Products/WebDriverAgentRunner_iphoneos13.2-arm64.xctestrun, NSUserStringVariant=Folder, NSUnderlyingError=0x7fcf39fe2270 {Error Domain=NSPOSIXErrorDomain Code=2 "No such file or directory"}}
** TEST BUILD FAILED **
2019-12-25 14:21:44.133 xcodebuild[4516:98353]  IDETestOperationsObserverDebug: Writing diagnostic log for test session to:
/Users/faz/Library/Developer/Xcode/DerivedData/WebDriverAgent-aiaejbhejflmruhkhsmeebmhbaia/Logs/Test/Test-WebDriverAgentRunner-2019.12.25_14-21-43-+0800.xcresult/Staging/2_Test/Diagnostics/WebDriverAgentRunner-36AA6A3E-E0CE-4DAF-9A5C-DB58FBDF1225/WebDriverAgentRunner-1C9E1ECC-3AE0-4C7C-B816-D11065163395/Session-WebDriverAgentRunner-2019-12-25_142144-EGOQqD.log
2019-12-25 14:21:44.136 xcodebuild[4516:98352] [MT] IDETestOperationsObserverDebug: (8EA15F36-BDFD-42E4-AA22-45E8DF2EE4EB) Beginning test session WebDriverAgentRunner-8EA15F36-BDFD-42E4-AA22-45E8DF2EE4EB at 2019-12-25 14:21:44.134 with Xcode 11C29 on target 📱<DVTiOSDevice (0x7fcf3a2aadf0), 烟雾弹, iPhone, 13.2.2 (17B102), e6d787265ef659f59b738dbf66bcbf75a4ec54a1> {
		deviceSerialNumber:         DNPQTPW4GRY7
		identifier:                 e6d787265ef659f59b738dbf66bcbf75a4ec54a1
		deviceClass:                iPhone
		deviceName:                 烟雾弹
		deviceIdentifier:           e6d787265ef659f59b738dbf66bcbf75a4ec54a1
		productVersion:             13.2.2
		buildVersion:               17B102
		deviceSoftwareVersion:      13.2.2 (17B102)
		deviceArchitecture:         arm64
		deviceTotalCapacity:        122728800256
		deviceAvailableCapacity:    97967312896
		deviceIsTransient:          NO
		ignored:                    NO
		deviceIsBusy:               NO
		deviceIsPaired:             YES
		deviceIsActivated:          YES
		deviceActivationState:      Activated
		isPasscodeLocked:           NO
		deviceType:                 <DVTDeviceType:0x7fcf39cc8a80 Xcode.DeviceType.iPhone>
		supportedDeviceFamilies:    (
    1
)
		applications:              (null)
		provisioningProfiles:      (null)
		hasInternalSupport:        NO
		hasWritableSystem:         NO
		isSupportedOS:             YES
		bootArgs:                  (null)
		nextBootArgs:              (null)
		connected:                 YES
		isWirelessEnabled:         NO
		connectionType:            direct
		hostname:                  yanwudan.local.
		bonjourServiceName:        1c:5c:f2:b1:d0:2e@fe80::1e5c:f2ff:feb1:d02e._apple-mobdev2._tcp.local.
		activeProxiedDevice:       (null)
		} (13.2.2 (17B102))
2019-12-25 14:21:44.305 xcodebuild[4516:98352] [MT] IDETestOperationsObserverDebug: (8EA15F36-BDFD-42E4-AA22-45E8DF2EE4EB) Finished requesting crash reports. Continuing with testing.
*** If you believe this error represents a bug, please attach the result bundle at /Users/faz/Library/Developer/Xcode/DerivedData/WebDriverAgent-aiaejbhejflmruhkhsmeebmhbaia/Logs/Test/Test-WebDriverAgentRunner-2019.12.25_14-21-43-+0800.xcresult
2019-12-25 14:21:44.323 xcodebuild[4516:98352] [MT] IDETestOperationsObserverDebug: 0.199 elapsed -- Testing started completed.
2019-12-25 14:21:44.323 xcodebuild[4516:98352] [MT] IDETestOperationsObserverDebug: 0.000 sec, +0.000 sec -- start
2019-12-25 14:21:44.323 xcodebuild[4516:98352] [MT] IDETestOperationsObserverDebug: 0.199 sec, +0.199 sec -- end
2019-12-25 14:21:44.325 xcodebuild[4516:98352] Error Domain=NSCocoaErrorDomain Code=260 "The file “WebDriverAgentRunner-Runner.app” couldn’t be opened because there is no such file." UserInfo={NSFilePath=/Users/faz/Library/Developer/Xcode/DerivedData/WebDriverAgent-aiaejbhejflmruhkhsmeebmhbaia/Build/Products/Debug-iphoneos/WebDriverAgentRunner-Runner.app, NSUnderlyingError=0x7fcf3a4e5280 {Error Domain=NSPOSIXErrorDomain Code=2 "No such file or directory"}}
Test session results, code coverage, and logs:
	/Users/faz/Library/Developer/Xcode/DerivedData/WebDriverAgent-aiaejbhejflmruhkhsmeebmhbaia/Logs/Test/Test-WebDriverAgentRunner-2019.12.25_14-21-43-+0800.xcresult
Testing started on '烟雾弹'
Testing failed:
	Signing for "WebDriverAgentRunner" requires a development team. Select a development team in the Signing & Capabilities editor.
	WebDriverAgentRunner:
		WebDriverAgentRunner-Runner.app encountered an error (Failed to install or launch the test runner. (Underlying error: The file “WebDriverAgentRunner-Runner.app” couldn’t be opened because there is no such file. The file doesn’t exist. (Underlying error: The operation couldn’t be completed. No such file or directory)))
** TEST EXECUTE FAILED **. Make sure you follow the tutorial at https://github.com/appium/appium-xcuitest-driver/blob/master/docs/real-device-config.md. Try to remove the WebDriverAgentRunner application from the device if it is installed and reboot the device.
    at getResponseForW3CError (/usr/local/lib/node_modules/appium/node_modules/appium-base-driver/lib/protocol/errors.js:804:9)
    at asyncHandler (/usr/local/lib/node_modules/appium/node_modules/appium-base-driver/lib/protocol/protocol.js:388:37)
	at org.openqa.selenium.remote.W3CHandshakeResponse.lambda$errorHandler$0(W3CHandshakeResponse.java:62)
	at org.openqa.selenium.remote.HandshakeResponse.lambda$getResponseFunction$0(HandshakeResponse.java:30)
	at org.openqa.selenium.remote.ProtocolHandshake.lambda$createSession$0(ProtocolHandshake.java:126)
	at org.openqa.selenium.remote.ProtocolHandshake.createSession(ProtocolHandshake.java:128)
	... 39 more
)
	at com.kms.katalon.core.keyword.internal.KeywordMain.stepFailed(KeywordMain.groovy:50)
	at com.kms.katalon.core.mobile.keyword.internal.MobileKeywordMain.stepFailed(MobileKeywordMain.groovy:40)
	at com.kms.katalon.core.mobile.keyword.internal.MobileKeywordMain.runKeyword(MobileKeywordMain.groovy:23)
	at com.kms.katalon.core.mobile.keyword.internal.MobileKeywordMain$runKeyword.call(Unknown Source)
	at com.kms.katalon.core.mobile.keyword.builtin.StartExistingApplicationKeyword.startApplication(StartExistingApplicationKeyword.groovy:43)
	at com.kms.katalon.core.mobile.keyword.builtin.StartExistingApplicationKeyword.execute(StartExistingApplicationKeyword.groovy:34)
	at com.kms.katalon.core.keyword.internal.KeywordExecutor.executeKeywordForPlatform(KeywordExecutor.groovy:72)
	at com.kms.katalon.core.mobile.keyword.MobileBuiltInKeywords.startExistingApplication(MobileBuiltInKeywords.groovy:89)
	at com.kms.katalon.core.mobile.keyword.MobileBuiltInKeywords$startExistingApplication.call(Unknown Source)
	at choose_puning.run(choose_puning:17)
	at com.kms.katalon.core.main.ScriptEngine.run(ScriptEngine.java:194)
	at com.kms.katalon.core.main.ScriptEngine.runScriptAsRawText(ScriptEngine.java:119)
	at com.kms.katalon.core.main.TestCaseExecutor.runScript(TestCaseExecutor.java:337)
	at com.kms.katalon.core.main.TestCaseExecutor.doExecute(TestCaseExecutor.java:328)
	at com.kms.katalon.core.main.TestCaseExecutor.processExecutionPhase(TestCaseExecutor.java:307)
	at com.kms.katalon.core.main.TestCaseExecutor.accessMainPhase(TestCaseExecutor.java:299)
	at com.kms.katalon.core.main.TestCaseExecutor.execute(TestCaseExecutor.java:233)
	at com.kms.katalon.core.main.TestSuiteExecutor.accessTestCaseMainPhase(TestSuiteExecutor.java:169)
	at com.kms.katalon.core.main.TestSuiteExecutor.accessTestSuiteMainPhase(TestSuiteExecutor.java:142)
	at com.kms.katalon.core.main.TestSuiteExecutor.execute(TestSuiteExecutor.java:91)
	at com.kms.katalon.core.main.TestCaseMain.startTestSuite(TestCaseMain.java:157)
	at com.kms.katalon.core.main.TestCaseMain$startTestSuite$0.call(Unknown Source)
	at TempTestSuite1577254872853.run(TempTestSuite1577254872853.groovy:36)
Caused by: org.openqa.selenium.SessionNotCreatedException: Unable to create a new remote session. Please check the server log for more details. Original error: An unknown server-side error occurred while processing the command. Original error: Unable to launch WebDriverAgent because of xcodebuild failure: xcodebuild failed with code 65
xcodebuild error message:

2019-12-25 14:21:44.109 xcodebuild[4516:98354] Error writing xctestrun file: Error Domain=NSCocoaErrorDomain Code=4 "The folder “WebDriverAgentRunner_iphoneos13.2-arm64.xctestrun” doesn’t exist." UserInfo={NSFilePath=/Users/faz/Library/Developer/Xcode/DerivedData/WebDriverAgent-aiaejbhejflmruhkhsmeebmhbaia/Build/Products/WebDriverAgentRunner_iphoneos13.2-arm64.xctestrun, NSUserStringVariant=Folder, NSUnderlyingError=0x7fcf39fe2270 {Error Domain=NSPOSIXErrorDomain Code=2 "No such file or directory"}}
** TEST BUILD FAILED **
2019-12-25 14:21:44.133 xcodebuild[4516:98353]  IDETestOperationsObserverDebug: Writing diagnostic log for test session to:
/Users/faz/Library/Developer/Xcode/DerivedData/WebDriverAgent-aiaejbhejflmruhkhsmeebmhbaia/Logs/Test/Test-WebDriverAgentRunner-2019.12.25_14-21-43-+0800.xcresult/Staging/2_Test/Diagnostics/WebDriverAgentRunner-36AA6A3E-E0CE-4DAF-9A5C-DB58FBDF1225/WebDriverAgentRunner-1C9E1ECC-3AE0-4C7C-B816-D11065163395/Session-WebDriverAgentRunner-2019-12-25_142144-EGOQqD.log
2019-12-25 14:21:44.136 xcodebuild[4516:98352] [MT] IDETestOperationsObserverDebug: (8EA15F36-BDFD-42E4-AA22-45E8DF2EE4EB) Beginning test session WebDriverAgentRunner-8EA15F36-BDFD-42E4-AA22-45E8DF2EE4EB at 2019-12-25 14:21:44.134 with Xcode 11C29 on target 📱<DVTiOSDevice (0x7fcf3a2aadf0), 烟雾弹, iPhone, 13.2.2 (17B102), e6d787265ef659f59b738dbf66bcbf75a4ec54a1> {
		deviceSerialNumber:         DNPQTPW4GRY7
		identifier:                 e6d787265ef659f59b738dbf66bcbf75a4ec54a1
		deviceClass:                iPhone
		deviceName:                 烟雾弹
		deviceIdentifier:           e6d787265ef659f59b738dbf66bcbf75a4ec54a1
		productVersion:             13.2.2
		buildVersion:               17B102
		deviceSoftwareVersion:      13.2.2 (17B102)
		deviceArchitecture:         arm64
		deviceTotalCapacity:        122728800256
		deviceAvailableCapacity:    97967312896
		deviceIsTransient:          NO
		ignored:                    NO
		deviceIsBusy:               NO
		deviceIsPaired:             YES
		deviceIsActivated:          YES
		deviceActivationState:      Activated
		isPasscodeLocked:           NO
		deviceType:                 <DVTDeviceType:0x7fcf39cc8a80 Xcode.DeviceType.iPhone>
		supportedDeviceFamilies:    (
    1
)
		applications:              (null)
		provisioningProfiles:      (null)
		hasInternalSupport:        NO
		hasWritableSystem:         NO
		isSupportedOS:             YES
		bootArgs:                  (null)
		nextBootArgs:              (null)
		connected:                 YES
		isWirelessEnabled:         NO
		connectionType:            direct
		hostname:                  yanwudan.local.
		bonjourServiceName:        1c:5c:f2:b1:d0:2e@fe80::1e5c:f2ff:feb1:d02e._apple-mobdev2._tcp.local.
		activeProxiedDevice:       (null)
		} (13.2.2 (17B102))
2019-12-25 14:21:44.305 xcodebuild[4516:98352] [MT] IDETestOperationsObserverDebug: (8EA15F36-BDFD-42E4-AA22-45E8DF2EE4EB) Finished requesting crash reports. Continuing with testing.
*** If you believe this error represents a bug, please attach the result bundle at /Users/faz/Library/Developer/Xcode/DerivedData/WebDriverAgent-aiaejbhejflmruhkhsmeebmhbaia/Logs/Test/Test-WebDriverAgentRunner-2019.12.25_14-21-43-+0800.xcresult
2019-12-25 14:21:44.323 xcodebuild[4516:98352] [MT] IDETestOperationsObserverDebug: 0.199 elapsed -- Testing started completed.
2019-12-25 14:21:44.323 xcodebuild[4516:98352] [MT] IDETestOperationsObserverDebug: 0.000 sec, +0.000 sec -- start
2019-12-25 14:21:44.323 xcodebuild[4516:98352] [MT] IDETestOperationsObserverDebug: 0.199 sec, +0.199 sec -- end
2019-12-25 14:21:44.325 xcodebuild[4516:98352] Error Domain=NSCocoaErrorDomain Code=260 "The file “WebDriverAgentRunner-Runner.app” couldn’t be opened because there is no such file." UserInfo={NSFilePath=/Users/faz/Library/Developer/Xcode/DerivedData/WebDriverAgent-aiaejbhejflmruhkhsmeebmhbaia/Build/Products/Debug-iphoneos/WebDriverAgentRunner-Runner.app, NSUnderlyingError=0x7fcf3a4e5280 {Error Domain=NSPOSIXErrorDomain Code=2 "No such file or directory"}}
Test session results, code coverage, and logs:
	/Users/faz/Library/Developer/Xcode/DerivedData/WebDriverAgent-aiaejbhejflmruhkhsmeebmhbaia/Logs/Test/Test-WebDriverAgentRunner-2019.12.25_14-21-43-+0800.xcresult
Testing started on '烟雾弹'
Testing failed:
	Signing for "WebDriverAgentRunner" requires a development team. Select a development team in the Signing & Capabilities editor.
	WebDriverAgentRunner:
		WebDriverAgentRunner-Runner.app encountered an error (Failed to install or launch the test runner. (Underlying error: The file “WebDriverAgentRunner-Runner.app” couldn’t be opened because there is no such file. The file doesn’t exist. (Underlying error: The operation couldn’t be completed. No such file or directory)))
** TEST EXECUTE FAILED **. Make sure you follow the tutorial at https://github.com/appium/appium-xcuitest-driver/blob/master/docs/real-device-config.md. Try to remove the WebDriverAgentRunner application from the device if it is installed and reboot the device.
Build info: version: '3.141.59', revision: 'e82be7d358', time: '2018-11-14T08:25:53'
System info: host: 'FazAiZhongdeMacBook-Pro.local', ip: '192.168.2.28', os.name: 'Mac OS X', os.arch: 'x86_64', os.version: '10.14.6', java.version: '1.8.0_181'
Driver info: driver.version: MobileDriverFactory$startMobileDriver
remote stacktrace: UnknownError: An unknown server-side error occurred while processing the command. Original error: Unable to launch WebDriverAgent because of xcodebuild failure: xcodebuild failed with code 65
xcodebuild error message:

2019-12-25 14:21:44.109 xcodebuild[4516:98354] Error writing xctestrun file: Error Domain=NSCocoaErrorDomain Code=4 "The folder “WebDriverAgentRunner_iphoneos13.2-arm64.xctestrun” doesn’t exist." UserInfo={NSFilePath=/Users/faz/Library/Developer/Xcode/DerivedData/WebDriverAgent-aiaejbhejflmruhkhsmeebmhbaia/Build/Products/WebDriverAgentRunner_iphoneos13.2-arm64.xctestrun, NSUserStringVariant=Folder, NSUnderlyingError=0x7fcf39fe2270 {Error Domain=NSPOSIXErrorDomain Code=2 "No such file or directory"}}
** TEST BUILD FAILED **
2019-12-25 14:21:44.133 xcodebuild[4516:98353]  IDETestOperationsObserverDebug: Writing diagnostic log for test session to:
/Users/faz/Library/Developer/Xcode/DerivedData/WebDriverAgent-aiaejbhejflmruhkhsmeebmhbaia/Logs/Test/Test-WebDriverAgentRunner-2019.12.25_14-21-43-+0800.xcresult/Staging/2_Test/Diagnostics/WebDriverAgentRunner-36AA6A3E-E0CE-4DAF-9A5C-DB58FBDF1225/WebDriverAgentRunner-1C9E1ECC-3AE0-4C7C-B816-D11065163395/Session-WebDriverAgentRunner-2019-12-25_142144-EGOQqD.log
2019-12-25 14:21:44.136 xcodebuild[4516:98352] [MT] IDETestOperationsObserverDebug: (8EA15F36-BDFD-42E4-AA22-45E8DF2EE4EB) Beginning test session WebDriverAgentRunner-8EA15F36-BDFD-42E4-AA22-45E8DF2EE4EB at 2019-12-25 14:21:44.134 with Xcode 11C29 on target 📱<DVTiOSDevice (0x7fcf3a2aadf0), 烟雾弹, iPhone, 13.2.2 (17B102), e6d787265ef659f59b738dbf66bcbf75a4ec54a1> {
		deviceSerialNumber:         DNPQTPW4GRY7
		identifier:                 e6d787265ef659f59b738dbf66bcbf75a4ec54a1
		deviceClass:                iPhone
		deviceName:                 烟雾弹
		deviceIdentifier:           e6d787265ef659f59b738dbf66bcbf75a4ec54a1
		productVersion:             13.2.2
		buildVersion:               17B102
		deviceSoftwareVersion:      13.2.2 (17B102)
		deviceArchitecture:         arm64
		deviceTotalCapacity:        122728800256
		deviceAvailableCapacity:    97967312896
		deviceIsTransient:          NO
		ignored:                    NO
		deviceIsBusy:               NO
		deviceIsPaired:             YES
		deviceIsActivated:          YES
		deviceActivationState:      Activated
		isPasscodeLocked:           NO
		deviceType:                 <DVTDeviceType:0x7fcf39cc8a80 Xcode.DeviceType.iPhone>
		supportedDeviceFamilies:    (
    1
)
		applications:              (null)
		provisioningProfiles:      (null)
		hasInternalSupport:        NO
		hasWritableSystem:         NO
		isSupportedOS:             YES
		bootArgs:                  (null)
		nextBootArgs:              (null)
		connected:                 YES
		isWirelessEnabled:         NO
		connectionType:            direct
		hostname:                  yanwudan.local.
		bonjourServiceName:        1c:5c:f2:b1:d0:2e@fe80::1e5c:f2ff:feb1:d02e._apple-mobdev2._tcp.local.
		activeProxiedDevice:       (null)
		} (13.2.2 (17B102))
2019-12-25 14:21:44.305 xcodebuild[4516:98352] [MT] IDETestOperationsObserverDebug: (8EA15F36-BDFD-42E4-AA22-45E8DF2EE4EB) Finished requesting crash reports. Continuing with testing.
*** If you believe this error represents a bug, please attach the result bundle at /Users/faz/Library/Developer/Xcode/DerivedData/WebDriverAgent-aiaejbhejflmruhkhsmeebmhbaia/Logs/Test/Test-WebDriverAgentRunner-2019.12.25_14-21-43-+0800.xcresult
2019-12-25 14:21:44.323 xcodebuild[4516:98352] [MT] IDETestOperationsObserverDebug: 0.199 elapsed -- Testing started completed.
2019-12-25 14:21:44.323 xcodebuild[4516:98352] [MT] IDETestOperationsObserverDebug: 0.000 sec, +0.000 sec -- start
2019-12-25 14:21:44.323 xcodebuild[4516:98352] [MT] IDETestOperationsObserverDebug: 0.199 sec, +0.199 sec -- end
2019-12-25 14:21:44.325 xcodebuild[4516:98352] Error Domain=NSCocoaErrorDomain Code=260 "The file “WebDriverAgentRunner-Runner.app” couldn’t be opened because there is no such file." UserInfo={NSFilePath=/Users/faz/Library/Developer/Xcode/DerivedData/WebDriverAgent-aiaejbhejflmruhkhsmeebmhbaia/Build/Products/Debug-iphoneos/WebDriverAgentRunner-Runner.app, NSUnderlyingError=0x7fcf3a4e5280 {Error Domain=NSPOSIXErrorDomain Code=2 "No such file or directory"}}
Test session results, code coverage, and logs:
	/Users/faz/Library/Developer/Xcode/DerivedData/WebDriverAgent-aiaejbhejflmruhkhsmeebmhbaia/Logs/Test/Test-WebDriverAgentRunner-2019.12.25_14-21-43-+0800.xcresult
Testing started on '烟雾弹'
Testing failed:
	Signing for "WebDriverAgentRunner" requires a development team. Select a development team in the Signing & Capabilities editor.
	WebDriverAgentRunner:
		WebDriverAgentRunner-Runner.app encountered an error (Failed to install or launch the test runner. (Underlying error: The file “WebDriverAgentRunner-Runner.app” couldn’t be opened because there is no such file. The file doesn’t exist. (Underlying error: The operation couldn’t be completed. No such file or directory)))
** TEST EXECUTE FAILED **. Make sure you follow the tutorial at https://github.com/appium/appium-xcuitest-driver/blob/master/docs/real-device-config.md. Try to remove the WebDriverAgentRunner application from the device if it is installed and reboot the device.
    at getResponseForW3CError (/usr/local/lib/node_modules/appium/node_modules/appium-base-driver/lib/protocol/errors.js:804:9)
    at asyncHandler (/usr/local/lib/node_modules/appium/node_modules/appium-base-driver/lib/protocol/protocol.js:388:37)
Build info: version: '3.141.59', revision: 'e82be7d358', time: '2018-11-14T08:25:53'
System info: host: 'FazAiZhongdeMacBook-Pro.local', ip: '192.168.2.28', os.name: 'Mac OS X', os.arch: 'x86_64', os.version: '10.14.6', java.version: '1.8.0_181'
Driver info: driver.version: MobileDriverFactory$startMobileDriver
	at io.appium.java_client.remote.AppiumCommandExecutor$1.createSession(AppiumCommandExecutor.java:208)
	at io.appium.java_client.remote.AppiumCommandExecutor.createSession(AppiumCommandExecutor.java:217)
	at io.appium.java_client.remote.AppiumCommandExecutor.execute(AppiumCommandExecutor.java:239)
	at org.openqa.selenium.remote.RemoteWebDriver.execute(RemoteWebDriver.java:552)
	at io.appium.java_client.DefaultGenericMobileDriver.execute(DefaultGenericMobileDriver.java:42)
	at io.appium.java_client.AppiumDriver.execute(AppiumDriver.java:1)
	at io.appium.java_client.ios.IOSDriver.execute(IOSDriver.java:1)
	at org.openqa.selenium.remote.RemoteWebDriver.startSession(RemoteWebDriver.java:213)
	at org.openqa.selenium.remote.RemoteWebDriver.<init>(RemoteWebDriver.java:131)
	at io.appium.java_client.DefaultGenericMobileDriver.<init>(DefaultGenericMobileDriver.java:38)
	at io.appium.java_client.AppiumDriver.<init>(AppiumDriver.java:84)
	at io.appium.java_client.ios.IOSDriver.<init>(IOSDriver.java:85)
	at com.kms.katalon.core.appium.driver.AppiumDriverManager.createMobileDriver(AppiumDriverManager.java:495)
	at com.kms.katalon.core.appium.driver.AppiumDriverManager.createMobileDriver(AppiumDriverManager.java:479)
	at com.kms.katalon.core.mobile.keyword.internal.MobileDriverFactory.startMobileDriver(MobileDriverFactory.java:339)
	at com.kms.katalon.core.mobile.keyword.internal.MobileDriverFactory$startMobileDriver.call(Unknown Source)
	at com.kms.katalon.core.mobile.keyword.builtin.StartExistingApplicationKeyword$_startApplication_closure1.doCall(StartExistingApplicationKeyword.groovy:40)
	at com.kms.katalon.core.mobile.keyword.builtin.StartExistingApplicationKeyword$_startApplication_closure1.doCall(StartExistingApplicationKeyword.groovy)
	at com.kms.katalon.core.mobile.keyword.internal.MobileKeywordMain.runKeyword(MobileKeywordMain.groovy:21)
	... 20 more
Caused by: java.lang.reflect.InvocationTargetException
	at io.appium.java_client.remote.AppiumCommandExecutor$1.createSession(AppiumCommandExecutor.java:186)
	at io.appium.java_client.remote.AppiumCommandExecutor.createSession(AppiumCommandExecutor.java:217)
	at io.appium.java_client.remote.AppiumCommandExecutor.execute(AppiumCommandExecutor.java:239)
	at org.openqa.selenium.remote.RemoteWebDriver.execute(RemoteWebDriver.java:552)
	at io.appium.java_client.DefaultGenericMobileDriver.execute(DefaultGenericMobileDriver.java:42)
	at io.appium.java_client.AppiumDriver.execute(AppiumDriver.java:1)
	at io.appium.java_client.ios.IOSDriver.execute(IOSDriver.java:1)
	at org.openqa.selenium.remote.RemoteWebDriver.startSession(RemoteWebDriver.java:213)
	at org.openqa.selenium.remote.RemoteWebDriver.<init>(RemoteWebDriver.java:131)
	at io.appium.java_client.DefaultGenericMobileDriver.<init>(DefaultGenericMobileDriver.java:38)
	at io.appium.java_client.AppiumDriver.<init>(AppiumDriver.java:84)
	at io.appium.java_client.ios.IOSDriver.<init>(IOSDriver.java:85)
	at com.kms.katalon.core.appium.driver.AppiumDriverManager.createMobileDriver(AppiumDriverManager.java:495)
	at com.kms.katalon.core.appium.driver.AppiumDriverManager.createMobileDriver(AppiumDriverManager.java:479)
	at com.kms.katalon.core.mobile.keyword.internal.MobileDriverFactory.startMobileDriver(MobileDriverFactory.java:339)
	at com.kms.katalon.core.mobile.keyword.internal.MobileDriverFactory$startMobileDriver.call(Unknown Source)
	at com.kms.katalon.core.mobile.keyword.builtin.StartExistingApplicationKeyword$_startApplication_closure1.doCall(StartExistingApplicationKeyword.groovy:40)
	at com.kms.katalon.core.mobile.keyword.builtin.StartExistingApplicationKeyword$_startApplication_closure1.doCall(StartExistingApplicationKeyword.groovy)
	at com.kms.katalon.core.mobile.keyword.internal.MobileKeywordMain.runKeyword(MobileKeywordMain.groovy:21)
	at com.kms.katalon.core.mobile.keyword.internal.MobileKeywordMain$runKeyword.call(Unknown Source)
	at com.kms.katalon.core.mobile.keyword.builtin.StartExistingApplicationKeyword.startApplication(StartExistingApplicationKeyword.groovy:43)
	at com.kms.katalon.core.mobile.keyword.builtin.StartExistingApplicationKeyword.execute(StartExistingApplicationKeyword.groovy:34)
	at com.kms.katalon.core.keyword.internal.KeywordExecutor.executeKeywordForPlatform(KeywordExecutor.groovy:72)
	at com.kms.katalon.core.mobile.keyword.MobileBuiltInKeywords.startExistingApplication(MobileBuiltInKeywords.groovy:89)
	at com.kms.katalon.core.mobile.keyword.MobileBuiltInKeywords$startExistingApplication.call(Unknown Source)
	at Script1575874101227.run(Script1575874101227.groovy:17)
	... 13 more
Caused by: org.openqa.selenium.WebDriverException: An unknown server-side error occurred while processing the command. Original error: Unable to launch WebDriverAgent because of xcodebuild failure: xcodebuild failed with code 65
xcodebuild error message:

2019-12-25 14:21:44.109 xcodebuild[4516:98354] Error writing xctestrun file: Error Domain=NSCocoaErrorDomain Code=4 "The folder “WebDriverAgentRunner_iphoneos13.2-arm64.xctestrun” doesn’t exist." UserInfo={NSFilePath=/Users/faz/Library/Developer/Xcode/DerivedData/WebDriverAgent-aiaejbhejflmruhkhsmeebmhbaia/Build/Products/WebDriverAgentRunner_iphoneos13.2-arm64.xctestrun, NSUserStringVariant=Folder, NSUnderlyingError=0x7fcf39fe2270 {Error Domain=NSPOSIXErrorDomain Code=2 "No such file or directory"}}
** TEST BUILD FAILED **
2019-12-25 14:21:44.133 xcodebuild[4516:98353]  IDETestOperationsObserverDebug: Writing diagnostic log for test session to:
/Users/faz/Library/Developer/Xcode/DerivedData/WebDriverAgent-aiaejbhejflmruhkhsmeebmhbaia/Logs/Test/Test-WebDriverAgentRunner-2019.12.25_14-21-43-+0800.xcresult/Staging/2_Test/Diagnostics/WebDriverAgentRunner-36AA6A3E-E0CE-4DAF-9A5C-DB58FBDF1225/WebDriverAgentRunner-1C9E1ECC-3AE0-4C7C-B816-D11065163395/Session-WebDriverAgentRunner-2019-12-25_142144-EGOQqD.log
2019-12-25 14:21:44.136 xcodebuild[4516:98352] [MT] IDETestOperationsObserverDebug: (8EA15F36-BDFD-42E4-AA22-45E8DF2EE4EB) Beginning test session WebDriverAgentRunner-8EA15F36-BDFD-42E4-AA22-45E8DF2EE4EB at 2019-12-25 14:21:44.134 with Xcode 11C29 on target 📱<DVTiOSDevice (0x7fcf3a2aadf0), 烟雾弹, iPhone, 13.2.2 (17B102), e6d787265ef659f59b738dbf66bcbf75a4ec54a1> {
		deviceSerialNumber:         DNPQTPW4GRY7
		identifier:                 e6d787265ef659f59b738dbf66bcbf75a4ec54a1
		deviceClass:                iPhone
		deviceName:                 烟雾弹
		deviceIdentifier:           e6d787265ef659f59b738dbf66bcbf75a4ec54a1
		productVersion:             13.2.2
		buildVersion:               17B102
		deviceSoftwareVersion:      13.2.2 (17B102)
		deviceArchitecture:         arm64
		deviceTotalCapacity:        122728800256
		deviceAvailableCapacity:    97967312896
		deviceIsTransient:          NO
		ignored:                    NO
		deviceIsBusy:               NO
		deviceIsPaired:             YES
		deviceIsActivated:          YES
		deviceActivationState:      Activated
		isPasscodeLocked:           NO
		deviceType:                 <DVTDeviceType:0x7fcf39cc8a80 Xcode.DeviceType.iPhone>
		supportedDeviceFamilies:    (
    1
)
		applications:              (null)
		provisioningProfiles:      (null)
		hasInternalSupport:        NO
		hasWritableSystem:         NO
		isSupportedOS:             YES
		bootArgs:                  (null)
		nextBootArgs:              (null)
		connected:                 YES
		isWirelessEnabled:         NO
		connectionType:            direct
		hostname:                  yanwudan.local.
		bonjourServiceName:        1c:5c:f2:b1:d0:2e@fe80::1e5c:f2ff:feb1:d02e._apple-mobdev2._tcp.local.
		activeProxiedDevice:       (null)
		} (13.2.2 (17B102))
2019-12-25 14:21:44.305 xcodebuild[4516:98352] [MT] IDETestOperationsObserverDebug: (8EA15F36-BDFD-42E4-AA22-45E8DF2EE4EB) Finished requesting crash reports. Continuing with testing.
*** If you believe this error represents a bug, please attach the result bundle at /Users/faz/Library/Developer/Xcode/DerivedData/WebDriverAgent-aiaejbhejflmruhkhsmeebmhbaia/Logs/Test/Test-WebDriverAgentRunner-2019.12.25_14-21-43-+0800.xcresult
2019-12-25 14:21:44.323 xcodebuild[4516:98352] [MT] IDETestOperationsObserverDebug: 0.199 elapsed -- Testing started completed.
2019-12-25 14:21:44.323 xcodebuild[4516:98352] [MT] IDETestOperationsObserverDebug: 0.000 sec, +0.000 sec -- start
2019-12-25 14:21:44.323 xcodebuild[4516:98352] [MT] IDETestOperationsObserverDebug: 0.199 sec, +0.199 sec -- end
2019-12-25 14:21:44.325 xcodebuild[4516:98352] Error Domain=NSCocoaErrorDomain Code=260 "The file “WebDriverAgentRunner-Runner.app” couldn’t be opened because there is no such file." UserInfo={NSFilePath=/Users/faz/Library/Developer/Xcode/DerivedData/WebDriverAgent-aiaejbhejflmruhkhsmeebmhbaia/Build/Products/Debug-iphoneos/WebDriverAgentRunner-Runner.app, NSUnderlyingError=0x7fcf3a4e5280 {Error Domain=NSPOSIXErrorDomain Code=2 "No such file or directory"}}
Test session results, code coverage, and logs:
	/Users/faz/Library/Developer/Xcode/DerivedData/WebDriverAgent-aiaejbhejflmruhkhsmeebmhbaia/Logs/Test/Test-WebDriverAgentRunner-2019.12.25_14-21-43-+0800.xcresult
Testing started on '烟雾弹'
Testing failed:
	Signing for "WebDriverAgentRunner" requires a development team. Select a development team in the Signing & Capabilities editor.
	WebDriverAgentRunner:
		WebDriverAgentRunner-Runner.app encountered an error (Failed to install or launch the test runner. (Underlying error: The file “WebDriverAgentRunner-Runner.app” couldn’t be opened because there is no such file. The file doesn’t exist. (Underlying error: The operation couldn’t be completed. No such file or directory)))
** TEST EXECUTE FAILED **. Make sure you follow the tutorial at https://github.com/appium/appium-xcuitest-driver/blob/master/docs/real-device-config.md. Try to remove the WebDriverAgentRunner application from the device if it is installed and reboot the device.
Build info: version: '3.141.59', revision: 'e82be7d358', time: '2018-11-14T08:25:53'
System info: host: 'FazAiZhongdeMacBook-Pro.local', ip: '192.168.2.28', os.name: 'Mac OS X', os.arch: 'x86_64', os.version: '10.14.6', java.version: '1.8.0_181'
Driver info: driver.version: MobileDriverFactory$startMobileDriver
remote stacktrace: UnknownError: An unknown server-side error occurred while processing the command. Original error: Unable to launch WebDriverAgent because of xcodebuild failure: xcodebuild failed with code 65
xcodebuild error message:

2019-12-25 14:21:44.109 xcodebuild[4516:98354] Error writing xctestrun file: Error Domain=NSCocoaErrorDomain Code=4 "The folder “WebDriverAgentRunner_iphoneos13.2-arm64.xctestrun” doesn’t exist." UserInfo={NSFilePath=/Users/faz/Library/Developer/Xcode/DerivedData/WebDriverAgent-aiaejbhejflmruhkhsmeebmhbaia/Build/Products/WebDriverAgentRunner_iphoneos13.2-arm64.xctestrun, NSUserStringVariant=Folder, NSUnderlyingError=0x7fcf39fe2270 {Error Domain=NSPOSIXErrorDomain Code=2 "No such file or directory"}}
** TEST BUILD FAILED **
2019-12-25 14:21:44.133 xcodebuild[4516:98353]  IDETestOperationsObserverDebug: Writing diagnostic log for test session to:
/Users/faz/Library/Developer/Xcode/DerivedData/WebDriverAgent-aiaejbhejflmruhkhsmeebmhbaia/Logs/Test/Test-WebDriverAgentRunner-2019.12.25_14-21-43-+0800.xcresult/Staging/2_Test/Diagnostics/WebDriverAgentRunner-36AA6A3E-E0CE-4DAF-9A5C-DB58FBDF1225/WebDriverAgentRunner-1C9E1ECC-3AE0-4C7C-B816-D11065163395/Session-WebDriverAgentRunner-2019-12-25_142144-EGOQqD.log
2019-12-25 14:21:44.136 xcodebuild[4516:98352] [MT] IDETestOperationsObserverDebug: (8EA15F36-BDFD-42E4-AA22-45E8DF2EE4EB) Beginning test session WebDriverAgentRunner-8EA15F36-BDFD-42E4-AA22-45E8DF2EE4EB at 2019-12-25 14:21:44.134 with Xcode 11C29 on target 📱<DVTiOSDevice (0x7fcf3a2aadf0), 烟雾弹, iPhone, 13.2.2 (17B102), e6d787265ef659f59b738dbf66bcbf75a4ec54a1> {
		deviceSerialNumber:         DNPQTPW4GRY7
		identifier:                 e6d787265ef659f59b738dbf66bcbf75a4ec54a1
		deviceClass:                iPhone
		deviceName:                 烟雾弹
		deviceIdentifier:           e6d787265ef659f59b738dbf66bcbf75a4ec54a1
		productVersion:             13.2.2
		buildVersion:               17B102
		deviceSoftwareVersion:      13.2.2 (17B102)
		deviceArchitecture:         arm64
		deviceTotalCapacity:        122728800256
		deviceAvailableCapacity:    97967312896
		deviceIsTransient:          NO
		ignored:                    NO
		deviceIsBusy:               NO
		deviceIsPaired:             YES
		deviceIsActivated:          YES
		deviceActivationState:      Activated
		isPasscodeLocked:           NO
		deviceType:                 <DVTDeviceType:0x7fcf39cc8a80 Xcode.DeviceType.iPhone>
		supportedDeviceFamilies:    (
    1
)
		applications:              (null)
		provisioningProfiles:      (null)
		hasInternalSupport:        NO
		hasWritableSystem:         NO
		isSupportedOS:             YES
		bootArgs:                  (null)
		nextBootArgs:              (null)
		connected:                 YES
		isWirelessEnabled:         NO
		connectionType:            direct
		hostname:                  yanwudan.local.
		bonjourServiceName:        1c:5c:f2:b1:d0:2e@fe80::1e5c:f2ff:feb1:d02e._apple-mobdev2._tcp.local.
		activeProxiedDevice:       (null)
		} (13.2.2 (17B102))
2019-12-25 14:21:44.305 xcodebuild[4516:98352] [MT] IDETestOperationsObserverDebug: (8EA15F36-BDFD-42E4-AA22-45E8DF2EE4EB) Finished requesting crash reports. Continuing with testing.
*** If you believe this error represents a bug, please attach the result bundle at /Users/faz/Library/Developer/Xcode/DerivedData/WebDriverAgent-aiaejbhejflmruhkhsmeebmhbaia/Logs/Test/Test-WebDriverAgentRunner-2019.12.25_14-21-43-+0800.xcresult
2019-12-25 14:21:44.323 xcodebuild[4516:98352] [MT] IDETestOperationsObserverDebug: 0.199 elapsed -- Testing started completed.
2019-12-25 14:21:44.323 xcodebuild[4516:98352] [MT] IDETestOperationsObserverDebug: 0.000 sec, +0.000 sec -- start
2019-12-25 14:21:44.323 xcodebuild[4516:98352] [MT] IDETestOperationsObserverDebug: 0.199 sec, +0.199 sec -- end
2019-12-25 14:21:44.325 xcodebuild[4516:98352] Error Domain=NSCocoaErrorDomain Code=260 "The file “WebDriverAgentRunner-Runner.app” couldn’t be opened because there is no such file." UserInfo={NSFilePath=/Users/faz/Library/Developer/Xcode/DerivedData/WebDriverAgent-aiaejbhejflmruhkhsmeebmhbaia/Build/Products/Debug-iphoneos/WebDriverAgentRunner-Runner.app, NSUnderlyingError=0x7fcf3a4e5280 {Error Domain=NSPOSIXErrorDomain Code=2 "No such file or directory"}}
Test session results, code coverage, and logs:
	/Users/faz/Library/Developer/Xcode/DerivedData/WebDriverAgent-aiaejbhejflmruhkhsmeebmhbaia/Logs/Test/Test-WebDriverAgentRunner-2019.12.25_14-21-43-+0800.xcresult
Testing started on '烟雾弹'
Testing failed:
	Signing for "WebDriverAgentRunner" requires a development team. Select a development team in the Signing & Capabilities editor.
	WebDriverAgentRunner:
		WebDriverAgentRunner-Runner.app encountered an error (Failed to install or launch the test runner. (Underlying error: The file “WebDriverAgentRunner-Runner.app” couldn’t be opened because there is no such file. The file doesn’t exist. (Underlying error: The operation couldn’t be completed. No such file or directory)))
** TEST EXECUTE FAILED **. Make sure you follow the tutorial at https://github.com/appium/appium-xcuitest-driver/blob/master/docs/real-device-config.md. Try to remove the WebDriverAgentRunner application from the device if it is installed and reboot the device.
    at getResponseForW3CError (/usr/local/lib/node_modules/appium/node_modules/appium-base-driver/lib/protocol/errors.js:804:9)
    at asyncHandler (/usr/local/lib/node_modules/appium/node_modules/appium-base-driver/lib/protocol/protocol.js:388:37)
	at org.openqa.selenium.remote.W3CHandshakeResponse.lambda$errorHandler$0(W3CHandshakeResponse.java:62)
	at org.openqa.selenium.remote.HandshakeResponse.lambda$getResponseFunction$0(HandshakeResponse.java:30)
	at org.openqa.selenium.remote.ProtocolHandshake.lambda$createSession$0(ProtocolHandshake.java:126)
	at org.openqa.selenium.remote.ProtocolHandshake.createSession(ProtocolHandshake.java:128)
	at io.appium.java_client.remote.AppiumCommandExecutor$1.createSession(AppiumCommandExecutor.java:186)
	at io.appium.java_client.remote.AppiumCommandExecutor.createSession(AppiumCommandExecutor.java:217)
	at io.appium.java_client.remote.AppiumCommandExecutor.execute(AppiumCommandExecutor.java:239)
	at org.openqa.selenium.remote.RemoteWebDriver.execute(RemoteWebDriver.java:552)
	at io.appium.java_client.DefaultGenericMobileDriver.execute(DefaultGenericMobileDriver.java:42)
	at io.appium.java_client.AppiumDriver.execute(AppiumDriver.java:1)
	at io.appium.java_client.ios.IOSDriver.execute(IOSDriver.java:1)
	at org.openqa.selenium.remote.RemoteWebDriver.startSession(RemoteWebDriver.java:213)
	at org.openqa.selenium.remote.RemoteWebDriver.<init>(RemoteWebDriver.java:131)
	at io.appium.java_client.DefaultGenericMobileDriver.<init>(DefaultGenericMobileDriver.java:38)
	at io.appium.java_client.AppiumDriver.<init>(AppiumDriver.java:84)
	at io.appium.java_client.ios.IOSDriver.<init>(IOSDriver.java:85)
	at com.kms.katalon.core.appium.driver.AppiumDriverManager.createMobileDriver(AppiumDriverManager.java:495)
	at com.kms.katalon.core.appium.driver.AppiumDriverManager.createMobileDriver(AppiumDriverManager.java:479)
	at com.kms.katalon.core.mobile.keyword.internal.MobileDriverFactory.startMobileDriver(MobileDriverFactory.java:339)
	at com.kms.katalon.core.mobile.keyword.internal.MobileDriverFactory$startMobileDriver.call(Unknown Source)
	at com.kms.katalon.core.mobile.keyword.builtin.StartExistingApplicationKeyword$_startApplication_closure1.doCall(StartExistingApplicationKeyword.groovy:40)
	at com.kms.katalon.core.mobile.keyword.builtin.StartExistingApplicationKeyword$_startApplication_closure1.doCall(StartExistingApplicationKeyword.groovy)
	at com.kms.katalon.core.mobile.keyword.internal.MobileKeywordMain.runKeyword(MobileKeywordMain.groovy:21)
	at com.kms.katalon.core.mobile.keyword.internal.MobileKeywordMain$runKeyword.call(Unknown Source)
	at com.kms.katalon.core.mobile.keyword.builtin.StartExistingApplicationKeyword.startApplication(StartExistingApplicationKeyword.groovy:43)
	at com.kms.katalon.core.mobile.keyword.builtin.StartExistingApplicationKeyword.execute(StartExistingApplicationKeyword.groovy:34)
	at com.kms.katalon.core.keyword.internal.KeywordExecutor.executeKeywordForPlatform(KeywordExecutor.groovy:72)
	at com.kms.katalon.core.mobile.keyword.MobileBuiltInKeywords.startExistingApplication(MobileBuiltInKeywords.groovy:89)
	at com.kms.katalon.core.mobile.keyword.MobileBuiltInKeywords$startExistingApplication.call(Unknown Source)
	at choose_puning.run(choose_puning:17)
	... 13 more


2019-12-25 14:21:24 - [TEST_STEP][FAILED] - startExistingApplication(AppID): Unable to start app with application ID: 'com.goldlokedu.app' (Root cause: org.openqa.selenium.SessionNotCreatedException: Unable to create a new remote session. Please check the server log for more details. Original error: An unknown server-side error occurred while processing the command. Original error: Unable to launch WebDriverAgent because of xcodebuild failure: xcodebuild failed with code 65
xcodebuild error message:

2019-12-25 14:21:44.109 xcodebuild[4516:98354] Error writing xctestrun file: Error Domain=NSCocoaErrorDomain Code=4 "The folder “WebDriverAgentRunner_iphoneos13.2-arm64.xctestrun” doesn’t exist." UserInfo={NSFilePath=/Users/faz/Library/Developer/Xcode/DerivedData/WebDriverAgent-aiaejbhejflmruhkhsmeebmhbaia/Build/Products/WebDriverAgentRunner_iphoneos13.2-arm64.xctestrun, NSUserStringVariant=Folder, NSUnderlyingError=0x7fcf39fe2270 {Error Domain=NSPOSIXErrorDomain Code=2 "No such file or directory"}}
** TEST BUILD FAILED **
2019-12-25 14:21:44.133 xcodebuild[4516:98353]  IDETestOperationsObserverDebug: Writing diagnostic log for test session to:
/Users/faz/Library/Developer/Xcode/DerivedData/WebDriverAgent-aiaejbhejflmruhkhsmeebmhbaia/Logs/Test/Test-WebDriverAgentRunner-2019.12.25_14-21-43-+0800.xcresult/Staging/2_Test/Diagnostics/WebDriverAgentRunner-36AA6A3E-E0CE-4DAF-9A5C-DB58FBDF1225/WebDriverAgentRunner-1C9E1ECC-3AE0-4C7C-B816-D11065163395/Session-WebDriverAgentRunner-2019-12-25_142144-EGOQqD.log
2019-12-25 14:21:44.136 xcodebuild[4516:98352] [MT] IDETestOperationsObserverDebug: (8EA15F36-BDFD-42E4-AA22-45E8DF2EE4EB) Beginning test session WebDriverAgentRunner-8EA15F36-BDFD-42E4-AA22-45E8DF2EE4EB at 2019-12-25 14:21:44.134 with Xcode 11C29 on target 📱<DVTiOSDevice (0x7fcf3a2aadf0), 烟雾弹, iPhone, 13.2.2 (17B102), e6d787265ef659f59b738dbf66bcbf75a4ec54a1> {
		deviceSerialNumber:         DNPQTPW4GRY7
		identifier:                 e6d787265ef659f59b738dbf66bcbf75a4ec54a1
		deviceClass:                iPhone
		deviceName:                 烟雾弹
		deviceIdentifier:           e6d787265ef659f59b738dbf66bcbf75a4ec54a1
		productVersion:             13.2.2
		buildVersion:               17B102
		deviceSoftwareVersion:      13.2.2 (17B102)
		deviceArchitecture:         arm64
		deviceTotalCapacity:        122728800256
		deviceAvailableCapacity:    97967312896
		deviceIsTransient:          NO
		ignored:                    NO
		deviceIsBusy:               NO
		deviceIsPaired:             YES
		deviceIsActivated:          YES
		deviceActivationState:      Activated
		isPasscodeLocked:           NO
		deviceType:                 <DVTDeviceType:0x7fcf39cc8a80 Xcode.DeviceType.iPhone>
		supportedDeviceFamilies:    (
    1
)
		applications:              (null)
		provisioningProfiles:      (null)
		hasInternalSupport:        NO
		hasWritableSystem:         NO
		isSupportedOS:             YES
		bootArgs:                  (null)
		nextBootArgs:              (null)
		connected:                 YES
		isWirelessEnabled:         NO
		connectionType:            direct
		hostname:                  yanwudan.local.
		bonjourServiceName:        1c:5c:f2:b1:d0:2e@fe80::1e5c:f2ff:feb1:d02e._apple-mobdev2._tcp.local.
		activeProxiedDevice:       (null)
		} (13.2.2 (17B102))
2019-12-25 14:21:44.305 xcodebuild[4516:98352] [MT] IDETestOperationsObserverDebug: (8EA15F36-BDFD-42E4-AA22-45E8DF2EE4EB) Finished requesting crash reports. Continuing with testing.
*** If you believe this error represents a bug, please attach the result bundle at /Users/faz/Library/Developer/Xcode/DerivedData/WebDriverAgent-aiaejbhejflmruhkhsmeebmhbaia/Logs/Test/Test-WebDriverAgentRunner-2019.12.25_14-21-43-+0800.xcresult
2019-12-25 14:21:44.323 xcodebuild[4516:98352] [MT] IDETestOperationsObserverDebug: 0.199 elapsed -- Testing started completed.
2019-12-25 14:21:44.323 xcodebuild[4516:98352] [MT] IDETestOperationsObserverDebug: 0.000 sec, +0.000 sec -- start
2019-12-25 14:21:44.323 xcodebuild[4516:98352] [MT] IDETestOperationsObserverDebug: 0.199 sec, +0.199 sec -- end
2019-12-25 14:21:44.325 xcodebuild[4516:98352] Error Domain=NSCocoaErrorDomain Code=260 "The file “WebDriverAgentRunner-Runner.app” couldn’t be opened because there is no such file." UserInfo={NSFilePath=/Users/faz/Library/Developer/Xcode/DerivedData/WebDriverAgent-aiaejbhejflmruhkhsmeebmhbaia/Build/Products/Debug-iphoneos/WebDriverAgentRunner-Runner.app, NSUnderlyingError=0x7fcf3a4e5280 {Error Domain=NSPOSIXErrorDomain Code=2 "No such file or directory"}}
Test session results, code coverage, and logs:
	/Users/faz/Library/Developer/Xcode/DerivedData/WebDriverAgent-aiaejbhejflmruhkhsmeebmhbaia/Logs/Test/Test-WebDriverAgentRunner-2019.12.25_14-21-43-+0800.xcresult
Testing started on '烟雾弹'
Testing failed:
	Signing for "WebDriverAgentRunner" requires a development team. Select a development team in the Signing & Capabilities editor.
	WebDriverAgentRunner:
		WebDriverAgentRunner-Runner.app encountered an error (Failed to install or launch the test runner. (Underlying error: The file “WebDriverAgentRunner-Runner.app” couldn’t be opened because there is no such file. The file doesn’t exist. (Underlying error: The operation couldn’t be completed. No such file or directory)))
** TEST EXECUTE FAILED **. Make sure you follow the tutorial at https://github.com/appium/appium-xcuitest-driver/blob/master/docs/real-device-config.md. Try to remove the WebDriverAgentRunner application from the device if it is installed and reboot the device.
Build info: version: '3.141.59', revision: 'e82be7d358', time: '2018-11-14T08:25:53'
System info: host: 'FazAiZhongdeMacBook-Pro.local', ip: '192.168.2.28', os.name: 'Mac OS X', os.arch: 'x86_64', os.version: '10.14.6', java.version: '1.8.0_181'
Driver info: driver.version: MobileDriverFactory$startMobileDriver
remote stacktrace: UnknownError: An unknown server-side error occurred while processing the command. Original error: Unable to launch WebDriverAgent because of xcodebuild failure: xcodebuild failed with code 65
xcodebuild error message:

2019-12-25 14:21:44.109 xcodebuild[4516:98354] Error writing xctestrun file: Error Domain=NSCocoaErrorDomain Code=4 "The folder “WebDriverAgentRunner_iphoneos13.2-arm64.xctestrun” doesn’t exist." UserInfo={NSFilePath=/Users/faz/Library/Developer/Xcode/DerivedData/WebDriverAgent-aiaejbhejflmruhkhsmeebmhbaia/Build/Products/WebDriverAgentRunner_iphoneos13.2-arm64.xctestrun, NSUserStringVariant=Folder, NSUnderlyingError=0x7fcf39fe2270 {Error Domain=NSPOSIXErrorDomain Code=2 "No such file or directory"}}
** TEST BUILD FAILED **
2019-12-25 14:21:44.133 xcodebuild[4516:98353]  IDETestOperationsObserverDebug: Writing diagnostic log for test session to:
/Users/faz/Library/Developer/Xcode/DerivedData/WebDriverAgent-aiaejbhejflmruhkhsmeebmhbaia/Logs/Test/Test-WebDriverAgentRunner-2019.12.25_14-21-43-+0800.xcresult/Staging/2_Test/Diagnostics/WebDriverAgentRunner-36AA6A3E-E0CE-4DAF-9A5C-DB58FBDF1225/WebDriverAgentRunner-1C9E1ECC-3AE0-4C7C-B816-D11065163395/Session-WebDriverAgentRunner-2019-12-25_142144-EGOQqD.log
2019-12-25 14:21:44.136 xcodebuild[4516:98352] [MT] IDETestOperationsObserverDebug: (8EA15F36-BDFD-42E4-AA22-45E8DF2EE4EB) Beginning test session WebDriverAgentRunner-8EA15F36-BDFD-42E4-AA22-45E8DF2EE4EB at 2019-12-25 14:21:44.134 with Xcode 11C29 on target 📱<DVTiOSDevice (0x7fcf3a2aadf0), 烟雾弹, iPhone, 13.2.2 (17B102), e6d787265ef659f59b738dbf66bcbf75a4ec54a1> {
		deviceSerialNumber:         DNPQTPW4GRY7
		identifier:                 e6d787265ef659f59b738dbf66bcbf75a4ec54a1
		deviceClass:                iPhone
		deviceName:                 烟雾弹
		deviceIdentifier:           e6d787265ef659f59b738dbf66bcbf75a4ec54a1
		productVersion:             13.2.2
		buildVersion:               17B102
		deviceSoftwareVersion:      13.2.2 (17B102)
		deviceArchitecture:         arm64
		deviceTotalCapacity:        122728800256
		deviceAvailableCapacity:    97967312896
		deviceIsTransient:          NO
		ignored:                    NO
		deviceIsBusy:               NO
		deviceIsPaired:             YES
		deviceIsActivated:          YES
		deviceActivationState:      Activated
		isPasscodeLocked:           NO
		deviceType:                 <DVTDeviceType:0x7fcf39cc8a80 Xcode.DeviceType.iPhone>
		supportedDeviceFamilies:    (
    1
)
		applications:              (null)
		provisioningProfiles:      (null)
		hasInternalSupport:        NO
		hasWritableSystem:         NO
		isSupportedOS:             YES
		bootArgs:                  (null)
		nextBootArgs:              (null)
		connected:                 YES
		isWirelessEnabled:         NO
		connectionType:            direct
		hostname:                  yanwudan.local.
		bonjourServiceName:        1c:5c:f2:b1:d0:2e@fe80::1e5c:f2ff:feb1:d02e._apple-mobdev2._tcp.local.
		activeProxiedDevice:       (null)
		} (13.2.2 (17B102))
2019-12-25 14:21:44.305 xcodebuild[4516:98352] [MT] IDETestOperationsObserverDebug: (8EA15F36-BDFD-42E4-AA22-45E8DF2EE4EB) Finished requesting crash reports. Continuing with testing.
*** If you believe this error represents a bug, please attach the result bundle at /Users/faz/Library/Developer/Xcode/DerivedData/WebDriverAgent-aiaejbhejflmruhkhsmeebmhbaia/Logs/Test/Test-WebDriverAgentRunner-2019.12.25_14-21-43-+0800.xcresult
2019-12-25 14:21:44.323 xcodebuild[4516:98352] [MT] IDETestOperationsObserverDebug: 0.199 elapsed -- Testing started completed.
2019-12-25 14:21:44.323 xcodebuild[4516:98352] [MT] IDETestOperationsObserverDebug: 0.000 sec, +0.000 sec -- start
2019-12-25 14:21:44.323 xcodebuild[4516:98352] [MT] IDETestOperationsObserverDebug: 0.199 sec, +0.199 sec -- end
2019-12-25 14:21:44.325 xcodebuild[4516:98352] Error Domain=NSCocoaErrorDomain Code=260 "The file “WebDriverAgentRunner-Runner.app” couldn’t be opened because there is no such file." UserInfo={NSFilePath=/Users/faz/Library/Developer/Xcode/DerivedData/WebDriverAgent-aiaejbhejflmruhkhsmeebmhbaia/Build/Products/Debug-iphoneos/WebDriverAgentRunner-Runner.app, NSUnderlyingError=0x7fcf3a4e5280 {Error Domain=NSPOSIXErrorDomain Code=2 "No such file or directory"}}
Test session results, code coverage, and logs:
	/Users/faz/Library/Developer/Xcode/DerivedData/WebDriverAgent-aiaejbhejflmruhkhsmeebmhbaia/Logs/Test/Test-WebDriverAgentRunner-2019.12.25_14-21-43-+0800.xcresult
Testing started on '烟雾弹'
Testing failed:
	Signing for "WebDriverAgentRunner" requires a development team. Select a development team in the Signing & Capabilities editor.
	WebDriverAgentRunner:
		WebDriverAgentRunner-Runner.app encountered an error (Failed to install or launch the test runner. (Underlying error: The file “WebDriverAgentRunner-Runner.app” couldn’t be opened because there is no such file. The file doesn’t exist. (Underlying error: The operation couldn’t be completed. No such file or directory)))
** TEST EXECUTE FAILED **. Make sure you follow the tutorial at https://github.com/appium/appium-xcuitest-driver/blob/master/docs/real-device-config.md. Try to remove the WebDriverAgentRunner application from the device if it is installed and reboot the device.
    at getResponseForW3CError (/usr/local/lib/node_modules/appium/node_modules/appium-base-driver/lib/protocol/errors.js:804:9)
    at asyncHandler (/usr/local/lib/node_modules/appium/node_modules/appium-base-driver/lib/protocol/protocol.js:388:37)
Build info: version: '3.141.59', revision: 'e82be7d358', time: '2018-11-14T08:25:53'
System info: host: 'FazAiZhongdeMacBook-Pro.local', ip: '192.168.2.28', os.name: 'Mac OS X', os.arch: 'x86_64', os.version: '10.14.6', java.version: '1.8.0_181'
Driver info: driver.version: MobileDriverFactory$startMobileDriver
	at io.appium.java_client.remote.AppiumCommandExecutor$1.createSession(AppiumCommandExecutor.java:208)
	at io.appium.java_client.remote.AppiumCommandExecutor.createSession(AppiumCommandExecutor.java:217)
	at io.appium.java_client.remote.AppiumCommandExecutor.execute(AppiumCommandExecutor.java:239)
	at org.openqa.selenium.remote.RemoteWebDriver.execute(RemoteWebDriver.java:552)
	at io.appium.java_client.DefaultGenericMobileDriver.execute(DefaultGenericMobileDriver.java:42)
	at io.appium.java_client.AppiumDriver.execute(AppiumDriver.java:1)
	at io.appium.java_client.ios.IOSDriver.execute(IOSDriver.java:1)
	at org.openqa.selenium.remote.RemoteWebDriver.startSession(RemoteWebDriver.java:213)
	at org.openqa.selenium.remote.RemoteWebDriver.<init>(RemoteWebDriver.java:131)
	at io.appium.java_client.DefaultGenericMobileDriver.<init>(DefaultGenericMobileDriver.java:38)
	at io.appium.java_client.AppiumDriver.<init>(AppiumDriver.java:84)
	at io.appium.java_client.ios.IOSDriver.<init>(IOSDriver.java:85)
	at com.kms.katalon.core.appium.driver.AppiumDriverManager.createMobileDriver(AppiumDriverManager.java:495)
	at com.kms.katalon.core.appium.driver.AppiumDriverManager.createMobileDriver(AppiumDriverManager.java:479)
	at com.kms.katalon.core.mobile.keyword.internal.MobileDriverFactory.startMobileDriver(MobileDriverFactory.java:339)
	at com.kms.katalon.core.mobile.keyword.internal.MobileDriverFactory$startMobileDriver.call(Unknown Source)
	at com.kms.katalon.core.mobile.keyword.builtin.StartExistingApplicationKeyword$_startApplication_closure1.doCall(StartExistingApplicationKeyword.groovy:40)
	at com.kms.katalon.core.mobile.keyword.builtin.StartExistingApplicationKeyword$_startApplication_closure1.doCall(StartExistingApplicationKeyword.groovy)
	at com.kms.katalon.core.mobile.keyword.internal.MobileKeywordMain.runKeyword(MobileKeywordMain.groovy:21)
	at com.kms.katalon.core.mobile.keyword.internal.MobileKeywordMain$runKeyword.call(Unknown Source)
	at com.kms.katalon.core.mobile.keyword.builtin.StartExistingApplicationKeyword.startApplication(StartExistingApplicationKeyword.groovy:43)
	at com.kms.katalon.core.mobile.keyword.builtin.StartExistingApplicationKeyword.execute(StartExistingApplicationKeyword.groovy:34)
	at com.kms.katalon.core.keyword.internal.KeywordExecutor.executeKeywordForPlatform(KeywordExecutor.groovy:72)
	at com.kms.katalon.core.mobile.keyword.MobileBuiltInKeywords.startExistingApplication(MobileBuiltInKeywords.groovy:89)
	at com.kms.katalon.core.mobile.keyword.MobileBuiltInKeywords$startExistingApplication.call(Unknown Source)
	at choose_puning.run(choose_puning:17)
	at com.kms.katalon.core.main.ScriptEngine.run(ScriptEngine.java:194)
	at com.kms.katalon.core.main.ScriptEngine.runScriptAsRawText(ScriptEngine.java:119)
	at com.kms.katalon.core.main.TestCaseExecutor.runScript(TestCaseExecutor.java:337)
	at com.kms.katalon.core.main.TestCaseExecutor.doExecute(TestCaseExecutor.java:328)
	at com.kms.katalon.core.main.TestCaseExecutor.processExecutionPhase(TestCaseExecutor.java:307)
	at com.kms.katalon.core.main.TestCaseExecutor.accessMainPhase(TestCaseExecutor.java:299)
	at com.kms.katalon.core.main.TestCaseExecutor.execute(TestCaseExecutor.java:233)
	at com.kms.katalon.core.main.TestSuiteExecutor.accessTestCaseMainPhase(TestSuiteExecutor.java:169)
	at com.kms.katalon.core.main.TestSuiteExecutor.accessTestSuiteMainPhase(TestSuiteExecutor.java:142)
	at com.kms.katalon.core.main.TestSuiteExecutor.execute(TestSuiteExecutor.java:91)
	at com.kms.katalon.core.main.TestCaseMain.startTestSuite(TestCaseMain.java:157)
	at com.kms.katalon.core.main.TestCaseMain$startTestSuite$0.call(Unknown Source)
	at TempTestSuite1577254872853.run(TempTestSuite1577254872853.groovy:36)
Caused by: java.lang.reflect.InvocationTargetException
	at io.appium.java_client.remote.AppiumCommandExecutor$1.createSession(AppiumCommandExecutor.java:186)
	at io.appium.java_client.remote.AppiumCommandExecutor.createSession(AppiumCommandExecutor.java:217)
	at io.appium.java_client.remote.AppiumCommandExecutor.execute(AppiumCommandExecutor.java:239)
	at org.openqa.selenium.remote.RemoteWebDriver.execute(RemoteWebDriver.java:552)
	at io.appium.java_client.DefaultGenericMobileDriver.execute(DefaultGenericMobileDriver.java:42)
	at io.appium.java_client.AppiumDriver.execute(AppiumDriver.java:1)
	at io.appium.java_client.ios.IOSDriver.execute(IOSDriver.java:1)
	at org.openqa.selenium.remote.RemoteWebDriver.startSession(RemoteWebDriver.java:213)
	at org.openqa.selenium.remote.RemoteWebDriver.<init>(RemoteWebDriver.java:131)
	at io.appium.java_client.DefaultGenericMobileDriver.<init>(DefaultGenericMobileDriver.java:38)
	at io.appium.java_client.AppiumDriver.<init>(AppiumDriver.java:84)
	at io.appium.java_client.ios.IOSDriver.<init>(IOSDriver.java:85)
	at com.kms.katalon.core.appium.driver.AppiumDriverManager.createMobileDriver(AppiumDriverManager.java:495)
	at com.kms.katalon.core.appium.driver.AppiumDriverManager.createMobileDriver(AppiumDriverManager.java:479)
	at com.kms.katalon.core.mobile.keyword.internal.MobileDriverFactory.startMobileDriver(MobileDriverFactory.java:339)
	at com.kms.katalon.core.mobile.keyword.internal.MobileDriverFactory$startMobileDriver.call(Unknown Source)
	at com.kms.katalon.core.mobile.keyword.builtin.StartExistingApplicationKeyword$_startApplication_closure1.doCall(StartExistingApplicationKeyword.groovy:40)
	at com.kms.katalon.core.mobile.keyword.builtin.StartExistingApplicationKeyword$_startApplication_closure1.doCall(StartExistingApplicationKeyword.groovy)
	at com.kms.katalon.core.mobile.keyword.internal.MobileKeywordMain.runKeyword(MobileKeywordMain.groovy:21)
	at com.kms.katalon.core.mobile.keyword.internal.MobileKeywordMain$runKeyword.call(Unknown Source)
	at com.kms.katalon.core.mobile.keyword.builtin.StartExistingApplicationKeyword.startApplication(StartExistingApplicationKeyword.groovy:43)
	at com.kms.katalon.core.mobile.keyword.builtin.StartExistingApplicationKeyword.execute(StartExistingApplicationKeyword.groovy:34)
	at com.kms.katalon.core.keyword.internal.KeywordExecutor.executeKeywordForPlatform(KeywordExecutor.groovy:72)
	at com.kms.katalon.core.mobile.keyword.MobileBuiltInKeywords.startExistingApplication(MobileBuiltInKeywords.groovy:89)
	at com.kms.katalon.core.mobile.keyword.MobileBuiltInKeywords$startExistingApplication.call(Unknown Source)
	at Script1575874101227.run(Script1575874101227.groovy:17)
	... 13 more
Caused by: org.openqa.selenium.WebDriverException: An unknown server-side error occurred while processing the command. Original error: Unable to launch WebDriverAgent because of xcodebuild failure: xcodebuild failed with code 65
xcodebuild error message:

2019-12-25 14:21:44.109 xcodebuild[4516:98354] Error writing xctestrun file: Error Domain=NSCocoaErrorDomain Code=4 "The folder “WebDriverAgentRunner_iphoneos13.2-arm64.xctestrun” doesn’t exist." UserInfo={NSFilePath=/Users/faz/Library/Developer/Xcode/DerivedData/WebDriverAgent-aiaejbhejflmruhkhsmeebmhbaia/Build/Products/WebDriverAgentRunner_iphoneos13.2-arm64.xctestrun, NSUserStringVariant=Folder, NSUnderlyingError=0x7fcf39fe2270 {Error Domain=NSPOSIXErrorDomain Code=2 "No such file or directory"}}
** TEST BUILD FAILED **
2019-12-25 14:21:44.133 xcodebuild[4516:98353]  IDETestOperationsObserverDebug: Writing diagnostic log for test session to:
/Users/faz/Library/Developer/Xcode/DerivedData/WebDriverAgent-aiaejbhejflmruhkhsmeebmhbaia/Logs/Test/Test-WebDriverAgentRunner-2019.12.25_14-21-43-+0800.xcresult/Staging/2_Test/Diagnostics/WebDriverAgentRunner-36AA6A3E-E0CE-4DAF-9A5C-DB58FBDF1225/WebDriverAgentRunner-1C9E1ECC-3AE0-4C7C-B816-D11065163395/Session-WebDriverAgentRunner-2019-12-25_142144-EGOQqD.log
2019-12-25 14:21:44.136 xcodebuild[4516:98352] [MT] IDETestOperationsObserverDebug: (8EA15F36-BDFD-42E4-AA22-45E8DF2EE4EB) Beginning test session WebDriverAgentRunner-8EA15F36-BDFD-42E4-AA22-45E8DF2EE4EB at 2019-12-25 14:21:44.134 with Xcode 11C29 on target 📱<DVTiOSDevice (0x7fcf3a2aadf0), 烟雾弹, iPhone, 13.2.2 (17B102), e6d787265ef659f59b738dbf66bcbf75a4ec54a1> {
		deviceSerialNumber:         DNPQTPW4GRY7
		identifier:                 e6d787265ef659f59b738dbf66bcbf75a4ec54a1
		deviceClass:                iPhone
		deviceName:                 烟雾弹
		deviceIdentifier:           e6d787265ef659f59b738dbf66bcbf75a4ec54a1
		productVersion:             13.2.2
		buildVersion:               17B102
		deviceSoftwareVersion:      13.2.2 (17B102)
		deviceArchitecture:         arm64
		deviceTotalCapacity:        122728800256
		deviceAvailableCapacity:    97967312896
		deviceIsTransient:          NO
		ignored:                    NO
		deviceIsBusy:               NO
		deviceIsPaired:             YES
		deviceIsActivated:          YES
		deviceActivationState:      Activated
		isPasscodeLocked:           NO
		deviceType:                 <DVTDeviceType:0x7fcf39cc8a80 Xcode.DeviceType.iPhone>
		supportedDeviceFamilies:    (
    1
)
		applications:              (null)
		provisioningProfiles:      (null)
		hasInternalSupport:        NO
		hasWritableSystem:         NO
		isSupportedOS:             YES
		bootArgs:                  (null)
		nextBootArgs:              (null)
		connected:                 YES
		isWirelessEnabled:         NO
		connectionType:            direct
		hostname:                  yanwudan.local.
		bonjourServiceName:        1c:5c:f2:b1:d0:2e@fe80::1e5c:f2ff:feb1:d02e._apple-mobdev2._tcp.local.
		activeProxiedDevice:       (null)
		} (13.2.2 (17B102))
2019-12-25 14:21:44.305 xcodebuild[4516:98352] [MT] IDETestOperationsObserverDebug: (8EA15F36-BDFD-42E4-AA22-45E8DF2EE4EB) Finished requesting crash reports. Continuing with testing.
*** If you believe this error represents a bug, please attach the result bundle at /Users/faz/Library/Developer/Xcode/DerivedData/WebDriverAgent-aiaejbhejflmruhkhsmeebmhbaia/Logs/Test/Test-WebDriverAgentRunner-2019.12.25_14-21-43-+0800.xcresult
2019-12-25 14:21:44.323 xcodebuild[4516:98352] [MT] IDETestOperationsObserverDebug: 0.199 elapsed -- Testing started completed.
2019-12-25 14:21:44.323 xcodebuild[4516:98352] [MT] IDETestOperationsObserverDebug: 0.000 sec, +0.000 sec -- start
2019-12-25 14:21:44.323 xcodebuild[4516:98352] [MT] IDETestOperationsObserverDebug: 0.199 sec, +0.199 sec -- end
2019-12-25 14:21:44.325 xcodebuild[4516:98352] Error Domain=NSCocoaErrorDomain Code=260 "The file “WebDriverAgentRunner-Runner.app” couldn’t be opened because there is no such file." UserInfo={NSFilePath=/Users/faz/Library/Developer/Xcode/DerivedData/WebDriverAgent-aiaejbhejflmruhkhsmeebmhbaia/Build/Products/Debug-iphoneos/WebDriverAgentRunner-Runner.app, NSUnderlyingError=0x7fcf3a4e5280 {Error Domain=NSPOSIXErrorDomain Code=2 "No such file or directory"}}
Test session results, code coverage, and logs:
	/Users/faz/Library/Developer/Xcode/DerivedData/WebDriverAgent-aiaejbhejflmruhkhsmeebmhbaia/Logs/Test/Test-WebDriverAgentRunner-2019.12.25_14-21-43-+0800.xcresult
Testing started on '烟雾弹'
Testing failed:
	Signing for "WebDriverAgentRunner" requires a development team. Select a development team in the Signing & Capabilities editor.
	WebDriverAgentRunner:
		WebDriverAgentRunner-Runner.app encountered an error (Failed to install or launch the test runner. (Underlying error: The file “WebDriverAgentRunner-Runner.app” couldn’t be opened because there is no such file. The file doesn’t exist. (Underlying error: The operation couldn’t be completed. No such file or directory)))
** TEST EXECUTE FAILED **. Make sure you follow the tutorial at https://github.com/appium/appium-xcuitest-driver/blob/master/docs/real-device-config.md. Try to remove the WebDriverAgentRunner application from the device if it is installed and reboot the device.
Build info: version: '3.141.59', revision: 'e82be7d358', time: '2018-11-14T08:25:53'
System info: host: 'FazAiZhongdeMacBook-Pro.local', ip: '192.168.2.28', os.name: 'Mac OS X', os.arch: 'x86_64', os.version: '10.14.6', java.version: '1.8.0_181'
Driver info: driver.version: MobileDriverFactory$startMobileDriver
remote stacktrace: UnknownError: An unknown server-side error occurred while processing the command. Original error: Unable to launch WebDriverAgent because of xcodebuild failure: xcodebuild failed with code 65
xcodebuild error message:

2019-12-25 14:21:44.109 xcodebuild[4516:98354] Error writing xctestrun file: Error Domain=NSCocoaErrorDomain Code=4 "The folder “WebDriverAgentRunner_iphoneos13.2-arm64.xctestrun” doesn’t exist." UserInfo={NSFilePath=/Users/faz/Library/Developer/Xcode/DerivedData/WebDriverAgent-aiaejbhejflmruhkhsmeebmhbaia/Build/Products/WebDriverAgentRunner_iphoneos13.2-arm64.xctestrun, NSUserStringVariant=Folder, NSUnderlyingError=0x7fcf39fe2270 {Error Domain=NSPOSIXErrorDomain Code=2 "No such file or directory"}}
** TEST BUILD FAILED **
2019-12-25 14:21:44.133 xcodebuild[4516:98353]  IDETestOperationsObserverDebug: Writing diagnostic log for test session to:
/Users/faz/Library/Developer/Xcode/DerivedData/WebDriverAgent-aiaejbhejflmruhkhsmeebmhbaia/Logs/Test/Test-WebDriverAgentRunner-2019.12.25_14-21-43-+0800.xcresult/Staging/2_Test/Diagnostics/WebDriverAgentRunner-36AA6A3E-E0CE-4DAF-9A5C-DB58FBDF1225/WebDriverAgentRunner-1C9E1ECC-3AE0-4C7C-B816-D11065163395/Session-WebDriverAgentRunner-2019-12-25_142144-EGOQqD.log
2019-12-25 14:21:44.136 xcodebuild[4516:98352] [MT] IDETestOperationsObserverDebug: (8EA15F36-BDFD-42E4-AA22-45E8DF2EE4EB) Beginning test session WebDriverAgentRunner-8EA15F36-BDFD-42E4-AA22-45E8DF2EE4EB at 2019-12-25 14:21:44.134 with Xcode 11C29 on target 📱<DVTiOSDevice (0x7fcf3a2aadf0), 烟雾弹, iPhone, 13.2.2 (17B102), e6d787265ef659f59b738dbf66bcbf75a4ec54a1> {
		deviceSerialNumber:         DNPQTPW4GRY7
		identifier:                 e6d787265ef659f59b738dbf66bcbf75a4ec54a1
		deviceClass:                iPhone
		deviceName:                 烟雾弹
		deviceIdentifier:           e6d787265ef659f59b738dbf66bcbf75a4ec54a1
		productVersion:             13.2.2
		buildVersion:               17B102
		deviceSoftwareVersion:      13.2.2 (17B102)
		deviceArchitecture:         arm64
		deviceTotalCapacity:        122728800256
		deviceAvailableCapacity:    97967312896
		deviceIsTransient:          NO
		ignored:                    NO
		deviceIsBusy:               NO
		deviceIsPaired:             YES
		deviceIsActivated:          YES
		deviceActivationState:      Activated
		isPasscodeLocked:           NO
		deviceType:                 <DVTDeviceType:0x7fcf39cc8a80 Xcode.DeviceType.iPhone>
		supportedDeviceFamilies:    (
    1
)
		applications:              (null)
		provisioningProfiles:      (null)
		hasInternalSupport:        NO
		hasWritableSystem:         NO
		isSupportedOS:             YES
		bootArgs:                  (null)
		nextBootArgs:              (null)
		connected:                 YES
		isWirelessEnabled:         NO
		connectionType:            direct
		hostname:                  yanwudan.local.
		bonjourServiceName:        1c:5c:f2:b1:d0:2e@fe80::1e5c:f2ff:feb1:d02e._apple-mobdev2._tcp.local.
		activeProxiedDevice:       (null)
		} (13.2.2 (17B102))
2019-12-25 14:21:44.305 xcodebuild[4516:98352] [MT] IDETestOperationsObserverDebug: (8EA15F36-BDFD-42E4-AA22-45E8DF2EE4EB) Finished requesting crash reports. Continuing with testing.
*** If you believe this error represents a bug, please attach the result bundle at /Users/faz/Library/Developer/Xcode/DerivedData/WebDriverAgent-aiaejbhejflmruhkhsmeebmhbaia/Logs/Test/Test-WebDriverAgentRunner-2019.12.25_14-21-43-+0800.xcresult
2019-12-25 14:21:44.323 xcodebuild[4516:98352] [MT] IDETestOperationsObserverDebug: 0.199 elapsed -- Testing started completed.
2019-12-25 14:21:44.323 xcodebuild[4516:98352] [MT] IDETestOperationsObserverDebug: 0.000 sec, +0.000 sec -- start
2019-12-25 14:21:44.323 xcodebuild[4516:98352] [MT] IDETestOperationsObserverDebug: 0.199 sec, +0.199 sec -- end
2019-12-25 14:21:44.325 xcodebuild[4516:98352] Error Domain=NSCocoaErrorDomain Code=260 "The file “WebDriverAgentRunner-Runner.app” couldn’t be opened because there is no such file." UserInfo={NSFilePath=/Users/faz/Library/Developer/Xcode/DerivedData/WebDriverAgent-aiaejbhejflmruhkhsmeebmhbaia/Build/Products/Debug-iphoneos/WebDriverAgentRunner-Runner.app, NSUnderlyingError=0x7fcf3a4e5280 {Error Domain=NSPOSIXErrorDomain Code=2 "No such file or directory"}}
Test session results, code coverage, and logs:
	/Users/faz/Library/Developer/Xcode/DerivedData/WebDriverAgent-aiaejbhejflmruhkhsmeebmhbaia/Logs/Test/Test-WebDriverAgentRunner-2019.12.25_14-21-43-+0800.xcresult
Testing started on '烟雾弹'
Testing failed:
	Signing for "WebDriverAgentRunner" requires a development team. Select a development team in the Signing & Capabilities editor.
	WebDriverAgentRunner:
		WebDriverAgentRunner-Runner.app encountered an error (Failed to install or launch the test runner. (Underlying error: The file “WebDriverAgentRunner-Runner.app” couldn’t be opened because there is no such file. The file doesn’t exist. (Underlying error: The operation couldn’t be completed. No such file or directory)))
** TEST EXECUTE FAILED **. Make sure you follow the tutorial at https://github.com/appium/appium-xcuitest-driver/blob/master/docs/real-device-config.md. Try to remove the WebDriverAgentRunner application from the device if it is installed and reboot the device.
    at getResponseForW3CError (/usr/local/lib/node_modules/appium/node_modules/appium-base-driver/lib/protocol/errors.js:804:9)
    at asyncHandler (/usr/local/lib/node_modules/appium/node_modules/appium-base-driver/lib/protocol/protocol.js:388:37)
	at org.openqa.selenium.remote.W3CHandshakeResponse.lambda$errorHandler$0(W3CHandshakeResponse.java:62)
	at org.openqa.selenium.remote.HandshakeResponse.lambda$getResponseFunction$0(HandshakeResponse.java:30)
	at org.openqa.selenium.remote.ProtocolHandshake.lambda$createSession$0(ProtocolHandshake.java:126)
	at org.openqa.selenium.remote.ProtocolHandshake.createSession(ProtocolHandshake.java:128)
	... 39 more
)

2019-12-25 14:21:24 - [MESSAGE][INFO] - User set preference: ['deviceId', '']

2019-12-25 14:21:35 - [MESSAGE][WARNING] - Failed to start ios_webkit_debug_proxy on default port 27753

2019-12-25 14:21:35 - [MESSAGE][INFO] - Start paring with device: e6d787265ef659f59b738dbf66bcbf75a4ec54a1 ...

2019-12-25 14:21:35 - [MESSAGE][INFO] - Device e6d787265ef659f59b738dbf66bcbf75a4ec54a1 is paired

2019-12-25 14:21:37 - [MESSAGE][INFO] - Appium server started on port 50,043

2019-12-25 14:21:49 - [MESSAGE][FAILED] - Unable to start app with application ID: 'com.goldlokedu.app' (Root cause: org.openqa.selenium.SessionNotCreatedException: Unable to create a new remote session. Please check the server log for more details. Original error: An unknown server-side error occurred while processing the command. Original error: Unable to launch WebDriverAgent because of xcodebuild failure: xcodebuild failed with code 65
xcodebuild error message:

2019-12-25 14:21:44.109 xcodebuild[4516:98354] Error writing xctestrun file: Error Domain=NSCocoaErrorDomain Code=4 "The folder “WebDriverAgentRunner_iphoneos13.2-arm64.xctestrun” doesn’t exist." UserInfo={NSFilePath=/Users/faz/Library/Developer/Xcode/DerivedData/WebDriverAgent-aiaejbhejflmruhkhsmeebmhbaia/Build/Products/WebDriverAgentRunner_iphoneos13.2-arm64.xctestrun, NSUserStringVariant=Folder, NSUnderlyingError=0x7fcf39fe2270 {Error Domain=NSPOSIXErrorDomain Code=2 "No such file or directory"}}
** TEST BUILD FAILED **
2019-12-25 14:21:44.133 xcodebuild[4516:98353]  IDETestOperationsObserverDebug: Writing diagnostic log for test session to:
/Users/faz/Library/Developer/Xcode/DerivedData/WebDriverAgent-aiaejbhejflmruhkhsmeebmhbaia/Logs/Test/Test-WebDriverAgentRunner-2019.12.25_14-21-43-+0800.xcresult/Staging/2_Test/Diagnostics/WebDriverAgentRunner-36AA6A3E-E0CE-4DAF-9A5C-DB58FBDF1225/WebDriverAgentRunner-1C9E1ECC-3AE0-4C7C-B816-D11065163395/Session-WebDriverAgentRunner-2019-12-25_142144-EGOQqD.log
2019-12-25 14:21:44.136 xcodebuild[4516:98352] [MT] IDETestOperationsObserverDebug: (8EA15F36-BDFD-42E4-AA22-45E8DF2EE4EB) Beginning test session WebDriverAgentRunner-8EA15F36-BDFD-42E4-AA22-45E8DF2EE4EB at 2019-12-25 14:21:44.134 with Xcode 11C29 on target 📱<DVTiOSDevice (0x7fcf3a2aadf0), 烟雾弹, iPhone, 13.2.2 (17B102), e6d787265ef659f59b738dbf66bcbf75a4ec54a1> {
		deviceSerialNumber:         DNPQTPW4GRY7
		identifier:                 e6d787265ef659f59b738dbf66bcbf75a4ec54a1
		deviceClass:                iPhone
		deviceName:                 烟雾弹
		deviceIdentifier:           e6d787265ef659f59b738dbf66bcbf75a4ec54a1
		productVersion:             13.2.2
		buildVersion:               17B102
		deviceSoftwareVersion:      13.2.2 (17B102)
		deviceArchitecture:         arm64
		deviceTotalCapacity:        122728800256
		deviceAvailableCapacity:    97967312896
		deviceIsTransient:          NO
		ignored:                    NO
		deviceIsBusy:               NO
		deviceIsPaired:             YES
		deviceIsActivated:          YES
		deviceActivationState:      Activated
		isPasscodeLocked:           NO
		deviceType:                 <DVTDeviceType:0x7fcf39cc8a80 Xcode.DeviceType.iPhone>
		supportedDeviceFamilies:    (
    1
)
		applications:              (null)
		provisioningProfiles:      (null)
		hasInternalSupport:        NO
		hasWritableSystem:         NO
		isSupportedOS:             YES
		bootArgs:                  (null)
		nextBootArgs:              (null)
		connected:                 YES
		isWirelessEnabled:         NO
		connectionType:            direct
		hostname:                  yanwudan.local.
		bonjourServiceName:        1c:5c:f2:b1:d0:2e@fe80::1e5c:f2ff:feb1:d02e._apple-mobdev2._tcp.local.
		activeProxiedDevice:       (null)
		} (13.2.2 (17B102))
2019-12-25 14:21:44.305 xcodebuild[4516:98352] [MT] IDETestOperationsObserverDebug: (8EA15F36-BDFD-42E4-AA22-45E8DF2EE4EB) Finished requesting crash reports. Continuing with testing.
*** If you believe this error represents a bug, please attach the result bundle at /Users/faz/Library/Developer/Xcode/DerivedData/WebDriverAgent-aiaejbhejflmruhkhsmeebmhbaia/Logs/Test/Test-WebDriverAgentRunner-2019.12.25_14-21-43-+0800.xcresult
2019-12-25 14:21:44.323 xcodebuild[4516:98352] [MT] IDETestOperationsObserverDebug: 0.199 elapsed -- Testing started completed.
2019-12-25 14:21:44.323 xcodebuild[4516:98352] [MT] IDETestOperationsObserverDebug: 0.000 sec, +0.000 sec -- start
2019-12-25 14:21:44.323 xcodebuild[4516:98352] [MT] IDETestOperationsObserverDebug: 0.199 sec, +0.199 sec -- end
2019-12-25 14:21:44.325 xcodebuild[4516:98352] Error Domain=NSCocoaErrorDomain Code=260 "The file “WebDriverAgentRunner-Runner.app” couldn’t be opened because there is no such file." UserInfo={NSFilePath=/Users/faz/Library/Developer/Xcode/DerivedData/WebDriverAgent-aiaejbhejflmruhkhsmeebmhbaia/Build/Products/Debug-iphoneos/WebDriverAgentRunner-Runner.app, NSUnderlyingError=0x7fcf3a4e5280 {Error Domain=NSPOSIXErrorDomain Code=2 "No such file or directory"}}
Test session results, code coverage, and logs:
	/Users/faz/Library/Developer/Xcode/DerivedData/WebDriverAgent-aiaejbhejflmruhkhsmeebmhbaia/Logs/Test/Test-WebDriverAgentRunner-2019.12.25_14-21-43-+0800.xcresult
Testing started on '烟雾弹'
Testing failed:
	Signing for "WebDriverAgentRunner" requires a development team. Select a development team in the Signing & Capabilities editor.
	WebDriverAgentRunner:
		WebDriverAgentRunner-Runner.app encountered an error (Failed to install or launch the test runner. (Underlying error: The file “WebDriverAgentRunner-Runner.app” couldn’t be opened because there is no such file. The file doesn’t exist. (Underlying error: The operation couldn’t be completed. No such file or directory)))
** TEST EXECUTE FAILED **. Make sure you follow the tutorial at https://github.com/appium/appium-xcuitest-driver/blob/master/docs/real-device-config.md. Try to remove the WebDriverAgentRunner application from the device if it is installed and reboot the device.
Build info: version: '3.141.59', revision: 'e82be7d358', time: '2018-11-14T08:25:53'
System info: host: 'FazAiZhongdeMacBook-Pro.local', ip: '192.168.2.28', os.name: 'Mac OS X', os.arch: 'x86_64', os.version: '10.14.6', java.version: '1.8.0_181'
Driver info: driver.version: MobileDriverFactory$startMobileDriver
remote stacktrace: UnknownError: An unknown server-side error occurred while processing the command. Original error: Unable to launch WebDriverAgent because of xcodebuild failure: xcodebuild failed with code 65
xcodebuild error message:

2019-12-25 14:21:44.109 xcodebuild[4516:98354] Error writing xctestrun file: Error Domain=NSCocoaErrorDomain Code=4 "The folder “WebDriverAgentRunner_iphoneos13.2-arm64.xctestrun” doesn’t exist." UserInfo={NSFilePath=/Users/faz/Library/Developer/Xcode/DerivedData/WebDriverAgent-aiaejbhejflmruhkhsmeebmhbaia/Build/Products/WebDriverAgentRunner_iphoneos13.2-arm64.xctestrun, NSUserStringVariant=Folder, NSUnderlyingError=0x7fcf39fe2270 {Error Domain=NSPOSIXErrorDomain Code=2 "No such file or directory"}}
** TEST BUILD FAILED **
2019-12-25 14:21:44.133 xcodebuild[4516:98353]  IDETestOperationsObserverDebug: Writing diagnostic log for test session to:
/Users/faz/Library/Developer/Xcode/DerivedData/WebDriverAgent-aiaejbhejflmruhkhsmeebmhbaia/Logs/Test/Test-WebDriverAgentRunner-2019.12.25_14-21-43-+0800.xcresult/Staging/2_Test/Diagnostics/WebDriverAgentRunner-36AA6A3E-E0CE-4DAF-9A5C-DB58FBDF1225/WebDriverAgentRunner-1C9E1ECC-3AE0-4C7C-B816-D11065163395/Session-WebDriverAgentRunner-2019-12-25_142144-EGOQqD.log
2019-12-25 14:21:44.136 xcodebuild[4516:98352] [MT] IDETestOperationsObserverDebug: (8EA15F36-BDFD-42E4-AA22-45E8DF2EE4EB) Beginning test session WebDriverAgentRunner-8EA15F36-BDFD-42E4-AA22-45E8DF2EE4EB at 2019-12-25 14:21:44.134 with Xcode 11C29 on target 📱<DVTiOSDevice (0x7fcf3a2aadf0), 烟雾弹, iPhone, 13.2.2 (17B102), e6d787265ef659f59b738dbf66bcbf75a4ec54a1> {
		deviceSerialNumber:         DNPQTPW4GRY7
		identifier:                 e6d787265ef659f59b738dbf66bcbf75a4ec54a1
		deviceClass:                iPhone
		deviceName:                 烟雾弹
		deviceIdentifier:           e6d787265ef659f59b738dbf66bcbf75a4ec54a1
		productVersion:             13.2.2
		buildVersion:               17B102
		deviceSoftwareVersion:      13.2.2 (17B102)
		deviceArchitecture:         arm64
		deviceTotalCapacity:        122728800256
		deviceAvailableCapacity:    97967312896
		deviceIsTransient:          NO
		ignored:                    NO
		deviceIsBusy:               NO
		deviceIsPaired:             YES
		deviceIsActivated:          YES
		deviceActivationState:      Activated
		isPasscodeLocked:           NO
		deviceType:                 <DVTDeviceType:0x7fcf39cc8a80 Xcode.DeviceType.iPhone>
		supportedDeviceFamilies:    (
    1
)
		applications:              (null)
		provisioningProfiles:      (null)
		hasInternalSupport:        NO
		hasWritableSystem:         NO
		isSupportedOS:             YES
		bootArgs:                  (null)
		nextBootArgs:              (null)
		connected:                 YES
		isWirelessEnabled:         NO
		connectionType:            direct
		hostname:                  yanwudan.local.
		bonjourServiceName:        1c:5c:f2:b1:d0:2e@fe80::1e5c:f2ff:feb1:d02e._apple-mobdev2._tcp.local.
		activeProxiedDevice:       (null)
		} (13.2.2 (17B102))
2019-12-25 14:21:44.305 xcodebuild[4516:98352] [MT] IDETestOperationsObserverDebug: (8EA15F36-BDFD-42E4-AA22-45E8DF2EE4EB) Finished requesting crash reports. Continuing with testing.
*** If you believe this error represents a bug, please attach the result bundle at /Users/faz/Library/Developer/Xcode/DerivedData/WebDriverAgent-aiaejbhejflmruhkhsmeebmhbaia/Logs/Test/Test-WebDriverAgentRunner-2019.12.25_14-21-43-+0800.xcresult
2019-12-25 14:21:44.323 xcodebuild[4516:98352] [MT] IDETestOperationsObserverDebug: 0.199 elapsed -- Testing started completed.
2019-12-25 14:21:44.323 xcodebuild[4516:98352] [MT] IDETestOperationsObserverDebug: 0.000 sec, +0.000 sec -- start
2019-12-25 14:21:44.323 xcodebuild[4516:98352] [MT] IDETestOperationsObserverDebug: 0.199 sec, +0.199 sec -- end
2019-12-25 14:21:44.325 xcodebuild[4516:98352] Error Domain=NSCocoaErrorDomain Code=260 "The file “WebDriverAgentRunner-Runner.app” couldn’t be opened because there is no such file." UserInfo={NSFilePath=/Users/faz/Library/Developer/Xcode/DerivedData/WebDriverAgent-aiaejbhejflmruhkhsmeebmhbaia/Build/Products/Debug-iphoneos/WebDriverAgentRunner-Runner.app, NSUnderlyingError=0x7fcf3a4e5280 {Error Domain=NSPOSIXErrorDomain Code=2 "No such file or directory"}}
Test session results, code coverage, and logs:
	/Users/faz/Library/Developer/Xcode/DerivedData/WebDriverAgent-aiaejbhejflmruhkhsmeebmhbaia/Logs/Test/Test-WebDriverAgentRunner-2019.12.25_14-21-43-+0800.xcresult
Testing started on '烟雾弹'
Testing failed:
	Signing for "WebDriverAgentRunner" requires a development team. Select a development team in the Signing & Capabilities editor.
	WebDriverAgentRunner:
		WebDriverAgentRunner-Runner.app encountered an error (Failed to install or launch the test runner. (Underlying error: The file “WebDriverAgentRunner-Runner.app” couldn’t be opened because there is no such file. The file doesn’t exist. (Underlying error: The operation couldn’t be completed. No such file or directory)))
** TEST EXECUTE FAILED **. Make sure you follow the tutorial at https://github.com/appium/appium-xcuitest-driver/blob/master/docs/real-device-config.md. Try to remove the WebDriverAgentRunner application from the device if it is installed and reboot the device.
    at getResponseForW3CError (/usr/local/lib/node_modules/appium/node_modules/appium-base-driver/lib/protocol/errors.js:804:9)
    at asyncHandler (/usr/local/lib/node_modules/appium/node_modules/appium-base-driver/lib/protocol/protocol.js:388:37)
Build info: version: '3.141.59', revision: 'e82be7d358', time: '2018-11-14T08:25:53'
System info: host: 'FazAiZhongdeMacBook-Pro.local', ip: '192.168.2.28', os.name: 'Mac OS X', os.arch: 'x86_64', os.version: '10.14.6', java.version: '1.8.0_181'
Driver info: driver.version: MobileDriverFactory$startMobileDriver
	at io.appium.java_client.remote.AppiumCommandExecutor$1.createSession(AppiumCommandExecutor.java:208)
	at io.appium.java_client.remote.AppiumCommandExecutor.createSession(AppiumCommandExecutor.java:217)
	at io.appium.java_client.remote.AppiumCommandExecutor.execute(AppiumCommandExecutor.java:239)
	at org.openqa.selenium.remote.RemoteWebDriver.execute(RemoteWebDriver.java:552)
	at io.appium.java_client.DefaultGenericMobileDriver.execute(DefaultGenericMobileDriver.java:42)
	at io.appium.java_client.AppiumDriver.execute(AppiumDriver.java:1)
	at io.appium.java_client.ios.IOSDriver.execute(IOSDriver.java:1)
	at org.openqa.selenium.remote.RemoteWebDriver.startSession(RemoteWebDriver.java:213)
	at org.openqa.selenium.remote.RemoteWebDriver.<init>(RemoteWebDriver.java:131)
	at io.appium.java_client.DefaultGenericMobileDriver.<init>(DefaultGenericMobileDriver.java:38)
	at io.appium.java_client.AppiumDriver.<init>(AppiumDriver.java:84)
	at io.appium.java_client.ios.IOSDriver.<init>(IOSDriver.java:85)
	at com.kms.katalon.core.appium.driver.AppiumDriverManager.createMobileDriver(AppiumDriverManager.java:495)
	at com.kms.katalon.core.appium.driver.AppiumDriverManager.createMobileDriver(AppiumDriverManager.java:479)
	at com.kms.katalon.core.mobile.keyword.internal.MobileDriverFactory.startMobileDriver(MobileDriverFactory.java:339)
	at com.kms.katalon.core.mobile.keyword.internal.MobileDriverFactory$startMobileDriver.call(Unknown Source)
	at com.kms.katalon.core.mobile.keyword.builtin.StartExistingApplicationKeyword$_startApplication_closure1.doCall(StartExistingApplicationKeyword.groovy:40)
	at com.kms.katalon.core.mobile.keyword.builtin.StartExistingApplicationKeyword$_startApplication_closure1.doCall(StartExistingApplicationKeyword.groovy)
	at com.kms.katalon.core.mobile.keyword.internal.MobileKeywordMain.runKeyword(MobileKeywordMain.groovy:21)
	at com.kms.katalon.core.mobile.keyword.internal.MobileKeywordMain$runKeyword.call(Unknown Source)
	at com.kms.katalon.core.mobile.keyword.builtin.StartExistingApplicationKeyword.startApplication(StartExistingApplicationKeyword.groovy:43)
	at com.kms.katalon.core.mobile.keyword.builtin.StartExistingApplicationKeyword.execute(StartExistingApplicationKeyword.groovy:34)
	at com.kms.katalon.core.keyword.internal.KeywordExecutor.executeKeywordForPlatform(KeywordExecutor.groovy:72)
	at com.kms.katalon.core.mobile.keyword.MobileBuiltInKeywords.startExistingApplication(MobileBuiltInKeywords.groovy:89)
	at com.kms.katalon.core.mobile.keyword.MobileBuiltInKeywords$startExistingApplication.call(Unknown Source)
	at choose_puning.run(choose_puning:17)
	at com.kms.katalon.core.main.ScriptEngine.run(ScriptEngine.java:194)
	at com.kms.katalon.core.main.ScriptEngine.runScriptAsRawText(ScriptEngine.java:119)
	at com.kms.katalon.core.main.TestCaseExecutor.runScript(TestCaseExecutor.java:337)
	at com.kms.katalon.core.main.TestCaseExecutor.doExecute(TestCaseExecutor.java:328)
	at com.kms.katalon.core.main.TestCaseExecutor.processExecutionPhase(TestCaseExecutor.java:307)
	at com.kms.katalon.core.main.TestCaseExecutor.accessMainPhase(TestCaseExecutor.java:299)
	at com.kms.katalon.core.main.TestCaseExecutor.execute(TestCaseExecutor.java:233)
	at com.kms.katalon.core.main.TestSuiteExecutor.accessTestCaseMainPhase(TestSuiteExecutor.java:169)
	at com.kms.katalon.core.main.TestSuiteExecutor.accessTestSuiteMainPhase(TestSuiteExecutor.java:142)
	at com.kms.katalon.core.main.TestSuiteExecutor.execute(TestSuiteExecutor.java:91)
	at com.kms.katalon.core.main.TestCaseMain.startTestSuite(TestCaseMain.java:157)
	at com.kms.katalon.core.main.TestCaseMain$startTestSuite$0.call(Unknown Source)
	at TempTestSuite1577254872853.run(TempTestSuite1577254872853.groovy:36)
Caused by: java.lang.reflect.InvocationTargetException
	at io.appium.java_client.remote.AppiumCommandExecutor$1.createSession(AppiumCommandExecutor.java:186)
	at io.appium.java_client.remote.AppiumCommandExecutor.createSession(AppiumCommandExecutor.java:217)
	at io.appium.java_client.remote.AppiumCommandExecutor.execute(AppiumCommandExecutor.java:239)
	at org.openqa.selenium.remote.RemoteWebDriver.execute(RemoteWebDriver.java:552)
	at io.appium.java_client.DefaultGenericMobileDriver.execute(DefaultGenericMobileDriver.java:42)
	at io.appium.java_client.AppiumDriver.execute(AppiumDriver.java:1)
	at io.appium.java_client.ios.IOSDriver.execute(IOSDriver.java:1)
	at org.openqa.selenium.remote.RemoteWebDriver.startSession(RemoteWebDriver.java:213)
	at org.openqa.selenium.remote.RemoteWebDriver.<init>(RemoteWebDriver.java:131)
	at io.appium.java_client.DefaultGenericMobileDriver.<init>(DefaultGenericMobileDriver.java:38)
	at io.appium.java_client.AppiumDriver.<init>(AppiumDriver.java:84)
	at io.appium.java_client.ios.IOSDriver.<init>(IOSDriver.java:85)
	at com.kms.katalon.core.appium.driver.AppiumDriverManager.createMobileDriver(AppiumDriverManager.java:495)
	at com.kms.katalon.core.appium.driver.AppiumDriverManager.createMobileDriver(AppiumDriverManager.java:479)
	at com.kms.katalon.core.mobile.keyword.internal.MobileDriverFactory.startMobileDriver(MobileDriverFactory.java:339)
	at com.kms.katalon.core.mobile.keyword.internal.MobileDriverFactory$startMobileDriver.call(Unknown Source)
	at com.kms.katalon.core.mobile.keyword.builtin.StartExistingApplicationKeyword$_startApplication_closure1.doCall(StartExistingApplicationKeyword.groovy:40)
	at com.kms.katalon.core.mobile.keyword.builtin.StartExistingApplicationKeyword$_startApplication_closure1.doCall(StartExistingApplicationKeyword.groovy)
	at com.kms.katalon.core.mobile.keyword.internal.MobileKeywordMain.runKeyword(MobileKeywordMain.groovy:21)
	at com.kms.katalon.core.mobile.keyword.internal.MobileKeywordMain$runKeyword.call(Unknown Source)
	at com.kms.katalon.core.mobile.keyword.builtin.StartExistingApplicationKeyword.startApplication(StartExistingApplicationKeyword.groovy:43)
	at com.kms.katalon.core.mobile.keyword.builtin.StartExistingApplicationKeyword.execute(StartExistingApplicationKeyword.groovy:34)
	at com.kms.katalon.core.keyword.internal.KeywordExecutor.executeKeywordForPlatform(KeywordExecutor.groovy:72)
	at com.kms.katalon.core.mobile.keyword.MobileBuiltInKeywords.startExistingApplication(MobileBuiltInKeywords.groovy:89)
	at com.kms.katalon.core.mobile.keyword.MobileBuiltInKeywords$startExistingApplication.call(Unknown Source)
	at Script1575874101227.run(Script1575874101227.groovy:17)
	... 13 more
Caused by: org.openqa.selenium.WebDriverException: An unknown server-side error occurred while processing the command. Original error: Unable to launch WebDriverAgent because of xcodebuild failure: xcodebuild failed with code 65
xcodebuild error message:

2019-12-25 14:21:44.109 xcodebuild[4516:98354] Error writing xctestrun file: Error Domain=NSCocoaErrorDomain Code=4 "The folder “WebDriverAgentRunner_iphoneos13.2-arm64.xctestrun” doesn’t exist." UserInfo={NSFilePath=/Users/faz/Library/Developer/Xcode/DerivedData/WebDriverAgent-aiaejbhejflmruhkhsmeebmhbaia/Build/Products/WebDriverAgentRunner_iphoneos13.2-arm64.xctestrun, NSUserStringVariant=Folder, NSUnderlyingError=0x7fcf39fe2270 {Error Domain=NSPOSIXErrorDomain Code=2 "No such file or directory"}}
** TEST BUILD FAILED **
2019-12-25 14:21:44.133 xcodebuild[4516:98353]  IDETestOperationsObserverDebug: Writing diagnostic log for test session to:
/Users/faz/Library/Developer/Xcode/DerivedData/WebDriverAgent-aiaejbhejflmruhkhsmeebmhbaia/Logs/Test/Test-WebDriverAgentRunner-2019.12.25_14-21-43-+0800.xcresult/Staging/2_Test/Diagnostics/WebDriverAgentRunner-36AA6A3E-E0CE-4DAF-9A5C-DB58FBDF1225/WebDriverAgentRunner-1C9E1ECC-3AE0-4C7C-B816-D11065163395/Session-WebDriverAgentRunner-2019-12-25_142144-EGOQqD.log
2019-12-25 14:21:44.136 xcodebuild[4516:98352] [MT] IDETestOperationsObserverDebug: (8EA15F36-BDFD-42E4-AA22-45E8DF2EE4EB) Beginning test session WebDriverAgentRunner-8EA15F36-BDFD-42E4-AA22-45E8DF2EE4EB at 2019-12-25 14:21:44.134 with Xcode 11C29 on target 📱<DVTiOSDevice (0x7fcf3a2aadf0), 烟雾弹, iPhone, 13.2.2 (17B102), e6d787265ef659f59b738dbf66bcbf75a4ec54a1> {
		deviceSerialNumber:         DNPQTPW4GRY7
		identifier:                 e6d787265ef659f59b738dbf66bcbf75a4ec54a1
		deviceClass:                iPhone
		deviceName:                 烟雾弹
		deviceIdentifier:           e6d787265ef659f59b738dbf66bcbf75a4ec54a1
		productVersion:             13.2.2
		buildVersion:               17B102
		deviceSoftwareVersion:      13.2.2 (17B102)
		deviceArchitecture:         arm64
		deviceTotalCapacity:        122728800256
		deviceAvailableCapacity:    97967312896
		deviceIsTransient:          NO
		ignored:                    NO
		deviceIsBusy:               NO
		deviceIsPaired:             YES
		deviceIsActivated:          YES
		deviceActivationState:      Activated
		isPasscodeLocked:           NO
		deviceType:                 <DVTDeviceType:0x7fcf39cc8a80 Xcode.DeviceType.iPhone>
		supportedDeviceFamilies:    (
    1
)
		applications:              (null)
		provisioningProfiles:      (null)
		hasInternalSupport:        NO
		hasWritableSystem:         NO
		isSupportedOS:             YES
		bootArgs:                  (null)
		nextBootArgs:              (null)
		connected:                 YES
		isWirelessEnabled:         NO
		connectionType:            direct
		hostname:                  yanwudan.local.
		bonjourServiceName:        1c:5c:f2:b1:d0:2e@fe80::1e5c:f2ff:feb1:d02e._apple-mobdev2._tcp.local.
		activeProxiedDevice:       (null)
		} (13.2.2 (17B102))
2019-12-25 14:21:44.305 xcodebuild[4516:98352] [MT] IDETestOperationsObserverDebug: (8EA15F36-BDFD-42E4-AA22-45E8DF2EE4EB) Finished requesting crash reports. Continuing with testing.
*** If you believe this error represents a bug, please attach the result bundle at /Users/faz/Library/Developer/Xcode/DerivedData/WebDriverAgent-aiaejbhejflmruhkhsmeebmhbaia/Logs/Test/Test-WebDriverAgentRunner-2019.12.25_14-21-43-+0800.xcresult
2019-12-25 14:21:44.323 xcodebuild[4516:98352] [MT] IDETestOperationsObserverDebug: 0.199 elapsed -- Testing started completed.
2019-12-25 14:21:44.323 xcodebuild[4516:98352] [MT] IDETestOperationsObserverDebug: 0.000 sec, +0.000 sec -- start
2019-12-25 14:21:44.323 xcodebuild[4516:98352] [MT] IDETestOperationsObserverDebug: 0.199 sec, +0.199 sec -- end
2019-12-25 14:21:44.325 xcodebuild[4516:98352] Error Domain=NSCocoaErrorDomain Code=260 "The file “WebDriverAgentRunner-Runner.app” couldn’t be opened because there is no such file." UserInfo={NSFilePath=/Users/faz/Library/Developer/Xcode/DerivedData/WebDriverAgent-aiaejbhejflmruhkhsmeebmhbaia/Build/Products/Debug-iphoneos/WebDriverAgentRunner-Runner.app, NSUnderlyingError=0x7fcf3a4e5280 {Error Domain=NSPOSIXErrorDomain Code=2 "No such file or directory"}}
Test session results, code coverage, and logs:
	/Users/faz/Library/Developer/Xcode/DerivedData/WebDriverAgent-aiaejbhejflmruhkhsmeebmhbaia/Logs/Test/Test-WebDriverAgentRunner-2019.12.25_14-21-43-+0800.xcresult
Testing started on '烟雾弹'
Testing failed:
	Signing for "WebDriverAgentRunner" requires a development team. Select a development team in the Signing & Capabilities editor.
	WebDriverAgentRunner:
		WebDriverAgentRunner-Runner.app encountered an error (Failed to install or launch the test runner. (Underlying error: The file “WebDriverAgentRunner-Runner.app” couldn’t be opened because there is no such file. The file doesn’t exist. (Underlying error: The operation couldn’t be completed. No such file or directory)))
** TEST EXECUTE FAILED **. Make sure you follow the tutorial at https://github.com/appium/appium-xcuitest-driver/blob/master/docs/real-device-config.md. Try to remove the WebDriverAgentRunner application from the device if it is installed and reboot the device.
Build info: version: '3.141.59', revision: 'e82be7d358', time: '2018-11-14T08:25:53'
System info: host: 'FazAiZhongdeMacBook-Pro.local', ip: '192.168.2.28', os.name: 'Mac OS X', os.arch: 'x86_64', os.version: '10.14.6', java.version: '1.8.0_181'
Driver info: driver.version: MobileDriverFactory$startMobileDriver
remote stacktrace: UnknownError: An unknown server-side error occurred while processing the command. Original error: Unable to launch WebDriverAgent because of xcodebuild failure: xcodebuild failed with code 65
xcodebuild error message:

2019-12-25 14:21:44.109 xcodebuild[4516:98354] Error writing xctestrun file: Error Domain=NSCocoaErrorDomain Code=4 "The folder “WebDriverAgentRunner_iphoneos13.2-arm64.xctestrun” doesn’t exist." UserInfo={NSFilePath=/Users/faz/Library/Developer/Xcode/DerivedData/WebDriverAgent-aiaejbhejflmruhkhsmeebmhbaia/Build/Products/WebDriverAgentRunner_iphoneos13.2-arm64.xctestrun, NSUserStringVariant=Folder, NSUnderlyingError=0x7fcf39fe2270 {Error Domain=NSPOSIXErrorDomain Code=2 "No such file or directory"}}
** TEST BUILD FAILED **
2019-12-25 14:21:44.133 xcodebuild[4516:98353]  IDETestOperationsObserverDebug: Writing diagnostic log for test session to:
/Users/faz/Library/Developer/Xcode/DerivedData/WebDriverAgent-aiaejbhejflmruhkhsmeebmhbaia/Logs/Test/Test-WebDriverAgentRunner-2019.12.25_14-21-43-+0800.xcresult/Staging/2_Test/Diagnostics/WebDriverAgentRunner-36AA6A3E-E0CE-4DAF-9A5C-DB58FBDF1225/WebDriverAgentRunner-1C9E1ECC-3AE0-4C7C-B816-D11065163395/Session-WebDriverAgentRunner-2019-12-25_142144-EGOQqD.log
2019-12-25 14:21:44.136 xcodebuild[4516:98352] [MT] IDETestOperationsObserverDebug: (8EA15F36-BDFD-42E4-AA22-45E8DF2EE4EB) Beginning test session WebDriverAgentRunner-8EA15F36-BDFD-42E4-AA22-45E8DF2EE4EB at 2019-12-25 14:21:44.134 with Xcode 11C29 on target 📱<DVTiOSDevice (0x7fcf3a2aadf0), 烟雾弹, iPhone, 13.2.2 (17B102), e6d787265ef659f59b738dbf66bcbf75a4ec54a1> {
		deviceSerialNumber:         DNPQTPW4GRY7
		identifier:                 e6d787265ef659f59b738dbf66bcbf75a4ec54a1
		deviceClass:                iPhone
		deviceName:                 烟雾弹
		deviceIdentifier:           e6d787265ef659f59b738dbf66bcbf75a4ec54a1
		productVersion:             13.2.2
		buildVersion:               17B102
		deviceSoftwareVersion:      13.2.2 (17B102)
		deviceArchitecture:         arm64
		deviceTotalCapacity:        122728800256
		deviceAvailableCapacity:    97967312896
		deviceIsTransient:          NO
		ignored:                    NO
		deviceIsBusy:               NO
		deviceIsPaired:             YES
		deviceIsActivated:          YES
		deviceActivationState:      Activated
		isPasscodeLocked:           NO
		deviceType:                 <DVTDeviceType:0x7fcf39cc8a80 Xcode.DeviceType.iPhone>
		supportedDeviceFamilies:    (
    1
)
		applications:              (null)
		provisioningProfiles:      (null)
		hasInternalSupport:        NO
		hasWritableSystem:         NO
		isSupportedOS:             YES
		bootArgs:                  (null)
		nextBootArgs:              (null)
		connected:                 YES
		isWirelessEnabled:         NO
		connectionType:            direct
		hostname:                  yanwudan.local.
		bonjourServiceName:        1c:5c:f2:b1:d0:2e@fe80::1e5c:f2ff:feb1:d02e._apple-mobdev2._tcp.local.
		activeProxiedDevice:       (null)
		} (13.2.2 (17B102))
2019-12-25 14:21:44.305 xcodebuild[4516:98352] [MT] IDETestOperationsObserverDebug: (8EA15F36-BDFD-42E4-AA22-45E8DF2EE4EB) Finished requesting crash reports. Continuing with testing.
*** If you believe this error represents a bug, please attach the result bundle at /Users/faz/Library/Developer/Xcode/DerivedData/WebDriverAgent-aiaejbhejflmruhkhsmeebmhbaia/Logs/Test/Test-WebDriverAgentRunner-2019.12.25_14-21-43-+0800.xcresult
2019-12-25 14:21:44.323 xcodebuild[4516:98352] [MT] IDETestOperationsObserverDebug: 0.199 elapsed -- Testing started completed.
2019-12-25 14:21:44.323 xcodebuild[4516:98352] [MT] IDETestOperationsObserverDebug: 0.000 sec, +0.000 sec -- start
2019-12-25 14:21:44.323 xcodebuild[4516:98352] [MT] IDETestOperationsObserverDebug: 0.199 sec, +0.199 sec -- end
2019-12-25 14:21:44.325 xcodebuild[4516:98352] Error Domain=NSCocoaErrorDomain Code=260 "The file “WebDriverAgentRunner-Runner.app” couldn’t be opened because there is no such file." UserInfo={NSFilePath=/Users/faz/Library/Developer/Xcode/DerivedData/WebDriverAgent-aiaejbhejflmruhkhsmeebmhbaia/Build/Products/Debug-iphoneos/WebDriverAgentRunner-Runner.app, NSUnderlyingError=0x7fcf3a4e5280 {Error Domain=NSPOSIXErrorDomain Code=2 "No such file or directory"}}
Test session results, code coverage, and logs:
	/Users/faz/Library/Developer/Xcode/DerivedData/WebDriverAgent-aiaejbhejflmruhkhsmeebmhbaia/Logs/Test/Test-WebDriverAgentRunner-2019.12.25_14-21-43-+0800.xcresult
Testing started on '烟雾弹'
Testing failed:
	Signing for "WebDriverAgentRunner" requires a development team. Select a development team in the Signing & Capabilities editor.
	WebDriverAgentRunner:
		WebDriverAgentRunner-Runner.app encountered an error (Failed to install or launch the test runner. (Underlying error: The file “WebDriverAgentRunner-Runner.app” couldn’t be opened because there is no such file. The file doesn’t exist. (Underlying error: The operation couldn’t be completed. No such file or directory)))
** TEST EXECUTE FAILED **. Make sure you follow the tutorial at https://github.com/appium/appium-xcuitest-driver/blob/master/docs/real-device-config.md. Try to remove the WebDriverAgentRunner application from the device if it is installed and reboot the device.
    at getResponseForW3CError (/usr/local/lib/node_modules/appium/node_modules/appium-base-driver/lib/protocol/errors.js:804:9)
    at asyncHandler (/usr/local/lib/node_modules/appium/node_modules/appium-base-driver/lib/protocol/protocol.js:388:37)
	at org.openqa.selenium.remote.W3CHandshakeResponse.lambda$errorHandler$0(W3CHandshakeResponse.java:62)
	at org.openqa.selenium.remote.HandshakeResponse.lambda$getResponseFunction$0(HandshakeResponse.java:30)
	at org.openqa.selenium.remote.ProtocolHandshake.lambda$createSession$0(ProtocolHandshake.java:126)
	at org.openqa.selenium.remote.ProtocolHandshake.createSession(ProtocolHandshake.java:128)
	... 39 more
)]]></system-out>
         <system-err><![CDATA[2019-12-25 14:21:23 - [TEST_CASE][FAILED] - Test Cases/IOS App/Public Module/Choose City/choose_puning: Test Cases/IOS App/Public Module/Choose City/choose_puning FAILED.
Reason:
com.kms.katalon.core.exception.StepFailedException: Unable to start app with application ID: 'com.goldlokedu.app' (Root cause: org.openqa.selenium.SessionNotCreatedException: Unable to create a new remote session. Please check the server log for more details. Original error: An unknown server-side error occurred while processing the command. Original error: Unable to launch WebDriverAgent because of xcodebuild failure: xcodebuild failed with code 65
xcodebuild error message:

2019-12-25 14:21:44.109 xcodebuild[4516:98354] Error writing xctestrun file: Error Domain=NSCocoaErrorDomain Code=4 "The folder “WebDriverAgentRunner_iphoneos13.2-arm64.xctestrun” doesn’t exist." UserInfo={NSFilePath=/Users/faz/Library/Developer/Xcode/DerivedData/WebDriverAgent-aiaejbhejflmruhkhsmeebmhbaia/Build/Products/WebDriverAgentRunner_iphoneos13.2-arm64.xctestrun, NSUserStringVariant=Folder, NSUnderlyingError=0x7fcf39fe2270 {Error Domain=NSPOSIXErrorDomain Code=2 "No such file or directory"}}
** TEST BUILD FAILED **
2019-12-25 14:21:44.133 xcodebuild[4516:98353]  IDETestOperationsObserverDebug: Writing diagnostic log for test session to:
/Users/faz/Library/Developer/Xcode/DerivedData/WebDriverAgent-aiaejbhejflmruhkhsmeebmhbaia/Logs/Test/Test-WebDriverAgentRunner-2019.12.25_14-21-43-+0800.xcresult/Staging/2_Test/Diagnostics/WebDriverAgentRunner-36AA6A3E-E0CE-4DAF-9A5C-DB58FBDF1225/WebDriverAgentRunner-1C9E1ECC-3AE0-4C7C-B816-D11065163395/Session-WebDriverAgentRunner-2019-12-25_142144-EGOQqD.log
2019-12-25 14:21:44.136 xcodebuild[4516:98352] [MT] IDETestOperationsObserverDebug: (8EA15F36-BDFD-42E4-AA22-45E8DF2EE4EB) Beginning test session WebDriverAgentRunner-8EA15F36-BDFD-42E4-AA22-45E8DF2EE4EB at 2019-12-25 14:21:44.134 with Xcode 11C29 on target 📱<DVTiOSDevice (0x7fcf3a2aadf0), 烟雾弹, iPhone, 13.2.2 (17B102), e6d787265ef659f59b738dbf66bcbf75a4ec54a1> {
		deviceSerialNumber:         DNPQTPW4GRY7
		identifier:                 e6d787265ef659f59b738dbf66bcbf75a4ec54a1
		deviceClass:                iPhone
		deviceName:                 烟雾弹
		deviceIdentifier:           e6d787265ef659f59b738dbf66bcbf75a4ec54a1
		productVersion:             13.2.2
		buildVersion:               17B102
		deviceSoftwareVersion:      13.2.2 (17B102)
		deviceArchitecture:         arm64
		deviceTotalCapacity:        122728800256
		deviceAvailableCapacity:    97967312896
		deviceIsTransient:          NO
		ignored:                    NO
		deviceIsBusy:               NO
		deviceIsPaired:             YES
		deviceIsActivated:          YES
		deviceActivationState:      Activated
		isPasscodeLocked:           NO
		deviceType:                 <DVTDeviceType:0x7fcf39cc8a80 Xcode.DeviceType.iPhone>
		supportedDeviceFamilies:    (
    1
)
		applications:              (null)
		provisioningProfiles:      (null)
		hasInternalSupport:        NO
		hasWritableSystem:         NO
		isSupportedOS:             YES
		bootArgs:                  (null)
		nextBootArgs:              (null)
		connected:                 YES
		isWirelessEnabled:         NO
		connectionType:            direct
		hostname:                  yanwudan.local.
		bonjourServiceName:        1c:5c:f2:b1:d0:2e@fe80::1e5c:f2ff:feb1:d02e._apple-mobdev2._tcp.local.
		activeProxiedDevice:       (null)
		} (13.2.2 (17B102))
2019-12-25 14:21:44.305 xcodebuild[4516:98352] [MT] IDETestOperationsObserverDebug: (8EA15F36-BDFD-42E4-AA22-45E8DF2EE4EB) Finished requesting crash reports. Continuing with testing.
*** If you believe this error represents a bug, please attach the result bundle at /Users/faz/Library/Developer/Xcode/DerivedData/WebDriverAgent-aiaejbhejflmruhkhsmeebmhbaia/Logs/Test/Test-WebDriverAgentRunner-2019.12.25_14-21-43-+0800.xcresult
2019-12-25 14:21:44.323 xcodebuild[4516:98352] [MT] IDETestOperationsObserverDebug: 0.199 elapsed -- Testing started completed.
2019-12-25 14:21:44.323 xcodebuild[4516:98352] [MT] IDETestOperationsObserverDebug: 0.000 sec, +0.000 sec -- start
2019-12-25 14:21:44.323 xcodebuild[4516:98352] [MT] IDETestOperationsObserverDebug: 0.199 sec, +0.199 sec -- end
2019-12-25 14:21:44.325 xcodebuild[4516:98352] Error Domain=NSCocoaErrorDomain Code=260 "The file “WebDriverAgentRunner-Runner.app” couldn’t be opened because there is no such file." UserInfo={NSFilePath=/Users/faz/Library/Developer/Xcode/DerivedData/WebDriverAgent-aiaejbhejflmruhkhsmeebmhbaia/Build/Products/Debug-iphoneos/WebDriverAgentRunner-Runner.app, NSUnderlyingError=0x7fcf3a4e5280 {Error Domain=NSPOSIXErrorDomain Code=2 "No such file or directory"}}
Test session results, code coverage, and logs:
	/Users/faz/Library/Developer/Xcode/DerivedData/WebDriverAgent-aiaejbhejflmruhkhsmeebmhbaia/Logs/Test/Test-WebDriverAgentRunner-2019.12.25_14-21-43-+0800.xcresult
Testing started on '烟雾弹'
Testing failed:
	Signing for "WebDriverAgentRunner" requires a development team. Select a development team in the Signing & Capabilities editor.
	WebDriverAgentRunner:
		WebDriverAgentRunner-Runner.app encountered an error (Failed to install or launch the test runner. (Underlying error: The file “WebDriverAgentRunner-Runner.app” couldn’t be opened because there is no such file. The file doesn’t exist. (Underlying error: The operation couldn’t be completed. No such file or directory)))
** TEST EXECUTE FAILED **. Make sure you follow the tutorial at https://github.com/appium/appium-xcuitest-driver/blob/master/docs/real-device-config.md. Try to remove the WebDriverAgentRunner application from the device if it is installed and reboot the device.
Build info: version: '3.141.59', revision: 'e82be7d358', time: '2018-11-14T08:25:53'
System info: host: 'FazAiZhongdeMacBook-Pro.local', ip: '192.168.2.28', os.name: 'Mac OS X', os.arch: 'x86_64', os.version: '10.14.6', java.version: '1.8.0_181'
Driver info: driver.version: MobileDriverFactory$startMobileDriver
remote stacktrace: UnknownError: An unknown server-side error occurred while processing the command. Original error: Unable to launch WebDriverAgent because of xcodebuild failure: xcodebuild failed with code 65
xcodebuild error message:

2019-12-25 14:21:44.109 xcodebuild[4516:98354] Error writing xctestrun file: Error Domain=NSCocoaErrorDomain Code=4 "The folder “WebDriverAgentRunner_iphoneos13.2-arm64.xctestrun” doesn’t exist." UserInfo={NSFilePath=/Users/faz/Library/Developer/Xcode/DerivedData/WebDriverAgent-aiaejbhejflmruhkhsmeebmhbaia/Build/Products/WebDriverAgentRunner_iphoneos13.2-arm64.xctestrun, NSUserStringVariant=Folder, NSUnderlyingError=0x7fcf39fe2270 {Error Domain=NSPOSIXErrorDomain Code=2 "No such file or directory"}}
** TEST BUILD FAILED **
2019-12-25 14:21:44.133 xcodebuild[4516:98353]  IDETestOperationsObserverDebug: Writing diagnostic log for test session to:
/Users/faz/Library/Developer/Xcode/DerivedData/WebDriverAgent-aiaejbhejflmruhkhsmeebmhbaia/Logs/Test/Test-WebDriverAgentRunner-2019.12.25_14-21-43-+0800.xcresult/Staging/2_Test/Diagnostics/WebDriverAgentRunner-36AA6A3E-E0CE-4DAF-9A5C-DB58FBDF1225/WebDriverAgentRunner-1C9E1ECC-3AE0-4C7C-B816-D11065163395/Session-WebDriverAgentRunner-2019-12-25_142144-EGOQqD.log
2019-12-25 14:21:44.136 xcodebuild[4516:98352] [MT] IDETestOperationsObserverDebug: (8EA15F36-BDFD-42E4-AA22-45E8DF2EE4EB) Beginning test session WebDriverAgentRunner-8EA15F36-BDFD-42E4-AA22-45E8DF2EE4EB at 2019-12-25 14:21:44.134 with Xcode 11C29 on target 📱<DVTiOSDevice (0x7fcf3a2aadf0), 烟雾弹, iPhone, 13.2.2 (17B102), e6d787265ef659f59b738dbf66bcbf75a4ec54a1> {
		deviceSerialNumber:         DNPQTPW4GRY7
		identifier:                 e6d787265ef659f59b738dbf66bcbf75a4ec54a1
		deviceClass:                iPhone
		deviceName:                 烟雾弹
		deviceIdentifier:           e6d787265ef659f59b738dbf66bcbf75a4ec54a1
		productVersion:             13.2.2
		buildVersion:               17B102
		deviceSoftwareVersion:      13.2.2 (17B102)
		deviceArchitecture:         arm64
		deviceTotalCapacity:        122728800256
		deviceAvailableCapacity:    97967312896
		deviceIsTransient:          NO
		ignored:                    NO
		deviceIsBusy:               NO
		deviceIsPaired:             YES
		deviceIsActivated:          YES
		deviceActivationState:      Activated
		isPasscodeLocked:           NO
		deviceType:                 <DVTDeviceType:0x7fcf39cc8a80 Xcode.DeviceType.iPhone>
		supportedDeviceFamilies:    (
    1
)
		applications:              (null)
		provisioningProfiles:      (null)
		hasInternalSupport:        NO
		hasWritableSystem:         NO
		isSupportedOS:             YES
		bootArgs:                  (null)
		nextBootArgs:              (null)
		connected:                 YES
		isWirelessEnabled:         NO
		connectionType:            direct
		hostname:                  yanwudan.local.
		bonjourServiceName:        1c:5c:f2:b1:d0:2e@fe80::1e5c:f2ff:feb1:d02e._apple-mobdev2._tcp.local.
		activeProxiedDevice:       (null)
		} (13.2.2 (17B102))
2019-12-25 14:21:44.305 xcodebuild[4516:98352] [MT] IDETestOperationsObserverDebug: (8EA15F36-BDFD-42E4-AA22-45E8DF2EE4EB) Finished requesting crash reports. Continuing with testing.
*** If you believe this error represents a bug, please attach the result bundle at /Users/faz/Library/Developer/Xcode/DerivedData/WebDriverAgent-aiaejbhejflmruhkhsmeebmhbaia/Logs/Test/Test-WebDriverAgentRunner-2019.12.25_14-21-43-+0800.xcresult
2019-12-25 14:21:44.323 xcodebuild[4516:98352] [MT] IDETestOperationsObserverDebug: 0.199 elapsed -- Testing started completed.
2019-12-25 14:21:44.323 xcodebuild[4516:98352] [MT] IDETestOperationsObserverDebug: 0.000 sec, +0.000 sec -- start
2019-12-25 14:21:44.323 xcodebuild[4516:98352] [MT] IDETestOperationsObserverDebug: 0.199 sec, +0.199 sec -- end
2019-12-25 14:21:44.325 xcodebuild[4516:98352] Error Domain=NSCocoaErrorDomain Code=260 "The file “WebDriverAgentRunner-Runner.app” couldn’t be opened because there is no such file." UserInfo={NSFilePath=/Users/faz/Library/Developer/Xcode/DerivedData/WebDriverAgent-aiaejbhejflmruhkhsmeebmhbaia/Build/Products/Debug-iphoneos/WebDriverAgentRunner-Runner.app, NSUnderlyingError=0x7fcf3a4e5280 {Error Domain=NSPOSIXErrorDomain Code=2 "No such file or directory"}}
Test session results, code coverage, and logs:
	/Users/faz/Library/Developer/Xcode/DerivedData/WebDriverAgent-aiaejbhejflmruhkhsmeebmhbaia/Logs/Test/Test-WebDriverAgentRunner-2019.12.25_14-21-43-+0800.xcresult
Testing started on '烟雾弹'
Testing failed:
	Signing for "WebDriverAgentRunner" requires a development team. Select a development team in the Signing & Capabilities editor.
	WebDriverAgentRunner:
		WebDriverAgentRunner-Runner.app encountered an error (Failed to install or launch the test runner. (Underlying error: The file “WebDriverAgentRunner-Runner.app” couldn’t be opened because there is no such file. The file doesn’t exist. (Underlying error: The operation couldn’t be completed. No such file or directory)))
** TEST EXECUTE FAILED **. Make sure you follow the tutorial at https://github.com/appium/appium-xcuitest-driver/blob/master/docs/real-device-config.md. Try to remove the WebDriverAgentRunner application from the device if it is installed and reboot the device.
    at getResponseForW3CError (/usr/local/lib/node_modules/appium/node_modules/appium-base-driver/lib/protocol/errors.js:804:9)
    at asyncHandler (/usr/local/lib/node_modules/appium/node_modules/appium-base-driver/lib/protocol/protocol.js:388:37)
Build info: version: '3.141.59', revision: 'e82be7d358', time: '2018-11-14T08:25:53'
System info: host: 'FazAiZhongdeMacBook-Pro.local', ip: '192.168.2.28', os.name: 'Mac OS X', os.arch: 'x86_64', os.version: '10.14.6', java.version: '1.8.0_181'
Driver info: driver.version: MobileDriverFactory$startMobileDriver
	at io.appium.java_client.remote.AppiumCommandExecutor$1.createSession(AppiumCommandExecutor.java:208)
	at io.appium.java_client.remote.AppiumCommandExecutor.createSession(AppiumCommandExecutor.java:217)
	at io.appium.java_client.remote.AppiumCommandExecutor.execute(AppiumCommandExecutor.java:239)
	at org.openqa.selenium.remote.RemoteWebDriver.execute(RemoteWebDriver.java:552)
	at io.appium.java_client.DefaultGenericMobileDriver.execute(DefaultGenericMobileDriver.java:42)
	at io.appium.java_client.AppiumDriver.execute(AppiumDriver.java:1)
	at io.appium.java_client.ios.IOSDriver.execute(IOSDriver.java:1)
	at org.openqa.selenium.remote.RemoteWebDriver.startSession(RemoteWebDriver.java:213)
	at org.openqa.selenium.remote.RemoteWebDriver.<init>(RemoteWebDriver.java:131)
	at io.appium.java_client.DefaultGenericMobileDriver.<init>(DefaultGenericMobileDriver.java:38)
	at io.appium.java_client.AppiumDriver.<init>(AppiumDriver.java:84)
	at io.appium.java_client.ios.IOSDriver.<init>(IOSDriver.java:85)
	at com.kms.katalon.core.appium.driver.AppiumDriverManager.createMobileDriver(AppiumDriverManager.java:495)
	at com.kms.katalon.core.appium.driver.AppiumDriverManager.createMobileDriver(AppiumDriverManager.java:479)
	at com.kms.katalon.core.mobile.keyword.internal.MobileDriverFactory.startMobileDriver(MobileDriverFactory.java:339)
	at com.kms.katalon.core.mobile.keyword.internal.MobileDriverFactory$startMobileDriver.call(Unknown Source)
	at com.kms.katalon.core.mobile.keyword.builtin.StartExistingApplicationKeyword$_startApplication_closure1.doCall(StartExistingApplicationKeyword.groovy:40)
	at com.kms.katalon.core.mobile.keyword.builtin.StartExistingApplicationKeyword$_startApplication_closure1.doCall(StartExistingApplicationKeyword.groovy)
	at com.kms.katalon.core.mobile.keyword.internal.MobileKeywordMain.runKeyword(MobileKeywordMain.groovy:21)
	at com.kms.katalon.core.mobile.keyword.internal.MobileKeywordMain$runKeyword.call(Unknown Source)
	at com.kms.katalon.core.mobile.keyword.builtin.StartExistingApplicationKeyword.startApplication(StartExistingApplicationKeyword.groovy:43)
	at com.kms.katalon.core.mobile.keyword.builtin.StartExistingApplicationKeyword.execute(StartExistingApplicationKeyword.groovy:34)
	at com.kms.katalon.core.keyword.internal.KeywordExecutor.executeKeywordForPlatform(KeywordExecutor.groovy:72)
	at com.kms.katalon.core.mobile.keyword.MobileBuiltInKeywords.startExistingApplication(MobileBuiltInKeywords.groovy:89)
	at com.kms.katalon.core.mobile.keyword.MobileBuiltInKeywords$startExistingApplication.call(Unknown Source)
	at choose_puning.run(choose_puning:17)
	at com.kms.katalon.core.main.ScriptEngine.run(ScriptEngine.java:194)
	at com.kms.katalon.core.main.ScriptEngine.runScriptAsRawText(ScriptEngine.java:119)
	at com.kms.katalon.core.main.TestCaseExecutor.runScript(TestCaseExecutor.java:337)
	at com.kms.katalon.core.main.TestCaseExecutor.doExecute(TestCaseExecutor.java:328)
	at com.kms.katalon.core.main.TestCaseExecutor.processExecutionPhase(TestCaseExecutor.java:307)
	at com.kms.katalon.core.main.TestCaseExecutor.accessMainPhase(TestCaseExecutor.java:299)
	at com.kms.katalon.core.main.TestCaseExecutor.execute(TestCaseExecutor.java:233)
	at com.kms.katalon.core.main.TestSuiteExecutor.accessTestCaseMainPhase(TestSuiteExecutor.java:169)
	at com.kms.katalon.core.main.TestSuiteExecutor.accessTestSuiteMainPhase(TestSuiteExecutor.java:142)
	at com.kms.katalon.core.main.TestSuiteExecutor.execute(TestSuiteExecutor.java:91)
	at com.kms.katalon.core.main.TestCaseMain.startTestSuite(TestCaseMain.java:157)
	at com.kms.katalon.core.main.TestCaseMain$startTestSuite$0.call(Unknown Source)
	at TempTestSuite1577254872853.run(TempTestSuite1577254872853.groovy:36)
Caused by: java.lang.reflect.InvocationTargetException
	at io.appium.java_client.remote.AppiumCommandExecutor$1.createSession(AppiumCommandExecutor.java:186)
	at io.appium.java_client.remote.AppiumCommandExecutor.createSession(AppiumCommandExecutor.java:217)
	at io.appium.java_client.remote.AppiumCommandExecutor.execute(AppiumCommandExecutor.java:239)
	at org.openqa.selenium.remote.RemoteWebDriver.execute(RemoteWebDriver.java:552)
	at io.appium.java_client.DefaultGenericMobileDriver.execute(DefaultGenericMobileDriver.java:42)
	at io.appium.java_client.AppiumDriver.execute(AppiumDriver.java:1)
	at io.appium.java_client.ios.IOSDriver.execute(IOSDriver.java:1)
	at org.openqa.selenium.remote.RemoteWebDriver.startSession(RemoteWebDriver.java:213)
	at org.openqa.selenium.remote.RemoteWebDriver.<init>(RemoteWebDriver.java:131)
	at io.appium.java_client.DefaultGenericMobileDriver.<init>(DefaultGenericMobileDriver.java:38)
	at io.appium.java_client.AppiumDriver.<init>(AppiumDriver.java:84)
	at io.appium.java_client.ios.IOSDriver.<init>(IOSDriver.java:85)
	at com.kms.katalon.core.appium.driver.AppiumDriverManager.createMobileDriver(AppiumDriverManager.java:495)
	at com.kms.katalon.core.appium.driver.AppiumDriverManager.createMobileDriver(AppiumDriverManager.java:479)
	at com.kms.katalon.core.mobile.keyword.internal.MobileDriverFactory.startMobileDriver(MobileDriverFactory.java:339)
	at com.kms.katalon.core.mobile.keyword.internal.MobileDriverFactory$startMobileDriver.call(Unknown Source)
	at com.kms.katalon.core.mobile.keyword.builtin.StartExistingApplicationKeyword$_startApplication_closure1.doCall(StartExistingApplicationKeyword.groovy:40)
	at com.kms.katalon.core.mobile.keyword.builtin.StartExistingApplicationKeyword$_startApplication_closure1.doCall(StartExistingApplicationKeyword.groovy)
	at com.kms.katalon.core.mobile.keyword.internal.MobileKeywordMain.runKeyword(MobileKeywordMain.groovy:21)
	at com.kms.katalon.core.mobile.keyword.internal.MobileKeywordMain$runKeyword.call(Unknown Source)
	at com.kms.katalon.core.mobile.keyword.builtin.StartExistingApplicationKeyword.startApplication(StartExistingApplicationKeyword.groovy:43)
	at com.kms.katalon.core.mobile.keyword.builtin.StartExistingApplicationKeyword.execute(StartExistingApplicationKeyword.groovy:34)
	at com.kms.katalon.core.keyword.internal.KeywordExecutor.executeKeywordForPlatform(KeywordExecutor.groovy:72)
	at com.kms.katalon.core.mobile.keyword.MobileBuiltInKeywords.startExistingApplication(MobileBuiltInKeywords.groovy:89)
	at com.kms.katalon.core.mobile.keyword.MobileBuiltInKeywords$startExistingApplication.call(Unknown Source)
	at Script1575874101227.run(Script1575874101227.groovy:17)
	... 13 more
Caused by: org.openqa.selenium.WebDriverException: An unknown server-side error occurred while processing the command. Original error: Unable to launch WebDriverAgent because of xcodebuild failure: xcodebuild failed with code 65
xcodebuild error message:

2019-12-25 14:21:44.109 xcodebuild[4516:98354] Error writing xctestrun file: Error Domain=NSCocoaErrorDomain Code=4 "The folder “WebDriverAgentRunner_iphoneos13.2-arm64.xctestrun” doesn’t exist." UserInfo={NSFilePath=/Users/faz/Library/Developer/Xcode/DerivedData/WebDriverAgent-aiaejbhejflmruhkhsmeebmhbaia/Build/Products/WebDriverAgentRunner_iphoneos13.2-arm64.xctestrun, NSUserStringVariant=Folder, NSUnderlyingError=0x7fcf39fe2270 {Error Domain=NSPOSIXErrorDomain Code=2 "No such file or directory"}}
** TEST BUILD FAILED **
2019-12-25 14:21:44.133 xcodebuild[4516:98353]  IDETestOperationsObserverDebug: Writing diagnostic log for test session to:
/Users/faz/Library/Developer/Xcode/DerivedData/WebDriverAgent-aiaejbhejflmruhkhsmeebmhbaia/Logs/Test/Test-WebDriverAgentRunner-2019.12.25_14-21-43-+0800.xcresult/Staging/2_Test/Diagnostics/WebDriverAgentRunner-36AA6A3E-E0CE-4DAF-9A5C-DB58FBDF1225/WebDriverAgentRunner-1C9E1ECC-3AE0-4C7C-B816-D11065163395/Session-WebDriverAgentRunner-2019-12-25_142144-EGOQqD.log
2019-12-25 14:21:44.136 xcodebuild[4516:98352] [MT] IDETestOperationsObserverDebug: (8EA15F36-BDFD-42E4-AA22-45E8DF2EE4EB) Beginning test session WebDriverAgentRunner-8EA15F36-BDFD-42E4-AA22-45E8DF2EE4EB at 2019-12-25 14:21:44.134 with Xcode 11C29 on target 📱<DVTiOSDevice (0x7fcf3a2aadf0), 烟雾弹, iPhone, 13.2.2 (17B102), e6d787265ef659f59b738dbf66bcbf75a4ec54a1> {
		deviceSerialNumber:         DNPQTPW4GRY7
		identifier:                 e6d787265ef659f59b738dbf66bcbf75a4ec54a1
		deviceClass:                iPhone
		deviceName:                 烟雾弹
		deviceIdentifier:           e6d787265ef659f59b738dbf66bcbf75a4ec54a1
		productVersion:             13.2.2
		buildVersion:               17B102
		deviceSoftwareVersion:      13.2.2 (17B102)
		deviceArchitecture:         arm64
		deviceTotalCapacity:        122728800256
		deviceAvailableCapacity:    97967312896
		deviceIsTransient:          NO
		ignored:                    NO
		deviceIsBusy:               NO
		deviceIsPaired:             YES
		deviceIsActivated:          YES
		deviceActivationState:      Activated
		isPasscodeLocked:           NO
		deviceType:                 <DVTDeviceType:0x7fcf39cc8a80 Xcode.DeviceType.iPhone>
		supportedDeviceFamilies:    (
    1
)
		applications:              (null)
		provisioningProfiles:      (null)
		hasInternalSupport:        NO
		hasWritableSystem:         NO
		isSupportedOS:             YES
		bootArgs:                  (null)
		nextBootArgs:              (null)
		connected:                 YES
		isWirelessEnabled:         NO
		connectionType:            direct
		hostname:                  yanwudan.local.
		bonjourServiceName:        1c:5c:f2:b1:d0:2e@fe80::1e5c:f2ff:feb1:d02e._apple-mobdev2._tcp.local.
		activeProxiedDevice:       (null)
		} (13.2.2 (17B102))
2019-12-25 14:21:44.305 xcodebuild[4516:98352] [MT] IDETestOperationsObserverDebug: (8EA15F36-BDFD-42E4-AA22-45E8DF2EE4EB) Finished requesting crash reports. Continuing with testing.
*** If you believe this error represents a bug, please attach the result bundle at /Users/faz/Library/Developer/Xcode/DerivedData/WebDriverAgent-aiaejbhejflmruhkhsmeebmhbaia/Logs/Test/Test-WebDriverAgentRunner-2019.12.25_14-21-43-+0800.xcresult
2019-12-25 14:21:44.323 xcodebuild[4516:98352] [MT] IDETestOperationsObserverDebug: 0.199 elapsed -- Testing started completed.
2019-12-25 14:21:44.323 xcodebuild[4516:98352] [MT] IDETestOperationsObserverDebug: 0.000 sec, +0.000 sec -- start
2019-12-25 14:21:44.323 xcodebuild[4516:98352] [MT] IDETestOperationsObserverDebug: 0.199 sec, +0.199 sec -- end
2019-12-25 14:21:44.325 xcodebuild[4516:98352] Error Domain=NSCocoaErrorDomain Code=260 "The file “WebDriverAgentRunner-Runner.app” couldn’t be opened because there is no such file." UserInfo={NSFilePath=/Users/faz/Library/Developer/Xcode/DerivedData/WebDriverAgent-aiaejbhejflmruhkhsmeebmhbaia/Build/Products/Debug-iphoneos/WebDriverAgentRunner-Runner.app, NSUnderlyingError=0x7fcf3a4e5280 {Error Domain=NSPOSIXErrorDomain Code=2 "No such file or directory"}}
Test session results, code coverage, and logs:
	/Users/faz/Library/Developer/Xcode/DerivedData/WebDriverAgent-aiaejbhejflmruhkhsmeebmhbaia/Logs/Test/Test-WebDriverAgentRunner-2019.12.25_14-21-43-+0800.xcresult
Testing started on '烟雾弹'
Testing failed:
	Signing for "WebDriverAgentRunner" requires a development team. Select a development team in the Signing & Capabilities editor.
	WebDriverAgentRunner:
		WebDriverAgentRunner-Runner.app encountered an error (Failed to install or launch the test runner. (Underlying error: The file “WebDriverAgentRunner-Runner.app” couldn’t be opened because there is no such file. The file doesn’t exist. (Underlying error: The operation couldn’t be completed. No such file or directory)))
** TEST EXECUTE FAILED **. Make sure you follow the tutorial at https://github.com/appium/appium-xcuitest-driver/blob/master/docs/real-device-config.md. Try to remove the WebDriverAgentRunner application from the device if it is installed and reboot the device.
Build info: version: '3.141.59', revision: 'e82be7d358', time: '2018-11-14T08:25:53'
System info: host: 'FazAiZhongdeMacBook-Pro.local', ip: '192.168.2.28', os.name: 'Mac OS X', os.arch: 'x86_64', os.version: '10.14.6', java.version: '1.8.0_181'
Driver info: driver.version: MobileDriverFactory$startMobileDriver
remote stacktrace: UnknownError: An unknown server-side error occurred while processing the command. Original error: Unable to launch WebDriverAgent because of xcodebuild failure: xcodebuild failed with code 65
xcodebuild error message:

2019-12-25 14:21:44.109 xcodebuild[4516:98354] Error writing xctestrun file: Error Domain=NSCocoaErrorDomain Code=4 "The folder “WebDriverAgentRunner_iphoneos13.2-arm64.xctestrun” doesn’t exist." UserInfo={NSFilePath=/Users/faz/Library/Developer/Xcode/DerivedData/WebDriverAgent-aiaejbhejflmruhkhsmeebmhbaia/Build/Products/WebDriverAgentRunner_iphoneos13.2-arm64.xctestrun, NSUserStringVariant=Folder, NSUnderlyingError=0x7fcf39fe2270 {Error Domain=NSPOSIXErrorDomain Code=2 "No such file or directory"}}
** TEST BUILD FAILED **
2019-12-25 14:21:44.133 xcodebuild[4516:98353]  IDETestOperationsObserverDebug: Writing diagnostic log for test session to:
/Users/faz/Library/Developer/Xcode/DerivedData/WebDriverAgent-aiaejbhejflmruhkhsmeebmhbaia/Logs/Test/Test-WebDriverAgentRunner-2019.12.25_14-21-43-+0800.xcresult/Staging/2_Test/Diagnostics/WebDriverAgentRunner-36AA6A3E-E0CE-4DAF-9A5C-DB58FBDF1225/WebDriverAgentRunner-1C9E1ECC-3AE0-4C7C-B816-D11065163395/Session-WebDriverAgentRunner-2019-12-25_142144-EGOQqD.log
2019-12-25 14:21:44.136 xcodebuild[4516:98352] [MT] IDETestOperationsObserverDebug: (8EA15F36-BDFD-42E4-AA22-45E8DF2EE4EB) Beginning test session WebDriverAgentRunner-8EA15F36-BDFD-42E4-AA22-45E8DF2EE4EB at 2019-12-25 14:21:44.134 with Xcode 11C29 on target 📱<DVTiOSDevice (0x7fcf3a2aadf0), 烟雾弹, iPhone, 13.2.2 (17B102), e6d787265ef659f59b738dbf66bcbf75a4ec54a1> {
		deviceSerialNumber:         DNPQTPW4GRY7
		identifier:                 e6d787265ef659f59b738dbf66bcbf75a4ec54a1
		deviceClass:                iPhone
		deviceName:                 烟雾弹
		deviceIdentifier:           e6d787265ef659f59b738dbf66bcbf75a4ec54a1
		productVersion:             13.2.2
		buildVersion:               17B102
		deviceSoftwareVersion:      13.2.2 (17B102)
		deviceArchitecture:         arm64
		deviceTotalCapacity:        122728800256
		deviceAvailableCapacity:    97967312896
		deviceIsTransient:          NO
		ignored:                    NO
		deviceIsBusy:               NO
		deviceIsPaired:             YES
		deviceIsActivated:          YES
		deviceActivationState:      Activated
		isPasscodeLocked:           NO
		deviceType:                 <DVTDeviceType:0x7fcf39cc8a80 Xcode.DeviceType.iPhone>
		supportedDeviceFamilies:    (
    1
)
		applications:              (null)
		provisioningProfiles:      (null)
		hasInternalSupport:        NO
		hasWritableSystem:         NO
		isSupportedOS:             YES
		bootArgs:                  (null)
		nextBootArgs:              (null)
		connected:                 YES
		isWirelessEnabled:         NO
		connectionType:            direct
		hostname:                  yanwudan.local.
		bonjourServiceName:        1c:5c:f2:b1:d0:2e@fe80::1e5c:f2ff:feb1:d02e._apple-mobdev2._tcp.local.
		activeProxiedDevice:       (null)
		} (13.2.2 (17B102))
2019-12-25 14:21:44.305 xcodebuild[4516:98352] [MT] IDETestOperationsObserverDebug: (8EA15F36-BDFD-42E4-AA22-45E8DF2EE4EB) Finished requesting crash reports. Continuing with testing.
*** If you believe this error represents a bug, please attach the result bundle at /Users/faz/Library/Developer/Xcode/DerivedData/WebDriverAgent-aiaejbhejflmruhkhsmeebmhbaia/Logs/Test/Test-WebDriverAgentRunner-2019.12.25_14-21-43-+0800.xcresult
2019-12-25 14:21:44.323 xcodebuild[4516:98352] [MT] IDETestOperationsObserverDebug: 0.199 elapsed -- Testing started completed.
2019-12-25 14:21:44.323 xcodebuild[4516:98352] [MT] IDETestOperationsObserverDebug: 0.000 sec, +0.000 sec -- start
2019-12-25 14:21:44.323 xcodebuild[4516:98352] [MT] IDETestOperationsObserverDebug: 0.199 sec, +0.199 sec -- end
2019-12-25 14:21:44.325 xcodebuild[4516:98352] Error Domain=NSCocoaErrorDomain Code=260 "The file “WebDriverAgentRunner-Runner.app” couldn’t be opened because there is no such file." UserInfo={NSFilePath=/Users/faz/Library/Developer/Xcode/DerivedData/WebDriverAgent-aiaejbhejflmruhkhsmeebmhbaia/Build/Products/Debug-iphoneos/WebDriverAgentRunner-Runner.app, NSUnderlyingError=0x7fcf3a4e5280 {Error Domain=NSPOSIXErrorDomain Code=2 "No such file or directory"}}
Test session results, code coverage, and logs:
	/Users/faz/Library/Developer/Xcode/DerivedData/WebDriverAgent-aiaejbhejflmruhkhsmeebmhbaia/Logs/Test/Test-WebDriverAgentRunner-2019.12.25_14-21-43-+0800.xcresult
Testing started on '烟雾弹'
Testing failed:
	Signing for "WebDriverAgentRunner" requires a development team. Select a development team in the Signing & Capabilities editor.
	WebDriverAgentRunner:
		WebDriverAgentRunner-Runner.app encountered an error (Failed to install or launch the test runner. (Underlying error: The file “WebDriverAgentRunner-Runner.app” couldn’t be opened because there is no such file. The file doesn’t exist. (Underlying error: The operation couldn’t be completed. No such file or directory)))
** TEST EXECUTE FAILED **. Make sure you follow the tutorial at https://github.com/appium/appium-xcuitest-driver/blob/master/docs/real-device-config.md. Try to remove the WebDriverAgentRunner application from the device if it is installed and reboot the device.
    at getResponseForW3CError (/usr/local/lib/node_modules/appium/node_modules/appium-base-driver/lib/protocol/errors.js:804:9)
    at asyncHandler (/usr/local/lib/node_modules/appium/node_modules/appium-base-driver/lib/protocol/protocol.js:388:37)
	at org.openqa.selenium.remote.W3CHandshakeResponse.lambda$errorHandler$0(W3CHandshakeResponse.java:62)
	at org.openqa.selenium.remote.HandshakeResponse.lambda$getResponseFunction$0(HandshakeResponse.java:30)
	at org.openqa.selenium.remote.ProtocolHandshake.lambda$createSession$0(ProtocolHandshake.java:126)
	at org.openqa.selenium.remote.ProtocolHandshake.createSession(ProtocolHandshake.java:128)
	... 39 more
)
	at com.kms.katalon.core.keyword.internal.KeywordMain.stepFailed(KeywordMain.groovy:50)
	at com.kms.katalon.core.mobile.keyword.internal.MobileKeywordMain.stepFailed(MobileKeywordMain.groovy:40)
	at com.kms.katalon.core.mobile.keyword.internal.MobileKeywordMain.runKeyword(MobileKeywordMain.groovy:23)
	at com.kms.katalon.core.mobile.keyword.internal.MobileKeywordMain$runKeyword.call(Unknown Source)
	at com.kms.katalon.core.mobile.keyword.builtin.StartExistingApplicationKeyword.startApplication(StartExistingApplicationKeyword.groovy:43)
	at com.kms.katalon.core.mobile.keyword.builtin.StartExistingApplicationKeyword.execute(StartExistingApplicationKeyword.groovy:34)
	at com.kms.katalon.core.keyword.internal.KeywordExecutor.executeKeywordForPlatform(KeywordExecutor.groovy:72)
	at com.kms.katalon.core.mobile.keyword.MobileBuiltInKeywords.startExistingApplication(MobileBuiltInKeywords.groovy:89)
	at com.kms.katalon.core.mobile.keyword.MobileBuiltInKeywords$startExistingApplication.call(Unknown Source)
	at choose_puning.run(choose_puning:17)
	at com.kms.katalon.core.main.ScriptEngine.run(ScriptEngine.java:194)
	at com.kms.katalon.core.main.ScriptEngine.runScriptAsRawText(ScriptEngine.java:119)
	at com.kms.katalon.core.main.TestCaseExecutor.runScript(TestCaseExecutor.java:337)
	at com.kms.katalon.core.main.TestCaseExecutor.doExecute(TestCaseExecutor.java:328)
	at com.kms.katalon.core.main.TestCaseExecutor.processExecutionPhase(TestCaseExecutor.java:307)
	at com.kms.katalon.core.main.TestCaseExecutor.accessMainPhase(TestCaseExecutor.java:299)
	at com.kms.katalon.core.main.TestCaseExecutor.execute(TestCaseExecutor.java:233)
	at com.kms.katalon.core.main.TestSuiteExecutor.accessTestCaseMainPhase(TestSuiteExecutor.java:169)
	at com.kms.katalon.core.main.TestSuiteExecutor.accessTestSuiteMainPhase(TestSuiteExecutor.java:142)
	at com.kms.katalon.core.main.TestSuiteExecutor.execute(TestSuiteExecutor.java:91)
	at com.kms.katalon.core.main.TestCaseMain.startTestSuite(TestCaseMain.java:157)
	at com.kms.katalon.core.main.TestCaseMain$startTestSuite$0.call(Unknown Source)
	at TempTestSuite1577254872853.run(TempTestSuite1577254872853.groovy:36)
Caused by: org.openqa.selenium.SessionNotCreatedException: Unable to create a new remote session. Please check the server log for more details. Original error: An unknown server-side error occurred while processing the command. Original error: Unable to launch WebDriverAgent because of xcodebuild failure: xcodebuild failed with code 65
xcodebuild error message:

2019-12-25 14:21:44.109 xcodebuild[4516:98354] Error writing xctestrun file: Error Domain=NSCocoaErrorDomain Code=4 "The folder “WebDriverAgentRunner_iphoneos13.2-arm64.xctestrun” doesn’t exist." UserInfo={NSFilePath=/Users/faz/Library/Developer/Xcode/DerivedData/WebDriverAgent-aiaejbhejflmruhkhsmeebmhbaia/Build/Products/WebDriverAgentRunner_iphoneos13.2-arm64.xctestrun, NSUserStringVariant=Folder, NSUnderlyingError=0x7fcf39fe2270 {Error Domain=NSPOSIXErrorDomain Code=2 "No such file or directory"}}
** TEST BUILD FAILED **
2019-12-25 14:21:44.133 xcodebuild[4516:98353]  IDETestOperationsObserverDebug: Writing diagnostic log for test session to:
/Users/faz/Library/Developer/Xcode/DerivedData/WebDriverAgent-aiaejbhejflmruhkhsmeebmhbaia/Logs/Test/Test-WebDriverAgentRunner-2019.12.25_14-21-43-+0800.xcresult/Staging/2_Test/Diagnostics/WebDriverAgentRunner-36AA6A3E-E0CE-4DAF-9A5C-DB58FBDF1225/WebDriverAgentRunner-1C9E1ECC-3AE0-4C7C-B816-D11065163395/Session-WebDriverAgentRunner-2019-12-25_142144-EGOQqD.log
2019-12-25 14:21:44.136 xcodebuild[4516:98352] [MT] IDETestOperationsObserverDebug: (8EA15F36-BDFD-42E4-AA22-45E8DF2EE4EB) Beginning test session WebDriverAgentRunner-8EA15F36-BDFD-42E4-AA22-45E8DF2EE4EB at 2019-12-25 14:21:44.134 with Xcode 11C29 on target 📱<DVTiOSDevice (0x7fcf3a2aadf0), 烟雾弹, iPhone, 13.2.2 (17B102), e6d787265ef659f59b738dbf66bcbf75a4ec54a1> {
		deviceSerialNumber:         DNPQTPW4GRY7
		identifier:                 e6d787265ef659f59b738dbf66bcbf75a4ec54a1
		deviceClass:                iPhone
		deviceName:                 烟雾弹
		deviceIdentifier:           e6d787265ef659f59b738dbf66bcbf75a4ec54a1
		productVersion:             13.2.2
		buildVersion:               17B102
		deviceSoftwareVersion:      13.2.2 (17B102)
		deviceArchitecture:         arm64
		deviceTotalCapacity:        122728800256
		deviceAvailableCapacity:    97967312896
		deviceIsTransient:          NO
		ignored:                    NO
		deviceIsBusy:               NO
		deviceIsPaired:             YES
		deviceIsActivated:          YES
		deviceActivationState:      Activated
		isPasscodeLocked:           NO
		deviceType:                 <DVTDeviceType:0x7fcf39cc8a80 Xcode.DeviceType.iPhone>
		supportedDeviceFamilies:    (
    1
)
		applications:              (null)
		provisioningProfiles:      (null)
		hasInternalSupport:        NO
		hasWritableSystem:         NO
		isSupportedOS:             YES
		bootArgs:                  (null)
		nextBootArgs:              (null)
		connected:                 YES
		isWirelessEnabled:         NO
		connectionType:            direct
		hostname:                  yanwudan.local.
		bonjourServiceName:        1c:5c:f2:b1:d0:2e@fe80::1e5c:f2ff:feb1:d02e._apple-mobdev2._tcp.local.
		activeProxiedDevice:       (null)
		} (13.2.2 (17B102))
2019-12-25 14:21:44.305 xcodebuild[4516:98352] [MT] IDETestOperationsObserverDebug: (8EA15F36-BDFD-42E4-AA22-45E8DF2EE4EB) Finished requesting crash reports. Continuing with testing.
*** If you believe this error represents a bug, please attach the result bundle at /Users/faz/Library/Developer/Xcode/DerivedData/WebDriverAgent-aiaejbhejflmruhkhsmeebmhbaia/Logs/Test/Test-WebDriverAgentRunner-2019.12.25_14-21-43-+0800.xcresult
2019-12-25 14:21:44.323 xcodebuild[4516:98352] [MT] IDETestOperationsObserverDebug: 0.199 elapsed -- Testing started completed.
2019-12-25 14:21:44.323 xcodebuild[4516:98352] [MT] IDETestOperationsObserverDebug: 0.000 sec, +0.000 sec -- start
2019-12-25 14:21:44.323 xcodebuild[4516:98352] [MT] IDETestOperationsObserverDebug: 0.199 sec, +0.199 sec -- end
2019-12-25 14:21:44.325 xcodebuild[4516:98352] Error Domain=NSCocoaErrorDomain Code=260 "The file “WebDriverAgentRunner-Runner.app” couldn’t be opened because there is no such file." UserInfo={NSFilePath=/Users/faz/Library/Developer/Xcode/DerivedData/WebDriverAgent-aiaejbhejflmruhkhsmeebmhbaia/Build/Products/Debug-iphoneos/WebDriverAgentRunner-Runner.app, NSUnderlyingError=0x7fcf3a4e5280 {Error Domain=NSPOSIXErrorDomain Code=2 "No such file or directory"}}
Test session results, code coverage, and logs:
	/Users/faz/Library/Developer/Xcode/DerivedData/WebDriverAgent-aiaejbhejflmruhkhsmeebmhbaia/Logs/Test/Test-WebDriverAgentRunner-2019.12.25_14-21-43-+0800.xcresult
Testing started on '烟雾弹'
Testing failed:
	Signing for "WebDriverAgentRunner" requires a development team. Select a development team in the Signing & Capabilities editor.
	WebDriverAgentRunner:
		WebDriverAgentRunner-Runner.app encountered an error (Failed to install or launch the test runner. (Underlying error: The file “WebDriverAgentRunner-Runner.app” couldn’t be opened because there is no such file. The file doesn’t exist. (Underlying error: The operation couldn’t be completed. No such file or directory)))
** TEST EXECUTE FAILED **. Make sure you follow the tutorial at https://github.com/appium/appium-xcuitest-driver/blob/master/docs/real-device-config.md. Try to remove the WebDriverAgentRunner application from the device if it is installed and reboot the device.
Build info: version: '3.141.59', revision: 'e82be7d358', time: '2018-11-14T08:25:53'
System info: host: 'FazAiZhongdeMacBook-Pro.local', ip: '192.168.2.28', os.name: 'Mac OS X', os.arch: 'x86_64', os.version: '10.14.6', java.version: '1.8.0_181'
Driver info: driver.version: MobileDriverFactory$startMobileDriver
remote stacktrace: UnknownError: An unknown server-side error occurred while processing the command. Original error: Unable to launch WebDriverAgent because of xcodebuild failure: xcodebuild failed with code 65
xcodebuild error message:

2019-12-25 14:21:44.109 xcodebuild[4516:98354] Error writing xctestrun file: Error Domain=NSCocoaErrorDomain Code=4 "The folder “WebDriverAgentRunner_iphoneos13.2-arm64.xctestrun” doesn’t exist." UserInfo={NSFilePath=/Users/faz/Library/Developer/Xcode/DerivedData/WebDriverAgent-aiaejbhejflmruhkhsmeebmhbaia/Build/Products/WebDriverAgentRunner_iphoneos13.2-arm64.xctestrun, NSUserStringVariant=Folder, NSUnderlyingError=0x7fcf39fe2270 {Error Domain=NSPOSIXErrorDomain Code=2 "No such file or directory"}}
** TEST BUILD FAILED **
2019-12-25 14:21:44.133 xcodebuild[4516:98353]  IDETestOperationsObserverDebug: Writing diagnostic log for test session to:
/Users/faz/Library/Developer/Xcode/DerivedData/WebDriverAgent-aiaejbhejflmruhkhsmeebmhbaia/Logs/Test/Test-WebDriverAgentRunner-2019.12.25_14-21-43-+0800.xcresult/Staging/2_Test/Diagnostics/WebDriverAgentRunner-36AA6A3E-E0CE-4DAF-9A5C-DB58FBDF1225/WebDriverAgentRunner-1C9E1ECC-3AE0-4C7C-B816-D11065163395/Session-WebDriverAgentRunner-2019-12-25_142144-EGOQqD.log
2019-12-25 14:21:44.136 xcodebuild[4516:98352] [MT] IDETestOperationsObserverDebug: (8EA15F36-BDFD-42E4-AA22-45E8DF2EE4EB) Beginning test session WebDriverAgentRunner-8EA15F36-BDFD-42E4-AA22-45E8DF2EE4EB at 2019-12-25 14:21:44.134 with Xcode 11C29 on target 📱<DVTiOSDevice (0x7fcf3a2aadf0), 烟雾弹, iPhone, 13.2.2 (17B102), e6d787265ef659f59b738dbf66bcbf75a4ec54a1> {
		deviceSerialNumber:         DNPQTPW4GRY7
		identifier:                 e6d787265ef659f59b738dbf66bcbf75a4ec54a1
		deviceClass:                iPhone
		deviceName:                 烟雾弹
		deviceIdentifier:           e6d787265ef659f59b738dbf66bcbf75a4ec54a1
		productVersion:             13.2.2
		buildVersion:               17B102
		deviceSoftwareVersion:      13.2.2 (17B102)
		deviceArchitecture:         arm64
		deviceTotalCapacity:        122728800256
		deviceAvailableCapacity:    97967312896
		deviceIsTransient:          NO
		ignored:                    NO
		deviceIsBusy:               NO
		deviceIsPaired:             YES
		deviceIsActivated:          YES
		deviceActivationState:      Activated
		isPasscodeLocked:           NO
		deviceType:                 <DVTDeviceType:0x7fcf39cc8a80 Xcode.DeviceType.iPhone>
		supportedDeviceFamilies:    (
    1
)
		applications:              (null)
		provisioningProfiles:      (null)
		hasInternalSupport:        NO
		hasWritableSystem:         NO
		isSupportedOS:             YES
		bootArgs:                  (null)
		nextBootArgs:              (null)
		connected:                 YES
		isWirelessEnabled:         NO
		connectionType:            direct
		hostname:                  yanwudan.local.
		bonjourServiceName:        1c:5c:f2:b1:d0:2e@fe80::1e5c:f2ff:feb1:d02e._apple-mobdev2._tcp.local.
		activeProxiedDevice:       (null)
		} (13.2.2 (17B102))
2019-12-25 14:21:44.305 xcodebuild[4516:98352] [MT] IDETestOperationsObserverDebug: (8EA15F36-BDFD-42E4-AA22-45E8DF2EE4EB) Finished requesting crash reports. Continuing with testing.
*** If you believe this error represents a bug, please attach the result bundle at /Users/faz/Library/Developer/Xcode/DerivedData/WebDriverAgent-aiaejbhejflmruhkhsmeebmhbaia/Logs/Test/Test-WebDriverAgentRunner-2019.12.25_14-21-43-+0800.xcresult
2019-12-25 14:21:44.323 xcodebuild[4516:98352] [MT] IDETestOperationsObserverDebug: 0.199 elapsed -- Testing started completed.
2019-12-25 14:21:44.323 xcodebuild[4516:98352] [MT] IDETestOperationsObserverDebug: 0.000 sec, +0.000 sec -- start
2019-12-25 14:21:44.323 xcodebuild[4516:98352] [MT] IDETestOperationsObserverDebug: 0.199 sec, +0.199 sec -- end
2019-12-25 14:21:44.325 xcodebuild[4516:98352] Error Domain=NSCocoaErrorDomain Code=260 "The file “WebDriverAgentRunner-Runner.app” couldn’t be opened because there is no such file." UserInfo={NSFilePath=/Users/faz/Library/Developer/Xcode/DerivedData/WebDriverAgent-aiaejbhejflmruhkhsmeebmhbaia/Build/Products/Debug-iphoneos/WebDriverAgentRunner-Runner.app, NSUnderlyingError=0x7fcf3a4e5280 {Error Domain=NSPOSIXErrorDomain Code=2 "No such file or directory"}}
Test session results, code coverage, and logs:
	/Users/faz/Library/Developer/Xcode/DerivedData/WebDriverAgent-aiaejbhejflmruhkhsmeebmhbaia/Logs/Test/Test-WebDriverAgentRunner-2019.12.25_14-21-43-+0800.xcresult
Testing started on '烟雾弹'
Testing failed:
	Signing for "WebDriverAgentRunner" requires a development team. Select a development team in the Signing & Capabilities editor.
	WebDriverAgentRunner:
		WebDriverAgentRunner-Runner.app encountered an error (Failed to install or launch the test runner. (Underlying error: The file “WebDriverAgentRunner-Runner.app” couldn’t be opened because there is no such file. The file doesn’t exist. (Underlying error: The operation couldn’t be completed. No such file or directory)))
** TEST EXECUTE FAILED **. Make sure you follow the tutorial at https://github.com/appium/appium-xcuitest-driver/blob/master/docs/real-device-config.md. Try to remove the WebDriverAgentRunner application from the device if it is installed and reboot the device.
    at getResponseForW3CError (/usr/local/lib/node_modules/appium/node_modules/appium-base-driver/lib/protocol/errors.js:804:9)
    at asyncHandler (/usr/local/lib/node_modules/appium/node_modules/appium-base-driver/lib/protocol/protocol.js:388:37)
Build info: version: '3.141.59', revision: 'e82be7d358', time: '2018-11-14T08:25:53'
System info: host: 'FazAiZhongdeMacBook-Pro.local', ip: '192.168.2.28', os.name: 'Mac OS X', os.arch: 'x86_64', os.version: '10.14.6', java.version: '1.8.0_181'
Driver info: driver.version: MobileDriverFactory$startMobileDriver
	at io.appium.java_client.remote.AppiumCommandExecutor$1.createSession(AppiumCommandExecutor.java:208)
	at io.appium.java_client.remote.AppiumCommandExecutor.createSession(AppiumCommandExecutor.java:217)
	at io.appium.java_client.remote.AppiumCommandExecutor.execute(AppiumCommandExecutor.java:239)
	at org.openqa.selenium.remote.RemoteWebDriver.execute(RemoteWebDriver.java:552)
	at io.appium.java_client.DefaultGenericMobileDriver.execute(DefaultGenericMobileDriver.java:42)
	at io.appium.java_client.AppiumDriver.execute(AppiumDriver.java:1)
	at io.appium.java_client.ios.IOSDriver.execute(IOSDriver.java:1)
	at org.openqa.selenium.remote.RemoteWebDriver.startSession(RemoteWebDriver.java:213)
	at org.openqa.selenium.remote.RemoteWebDriver.<init>(RemoteWebDriver.java:131)
	at io.appium.java_client.DefaultGenericMobileDriver.<init>(DefaultGenericMobileDriver.java:38)
	at io.appium.java_client.AppiumDriver.<init>(AppiumDriver.java:84)
	at io.appium.java_client.ios.IOSDriver.<init>(IOSDriver.java:85)
	at com.kms.katalon.core.appium.driver.AppiumDriverManager.createMobileDriver(AppiumDriverManager.java:495)
	at com.kms.katalon.core.appium.driver.AppiumDriverManager.createMobileDriver(AppiumDriverManager.java:479)
	at com.kms.katalon.core.mobile.keyword.internal.MobileDriverFactory.startMobileDriver(MobileDriverFactory.java:339)
	at com.kms.katalon.core.mobile.keyword.internal.MobileDriverFactory$startMobileDriver.call(Unknown Source)
	at com.kms.katalon.core.mobile.keyword.builtin.StartExistingApplicationKeyword$_startApplication_closure1.doCall(StartExistingApplicationKeyword.groovy:40)
	at com.kms.katalon.core.mobile.keyword.builtin.StartExistingApplicationKeyword$_startApplication_closure1.doCall(StartExistingApplicationKeyword.groovy)
	at com.kms.katalon.core.mobile.keyword.internal.MobileKeywordMain.runKeyword(MobileKeywordMain.groovy:21)
	... 20 more
Caused by: java.lang.reflect.InvocationTargetException
	at io.appium.java_client.remote.AppiumCommandExecutor$1.createSession(AppiumCommandExecutor.java:186)
	at io.appium.java_client.remote.AppiumCommandExecutor.createSession(AppiumCommandExecutor.java:217)
	at io.appium.java_client.remote.AppiumCommandExecutor.execute(AppiumCommandExecutor.java:239)
	at org.openqa.selenium.remote.RemoteWebDriver.execute(RemoteWebDriver.java:552)
	at io.appium.java_client.DefaultGenericMobileDriver.execute(DefaultGenericMobileDriver.java:42)
	at io.appium.java_client.AppiumDriver.execute(AppiumDriver.java:1)
	at io.appium.java_client.ios.IOSDriver.execute(IOSDriver.java:1)
	at org.openqa.selenium.remote.RemoteWebDriver.startSession(RemoteWebDriver.java:213)
	at org.openqa.selenium.remote.RemoteWebDriver.<init>(RemoteWebDriver.java:131)
	at io.appium.java_client.DefaultGenericMobileDriver.<init>(DefaultGenericMobileDriver.java:38)
	at io.appium.java_client.AppiumDriver.<init>(AppiumDriver.java:84)
	at io.appium.java_client.ios.IOSDriver.<init>(IOSDriver.java:85)
	at com.kms.katalon.core.appium.driver.AppiumDriverManager.createMobileDriver(AppiumDriverManager.java:495)
	at com.kms.katalon.core.appium.driver.AppiumDriverManager.createMobileDriver(AppiumDriverManager.java:479)
	at com.kms.katalon.core.mobile.keyword.internal.MobileDriverFactory.startMobileDriver(MobileDriverFactory.java:339)
	at com.kms.katalon.core.mobile.keyword.internal.MobileDriverFactory$startMobileDriver.call(Unknown Source)
	at com.kms.katalon.core.mobile.keyword.builtin.StartExistingApplicationKeyword$_startApplication_closure1.doCall(StartExistingApplicationKeyword.groovy:40)
	at com.kms.katalon.core.mobile.keyword.builtin.StartExistingApplicationKeyword$_startApplication_closure1.doCall(StartExistingApplicationKeyword.groovy)
	at com.kms.katalon.core.mobile.keyword.internal.MobileKeywordMain.runKeyword(MobileKeywordMain.groovy:21)
	at com.kms.katalon.core.mobile.keyword.internal.MobileKeywordMain$runKeyword.call(Unknown Source)
	at com.kms.katalon.core.mobile.keyword.builtin.StartExistingApplicationKeyword.startApplication(StartExistingApplicationKeyword.groovy:43)
	at com.kms.katalon.core.mobile.keyword.builtin.StartExistingApplicationKeyword.execute(StartExistingApplicationKeyword.groovy:34)
	at com.kms.katalon.core.keyword.internal.KeywordExecutor.executeKeywordForPlatform(KeywordExecutor.groovy:72)
	at com.kms.katalon.core.mobile.keyword.MobileBuiltInKeywords.startExistingApplication(MobileBuiltInKeywords.groovy:89)
	at com.kms.katalon.core.mobile.keyword.MobileBuiltInKeywords$startExistingApplication.call(Unknown Source)
	at Script1575874101227.run(Script1575874101227.groovy:17)
	... 13 more
Caused by: org.openqa.selenium.WebDriverException: An unknown server-side error occurred while processing the command. Original error: Unable to launch WebDriverAgent because of xcodebuild failure: xcodebuild failed with code 65
xcodebuild error message:

2019-12-25 14:21:44.109 xcodebuild[4516:98354] Error writing xctestrun file: Error Domain=NSCocoaErrorDomain Code=4 "The folder “WebDriverAgentRunner_iphoneos13.2-arm64.xctestrun” doesn’t exist." UserInfo={NSFilePath=/Users/faz/Library/Developer/Xcode/DerivedData/WebDriverAgent-aiaejbhejflmruhkhsmeebmhbaia/Build/Products/WebDriverAgentRunner_iphoneos13.2-arm64.xctestrun, NSUserStringVariant=Folder, NSUnderlyingError=0x7fcf39fe2270 {Error Domain=NSPOSIXErrorDomain Code=2 "No such file or directory"}}
** TEST BUILD FAILED **
2019-12-25 14:21:44.133 xcodebuild[4516:98353]  IDETestOperationsObserverDebug: Writing diagnostic log for test session to:
/Users/faz/Library/Developer/Xcode/DerivedData/WebDriverAgent-aiaejbhejflmruhkhsmeebmhbaia/Logs/Test/Test-WebDriverAgentRunner-2019.12.25_14-21-43-+0800.xcresult/Staging/2_Test/Diagnostics/WebDriverAgentRunner-36AA6A3E-E0CE-4DAF-9A5C-DB58FBDF1225/WebDriverAgentRunner-1C9E1ECC-3AE0-4C7C-B816-D11065163395/Session-WebDriverAgentRunner-2019-12-25_142144-EGOQqD.log
2019-12-25 14:21:44.136 xcodebuild[4516:98352] [MT] IDETestOperationsObserverDebug: (8EA15F36-BDFD-42E4-AA22-45E8DF2EE4EB) Beginning test session WebDriverAgentRunner-8EA15F36-BDFD-42E4-AA22-45E8DF2EE4EB at 2019-12-25 14:21:44.134 with Xcode 11C29 on target 📱<DVTiOSDevice (0x7fcf3a2aadf0), 烟雾弹, iPhone, 13.2.2 (17B102), e6d787265ef659f59b738dbf66bcbf75a4ec54a1> {
		deviceSerialNumber:         DNPQTPW4GRY7
		identifier:                 e6d787265ef659f59b738dbf66bcbf75a4ec54a1
		deviceClass:                iPhone
		deviceName:                 烟雾弹
		deviceIdentifier:           e6d787265ef659f59b738dbf66bcbf75a4ec54a1
		productVersion:             13.2.2
		buildVersion:               17B102
		deviceSoftwareVersion:      13.2.2 (17B102)
		deviceArchitecture:         arm64
		deviceTotalCapacity:        122728800256
		deviceAvailableCapacity:    97967312896
		deviceIsTransient:          NO
		ignored:                    NO
		deviceIsBusy:               NO
		deviceIsPaired:             YES
		deviceIsActivated:          YES
		deviceActivationState:      Activated
		isPasscodeLocked:           NO
		deviceType:                 <DVTDeviceType:0x7fcf39cc8a80 Xcode.DeviceType.iPhone>
		supportedDeviceFamilies:    (
    1
)
		applications:              (null)
		provisioningProfiles:      (null)
		hasInternalSupport:        NO
		hasWritableSystem:         NO
		isSupportedOS:             YES
		bootArgs:                  (null)
		nextBootArgs:              (null)
		connected:                 YES
		isWirelessEnabled:         NO
		connectionType:            direct
		hostname:                  yanwudan.local.
		bonjourServiceName:        1c:5c:f2:b1:d0:2e@fe80::1e5c:f2ff:feb1:d02e._apple-mobdev2._tcp.local.
		activeProxiedDevice:       (null)
		} (13.2.2 (17B102))
2019-12-25 14:21:44.305 xcodebuild[4516:98352] [MT] IDETestOperationsObserverDebug: (8EA15F36-BDFD-42E4-AA22-45E8DF2EE4EB) Finished requesting crash reports. Continuing with testing.
*** If you believe this error represents a bug, please attach the result bundle at /Users/faz/Library/Developer/Xcode/DerivedData/WebDriverAgent-aiaejbhejflmruhkhsmeebmhbaia/Logs/Test/Test-WebDriverAgentRunner-2019.12.25_14-21-43-+0800.xcresult
2019-12-25 14:21:44.323 xcodebuild[4516:98352] [MT] IDETestOperationsObserverDebug: 0.199 elapsed -- Testing started completed.
2019-12-25 14:21:44.323 xcodebuild[4516:98352] [MT] IDETestOperationsObserverDebug: 0.000 sec, +0.000 sec -- start
2019-12-25 14:21:44.323 xcodebuild[4516:98352] [MT] IDETestOperationsObserverDebug: 0.199 sec, +0.199 sec -- end
2019-12-25 14:21:44.325 xcodebuild[4516:98352] Error Domain=NSCocoaErrorDomain Code=260 "The file “WebDriverAgentRunner-Runner.app” couldn’t be opened because there is no such file." UserInfo={NSFilePath=/Users/faz/Library/Developer/Xcode/DerivedData/WebDriverAgent-aiaejbhejflmruhkhsmeebmhbaia/Build/Products/Debug-iphoneos/WebDriverAgentRunner-Runner.app, NSUnderlyingError=0x7fcf3a4e5280 {Error Domain=NSPOSIXErrorDomain Code=2 "No such file or directory"}}
Test session results, code coverage, and logs:
	/Users/faz/Library/Developer/Xcode/DerivedData/WebDriverAgent-aiaejbhejflmruhkhsmeebmhbaia/Logs/Test/Test-WebDriverAgentRunner-2019.12.25_14-21-43-+0800.xcresult
Testing started on '烟雾弹'
Testing failed:
	Signing for "WebDriverAgentRunner" requires a development team. Select a development team in the Signing & Capabilities editor.
	WebDriverAgentRunner:
		WebDriverAgentRunner-Runner.app encountered an error (Failed to install or launch the test runner. (Underlying error: The file “WebDriverAgentRunner-Runner.app” couldn’t be opened because there is no such file. The file doesn’t exist. (Underlying error: The operation couldn’t be completed. No such file or directory)))
** TEST EXECUTE FAILED **. Make sure you follow the tutorial at https://github.com/appium/appium-xcuitest-driver/blob/master/docs/real-device-config.md. Try to remove the WebDriverAgentRunner application from the device if it is installed and reboot the device.
Build info: version: '3.141.59', revision: 'e82be7d358', time: '2018-11-14T08:25:53'
System info: host: 'FazAiZhongdeMacBook-Pro.local', ip: '192.168.2.28', os.name: 'Mac OS X', os.arch: 'x86_64', os.version: '10.14.6', java.version: '1.8.0_181'
Driver info: driver.version: MobileDriverFactory$startMobileDriver
remote stacktrace: UnknownError: An unknown server-side error occurred while processing the command. Original error: Unable to launch WebDriverAgent because of xcodebuild failure: xcodebuild failed with code 65
xcodebuild error message:

2019-12-25 14:21:44.109 xcodebuild[4516:98354] Error writing xctestrun file: Error Domain=NSCocoaErrorDomain Code=4 "The folder “WebDriverAgentRunner_iphoneos13.2-arm64.xctestrun” doesn’t exist." UserInfo={NSFilePath=/Users/faz/Library/Developer/Xcode/DerivedData/WebDriverAgent-aiaejbhejflmruhkhsmeebmhbaia/Build/Products/WebDriverAgentRunner_iphoneos13.2-arm64.xctestrun, NSUserStringVariant=Folder, NSUnderlyingError=0x7fcf39fe2270 {Error Domain=NSPOSIXErrorDomain Code=2 "No such file or directory"}}
** TEST BUILD FAILED **
2019-12-25 14:21:44.133 xcodebuild[4516:98353]  IDETestOperationsObserverDebug: Writing diagnostic log for test session to:
/Users/faz/Library/Developer/Xcode/DerivedData/WebDriverAgent-aiaejbhejflmruhkhsmeebmhbaia/Logs/Test/Test-WebDriverAgentRunner-2019.12.25_14-21-43-+0800.xcresult/Staging/2_Test/Diagnostics/WebDriverAgentRunner-36AA6A3E-E0CE-4DAF-9A5C-DB58FBDF1225/WebDriverAgentRunner-1C9E1ECC-3AE0-4C7C-B816-D11065163395/Session-WebDriverAgentRunner-2019-12-25_142144-EGOQqD.log
2019-12-25 14:21:44.136 xcodebuild[4516:98352] [MT] IDETestOperationsObserverDebug: (8EA15F36-BDFD-42E4-AA22-45E8DF2EE4EB) Beginning test session WebDriverAgentRunner-8EA15F36-BDFD-42E4-AA22-45E8DF2EE4EB at 2019-12-25 14:21:44.134 with Xcode 11C29 on target 📱<DVTiOSDevice (0x7fcf3a2aadf0), 烟雾弹, iPhone, 13.2.2 (17B102), e6d787265ef659f59b738dbf66bcbf75a4ec54a1> {
		deviceSerialNumber:         DNPQTPW4GRY7
		identifier:                 e6d787265ef659f59b738dbf66bcbf75a4ec54a1
		deviceClass:                iPhone
		deviceName:                 烟雾弹
		deviceIdentifier:           e6d787265ef659f59b738dbf66bcbf75a4ec54a1
		productVersion:             13.2.2
		buildVersion:               17B102
		deviceSoftwareVersion:      13.2.2 (17B102)
		deviceArchitecture:         arm64
		deviceTotalCapacity:        122728800256
		deviceAvailableCapacity:    97967312896
		deviceIsTransient:          NO
		ignored:                    NO
		deviceIsBusy:               NO
		deviceIsPaired:             YES
		deviceIsActivated:          YES
		deviceActivationState:      Activated
		isPasscodeLocked:           NO
		deviceType:                 <DVTDeviceType:0x7fcf39cc8a80 Xcode.DeviceType.iPhone>
		supportedDeviceFamilies:    (
    1
)
		applications:              (null)
		provisioningProfiles:      (null)
		hasInternalSupport:        NO
		hasWritableSystem:         NO
		isSupportedOS:             YES
		bootArgs:                  (null)
		nextBootArgs:              (null)
		connected:                 YES
		isWirelessEnabled:         NO
		connectionType:            direct
		hostname:                  yanwudan.local.
		bonjourServiceName:        1c:5c:f2:b1:d0:2e@fe80::1e5c:f2ff:feb1:d02e._apple-mobdev2._tcp.local.
		activeProxiedDevice:       (null)
		} (13.2.2 (17B102))
2019-12-25 14:21:44.305 xcodebuild[4516:98352] [MT] IDETestOperationsObserverDebug: (8EA15F36-BDFD-42E4-AA22-45E8DF2EE4EB) Finished requesting crash reports. Continuing with testing.
*** If you believe this error represents a bug, please attach the result bundle at /Users/faz/Library/Developer/Xcode/DerivedData/WebDriverAgent-aiaejbhejflmruhkhsmeebmhbaia/Logs/Test/Test-WebDriverAgentRunner-2019.12.25_14-21-43-+0800.xcresult
2019-12-25 14:21:44.323 xcodebuild[4516:98352] [MT] IDETestOperationsObserverDebug: 0.199 elapsed -- Testing started completed.
2019-12-25 14:21:44.323 xcodebuild[4516:98352] [MT] IDETestOperationsObserverDebug: 0.000 sec, +0.000 sec -- start
2019-12-25 14:21:44.323 xcodebuild[4516:98352] [MT] IDETestOperationsObserverDebug: 0.199 sec, +0.199 sec -- end
2019-12-25 14:21:44.325 xcodebuild[4516:98352] Error Domain=NSCocoaErrorDomain Code=260 "The file “WebDriverAgentRunner-Runner.app” couldn’t be opened because there is no such file." UserInfo={NSFilePath=/Users/faz/Library/Developer/Xcode/DerivedData/WebDriverAgent-aiaejbhejflmruhkhsmeebmhbaia/Build/Products/Debug-iphoneos/WebDriverAgentRunner-Runner.app, NSUnderlyingError=0x7fcf3a4e5280 {Error Domain=NSPOSIXErrorDomain Code=2 "No such file or directory"}}
Test session results, code coverage, and logs:
	/Users/faz/Library/Developer/Xcode/DerivedData/WebDriverAgent-aiaejbhejflmruhkhsmeebmhbaia/Logs/Test/Test-WebDriverAgentRunner-2019.12.25_14-21-43-+0800.xcresult
Testing started on '烟雾弹'
Testing failed:
	Signing for "WebDriverAgentRunner" requires a development team. Select a development team in the Signing & Capabilities editor.
	WebDriverAgentRunner:
		WebDriverAgentRunner-Runner.app encountered an error (Failed to install or launch the test runner. (Underlying error: The file “WebDriverAgentRunner-Runner.app” couldn’t be opened because there is no such file. The file doesn’t exist. (Underlying error: The operation couldn’t be completed. No such file or directory)))
** TEST EXECUTE FAILED **. Make sure you follow the tutorial at https://github.com/appium/appium-xcuitest-driver/blob/master/docs/real-device-config.md. Try to remove the WebDriverAgentRunner application from the device if it is installed and reboot the device.
    at getResponseForW3CError (/usr/local/lib/node_modules/appium/node_modules/appium-base-driver/lib/protocol/errors.js:804:9)
    at asyncHandler (/usr/local/lib/node_modules/appium/node_modules/appium-base-driver/lib/protocol/protocol.js:388:37)
	at org.openqa.selenium.remote.W3CHandshakeResponse.lambda$errorHandler$0(W3CHandshakeResponse.java:62)
	at org.openqa.selenium.remote.HandshakeResponse.lambda$getResponseFunction$0(HandshakeResponse.java:30)
	at org.openqa.selenium.remote.ProtocolHandshake.lambda$createSession$0(ProtocolHandshake.java:126)
	at org.openqa.selenium.remote.ProtocolHandshake.createSession(ProtocolHandshake.java:128)
	at io.appium.java_client.remote.AppiumCommandExecutor$1.createSession(AppiumCommandExecutor.java:186)
	at io.appium.java_client.remote.AppiumCommandExecutor.createSession(AppiumCommandExecutor.java:217)
	at io.appium.java_client.remote.AppiumCommandExecutor.execute(AppiumCommandExecutor.java:239)
	at org.openqa.selenium.remote.RemoteWebDriver.execute(RemoteWebDriver.java:552)
	at io.appium.java_client.DefaultGenericMobileDriver.execute(DefaultGenericMobileDriver.java:42)
	at io.appium.java_client.AppiumDriver.execute(AppiumDriver.java:1)
	at io.appium.java_client.ios.IOSDriver.execute(IOSDriver.java:1)
	at org.openqa.selenium.remote.RemoteWebDriver.startSession(RemoteWebDriver.java:213)
	at org.openqa.selenium.remote.RemoteWebDriver.<init>(RemoteWebDriver.java:131)
	at io.appium.java_client.DefaultGenericMobileDriver.<init>(DefaultGenericMobileDriver.java:38)
	at io.appium.java_client.AppiumDriver.<init>(AppiumDriver.java:84)
	at io.appium.java_client.ios.IOSDriver.<init>(IOSDriver.java:85)
	at com.kms.katalon.core.appium.driver.AppiumDriverManager.createMobileDriver(AppiumDriverManager.java:495)
	at com.kms.katalon.core.appium.driver.AppiumDriverManager.createMobileDriver(AppiumDriverManager.java:479)
	at com.kms.katalon.core.mobile.keyword.internal.MobileDriverFactory.startMobileDriver(MobileDriverFactory.java:339)
	at com.kms.katalon.core.mobile.keyword.internal.MobileDriverFactory$startMobileDriver.call(Unknown Source)
	at com.kms.katalon.core.mobile.keyword.builtin.StartExistingApplicationKeyword$_startApplication_closure1.doCall(StartExistingApplicationKeyword.groovy:40)
	at com.kms.katalon.core.mobile.keyword.builtin.StartExistingApplicationKeyword$_startApplication_closure1.doCall(StartExistingApplicationKeyword.groovy)
	at com.kms.katalon.core.mobile.keyword.internal.MobileKeywordMain.runKeyword(MobileKeywordMain.groovy:21)
	at com.kms.katalon.core.mobile.keyword.internal.MobileKeywordMain$runKeyword.call(Unknown Source)
	at com.kms.katalon.core.mobile.keyword.builtin.StartExistingApplicationKeyword.startApplication(StartExistingApplicationKeyword.groovy:43)
	at com.kms.katalon.core.mobile.keyword.builtin.StartExistingApplicationKeyword.execute(StartExistingApplicationKeyword.groovy:34)
	at com.kms.katalon.core.keyword.internal.KeywordExecutor.executeKeywordForPlatform(KeywordExecutor.groovy:72)
	at com.kms.katalon.core.mobile.keyword.MobileBuiltInKeywords.startExistingApplication(MobileBuiltInKeywords.groovy:89)
	at com.kms.katalon.core.mobile.keyword.MobileBuiltInKeywords$startExistingApplication.call(Unknown Source)
	at choose_puning.run(choose_puning:17)
	... 13 more]]></system-err>
      </testcase>
      <testcase name="Test Cases/IOS App/Public Module/Login And Page/login" time="0.843" classname="Test Cases/IOS App/Public Module/Login And Page/login" status="FAILED">
         <failure type="FAILED" message="Test Cases/IOS App/Public Module/Login And Page/login FAILED.
Reason:
com.kms.katalon.core.exception.StepFailedException: No driver found
	at com.kms.katalon.core.mobile.helper.MobileScreenCaptor.getAnyAppiumDriver(MobileScreenCaptor.java:64)
	at com.kms.katalon.core.mobile.helper.MobileScreenCaptor.take(MobileScreenCaptor.java:31)
	at com.kms.katalon.core.helper.screenshot.ScreenCaptor.takeScreenshotAndGetAttributes(ScreenCaptor.java:37)
	at com.kms.katalon.core.mobile.keyword.internal.MobileKeywordMain.stepFailed(MobileKeywordMain.groovy:40)
	at com.kms.katalon.core.mobile.keyword.internal.MobileKeywordMain.runKeyword(MobileKeywordMain.groovy:23)
	at com.kms.katalon.core.mobile.keyword.builtin.SetTextKeyword.setText(SetTextKeyword.groovy:83)
	at com.kms.katalon.core.mobile.keyword.builtin.SetTextKeyword.execute(SetTextKeyword.groovy:66)
	at com.kms.katalon.core.keyword.internal.KeywordExecutor.executeKeywordForPlatform(KeywordExecutor.groovy:72)
	at com.kms.katalon.core.mobile.keyword.MobileBuiltInKeywords.setText(MobileBuiltInKeywords.groovy:492)
	at com.kms.katalon.core.mobile.keyword.MobileBuiltInKeywords$setText$0.call(Unknown Source)
	at login.run(login:17)
	at com.kms.katalon.core.main.ScriptEngine.run(ScriptEngine.java:194)
	at com.kms.katalon.core.main.ScriptEngine.runScriptAsRawText(ScriptEngine.java:119)
	at com.kms.katalon.core.main.TestCaseExecutor.runScript(TestCaseExecutor.java:337)
	at com.kms.katalon.core.main.TestCaseExecutor.doExecute(TestCaseExecutor.java:328)
	at com.kms.katalon.core.main.TestCaseExecutor.processExecutionPhase(TestCaseExecutor.java:307)
	at com.kms.katalon.core.main.TestCaseExecutor.accessMainPhase(TestCaseExecutor.java:299)
	at com.kms.katalon.core.main.TestCaseExecutor.execute(TestCaseExecutor.java:233)
	at com.kms.katalon.core.main.TestSuiteExecutor.accessTestCaseMainPhase(TestSuiteExecutor.java:169)
	at com.kms.katalon.core.main.TestSuiteExecutor.accessTestSuiteMainPhase(TestSuiteExecutor.java:142)
	at com.kms.katalon.core.main.TestSuiteExecutor.execute(TestSuiteExecutor.java:91)
	at com.kms.katalon.core.main.TestCaseMain.startTestSuite(TestCaseMain.java:157)
	at com.kms.katalon.core.main.TestCaseMain$startTestSuite$0.call(Unknown Source)
	at TempTestSuite1577254872853.run(TempTestSuite1577254872853.groovy:36)
"/>
         <system-out><![CDATA[2019-12-25 14:21:50 - [TEST_CASE][FAILED] - Test Cases/IOS App/Public Module/Login And Page/login: Test Cases/IOS App/Public Module/Login And Page/login FAILED.
Reason:
com.kms.katalon.core.exception.StepFailedException: No driver found
	at com.kms.katalon.core.mobile.helper.MobileScreenCaptor.getAnyAppiumDriver(MobileScreenCaptor.java:64)
	at com.kms.katalon.core.mobile.helper.MobileScreenCaptor.take(MobileScreenCaptor.java:31)
	at com.kms.katalon.core.helper.screenshot.ScreenCaptor.takeScreenshotAndGetAttributes(ScreenCaptor.java:37)
	at com.kms.katalon.core.mobile.keyword.internal.MobileKeywordMain.stepFailed(MobileKeywordMain.groovy:40)
	at com.kms.katalon.core.mobile.keyword.internal.MobileKeywordMain.runKeyword(MobileKeywordMain.groovy:23)
	at com.kms.katalon.core.mobile.keyword.builtin.SetTextKeyword.setText(SetTextKeyword.groovy:83)
	at com.kms.katalon.core.mobile.keyword.builtin.SetTextKeyword.execute(SetTextKeyword.groovy:66)
	at com.kms.katalon.core.keyword.internal.KeywordExecutor.executeKeywordForPlatform(KeywordExecutor.groovy:72)
	at com.kms.katalon.core.mobile.keyword.MobileBuiltInKeywords.setText(MobileBuiltInKeywords.groovy:492)
	at com.kms.katalon.core.mobile.keyword.MobileBuiltInKeywords$setText$0.call(Unknown Source)
	at login.run(login:17)
	at com.kms.katalon.core.main.ScriptEngine.run(ScriptEngine.java:194)
	at com.kms.katalon.core.main.ScriptEngine.runScriptAsRawText(ScriptEngine.java:119)
	at com.kms.katalon.core.main.TestCaseExecutor.runScript(TestCaseExecutor.java:337)
	at com.kms.katalon.core.main.TestCaseExecutor.doExecute(TestCaseExecutor.java:328)
	at com.kms.katalon.core.main.TestCaseExecutor.processExecutionPhase(TestCaseExecutor.java:307)
	at com.kms.katalon.core.main.TestCaseExecutor.accessMainPhase(TestCaseExecutor.java:299)
	at com.kms.katalon.core.main.TestCaseExecutor.execute(TestCaseExecutor.java:233)
	at com.kms.katalon.core.main.TestSuiteExecutor.accessTestCaseMainPhase(TestSuiteExecutor.java:169)
	at com.kms.katalon.core.main.TestSuiteExecutor.accessTestSuiteMainPhase(TestSuiteExecutor.java:142)
	at com.kms.katalon.core.main.TestSuiteExecutor.execute(TestSuiteExecutor.java:91)
	at com.kms.katalon.core.main.TestCaseMain.startTestSuite(TestCaseMain.java:157)
	at com.kms.katalon.core.main.TestCaseMain$startTestSuite$0.call(Unknown Source)
	at TempTestSuite1577254872853.run(TempTestSuite1577254872853.groovy:36)


2019-12-25 14:21:50 - [TEST_STEP][PASSED] - setText(findTestObject("IOS App/Login Page Element/userName"), username, 1): null]]></system-out>
         <system-err><![CDATA[2019-12-25 14:21:50 - [TEST_CASE][FAILED] - Test Cases/IOS App/Public Module/Login And Page/login: Test Cases/IOS App/Public Module/Login And Page/login FAILED.
Reason:
com.kms.katalon.core.exception.StepFailedException: No driver found
	at com.kms.katalon.core.mobile.helper.MobileScreenCaptor.getAnyAppiumDriver(MobileScreenCaptor.java:64)
	at com.kms.katalon.core.mobile.helper.MobileScreenCaptor.take(MobileScreenCaptor.java:31)
	at com.kms.katalon.core.helper.screenshot.ScreenCaptor.takeScreenshotAndGetAttributes(ScreenCaptor.java:37)
	at com.kms.katalon.core.mobile.keyword.internal.MobileKeywordMain.stepFailed(MobileKeywordMain.groovy:40)
	at com.kms.katalon.core.mobile.keyword.internal.MobileKeywordMain.runKeyword(MobileKeywordMain.groovy:23)
	at com.kms.katalon.core.mobile.keyword.builtin.SetTextKeyword.setText(SetTextKeyword.groovy:83)
	at com.kms.katalon.core.mobile.keyword.builtin.SetTextKeyword.execute(SetTextKeyword.groovy:66)
	at com.kms.katalon.core.keyword.internal.KeywordExecutor.executeKeywordForPlatform(KeywordExecutor.groovy:72)
	at com.kms.katalon.core.mobile.keyword.MobileBuiltInKeywords.setText(MobileBuiltInKeywords.groovy:492)
	at com.kms.katalon.core.mobile.keyword.MobileBuiltInKeywords$setText$0.call(Unknown Source)
	at login.run(login:17)
	at com.kms.katalon.core.main.ScriptEngine.run(ScriptEngine.java:194)
	at com.kms.katalon.core.main.ScriptEngine.runScriptAsRawText(ScriptEngine.java:119)
	at com.kms.katalon.core.main.TestCaseExecutor.runScript(TestCaseExecutor.java:337)
	at com.kms.katalon.core.main.TestCaseExecutor.doExecute(TestCaseExecutor.java:328)
	at com.kms.katalon.core.main.TestCaseExecutor.processExecutionPhase(TestCaseExecutor.java:307)
	at com.kms.katalon.core.main.TestCaseExecutor.accessMainPhase(TestCaseExecutor.java:299)
	at com.kms.katalon.core.main.TestCaseExecutor.execute(TestCaseExecutor.java:233)
	at com.kms.katalon.core.main.TestSuiteExecutor.accessTestCaseMainPhase(TestSuiteExecutor.java:169)
	at com.kms.katalon.core.main.TestSuiteExecutor.accessTestSuiteMainPhase(TestSuiteExecutor.java:142)
	at com.kms.katalon.core.main.TestSuiteExecutor.execute(TestSuiteExecutor.java:91)
	at com.kms.katalon.core.main.TestCaseMain.startTestSuite(TestCaseMain.java:157)
	at com.kms.katalon.core.main.TestCaseMain$startTestSuite$0.call(Unknown Source)
	at TempTestSuite1577254872853.run(TempTestSuite1577254872853.groovy:36)]]></system-err>
      </testcase>
      <testcase name="Test Cases/IOS App/Teacher/Headmaster/_Campus/_Interactive Management/tap_sms" time="0.508" classname="Test Cases/IOS App/Teacher/Headmaster/_Campus/_Interactive Management/tap_sms" status="FAILED">
         <failure type="FAILED" message="Test Cases/IOS App/Teacher/Headmaster/_Campus/_Interactive Management/tap_sms FAILED.
Reason:
com.kms.katalon.core.exception.StepFailedException: No driver found
	at com.kms.katalon.core.mobile.helper.MobileScreenCaptor.getAnyAppiumDriver(MobileScreenCaptor.java:64)
	at com.kms.katalon.core.mobile.helper.MobileScreenCaptor.take(MobileScreenCaptor.java:31)
	at com.kms.katalon.core.helper.screenshot.ScreenCaptor.takeScreenshotAndGetAttributes(ScreenCaptor.java:37)
	at com.kms.katalon.core.mobile.keyword.internal.MobileKeywordMain.stepFailed(MobileKeywordMain.groovy:40)
	at com.kms.katalon.core.mobile.keyword.internal.MobileKeywordMain.runKeyword(MobileKeywordMain.groovy:23)
	at com.kms.katalon.core.mobile.keyword.builtin.TapKeyword.tap(TapKeyword.groovy:86)
	at com.kms.katalon.core.mobile.keyword.builtin.TapKeyword.execute(TapKeyword.groovy:68)
	at com.kms.katalon.core.keyword.internal.KeywordExecutor.executeKeywordForPlatform(KeywordExecutor.groovy:72)
	at com.kms.katalon.core.mobile.keyword.MobileBuiltInKeywords.tap(MobileBuiltInKeywords.groovy:577)
	at com.kms.katalon.core.mobile.keyword.MobileBuiltInKeywords$tap$1.call(Unknown Source)
	at tap_sms.run(tap_sms:17)
	at com.kms.katalon.core.main.ScriptEngine.run(ScriptEngine.java:194)
	at com.kms.katalon.core.main.ScriptEngine.runScriptAsRawText(ScriptEngine.java:119)
	at com.kms.katalon.core.main.TestCaseExecutor.runScript(TestCaseExecutor.java:337)
	at com.kms.katalon.core.main.TestCaseExecutor.doExecute(TestCaseExecutor.java:328)
	at com.kms.katalon.core.main.TestCaseExecutor.processExecutionPhase(TestCaseExecutor.java:307)
	at com.kms.katalon.core.main.TestCaseExecutor.accessMainPhase(TestCaseExecutor.java:299)
	at com.kms.katalon.core.main.TestCaseExecutor.execute(TestCaseExecutor.java:233)
	at com.kms.katalon.core.main.TestSuiteExecutor.accessTestCaseMainPhase(TestSuiteExecutor.java:169)
	at com.kms.katalon.core.main.TestSuiteExecutor.accessTestSuiteMainPhase(TestSuiteExecutor.java:142)
	at com.kms.katalon.core.main.TestSuiteExecutor.execute(TestSuiteExecutor.java:91)
	at com.kms.katalon.core.main.TestCaseMain.startTestSuite(TestCaseMain.java:157)
	at com.kms.katalon.core.main.TestCaseMain$startTestSuite$0.call(Unknown Source)
	at TempTestSuite1577254872853.run(TempTestSuite1577254872853.groovy:36)
"/>
         <system-out><![CDATA[2019-12-25 14:21:51 - [TEST_CASE][FAILED] - Test Cases/IOS App/Teacher/Headmaster/_Campus/_Interactive Management/tap_sms: Test Cases/IOS App/Teacher/Headmaster/_Campus/_Interactive Management/tap_sms FAILED.
Reason:
com.kms.katalon.core.exception.StepFailedException: No driver found
	at com.kms.katalon.core.mobile.helper.MobileScreenCaptor.getAnyAppiumDriver(MobileScreenCaptor.java:64)
	at com.kms.katalon.core.mobile.helper.MobileScreenCaptor.take(MobileScreenCaptor.java:31)
	at com.kms.katalon.core.helper.screenshot.ScreenCaptor.takeScreenshotAndGetAttributes(ScreenCaptor.java:37)
	at com.kms.katalon.core.mobile.keyword.internal.MobileKeywordMain.stepFailed(MobileKeywordMain.groovy:40)
	at com.kms.katalon.core.mobile.keyword.internal.MobileKeywordMain.runKeyword(MobileKeywordMain.groovy:23)
	at com.kms.katalon.core.mobile.keyword.builtin.TapKeyword.tap(TapKeyword.groovy:86)
	at com.kms.katalon.core.mobile.keyword.builtin.TapKeyword.execute(TapKeyword.groovy:68)
	at com.kms.katalon.core.keyword.internal.KeywordExecutor.executeKeywordForPlatform(KeywordExecutor.groovy:72)
	at com.kms.katalon.core.mobile.keyword.MobileBuiltInKeywords.tap(MobileBuiltInKeywords.groovy:577)
	at com.kms.katalon.core.mobile.keyword.MobileBuiltInKeywords$tap$1.call(Unknown Source)
	at tap_sms.run(tap_sms:17)
	at com.kms.katalon.core.main.ScriptEngine.run(ScriptEngine.java:194)
	at com.kms.katalon.core.main.ScriptEngine.runScriptAsRawText(ScriptEngine.java:119)
	at com.kms.katalon.core.main.TestCaseExecutor.runScript(TestCaseExecutor.java:337)
	at com.kms.katalon.core.main.TestCaseExecutor.doExecute(TestCaseExecutor.java:328)
	at com.kms.katalon.core.main.TestCaseExecutor.processExecutionPhase(TestCaseExecutor.java:307)
	at com.kms.katalon.core.main.TestCaseExecutor.accessMainPhase(TestCaseExecutor.java:299)
	at com.kms.katalon.core.main.TestCaseExecutor.execute(TestCaseExecutor.java:233)
	at com.kms.katalon.core.main.TestSuiteExecutor.accessTestCaseMainPhase(TestSuiteExecutor.java:169)
	at com.kms.katalon.core.main.TestSuiteExecutor.accessTestSuiteMainPhase(TestSuiteExecutor.java:142)
	at com.kms.katalon.core.main.TestSuiteExecutor.execute(TestSuiteExecutor.java:91)
	at com.kms.katalon.core.main.TestCaseMain.startTestSuite(TestCaseMain.java:157)
	at com.kms.katalon.core.main.TestCaseMain$startTestSuite$0.call(Unknown Source)
	at TempTestSuite1577254872853.run(TempTestSuite1577254872853.groovy:36)


2019-12-25 14:21:51 - [TEST_STEP][PASSED] - tap(findTestObject("IOS App/Users/Teacher/Headmaster/_Campus/_Interactive Management/sms_btn"), 0): Timeout '0' is invalid. Using default page load timeout: '30'

2019-12-25 14:21:51 - [MESSAGE][WARNING] - Timeout '0' is invalid. Using default page load timeout: '30']]></system-out>
         <system-err><![CDATA[2019-12-25 14:21:51 - [TEST_CASE][FAILED] - Test Cases/IOS App/Teacher/Headmaster/_Campus/_Interactive Management/tap_sms: Test Cases/IOS App/Teacher/Headmaster/_Campus/_Interactive Management/tap_sms FAILED.
Reason:
com.kms.katalon.core.exception.StepFailedException: No driver found
	at com.kms.katalon.core.mobile.helper.MobileScreenCaptor.getAnyAppiumDriver(MobileScreenCaptor.java:64)
	at com.kms.katalon.core.mobile.helper.MobileScreenCaptor.take(MobileScreenCaptor.java:31)
	at com.kms.katalon.core.helper.screenshot.ScreenCaptor.takeScreenshotAndGetAttributes(ScreenCaptor.java:37)
	at com.kms.katalon.core.mobile.keyword.internal.MobileKeywordMain.stepFailed(MobileKeywordMain.groovy:40)
	at com.kms.katalon.core.mobile.keyword.internal.MobileKeywordMain.runKeyword(MobileKeywordMain.groovy:23)
	at com.kms.katalon.core.mobile.keyword.builtin.TapKeyword.tap(TapKeyword.groovy:86)
	at com.kms.katalon.core.mobile.keyword.builtin.TapKeyword.execute(TapKeyword.groovy:68)
	at com.kms.katalon.core.keyword.internal.KeywordExecutor.executeKeywordForPlatform(KeywordExecutor.groovy:72)
	at com.kms.katalon.core.mobile.keyword.MobileBuiltInKeywords.tap(MobileBuiltInKeywords.groovy:577)
	at com.kms.katalon.core.mobile.keyword.MobileBuiltInKeywords$tap$1.call(Unknown Source)
	at tap_sms.run(tap_sms:17)
	at com.kms.katalon.core.main.ScriptEngine.run(ScriptEngine.java:194)
	at com.kms.katalon.core.main.ScriptEngine.runScriptAsRawText(ScriptEngine.java:119)
	at com.kms.katalon.core.main.TestCaseExecutor.runScript(TestCaseExecutor.java:337)
	at com.kms.katalon.core.main.TestCaseExecutor.doExecute(TestCaseExecutor.java:328)
	at com.kms.katalon.core.main.TestCaseExecutor.processExecutionPhase(TestCaseExecutor.java:307)
	at com.kms.katalon.core.main.TestCaseExecutor.accessMainPhase(TestCaseExecutor.java:299)
	at com.kms.katalon.core.main.TestCaseExecutor.execute(TestCaseExecutor.java:233)
	at com.kms.katalon.core.main.TestSuiteExecutor.accessTestCaseMainPhase(TestSuiteExecutor.java:169)
	at com.kms.katalon.core.main.TestSuiteExecutor.accessTestSuiteMainPhase(TestSuiteExecutor.java:142)
	at com.kms.katalon.core.main.TestSuiteExecutor.execute(TestSuiteExecutor.java:91)
	at com.kms.katalon.core.main.TestCaseMain.startTestSuite(TestCaseMain.java:157)
	at com.kms.katalon.core.main.TestCaseMain$startTestSuite$0.call(Unknown Source)
	at TempTestSuite1577254872853.run(TempTestSuite1577254872853.groovy:36)]]></system-err>
      </testcase>
      <system-out><![CDATA[2019-12-25 14:21:23 - [TEST_SUITE][FAILED] - teacher: Test Cases/IOS App/Public Module/Choose City/choose_puning FAILED.
Reason:
com.kms.katalon.core.exception.StepFailedException: Unable to start app with application ID: 'com.goldlokedu.app' (Root cause: org.openqa.selenium.SessionNotCreatedException: Unable to create a new remote session. Please check the server log for more details. Original error: An unknown server-side error occurred while processing the command. Original error: Unable to launch WebDriverAgent because of xcodebuild failure: xcodebuild failed with code 65
xcodebuild error message:

2019-12-25 14:21:44.109 xcodebuild[4516:98354] Error writing xctestrun file: Error Domain=NSCocoaErrorDomain Code=4 "The folder “WebDriverAgentRunner_iphoneos13.2-arm64.xctestrun” doesn’t exist." UserInfo={NSFilePath=/Users/faz/Library/Developer/Xcode/DerivedData/WebDriverAgent-aiaejbhejflmruhkhsmeebmhbaia/Build/Products/WebDriverAgentRunner_iphoneos13.2-arm64.xctestrun, NSUserStringVariant=Folder, NSUnderlyingError=0x7fcf39fe2270 {Error Domain=NSPOSIXErrorDomain Code=2 "No such file or directory"}}
** TEST BUILD FAILED **
2019-12-25 14:21:44.133 xcodebuild[4516:98353]  IDETestOperationsObserverDebug: Writing diagnostic log for test session to:
/Users/faz/Library/Developer/Xcode/DerivedData/WebDriverAgent-aiaejbhejflmruhkhsmeebmhbaia/Logs/Test/Test-WebDriverAgentRunner-2019.12.25_14-21-43-+0800.xcresult/Staging/2_Test/Diagnostics/WebDriverAgentRunner-36AA6A3E-E0CE-4DAF-9A5C-DB58FBDF1225/WebDriverAgentRunner-1C9E1ECC-3AE0-4C7C-B816-D11065163395/Session-WebDriverAgentRunner-2019-12-25_142144-EGOQqD.log
2019-12-25 14:21:44.136 xcodebuild[4516:98352] [MT] IDETestOperationsObserverDebug: (8EA15F36-BDFD-42E4-AA22-45E8DF2EE4EB) Beginning test session WebDriverAgentRunner-8EA15F36-BDFD-42E4-AA22-45E8DF2EE4EB at 2019-12-25 14:21:44.134 with Xcode 11C29 on target 📱<DVTiOSDevice (0x7fcf3a2aadf0), 烟雾弹, iPhone, 13.2.2 (17B102), e6d787265ef659f59b738dbf66bcbf75a4ec54a1> {
		deviceSerialNumber:         DNPQTPW4GRY7
		identifier:                 e6d787265ef659f59b738dbf66bcbf75a4ec54a1
		deviceClass:                iPhone
		deviceName:                 烟雾弹
		deviceIdentifier:           e6d787265ef659f59b738dbf66bcbf75a4ec54a1
		productVersion:             13.2.2
		buildVersion:               17B102
		deviceSoftwareVersion:      13.2.2 (17B102)
		deviceArchitecture:         arm64
		deviceTotalCapacity:        122728800256
		deviceAvailableCapacity:    97967312896
		deviceIsTransient:          NO
		ignored:                    NO
		deviceIsBusy:               NO
		deviceIsPaired:             YES
		deviceIsActivated:          YES
		deviceActivationState:      Activated
		isPasscodeLocked:           NO
		deviceType:                 <DVTDeviceType:0x7fcf39cc8a80 Xcode.DeviceType.iPhone>
		supportedDeviceFamilies:    (
    1
)
		applications:              (null)
		provisioningProfiles:      (null)
		hasInternalSupport:        NO
		hasWritableSystem:         NO
		isSupportedOS:             YES
		bootArgs:                  (null)
		nextBootArgs:              (null)
		connected:                 YES
		isWirelessEnabled:         NO
		connectionType:            direct
		hostname:                  yanwudan.local.
		bonjourServiceName:        1c:5c:f2:b1:d0:2e@fe80::1e5c:f2ff:feb1:d02e._apple-mobdev2._tcp.local.
		activeProxiedDevice:       (null)
		} (13.2.2 (17B102))
2019-12-25 14:21:44.305 xcodebuild[4516:98352] [MT] IDETestOperationsObserverDebug: (8EA15F36-BDFD-42E4-AA22-45E8DF2EE4EB) Finished requesting crash reports. Continuing with testing.
*** If you believe this error represents a bug, please attach the result bundle at /Users/faz/Library/Developer/Xcode/DerivedData/WebDriverAgent-aiaejbhejflmruhkhsmeebmhbaia/Logs/Test/Test-WebDriverAgentRunner-2019.12.25_14-21-43-+0800.xcresult
2019-12-25 14:21:44.323 xcodebuild[4516:98352] [MT] IDETestOperationsObserverDebug: 0.199 elapsed -- Testing started completed.
2019-12-25 14:21:44.323 xcodebuild[4516:98352] [MT] IDETestOperationsObserverDebug: 0.000 sec, +0.000 sec -- start
2019-12-25 14:21:44.323 xcodebuild[4516:98352] [MT] IDETestOperationsObserverDebug: 0.199 sec, +0.199 sec -- end
2019-12-25 14:21:44.325 xcodebuild[4516:98352] Error Domain=NSCocoaErrorDomain Code=260 "The file “WebDriverAgentRunner-Runner.app” couldn’t be opened because there is no such file." UserInfo={NSFilePath=/Users/faz/Library/Developer/Xcode/DerivedData/WebDriverAgent-aiaejbhejflmruhkhsmeebmhbaia/Build/Products/Debug-iphoneos/WebDriverAgentRunner-Runner.app, NSUnderlyingError=0x7fcf3a4e5280 {Error Domain=NSPOSIXErrorDomain Code=2 "No such file or directory"}}
Test session results, code coverage, and logs:
	/Users/faz/Library/Developer/Xcode/DerivedData/WebDriverAgent-aiaejbhejflmruhkhsmeebmhbaia/Logs/Test/Test-WebDriverAgentRunner-2019.12.25_14-21-43-+0800.xcresult
Testing started on '烟雾弹'
Testing failed:
	Signing for "WebDriverAgentRunner" requires a development team. Select a development team in the Signing & Capabilities editor.
	WebDriverAgentRunner:
		WebDriverAgentRunner-Runner.app encountered an error (Failed to install or launch the test runner. (Underlying error: The file “WebDriverAgentRunner-Runner.app” couldn’t be opened because there is no such file. The file doesn’t exist. (Underlying error: The operation couldn’t be completed. No such file or directory)))
** TEST EXECUTE FAILED **. Make sure you follow the tutorial at https://github.com/appium/appium-xcuitest-driver/blob/master/docs/real-device-config.md. Try to remove the WebDriverAgentRunner application from the device if it is installed and reboot the device.
Build info: version: '3.141.59', revision: 'e82be7d358', time: '2018-11-14T08:25:53'
System info: host: 'FazAiZhongdeMacBook-Pro.local', ip: '192.168.2.28', os.name: 'Mac OS X', os.arch: 'x86_64', os.version: '10.14.6', java.version: '1.8.0_181'
Driver info: driver.version: MobileDriverFactory$startMobileDriver
remote stacktrace: UnknownError: An unknown server-side error occurred while processing the command. Original error: Unable to launch WebDriverAgent because of xcodebuild failure: xcodebuild failed with code 65
xcodebuild error message:

2019-12-25 14:21:44.109 xcodebuild[4516:98354] Error writing xctestrun file: Error Domain=NSCocoaErrorDomain Code=4 "The folder “WebDriverAgentRunner_iphoneos13.2-arm64.xctestrun” doesn’t exist." UserInfo={NSFilePath=/Users/faz/Library/Developer/Xcode/DerivedData/WebDriverAgent-aiaejbhejflmruhkhsmeebmhbaia/Build/Products/WebDriverAgentRunner_iphoneos13.2-arm64.xctestrun, NSUserStringVariant=Folder, NSUnderlyingError=0x7fcf39fe2270 {Error Domain=NSPOSIXErrorDomain Code=2 "No such file or directory"}}
** TEST BUILD FAILED **
2019-12-25 14:21:44.133 xcodebuild[4516:98353]  IDETestOperationsObserverDebug: Writing diagnostic log for test session to:
/Users/faz/Library/Developer/Xcode/DerivedData/WebDriverAgent-aiaejbhejflmruhkhsmeebmhbaia/Logs/Test/Test-WebDriverAgentRunner-2019.12.25_14-21-43-+0800.xcresult/Staging/2_Test/Diagnostics/WebDriverAgentRunner-36AA6A3E-E0CE-4DAF-9A5C-DB58FBDF1225/WebDriverAgentRunner-1C9E1ECC-3AE0-4C7C-B816-D11065163395/Session-WebDriverAgentRunner-2019-12-25_142144-EGOQqD.log
2019-12-25 14:21:44.136 xcodebuild[4516:98352] [MT] IDETestOperationsObserverDebug: (8EA15F36-BDFD-42E4-AA22-45E8DF2EE4EB) Beginning test session WebDriverAgentRunner-8EA15F36-BDFD-42E4-AA22-45E8DF2EE4EB at 2019-12-25 14:21:44.134 with Xcode 11C29 on target 📱<DVTiOSDevice (0x7fcf3a2aadf0), 烟雾弹, iPhone, 13.2.2 (17B102), e6d787265ef659f59b738dbf66bcbf75a4ec54a1> {
		deviceSerialNumber:         DNPQTPW4GRY7
		identifier:                 e6d787265ef659f59b738dbf66bcbf75a4ec54a1
		deviceClass:                iPhone
		deviceName:                 烟雾弹
		deviceIdentifier:           e6d787265ef659f59b738dbf66bcbf75a4ec54a1
		productVersion:             13.2.2
		buildVersion:               17B102
		deviceSoftwareVersion:      13.2.2 (17B102)
		deviceArchitecture:         arm64
		deviceTotalCapacity:        122728800256
		deviceAvailableCapacity:    97967312896
		deviceIsTransient:          NO
		ignored:                    NO
		deviceIsBusy:               NO
		deviceIsPaired:             YES
		deviceIsActivated:          YES
		deviceActivationState:      Activated
		isPasscodeLocked:           NO
		deviceType:                 <DVTDeviceType:0x7fcf39cc8a80 Xcode.DeviceType.iPhone>
		supportedDeviceFamilies:    (
    1
)
		applications:              (null)
		provisioningProfiles:      (null)
		hasInternalSupport:        NO
		hasWritableSystem:         NO
		isSupportedOS:             YES
		bootArgs:                  (null)
		nextBootArgs:              (null)
		connected:                 YES
		isWirelessEnabled:         NO
		connectionType:            direct
		hostname:                  yanwudan.local.
		bonjourServiceName:        1c:5c:f2:b1:d0:2e@fe80::1e5c:f2ff:feb1:d02e._apple-mobdev2._tcp.local.
		activeProxiedDevice:       (null)
		} (13.2.2 (17B102))
2019-12-25 14:21:44.305 xcodebuild[4516:98352] [MT] IDETestOperationsObserverDebug: (8EA15F36-BDFD-42E4-AA22-45E8DF2EE4EB) Finished requesting crash reports. Continuing with testing.
*** If you believe this error represents a bug, please attach the result bundle at /Users/faz/Library/Developer/Xcode/DerivedData/WebDriverAgent-aiaejbhejflmruhkhsmeebmhbaia/Logs/Test/Test-WebDriverAgentRunner-2019.12.25_14-21-43-+0800.xcresult
2019-12-25 14:21:44.323 xcodebuild[4516:98352] [MT] IDETestOperationsObserverDebug: 0.199 elapsed -- Testing started completed.
2019-12-25 14:21:44.323 xcodebuild[4516:98352] [MT] IDETestOperationsObserverDebug: 0.000 sec, +0.000 sec -- start
2019-12-25 14:21:44.323 xcodebuild[4516:98352] [MT] IDETestOperationsObserverDebug: 0.199 sec, +0.199 sec -- end
2019-12-25 14:21:44.325 xcodebuild[4516:98352] Error Domain=NSCocoaErrorDomain Code=260 "The file “WebDriverAgentRunner-Runner.app” couldn’t be opened because there is no such file." UserInfo={NSFilePath=/Users/faz/Library/Developer/Xcode/DerivedData/WebDriverAgent-aiaejbhejflmruhkhsmeebmhbaia/Build/Products/Debug-iphoneos/WebDriverAgentRunner-Runner.app, NSUnderlyingError=0x7fcf3a4e5280 {Error Domain=NSPOSIXErrorDomain Code=2 "No such file or directory"}}
Test session results, code coverage, and logs:
	/Users/faz/Library/Developer/Xcode/DerivedData/WebDriverAgent-aiaejbhejflmruhkhsmeebmhbaia/Logs/Test/Test-WebDriverAgentRunner-2019.12.25_14-21-43-+0800.xcresult
Testing started on '烟雾弹'
Testing failed:
	Signing for "WebDriverAgentRunner" requires a development team. Select a development team in the Signing & Capabilities editor.
	WebDriverAgentRunner:
		WebDriverAgentRunner-Runner.app encountered an error (Failed to install or launch the test runner. (Underlying error: The file “WebDriverAgentRunner-Runner.app” couldn’t be opened because there is no such file. The file doesn’t exist. (Underlying error: The operation couldn’t be completed. No such file or directory)))
** TEST EXECUTE FAILED **. Make sure you follow the tutorial at https://github.com/appium/appium-xcuitest-driver/blob/master/docs/real-device-config.md. Try to remove the WebDriverAgentRunner application from the device if it is installed and reboot the device.
    at getResponseForW3CError (/usr/local/lib/node_modules/appium/node_modules/appium-base-driver/lib/protocol/errors.js:804:9)
    at asyncHandler (/usr/local/lib/node_modules/appium/node_modules/appium-base-driver/lib/protocol/protocol.js:388:37)
Build info: version: '3.141.59', revision: 'e82be7d358', time: '2018-11-14T08:25:53'
System info: host: 'FazAiZhongdeMacBook-Pro.local', ip: '192.168.2.28', os.name: 'Mac OS X', os.arch: 'x86_64', os.version: '10.14.6', java.version: '1.8.0_181'
Driver info: driver.version: MobileDriverFactory$startMobileDriver
	at io.appium.java_client.remote.AppiumCommandExecutor$1.createSession(AppiumCommandExecutor.java:208)
	at io.appium.java_client.remote.AppiumCommandExecutor.createSession(AppiumCommandExecutor.java:217)
	at io.appium.java_client.remote.AppiumCommandExecutor.execute(AppiumCommandExecutor.java:239)
	at org.openqa.selenium.remote.RemoteWebDriver.execute(RemoteWebDriver.java:552)
	at io.appium.java_client.DefaultGenericMobileDriver.execute(DefaultGenericMobileDriver.java:42)
	at io.appium.java_client.AppiumDriver.execute(AppiumDriver.java:1)
	at io.appium.java_client.ios.IOSDriver.execute(IOSDriver.java:1)
	at org.openqa.selenium.remote.RemoteWebDriver.startSession(RemoteWebDriver.java:213)
	at org.openqa.selenium.remote.RemoteWebDriver.<init>(RemoteWebDriver.java:131)
	at io.appium.java_client.DefaultGenericMobileDriver.<init>(DefaultGenericMobileDriver.java:38)
	at io.appium.java_client.AppiumDriver.<init>(AppiumDriver.java:84)
	at io.appium.java_client.ios.IOSDriver.<init>(IOSDriver.java:85)
	at com.kms.katalon.core.appium.driver.AppiumDriverManager.createMobileDriver(AppiumDriverManager.java:495)
	at com.kms.katalon.core.appium.driver.AppiumDriverManager.createMobileDriver(AppiumDriverManager.java:479)
	at com.kms.katalon.core.mobile.keyword.internal.MobileDriverFactory.startMobileDriver(MobileDriverFactory.java:339)
	at com.kms.katalon.core.mobile.keyword.internal.MobileDriverFactory$startMobileDriver.call(Unknown Source)
	at com.kms.katalon.core.mobile.keyword.builtin.StartExistingApplicationKeyword$_startApplication_closure1.doCall(StartExistingApplicationKeyword.groovy:40)
	at com.kms.katalon.core.mobile.keyword.builtin.StartExistingApplicationKeyword$_startApplication_closure1.doCall(StartExistingApplicationKeyword.groovy)
	at com.kms.katalon.core.mobile.keyword.internal.MobileKeywordMain.runKeyword(MobileKeywordMain.groovy:21)
	at com.kms.katalon.core.mobile.keyword.internal.MobileKeywordMain$runKeyword.call(Unknown Source)
	at com.kms.katalon.core.mobile.keyword.builtin.StartExistingApplicationKeyword.startApplication(StartExistingApplicationKeyword.groovy:43)
	at com.kms.katalon.core.mobile.keyword.builtin.StartExistingApplicationKeyword.execute(StartExistingApplicationKeyword.groovy:34)
	at com.kms.katalon.core.keyword.internal.KeywordExecutor.executeKeywordForPlatform(KeywordExecutor.groovy:72)
	at com.kms.katalon.core.mobile.keyword.MobileBuiltInKeywords.startExistingApplication(MobileBuiltInKeywords.groovy:89)
	at com.kms.katalon.core.mobile.keyword.MobileBuiltInKeywords$startExistingApplication.call(Unknown Source)
	at choose_puning.run(choose_puning:17)
	at com.kms.katalon.core.main.ScriptEngine.run(ScriptEngine.java:194)
	at com.kms.katalon.core.main.ScriptEngine.runScriptAsRawText(ScriptEngine.java:119)
	at com.kms.katalon.core.main.TestCaseExecutor.runScript(TestCaseExecutor.java:337)
	at com.kms.katalon.core.main.TestCaseExecutor.doExecute(TestCaseExecutor.java:328)
	at com.kms.katalon.core.main.TestCaseExecutor.processExecutionPhase(TestCaseExecutor.java:307)
	at com.kms.katalon.core.main.TestCaseExecutor.accessMainPhase(TestCaseExecutor.java:299)
	at com.kms.katalon.core.main.TestCaseExecutor.execute(TestCaseExecutor.java:233)
	at com.kms.katalon.core.main.TestSuiteExecutor.accessTestCaseMainPhase(TestSuiteExecutor.java:169)
	at com.kms.katalon.core.main.TestSuiteExecutor.accessTestSuiteMainPhase(TestSuiteExecutor.java:142)
	at com.kms.katalon.core.main.TestSuiteExecutor.execute(TestSuiteExecutor.java:91)
	at com.kms.katalon.core.main.TestCaseMain.startTestSuite(TestCaseMain.java:157)
	at com.kms.katalon.core.main.TestCaseMain$startTestSuite$0.call(Unknown Source)
	at TempTestSuite1577254872853.run(TempTestSuite1577254872853.groovy:36)
Caused by: java.lang.reflect.InvocationTargetException
	at io.appium.java_client.remote.AppiumCommandExecutor$1.createSession(AppiumCommandExecutor.java:186)
	at io.appium.java_client.remote.AppiumCommandExecutor.createSession(AppiumCommandExecutor.java:217)
	at io.appium.java_client.remote.AppiumCommandExecutor.execute(AppiumCommandExecutor.java:239)
	at org.openqa.selenium.remote.RemoteWebDriver.execute(RemoteWebDriver.java:552)
	at io.appium.java_client.DefaultGenericMobileDriver.execute(DefaultGenericMobileDriver.java:42)
	at io.appium.java_client.AppiumDriver.execute(AppiumDriver.java:1)
	at io.appium.java_client.ios.IOSDriver.execute(IOSDriver.java:1)
	at org.openqa.selenium.remote.RemoteWebDriver.startSession(RemoteWebDriver.java:213)
	at org.openqa.selenium.remote.RemoteWebDriver.<init>(RemoteWebDriver.java:131)
	at io.appium.java_client.DefaultGenericMobileDriver.<init>(DefaultGenericMobileDriver.java:38)
	at io.appium.java_client.AppiumDriver.<init>(AppiumDriver.java:84)
	at io.appium.java_client.ios.IOSDriver.<init>(IOSDriver.java:85)
	at com.kms.katalon.core.appium.driver.AppiumDriverManager.createMobileDriver(AppiumDriverManager.java:495)
	at com.kms.katalon.core.appium.driver.AppiumDriverManager.createMobileDriver(AppiumDriverManager.java:479)
	at com.kms.katalon.core.mobile.keyword.internal.MobileDriverFactory.startMobileDriver(MobileDriverFactory.java:339)
	at com.kms.katalon.core.mobile.keyword.internal.MobileDriverFactory$startMobileDriver.call(Unknown Source)
	at com.kms.katalon.core.mobile.keyword.builtin.StartExistingApplicationKeyword$_startApplication_closure1.doCall(StartExistingApplicationKeyword.groovy:40)
	at com.kms.katalon.core.mobile.keyword.builtin.StartExistingApplicationKeyword$_startApplication_closure1.doCall(StartExistingApplicationKeyword.groovy)
	at com.kms.katalon.core.mobile.keyword.internal.MobileKeywordMain.runKeyword(MobileKeywordMain.groovy:21)
	at com.kms.katalon.core.mobile.keyword.internal.MobileKeywordMain$runKeyword.call(Unknown Source)
	at com.kms.katalon.core.mobile.keyword.builtin.StartExistingApplicationKeyword.startApplication(StartExistingApplicationKeyword.groovy:43)
	at com.kms.katalon.core.mobile.keyword.builtin.StartExistingApplicationKeyword.execute(StartExistingApplicationKeyword.groovy:34)
	at com.kms.katalon.core.keyword.internal.KeywordExecutor.executeKeywordForPlatform(KeywordExecutor.groovy:72)
	at com.kms.katalon.core.mobile.keyword.MobileBuiltInKeywords.startExistingApplication(MobileBuiltInKeywords.groovy:89)
	at com.kms.katalon.core.mobile.keyword.MobileBuiltInKeywords$startExistingApplication.call(Unknown Source)
	at Script1575874101227.run(Script1575874101227.groovy:17)
	... 13 more
Caused by: org.openqa.selenium.WebDriverException: An unknown server-side error occurred while processing the command. Original error: Unable to launch WebDriverAgent because of xcodebuild failure: xcodebuild failed with code 65
xcodebuild error message:

2019-12-25 14:21:44.109 xcodebuild[4516:98354] Error writing xctestrun file: Error Domain=NSCocoaErrorDomain Code=4 "The folder “WebDriverAgentRunner_iphoneos13.2-arm64.xctestrun” doesn’t exist." UserInfo={NSFilePath=/Users/faz/Library/Developer/Xcode/DerivedData/WebDriverAgent-aiaejbhejflmruhkhsmeebmhbaia/Build/Products/WebDriverAgentRunner_iphoneos13.2-arm64.xctestrun, NSUserStringVariant=Folder, NSUnderlyingError=0x7fcf39fe2270 {Error Domain=NSPOSIXErrorDomain Code=2 "No such file or directory"}}
** TEST BUILD FAILED **
2019-12-25 14:21:44.133 xcodebuild[4516:98353]  IDETestOperationsObserverDebug: Writing diagnostic log for test session to:
/Users/faz/Library/Developer/Xcode/DerivedData/WebDriverAgent-aiaejbhejflmruhkhsmeebmhbaia/Logs/Test/Test-WebDriverAgentRunner-2019.12.25_14-21-43-+0800.xcresult/Staging/2_Test/Diagnostics/WebDriverAgentRunner-36AA6A3E-E0CE-4DAF-9A5C-DB58FBDF1225/WebDriverAgentRunner-1C9E1ECC-3AE0-4C7C-B816-D11065163395/Session-WebDriverAgentRunner-2019-12-25_142144-EGOQqD.log
2019-12-25 14:21:44.136 xcodebuild[4516:98352] [MT] IDETestOperationsObserverDebug: (8EA15F36-BDFD-42E4-AA22-45E8DF2EE4EB) Beginning test session WebDriverAgentRunner-8EA15F36-BDFD-42E4-AA22-45E8DF2EE4EB at 2019-12-25 14:21:44.134 with Xcode 11C29 on target 📱<DVTiOSDevice (0x7fcf3a2aadf0), 烟雾弹, iPhone, 13.2.2 (17B102), e6d787265ef659f59b738dbf66bcbf75a4ec54a1> {
		deviceSerialNumber:         DNPQTPW4GRY7
		identifier:                 e6d787265ef659f59b738dbf66bcbf75a4ec54a1
		deviceClass:                iPhone
		deviceName:                 烟雾弹
		deviceIdentifier:           e6d787265ef659f59b738dbf66bcbf75a4ec54a1
		productVersion:             13.2.2
		buildVersion:               17B102
		deviceSoftwareVersion:      13.2.2 (17B102)
		deviceArchitecture:         arm64
		deviceTotalCapacity:        122728800256
		deviceAvailableCapacity:    97967312896
		deviceIsTransient:          NO
		ignored:                    NO
		deviceIsBusy:               NO
		deviceIsPaired:             YES
		deviceIsActivated:          YES
		deviceActivationState:      Activated
		isPasscodeLocked:           NO
		deviceType:                 <DVTDeviceType:0x7fcf39cc8a80 Xcode.DeviceType.iPhone>
		supportedDeviceFamilies:    (
    1
)
		applications:              (null)
		provisioningProfiles:      (null)
		hasInternalSupport:        NO
		hasWritableSystem:         NO
		isSupportedOS:             YES
		bootArgs:                  (null)
		nextBootArgs:              (null)
		connected:                 YES
		isWirelessEnabled:         NO
		connectionType:            direct
		hostname:                  yanwudan.local.
		bonjourServiceName:        1c:5c:f2:b1:d0:2e@fe80::1e5c:f2ff:feb1:d02e._apple-mobdev2._tcp.local.
		activeProxiedDevice:       (null)
		} (13.2.2 (17B102))
2019-12-25 14:21:44.305 xcodebuild[4516:98352] [MT] IDETestOperationsObserverDebug: (8EA15F36-BDFD-42E4-AA22-45E8DF2EE4EB) Finished requesting crash reports. Continuing with testing.
*** If you believe this error represents a bug, please attach the result bundle at /Users/faz/Library/Developer/Xcode/DerivedData/WebDriverAgent-aiaejbhejflmruhkhsmeebmhbaia/Logs/Test/Test-WebDriverAgentRunner-2019.12.25_14-21-43-+0800.xcresult
2019-12-25 14:21:44.323 xcodebuild[4516:98352] [MT] IDETestOperationsObserverDebug: 0.199 elapsed -- Testing started completed.
2019-12-25 14:21:44.323 xcodebuild[4516:98352] [MT] IDETestOperationsObserverDebug: 0.000 sec, +0.000 sec -- start
2019-12-25 14:21:44.323 xcodebuild[4516:98352] [MT] IDETestOperationsObserverDebug: 0.199 sec, +0.199 sec -- end
2019-12-25 14:21:44.325 xcodebuild[4516:98352] Error Domain=NSCocoaErrorDomain Code=260 "The file “WebDriverAgentRunner-Runner.app” couldn’t be opened because there is no such file." UserInfo={NSFilePath=/Users/faz/Library/Developer/Xcode/DerivedData/WebDriverAgent-aiaejbhejflmruhkhsmeebmhbaia/Build/Products/Debug-iphoneos/WebDriverAgentRunner-Runner.app, NSUnderlyingError=0x7fcf3a4e5280 {Error Domain=NSPOSIXErrorDomain Code=2 "No such file or directory"}}
Test session results, code coverage, and logs:
	/Users/faz/Library/Developer/Xcode/DerivedData/WebDriverAgent-aiaejbhejflmruhkhsmeebmhbaia/Logs/Test/Test-WebDriverAgentRunner-2019.12.25_14-21-43-+0800.xcresult
Testing started on '烟雾弹'
Testing failed:
	Signing for "WebDriverAgentRunner" requires a development team. Select a development team in the Signing & Capabilities editor.
	WebDriverAgentRunner:
		WebDriverAgentRunner-Runner.app encountered an error (Failed to install or launch the test runner. (Underlying error: The file “WebDriverAgentRunner-Runner.app” couldn’t be opened because there is no such file. The file doesn’t exist. (Underlying error: The operation couldn’t be completed. No such file or directory)))
** TEST EXECUTE FAILED **. Make sure you follow the tutorial at https://github.com/appium/appium-xcuitest-driver/blob/master/docs/real-device-config.md. Try to remove the WebDriverAgentRunner application from the device if it is installed and reboot the device.
Build info: version: '3.141.59', revision: 'e82be7d358', time: '2018-11-14T08:25:53'
System info: host: 'FazAiZhongdeMacBook-Pro.local', ip: '192.168.2.28', os.name: 'Mac OS X', os.arch: 'x86_64', os.version: '10.14.6', java.version: '1.8.0_181'
Driver info: driver.version: MobileDriverFactory$startMobileDriver
remote stacktrace: UnknownError: An unknown server-side error occurred while processing the command. Original error: Unable to launch WebDriverAgent because of xcodebuild failure: xcodebuild failed with code 65
xcodebuild error message:

2019-12-25 14:21:44.109 xcodebuild[4516:98354] Error writing xctestrun file: Error Domain=NSCocoaErrorDomain Code=4 "The folder “WebDriverAgentRunner_iphoneos13.2-arm64.xctestrun” doesn’t exist." UserInfo={NSFilePath=/Users/faz/Library/Developer/Xcode/DerivedData/WebDriverAgent-aiaejbhejflmruhkhsmeebmhbaia/Build/Products/WebDriverAgentRunner_iphoneos13.2-arm64.xctestrun, NSUserStringVariant=Folder, NSUnderlyingError=0x7fcf39fe2270 {Error Domain=NSPOSIXErrorDomain Code=2 "No such file or directory"}}
** TEST BUILD FAILED **
2019-12-25 14:21:44.133 xcodebuild[4516:98353]  IDETestOperationsObserverDebug: Writing diagnostic log for test session to:
/Users/faz/Library/Developer/Xcode/DerivedData/WebDriverAgent-aiaejbhejflmruhkhsmeebmhbaia/Logs/Test/Test-WebDriverAgentRunner-2019.12.25_14-21-43-+0800.xcresult/Staging/2_Test/Diagnostics/WebDriverAgentRunner-36AA6A3E-E0CE-4DAF-9A5C-DB58FBDF1225/WebDriverAgentRunner-1C9E1ECC-3AE0-4C7C-B816-D11065163395/Session-WebDriverAgentRunner-2019-12-25_142144-EGOQqD.log
2019-12-25 14:21:44.136 xcodebuild[4516:98352] [MT] IDETestOperationsObserverDebug: (8EA15F36-BDFD-42E4-AA22-45E8DF2EE4EB) Beginning test session WebDriverAgentRunner-8EA15F36-BDFD-42E4-AA22-45E8DF2EE4EB at 2019-12-25 14:21:44.134 with Xcode 11C29 on target 📱<DVTiOSDevice (0x7fcf3a2aadf0), 烟雾弹, iPhone, 13.2.2 (17B102), e6d787265ef659f59b738dbf66bcbf75a4ec54a1> {
		deviceSerialNumber:         DNPQTPW4GRY7
		identifier:                 e6d787265ef659f59b738dbf66bcbf75a4ec54a1
		deviceClass:                iPhone
		deviceName:                 烟雾弹
		deviceIdentifier:           e6d787265ef659f59b738dbf66bcbf75a4ec54a1
		productVersion:             13.2.2
		buildVersion:               17B102
		deviceSoftwareVersion:      13.2.2 (17B102)
		deviceArchitecture:         arm64
		deviceTotalCapacity:        122728800256
		deviceAvailableCapacity:    97967312896
		deviceIsTransient:          NO
		ignored:                    NO
		deviceIsBusy:               NO
		deviceIsPaired:             YES
		deviceIsActivated:          YES
		deviceActivationState:      Activated
		isPasscodeLocked:           NO
		deviceType:                 <DVTDeviceType:0x7fcf39cc8a80 Xcode.DeviceType.iPhone>
		supportedDeviceFamilies:    (
    1
)
		applications:              (null)
		provisioningProfiles:      (null)
		hasInternalSupport:        NO
		hasWritableSystem:         NO
		isSupportedOS:             YES
		bootArgs:                  (null)
		nextBootArgs:              (null)
		connected:                 YES
		isWirelessEnabled:         NO
		connectionType:            direct
		hostname:                  yanwudan.local.
		bonjourServiceName:        1c:5c:f2:b1:d0:2e@fe80::1e5c:f2ff:feb1:d02e._apple-mobdev2._tcp.local.
		activeProxiedDevice:       (null)
		} (13.2.2 (17B102))
2019-12-25 14:21:44.305 xcodebuild[4516:98352] [MT] IDETestOperationsObserverDebug: (8EA15F36-BDFD-42E4-AA22-45E8DF2EE4EB) Finished requesting crash reports. Continuing with testing.
*** If you believe this error represents a bug, please attach the result bundle at /Users/faz/Library/Developer/Xcode/DerivedData/WebDriverAgent-aiaejbhejflmruhkhsmeebmhbaia/Logs/Test/Test-WebDriverAgentRunner-2019.12.25_14-21-43-+0800.xcresult
2019-12-25 14:21:44.323 xcodebuild[4516:98352] [MT] IDETestOperationsObserverDebug: 0.199 elapsed -- Testing started completed.
2019-12-25 14:21:44.323 xcodebuild[4516:98352] [MT] IDETestOperationsObserverDebug: 0.000 sec, +0.000 sec -- start
2019-12-25 14:21:44.323 xcodebuild[4516:98352] [MT] IDETestOperationsObserverDebug: 0.199 sec, +0.199 sec -- end
2019-12-25 14:21:44.325 xcodebuild[4516:98352] Error Domain=NSCocoaErrorDomain Code=260 "The file “WebDriverAgentRunner-Runner.app” couldn’t be opened because there is no such file." UserInfo={NSFilePath=/Users/faz/Library/Developer/Xcode/DerivedData/WebDriverAgent-aiaejbhejflmruhkhsmeebmhbaia/Build/Products/Debug-iphoneos/WebDriverAgentRunner-Runner.app, NSUnderlyingError=0x7fcf3a4e5280 {Error Domain=NSPOSIXErrorDomain Code=2 "No such file or directory"}}
Test session results, code coverage, and logs:
	/Users/faz/Library/Developer/Xcode/DerivedData/WebDriverAgent-aiaejbhejflmruhkhsmeebmhbaia/Logs/Test/Test-WebDriverAgentRunner-2019.12.25_14-21-43-+0800.xcresult
Testing started on '烟雾弹'
Testing failed:
	Signing for "WebDriverAgentRunner" requires a development team. Select a development team in the Signing & Capabilities editor.
	WebDriverAgentRunner:
		WebDriverAgentRunner-Runner.app encountered an error (Failed to install or launch the test runner. (Underlying error: The file “WebDriverAgentRunner-Runner.app” couldn’t be opened because there is no such file. The file doesn’t exist. (Underlying error: The operation couldn’t be completed. No such file or directory)))
** TEST EXECUTE FAILED **. Make sure you follow the tutorial at https://github.com/appium/appium-xcuitest-driver/blob/master/docs/real-device-config.md. Try to remove the WebDriverAgentRunner application from the device if it is installed and reboot the device.
    at getResponseForW3CError (/usr/local/lib/node_modules/appium/node_modules/appium-base-driver/lib/protocol/errors.js:804:9)
    at asyncHandler (/usr/local/lib/node_modules/appium/node_modules/appium-base-driver/lib/protocol/protocol.js:388:37)
	at org.openqa.selenium.remote.W3CHandshakeResponse.lambda$errorHandler$0(W3CHandshakeResponse.java:62)
	at org.openqa.selenium.remote.HandshakeResponse.lambda$getResponseFunction$0(HandshakeResponse.java:30)
	at org.openqa.selenium.remote.ProtocolHandshake.lambda$createSession$0(ProtocolHandshake.java:126)
	at org.openqa.selenium.remote.ProtocolHandshake.createSession(ProtocolHandshake.java:128)
	... 39 more
)
	at com.kms.katalon.core.keyword.internal.KeywordMain.stepFailed(KeywordMain.groovy:50)
	at com.kms.katalon.core.mobile.keyword.internal.MobileKeywordMain.stepFailed(MobileKeywordMain.groovy:40)
	at com.kms.katalon.core.mobile.keyword.internal.MobileKeywordMain.runKeyword(MobileKeywordMain.groovy:23)
	at com.kms.katalon.core.mobile.keyword.internal.MobileKeywordMain$runKeyword.call(Unknown Source)
	at com.kms.katalon.core.mobile.keyword.builtin.StartExistingApplicationKeyword.startApplication(StartExistingApplicationKeyword.groovy:43)
	at com.kms.katalon.core.mobile.keyword.builtin.StartExistingApplicationKeyword.execute(StartExistingApplicationKeyword.groovy:34)
	at com.kms.katalon.core.keyword.internal.KeywordExecutor.executeKeywordForPlatform(KeywordExecutor.groovy:72)
	at com.kms.katalon.core.mobile.keyword.MobileBuiltInKeywords.startExistingApplication(MobileBuiltInKeywords.groovy:89)
	at com.kms.katalon.core.mobile.keyword.MobileBuiltInKeywords$startExistingApplication.call(Unknown Source)
	at choose_puning.run(choose_puning:17)
	at com.kms.katalon.core.main.ScriptEngine.run(ScriptEngine.java:194)
	at com.kms.katalon.core.main.ScriptEngine.runScriptAsRawText(ScriptEngine.java:119)
	at com.kms.katalon.core.main.TestCaseExecutor.runScript(TestCaseExecutor.java:337)
	at com.kms.katalon.core.main.TestCaseExecutor.doExecute(TestCaseExecutor.java:328)
	at com.kms.katalon.core.main.TestCaseExecutor.processExecutionPhase(TestCaseExecutor.java:307)
	at com.kms.katalon.core.main.TestCaseExecutor.accessMainPhase(TestCaseExecutor.java:299)
	at com.kms.katalon.core.main.TestCaseExecutor.execute(TestCaseExecutor.java:233)
	at com.kms.katalon.core.main.TestSuiteExecutor.accessTestCaseMainPhase(TestSuiteExecutor.java:169)
	at com.kms.katalon.core.main.TestSuiteExecutor.accessTestSuiteMainPhase(TestSuiteExecutor.java:142)
	at com.kms.katalon.core.main.TestSuiteExecutor.execute(TestSuiteExecutor.java:91)
	at com.kms.katalon.core.main.TestCaseMain.startTestSuite(TestCaseMain.java:157)
	at com.kms.katalon.core.main.TestCaseMain$startTestSuite$0.call(Unknown Source)
	at TempTestSuite1577254872853.run(TempTestSuite1577254872853.groovy:36)
Caused by: org.openqa.selenium.SessionNotCreatedException: Unable to create a new remote session. Please check the server log for more details. Original error: An unknown server-side error occurred while processing the command. Original error: Unable to launch WebDriverAgent because of xcodebuild failure: xcodebuild failed with code 65
xcodebuild error message:

2019-12-25 14:21:44.109 xcodebuild[4516:98354] Error writing xctestrun file: Error Domain=NSCocoaErrorDomain Code=4 "The folder “WebDriverAgentRunner_iphoneos13.2-arm64.xctestrun” doesn’t exist." UserInfo={NSFilePath=/Users/faz/Library/Developer/Xcode/DerivedData/WebDriverAgent-aiaejbhejflmruhkhsmeebmhbaia/Build/Products/WebDriverAgentRunner_iphoneos13.2-arm64.xctestrun, NSUserStringVariant=Folder, NSUnderlyingError=0x7fcf39fe2270 {Error Domain=NSPOSIXErrorDomain Code=2 "No such file or directory"}}
** TEST BUILD FAILED **
2019-12-25 14:21:44.133 xcodebuild[4516:98353]  IDETestOperationsObserverDebug: Writing diagnostic log for test session to:
/Users/faz/Library/Developer/Xcode/DerivedData/WebDriverAgent-aiaejbhejflmruhkhsmeebmhbaia/Logs/Test/Test-WebDriverAgentRunner-2019.12.25_14-21-43-+0800.xcresult/Staging/2_Test/Diagnostics/WebDriverAgentRunner-36AA6A3E-E0CE-4DAF-9A5C-DB58FBDF1225/WebDriverAgentRunner-1C9E1ECC-3AE0-4C7C-B816-D11065163395/Session-WebDriverAgentRunner-2019-12-25_142144-EGOQqD.log
2019-12-25 14:21:44.136 xcodebuild[4516:98352] [MT] IDETestOperationsObserverDebug: (8EA15F36-BDFD-42E4-AA22-45E8DF2EE4EB) Beginning test session WebDriverAgentRunner-8EA15F36-BDFD-42E4-AA22-45E8DF2EE4EB at 2019-12-25 14:21:44.134 with Xcode 11C29 on target 📱<DVTiOSDevice (0x7fcf3a2aadf0), 烟雾弹, iPhone, 13.2.2 (17B102), e6d787265ef659f59b738dbf66bcbf75a4ec54a1> {
		deviceSerialNumber:         DNPQTPW4GRY7
		identifier:                 e6d787265ef659f59b738dbf66bcbf75a4ec54a1
		deviceClass:                iPhone
		deviceName:                 烟雾弹
		deviceIdentifier:           e6d787265ef659f59b738dbf66bcbf75a4ec54a1
		productVersion:             13.2.2
		buildVersion:               17B102
		deviceSoftwareVersion:      13.2.2 (17B102)
		deviceArchitecture:         arm64
		deviceTotalCapacity:        122728800256
		deviceAvailableCapacity:    97967312896
		deviceIsTransient:          NO
		ignored:                    NO
		deviceIsBusy:               NO
		deviceIsPaired:             YES
		deviceIsActivated:          YES
		deviceActivationState:      Activated
		isPasscodeLocked:           NO
		deviceType:                 <DVTDeviceType:0x7fcf39cc8a80 Xcode.DeviceType.iPhone>
		supportedDeviceFamilies:    (
    1
)
		applications:              (null)
		provisioningProfiles:      (null)
		hasInternalSupport:        NO
		hasWritableSystem:         NO
		isSupportedOS:             YES
		bootArgs:                  (null)
		nextBootArgs:              (null)
		connected:                 YES
		isWirelessEnabled:         NO
		connectionType:            direct
		hostname:                  yanwudan.local.
		bonjourServiceName:        1c:5c:f2:b1:d0:2e@fe80::1e5c:f2ff:feb1:d02e._apple-mobdev2._tcp.local.
		activeProxiedDevice:       (null)
		} (13.2.2 (17B102))
2019-12-25 14:21:44.305 xcodebuild[4516:98352] [MT] IDETestOperationsObserverDebug: (8EA15F36-BDFD-42E4-AA22-45E8DF2EE4EB) Finished requesting crash reports. Continuing with testing.
*** If you believe this error represents a bug, please attach the result bundle at /Users/faz/Library/Developer/Xcode/DerivedData/WebDriverAgent-aiaejbhejflmruhkhsmeebmhbaia/Logs/Test/Test-WebDriverAgentRunner-2019.12.25_14-21-43-+0800.xcresult
2019-12-25 14:21:44.323 xcodebuild[4516:98352] [MT] IDETestOperationsObserverDebug: 0.199 elapsed -- Testing started completed.
2019-12-25 14:21:44.323 xcodebuild[4516:98352] [MT] IDETestOperationsObserverDebug: 0.000 sec, +0.000 sec -- start
2019-12-25 14:21:44.323 xcodebuild[4516:98352] [MT] IDETestOperationsObserverDebug: 0.199 sec, +0.199 sec -- end
2019-12-25 14:21:44.325 xcodebuild[4516:98352] Error Domain=NSCocoaErrorDomain Code=260 "The file “WebDriverAgentRunner-Runner.app” couldn’t be opened because there is no such file." UserInfo={NSFilePath=/Users/faz/Library/Developer/Xcode/DerivedData/WebDriverAgent-aiaejbhejflmruhkhsmeebmhbaia/Build/Products/Debug-iphoneos/WebDriverAgentRunner-Runner.app, NSUnderlyingError=0x7fcf3a4e5280 {Error Domain=NSPOSIXErrorDomain Code=2 "No such file or directory"}}
Test session results, code coverage, and logs:
	/Users/faz/Library/Developer/Xcode/DerivedData/WebDriverAgent-aiaejbhejflmruhkhsmeebmhbaia/Logs/Test/Test-WebDriverAgentRunner-2019.12.25_14-21-43-+0800.xcresult
Testing started on '烟雾弹'
Testing failed:
	Signing for "WebDriverAgentRunner" requires a development team. Select a development team in the Signing & Capabilities editor.
	WebDriverAgentRunner:
		WebDriverAgentRunner-Runner.app encountered an error (Failed to install or launch the test runner. (Underlying error: The file “WebDriverAgentRunner-Runner.app” couldn’t be opened because there is no such file. The file doesn’t exist. (Underlying error: The operation couldn’t be completed. No such file or directory)))
** TEST EXECUTE FAILED **. Make sure you follow the tutorial at https://github.com/appium/appium-xcuitest-driver/blob/master/docs/real-device-config.md. Try to remove the WebDriverAgentRunner application from the device if it is installed and reboot the device.
Build info: version: '3.141.59', revision: 'e82be7d358', time: '2018-11-14T08:25:53'
System info: host: 'FazAiZhongdeMacBook-Pro.local', ip: '192.168.2.28', os.name: 'Mac OS X', os.arch: 'x86_64', os.version: '10.14.6', java.version: '1.8.0_181'
Driver info: driver.version: MobileDriverFactory$startMobileDriver
remote stacktrace: UnknownError: An unknown server-side error occurred while processing the command. Original error: Unable to launch WebDriverAgent because of xcodebuild failure: xcodebuild failed with code 65
xcodebuild error message:

2019-12-25 14:21:44.109 xcodebuild[4516:98354] Error writing xctestrun file: Error Domain=NSCocoaErrorDomain Code=4 "The folder “WebDriverAgentRunner_iphoneos13.2-arm64.xctestrun” doesn’t exist." UserInfo={NSFilePath=/Users/faz/Library/Developer/Xcode/DerivedData/WebDriverAgent-aiaejbhejflmruhkhsmeebmhbaia/Build/Products/WebDriverAgentRunner_iphoneos13.2-arm64.xctestrun, NSUserStringVariant=Folder, NSUnderlyingError=0x7fcf39fe2270 {Error Domain=NSPOSIXErrorDomain Code=2 "No such file or directory"}}
** TEST BUILD FAILED **
2019-12-25 14:21:44.133 xcodebuild[4516:98353]  IDETestOperationsObserverDebug: Writing diagnostic log for test session to:
/Users/faz/Library/Developer/Xcode/DerivedData/WebDriverAgent-aiaejbhejflmruhkhsmeebmhbaia/Logs/Test/Test-WebDriverAgentRunner-2019.12.25_14-21-43-+0800.xcresult/Staging/2_Test/Diagnostics/WebDriverAgentRunner-36AA6A3E-E0CE-4DAF-9A5C-DB58FBDF1225/WebDriverAgentRunner-1C9E1ECC-3AE0-4C7C-B816-D11065163395/Session-WebDriverAgentRunner-2019-12-25_142144-EGOQqD.log
2019-12-25 14:21:44.136 xcodebuild[4516:98352] [MT] IDETestOperationsObserverDebug: (8EA15F36-BDFD-42E4-AA22-45E8DF2EE4EB) Beginning test session WebDriverAgentRunner-8EA15F36-BDFD-42E4-AA22-45E8DF2EE4EB at 2019-12-25 14:21:44.134 with Xcode 11C29 on target 📱<DVTiOSDevice (0x7fcf3a2aadf0), 烟雾弹, iPhone, 13.2.2 (17B102), e6d787265ef659f59b738dbf66bcbf75a4ec54a1> {
		deviceSerialNumber:         DNPQTPW4GRY7
		identifier:                 e6d787265ef659f59b738dbf66bcbf75a4ec54a1
		deviceClass:                iPhone
		deviceName:                 烟雾弹
		deviceIdentifier:           e6d787265ef659f59b738dbf66bcbf75a4ec54a1
		productVersion:             13.2.2
		buildVersion:               17B102
		deviceSoftwareVersion:      13.2.2 (17B102)
		deviceArchitecture:         arm64
		deviceTotalCapacity:        122728800256
		deviceAvailableCapacity:    97967312896
		deviceIsTransient:          NO
		ignored:                    NO
		deviceIsBusy:               NO
		deviceIsPaired:             YES
		deviceIsActivated:          YES
		deviceActivationState:      Activated
		isPasscodeLocked:           NO
		deviceType:                 <DVTDeviceType:0x7fcf39cc8a80 Xcode.DeviceType.iPhone>
		supportedDeviceFamilies:    (
    1
)
		applications:              (null)
		provisioningProfiles:      (null)
		hasInternalSupport:        NO
		hasWritableSystem:         NO
		isSupportedOS:             YES
		bootArgs:                  (null)
		nextBootArgs:              (null)
		connected:                 YES
		isWirelessEnabled:         NO
		connectionType:            direct
		hostname:                  yanwudan.local.
		bonjourServiceName:        1c:5c:f2:b1:d0:2e@fe80::1e5c:f2ff:feb1:d02e._apple-mobdev2._tcp.local.
		activeProxiedDevice:       (null)
		} (13.2.2 (17B102))
2019-12-25 14:21:44.305 xcodebuild[4516:98352] [MT] IDETestOperationsObserverDebug: (8EA15F36-BDFD-42E4-AA22-45E8DF2EE4EB) Finished requesting crash reports. Continuing with testing.
*** If you believe this error represents a bug, please attach the result bundle at /Users/faz/Library/Developer/Xcode/DerivedData/WebDriverAgent-aiaejbhejflmruhkhsmeebmhbaia/Logs/Test/Test-WebDriverAgentRunner-2019.12.25_14-21-43-+0800.xcresult
2019-12-25 14:21:44.323 xcodebuild[4516:98352] [MT] IDETestOperationsObserverDebug: 0.199 elapsed -- Testing started completed.
2019-12-25 14:21:44.323 xcodebuild[4516:98352] [MT] IDETestOperationsObserverDebug: 0.000 sec, +0.000 sec -- start
2019-12-25 14:21:44.323 xcodebuild[4516:98352] [MT] IDETestOperationsObserverDebug: 0.199 sec, +0.199 sec -- end
2019-12-25 14:21:44.325 xcodebuild[4516:98352] Error Domain=NSCocoaErrorDomain Code=260 "The file “WebDriverAgentRunner-Runner.app” couldn’t be opened because there is no such file." UserInfo={NSFilePath=/Users/faz/Library/Developer/Xcode/DerivedData/WebDriverAgent-aiaejbhejflmruhkhsmeebmhbaia/Build/Products/Debug-iphoneos/WebDriverAgentRunner-Runner.app, NSUnderlyingError=0x7fcf3a4e5280 {Error Domain=NSPOSIXErrorDomain Code=2 "No such file or directory"}}
Test session results, code coverage, and logs:
	/Users/faz/Library/Developer/Xcode/DerivedData/WebDriverAgent-aiaejbhejflmruhkhsmeebmhbaia/Logs/Test/Test-WebDriverAgentRunner-2019.12.25_14-21-43-+0800.xcresult
Testing started on '烟雾弹'
Testing failed:
	Signing for "WebDriverAgentRunner" requires a development team. Select a development team in the Signing & Capabilities editor.
	WebDriverAgentRunner:
		WebDriverAgentRunner-Runner.app encountered an error (Failed to install or launch the test runner. (Underlying error: The file “WebDriverAgentRunner-Runner.app” couldn’t be opened because there is no such file. The file doesn’t exist. (Underlying error: The operation couldn’t be completed. No such file or directory)))
** TEST EXECUTE FAILED **. Make sure you follow the tutorial at https://github.com/appium/appium-xcuitest-driver/blob/master/docs/real-device-config.md. Try to remove the WebDriverAgentRunner application from the device if it is installed and reboot the device.
    at getResponseForW3CError (/usr/local/lib/node_modules/appium/node_modules/appium-base-driver/lib/protocol/errors.js:804:9)
    at asyncHandler (/usr/local/lib/node_modules/appium/node_modules/appium-base-driver/lib/protocol/protocol.js:388:37)
Build info: version: '3.141.59', revision: 'e82be7d358', time: '2018-11-14T08:25:53'
System info: host: 'FazAiZhongdeMacBook-Pro.local', ip: '192.168.2.28', os.name: 'Mac OS X', os.arch: 'x86_64', os.version: '10.14.6', java.version: '1.8.0_181'
Driver info: driver.version: MobileDriverFactory$startMobileDriver
	at io.appium.java_client.remote.AppiumCommandExecutor$1.createSession(AppiumCommandExecutor.java:208)
	at io.appium.java_client.remote.AppiumCommandExecutor.createSession(AppiumCommandExecutor.java:217)
	at io.appium.java_client.remote.AppiumCommandExecutor.execute(AppiumCommandExecutor.java:239)
	at org.openqa.selenium.remote.RemoteWebDriver.execute(RemoteWebDriver.java:552)
	at io.appium.java_client.DefaultGenericMobileDriver.execute(DefaultGenericMobileDriver.java:42)
	at io.appium.java_client.AppiumDriver.execute(AppiumDriver.java:1)
	at io.appium.java_client.ios.IOSDriver.execute(IOSDriver.java:1)
	at org.openqa.selenium.remote.RemoteWebDriver.startSession(RemoteWebDriver.java:213)
	at org.openqa.selenium.remote.RemoteWebDriver.<init>(RemoteWebDriver.java:131)
	at io.appium.java_client.DefaultGenericMobileDriver.<init>(DefaultGenericMobileDriver.java:38)
	at io.appium.java_client.AppiumDriver.<init>(AppiumDriver.java:84)
	at io.appium.java_client.ios.IOSDriver.<init>(IOSDriver.java:85)
	at com.kms.katalon.core.appium.driver.AppiumDriverManager.createMobileDriver(AppiumDriverManager.java:495)
	at com.kms.katalon.core.appium.driver.AppiumDriverManager.createMobileDriver(AppiumDriverManager.java:479)
	at com.kms.katalon.core.mobile.keyword.internal.MobileDriverFactory.startMobileDriver(MobileDriverFactory.java:339)
	at com.kms.katalon.core.mobile.keyword.internal.MobileDriverFactory$startMobileDriver.call(Unknown Source)
	at com.kms.katalon.core.mobile.keyword.builtin.StartExistingApplicationKeyword$_startApplication_closure1.doCall(StartExistingApplicationKeyword.groovy:40)
	at com.kms.katalon.core.mobile.keyword.builtin.StartExistingApplicationKeyword$_startApplication_closure1.doCall(StartExistingApplicationKeyword.groovy)
	at com.kms.katalon.core.mobile.keyword.internal.MobileKeywordMain.runKeyword(MobileKeywordMain.groovy:21)
	... 20 more
Caused by: java.lang.reflect.InvocationTargetException
	at io.appium.java_client.remote.AppiumCommandExecutor$1.createSession(AppiumCommandExecutor.java:186)
	at io.appium.java_client.remote.AppiumCommandExecutor.createSession(AppiumCommandExecutor.java:217)
	at io.appium.java_client.remote.AppiumCommandExecutor.execute(AppiumCommandExecutor.java:239)
	at org.openqa.selenium.remote.RemoteWebDriver.execute(RemoteWebDriver.java:552)
	at io.appium.java_client.DefaultGenericMobileDriver.execute(DefaultGenericMobileDriver.java:42)
	at io.appium.java_client.AppiumDriver.execute(AppiumDriver.java:1)
	at io.appium.java_client.ios.IOSDriver.execute(IOSDriver.java:1)
	at org.openqa.selenium.remote.RemoteWebDriver.startSession(RemoteWebDriver.java:213)
	at org.openqa.selenium.remote.RemoteWebDriver.<init>(RemoteWebDriver.java:131)
	at io.appium.java_client.DefaultGenericMobileDriver.<init>(DefaultGenericMobileDriver.java:38)
	at io.appium.java_client.AppiumDriver.<init>(AppiumDriver.java:84)
	at io.appium.java_client.ios.IOSDriver.<init>(IOSDriver.java:85)
	at com.kms.katalon.core.appium.driver.AppiumDriverManager.createMobileDriver(AppiumDriverManager.java:495)
	at com.kms.katalon.core.appium.driver.AppiumDriverManager.createMobileDriver(AppiumDriverManager.java:479)
	at com.kms.katalon.core.mobile.keyword.internal.MobileDriverFactory.startMobileDriver(MobileDriverFactory.java:339)
	at com.kms.katalon.core.mobile.keyword.internal.MobileDriverFactory$startMobileDriver.call(Unknown Source)
	at com.kms.katalon.core.mobile.keyword.builtin.StartExistingApplicationKeyword$_startApplication_closure1.doCall(StartExistingApplicationKeyword.groovy:40)
	at com.kms.katalon.core.mobile.keyword.builtin.StartExistingApplicationKeyword$_startApplication_closure1.doCall(StartExistingApplicationKeyword.groovy)
	at com.kms.katalon.core.mobile.keyword.internal.MobileKeywordMain.runKeyword(MobileKeywordMain.groovy:21)
	at com.kms.katalon.core.mobile.keyword.internal.MobileKeywordMain$runKeyword.call(Unknown Source)
	at com.kms.katalon.core.mobile.keyword.builtin.StartExistingApplicationKeyword.startApplication(StartExistingApplicationKeyword.groovy:43)
	at com.kms.katalon.core.mobile.keyword.builtin.StartExistingApplicationKeyword.execute(StartExistingApplicationKeyword.groovy:34)
	at com.kms.katalon.core.keyword.internal.KeywordExecutor.executeKeywordForPlatform(KeywordExecutor.groovy:72)
	at com.kms.katalon.core.mobile.keyword.MobileBuiltInKeywords.startExistingApplication(MobileBuiltInKeywords.groovy:89)
	at com.kms.katalon.core.mobile.keyword.MobileBuiltInKeywords$startExistingApplication.call(Unknown Source)
	at Script1575874101227.run(Script1575874101227.groovy:17)
	... 13 more
Caused by: org.openqa.selenium.WebDriverException: An unknown server-side error occurred while processing the command. Original error: Unable to launch WebDriverAgent because of xcodebuild failure: xcodebuild failed with code 65
xcodebuild error message:

2019-12-25 14:21:44.109 xcodebuild[4516:98354] Error writing xctestrun file: Error Domain=NSCocoaErrorDomain Code=4 "The folder “WebDriverAgentRunner_iphoneos13.2-arm64.xctestrun” doesn’t exist." UserInfo={NSFilePath=/Users/faz/Library/Developer/Xcode/DerivedData/WebDriverAgent-aiaejbhejflmruhkhsmeebmhbaia/Build/Products/WebDriverAgentRunner_iphoneos13.2-arm64.xctestrun, NSUserStringVariant=Folder, NSUnderlyingError=0x7fcf39fe2270 {Error Domain=NSPOSIXErrorDomain Code=2 "No such file or directory"}}
** TEST BUILD FAILED **
2019-12-25 14:21:44.133 xcodebuild[4516:98353]  IDETestOperationsObserverDebug: Writing diagnostic log for test session to:
/Users/faz/Library/Developer/Xcode/DerivedData/WebDriverAgent-aiaejbhejflmruhkhsmeebmhbaia/Logs/Test/Test-WebDriverAgentRunner-2019.12.25_14-21-43-+0800.xcresult/Staging/2_Test/Diagnostics/WebDriverAgentRunner-36AA6A3E-E0CE-4DAF-9A5C-DB58FBDF1225/WebDriverAgentRunner-1C9E1ECC-3AE0-4C7C-B816-D11065163395/Session-WebDriverAgentRunner-2019-12-25_142144-EGOQqD.log
2019-12-25 14:21:44.136 xcodebuild[4516:98352] [MT] IDETestOperationsObserverDebug: (8EA15F36-BDFD-42E4-AA22-45E8DF2EE4EB) Beginning test session WebDriverAgentRunner-8EA15F36-BDFD-42E4-AA22-45E8DF2EE4EB at 2019-12-25 14:21:44.134 with Xcode 11C29 on target 📱<DVTiOSDevice (0x7fcf3a2aadf0), 烟雾弹, iPhone, 13.2.2 (17B102), e6d787265ef659f59b738dbf66bcbf75a4ec54a1> {
		deviceSerialNumber:         DNPQTPW4GRY7
		identifier:                 e6d787265ef659f59b738dbf66bcbf75a4ec54a1
		deviceClass:                iPhone
		deviceName:                 烟雾弹
		deviceIdentifier:           e6d787265ef659f59b738dbf66bcbf75a4ec54a1
		productVersion:             13.2.2
		buildVersion:               17B102
		deviceSoftwareVersion:      13.2.2 (17B102)
		deviceArchitecture:         arm64
		deviceTotalCapacity:        122728800256
		deviceAvailableCapacity:    97967312896
		deviceIsTransient:          NO
		ignored:                    NO
		deviceIsBusy:               NO
		deviceIsPaired:             YES
		deviceIsActivated:          YES
		deviceActivationState:      Activated
		isPasscodeLocked:           NO
		deviceType:                 <DVTDeviceType:0x7fcf39cc8a80 Xcode.DeviceType.iPhone>
		supportedDeviceFamilies:    (
    1
)
		applications:              (null)
		provisioningProfiles:      (null)
		hasInternalSupport:        NO
		hasWritableSystem:         NO
		isSupportedOS:             YES
		bootArgs:                  (null)
		nextBootArgs:              (null)
		connected:                 YES
		isWirelessEnabled:         NO
		connectionType:            direct
		hostname:                  yanwudan.local.
		bonjourServiceName:        1c:5c:f2:b1:d0:2e@fe80::1e5c:f2ff:feb1:d02e._apple-mobdev2._tcp.local.
		activeProxiedDevice:       (null)
		} (13.2.2 (17B102))
2019-12-25 14:21:44.305 xcodebuild[4516:98352] [MT] IDETestOperationsObserverDebug: (8EA15F36-BDFD-42E4-AA22-45E8DF2EE4EB) Finished requesting crash reports. Continuing with testing.
*** If you believe this error represents a bug, please attach the result bundle at /Users/faz/Library/Developer/Xcode/DerivedData/WebDriverAgent-aiaejbhejflmruhkhsmeebmhbaia/Logs/Test/Test-WebDriverAgentRunner-2019.12.25_14-21-43-+0800.xcresult
2019-12-25 14:21:44.323 xcodebuild[4516:98352] [MT] IDETestOperationsObserverDebug: 0.199 elapsed -- Testing started completed.
2019-12-25 14:21:44.323 xcodebuild[4516:98352] [MT] IDETestOperationsObserverDebug: 0.000 sec, +0.000 sec -- start
2019-12-25 14:21:44.323 xcodebuild[4516:98352] [MT] IDETestOperationsObserverDebug: 0.199 sec, +0.199 sec -- end
2019-12-25 14:21:44.325 xcodebuild[4516:98352] Error Domain=NSCocoaErrorDomain Code=260 "The file “WebDriverAgentRunner-Runner.app” couldn’t be opened because there is no such file." UserInfo={NSFilePath=/Users/faz/Library/Developer/Xcode/DerivedData/WebDriverAgent-aiaejbhejflmruhkhsmeebmhbaia/Build/Products/Debug-iphoneos/WebDriverAgentRunner-Runner.app, NSUnderlyingError=0x7fcf3a4e5280 {Error Domain=NSPOSIXErrorDomain Code=2 "No such file or directory"}}
Test session results, code coverage, and logs:
	/Users/faz/Library/Developer/Xcode/DerivedData/WebDriverAgent-aiaejbhejflmruhkhsmeebmhbaia/Logs/Test/Test-WebDriverAgentRunner-2019.12.25_14-21-43-+0800.xcresult
Testing started on '烟雾弹'
Testing failed:
	Signing for "WebDriverAgentRunner" requires a development team. Select a development team in the Signing & Capabilities editor.
	WebDriverAgentRunner:
		WebDriverAgentRunner-Runner.app encountered an error (Failed to install or launch the test runner. (Underlying error: The file “WebDriverAgentRunner-Runner.app” couldn’t be opened because there is no such file. The file doesn’t exist. (Underlying error: The operation couldn’t be completed. No such file or directory)))
** TEST EXECUTE FAILED **. Make sure you follow the tutorial at https://github.com/appium/appium-xcuitest-driver/blob/master/docs/real-device-config.md. Try to remove the WebDriverAgentRunner application from the device if it is installed and reboot the device.
Build info: version: '3.141.59', revision: 'e82be7d358', time: '2018-11-14T08:25:53'
System info: host: 'FazAiZhongdeMacBook-Pro.local', ip: '192.168.2.28', os.name: 'Mac OS X', os.arch: 'x86_64', os.version: '10.14.6', java.version: '1.8.0_181'
Driver info: driver.version: MobileDriverFactory$startMobileDriver
remote stacktrace: UnknownError: An unknown server-side error occurred while processing the command. Original error: Unable to launch WebDriverAgent because of xcodebuild failure: xcodebuild failed with code 65
xcodebuild error message:

2019-12-25 14:21:44.109 xcodebuild[4516:98354] Error writing xctestrun file: Error Domain=NSCocoaErrorDomain Code=4 "The folder “WebDriverAgentRunner_iphoneos13.2-arm64.xctestrun” doesn’t exist." UserInfo={NSFilePath=/Users/faz/Library/Developer/Xcode/DerivedData/WebDriverAgent-aiaejbhejflmruhkhsmeebmhbaia/Build/Products/WebDriverAgentRunner_iphoneos13.2-arm64.xctestrun, NSUserStringVariant=Folder, NSUnderlyingError=0x7fcf39fe2270 {Error Domain=NSPOSIXErrorDomain Code=2 "No such file or directory"}}
** TEST BUILD FAILED **
2019-12-25 14:21:44.133 xcodebuild[4516:98353]  IDETestOperationsObserverDebug: Writing diagnostic log for test session to:
/Users/faz/Library/Developer/Xcode/DerivedData/WebDriverAgent-aiaejbhejflmruhkhsmeebmhbaia/Logs/Test/Test-WebDriverAgentRunner-2019.12.25_14-21-43-+0800.xcresult/Staging/2_Test/Diagnostics/WebDriverAgentRunner-36AA6A3E-E0CE-4DAF-9A5C-DB58FBDF1225/WebDriverAgentRunner-1C9E1ECC-3AE0-4C7C-B816-D11065163395/Session-WebDriverAgentRunner-2019-12-25_142144-EGOQqD.log
2019-12-25 14:21:44.136 xcodebuild[4516:98352] [MT] IDETestOperationsObserverDebug: (8EA15F36-BDFD-42E4-AA22-45E8DF2EE4EB) Beginning test session WebDriverAgentRunner-8EA15F36-BDFD-42E4-AA22-45E8DF2EE4EB at 2019-12-25 14:21:44.134 with Xcode 11C29 on target 📱<DVTiOSDevice (0x7fcf3a2aadf0), 烟雾弹, iPhone, 13.2.2 (17B102), e6d787265ef659f59b738dbf66bcbf75a4ec54a1> {
		deviceSerialNumber:         DNPQTPW4GRY7
		identifier:                 e6d787265ef659f59b738dbf66bcbf75a4ec54a1
		deviceClass:                iPhone
		deviceName:                 烟雾弹
		deviceIdentifier:           e6d787265ef659f59b738dbf66bcbf75a4ec54a1
		productVersion:             13.2.2
		buildVersion:               17B102
		deviceSoftwareVersion:      13.2.2 (17B102)
		deviceArchitecture:         arm64
		deviceTotalCapacity:        122728800256
		deviceAvailableCapacity:    97967312896
		deviceIsTransient:          NO
		ignored:                    NO
		deviceIsBusy:               NO
		deviceIsPaired:             YES
		deviceIsActivated:          YES
		deviceActivationState:      Activated
		isPasscodeLocked:           NO
		deviceType:                 <DVTDeviceType:0x7fcf39cc8a80 Xcode.DeviceType.iPhone>
		supportedDeviceFamilies:    (
    1
)
		applications:              (null)
		provisioningProfiles:      (null)
		hasInternalSupport:        NO
		hasWritableSystem:         NO
		isSupportedOS:             YES
		bootArgs:                  (null)
		nextBootArgs:              (null)
		connected:                 YES
		isWirelessEnabled:         NO
		connectionType:            direct
		hostname:                  yanwudan.local.
		bonjourServiceName:        1c:5c:f2:b1:d0:2e@fe80::1e5c:f2ff:feb1:d02e._apple-mobdev2._tcp.local.
		activeProxiedDevice:       (null)
		} (13.2.2 (17B102))
2019-12-25 14:21:44.305 xcodebuild[4516:98352] [MT] IDETestOperationsObserverDebug: (8EA15F36-BDFD-42E4-AA22-45E8DF2EE4EB) Finished requesting crash reports. Continuing with testing.
*** If you believe this error represents a bug, please attach the result bundle at /Users/faz/Library/Developer/Xcode/DerivedData/WebDriverAgent-aiaejbhejflmruhkhsmeebmhbaia/Logs/Test/Test-WebDriverAgentRunner-2019.12.25_14-21-43-+0800.xcresult
2019-12-25 14:21:44.323 xcodebuild[4516:98352] [MT] IDETestOperationsObserverDebug: 0.199 elapsed -- Testing started completed.
2019-12-25 14:21:44.323 xcodebuild[4516:98352] [MT] IDETestOperationsObserverDebug: 0.000 sec, +0.000 sec -- start
2019-12-25 14:21:44.323 xcodebuild[4516:98352] [MT] IDETestOperationsObserverDebug: 0.199 sec, +0.199 sec -- end
2019-12-25 14:21:44.325 xcodebuild[4516:98352] Error Domain=NSCocoaErrorDomain Code=260 "The file “WebDriverAgentRunner-Runner.app” couldn’t be opened because there is no such file." UserInfo={NSFilePath=/Users/faz/Library/Developer/Xcode/DerivedData/WebDriverAgent-aiaejbhejflmruhkhsmeebmhbaia/Build/Products/Debug-iphoneos/WebDriverAgentRunner-Runner.app, NSUnderlyingError=0x7fcf3a4e5280 {Error Domain=NSPOSIXErrorDomain Code=2 "No such file or directory"}}
Test session results, code coverage, and logs:
	/Users/faz/Library/Developer/Xcode/DerivedData/WebDriverAgent-aiaejbhejflmruhkhsmeebmhbaia/Logs/Test/Test-WebDriverAgentRunner-2019.12.25_14-21-43-+0800.xcresult
Testing started on '烟雾弹'
Testing failed:
	Signing for "WebDriverAgentRunner" requires a development team. Select a development team in the Signing & Capabilities editor.
	WebDriverAgentRunner:
		WebDriverAgentRunner-Runner.app encountered an error (Failed to install or launch the test runner. (Underlying error: The file “WebDriverAgentRunner-Runner.app” couldn’t be opened because there is no such file. The file doesn’t exist. (Underlying error: The operation couldn’t be completed. No such file or directory)))
** TEST EXECUTE FAILED **. Make sure you follow the tutorial at https://github.com/appium/appium-xcuitest-driver/blob/master/docs/real-device-config.md. Try to remove the WebDriverAgentRunner application from the device if it is installed and reboot the device.
    at getResponseForW3CError (/usr/local/lib/node_modules/appium/node_modules/appium-base-driver/lib/protocol/errors.js:804:9)
    at asyncHandler (/usr/local/lib/node_modules/appium/node_modules/appium-base-driver/lib/protocol/protocol.js:388:37)
	at org.openqa.selenium.remote.W3CHandshakeResponse.lambda$errorHandler$0(W3CHandshakeResponse.java:62)
	at org.openqa.selenium.remote.HandshakeResponse.lambda$getResponseFunction$0(HandshakeResponse.java:30)
	at org.openqa.selenium.remote.ProtocolHandshake.lambda$createSession$0(ProtocolHandshake.java:126)
	at org.openqa.selenium.remote.ProtocolHandshake.createSession(ProtocolHandshake.java:128)
	at io.appium.java_client.remote.AppiumCommandExecutor$1.createSession(AppiumCommandExecutor.java:186)
	at io.appium.java_client.remote.AppiumCommandExecutor.createSession(AppiumCommandExecutor.java:217)
	at io.appium.java_client.remote.AppiumCommandExecutor.execute(AppiumCommandExecutor.java:239)
	at org.openqa.selenium.remote.RemoteWebDriver.execute(RemoteWebDriver.java:552)
	at io.appium.java_client.DefaultGenericMobileDriver.execute(DefaultGenericMobileDriver.java:42)
	at io.appium.java_client.AppiumDriver.execute(AppiumDriver.java:1)
	at io.appium.java_client.ios.IOSDriver.execute(IOSDriver.java:1)
	at org.openqa.selenium.remote.RemoteWebDriver.startSession(RemoteWebDriver.java:213)
	at org.openqa.selenium.remote.RemoteWebDriver.<init>(RemoteWebDriver.java:131)
	at io.appium.java_client.DefaultGenericMobileDriver.<init>(DefaultGenericMobileDriver.java:38)
	at io.appium.java_client.AppiumDriver.<init>(AppiumDriver.java:84)
	at io.appium.java_client.ios.IOSDriver.<init>(IOSDriver.java:85)
	at com.kms.katalon.core.appium.driver.AppiumDriverManager.createMobileDriver(AppiumDriverManager.java:495)
	at com.kms.katalon.core.appium.driver.AppiumDriverManager.createMobileDriver(AppiumDriverManager.java:479)
	at com.kms.katalon.core.mobile.keyword.internal.MobileDriverFactory.startMobileDriver(MobileDriverFactory.java:339)
	at com.kms.katalon.core.mobile.keyword.internal.MobileDriverFactory$startMobileDriver.call(Unknown Source)
	at com.kms.katalon.core.mobile.keyword.builtin.StartExistingApplicationKeyword$_startApplication_closure1.doCall(StartExistingApplicationKeyword.groovy:40)
	at com.kms.katalon.core.mobile.keyword.builtin.StartExistingApplicationKeyword$_startApplication_closure1.doCall(StartExistingApplicationKeyword.groovy)
	at com.kms.katalon.core.mobile.keyword.internal.MobileKeywordMain.runKeyword(MobileKeywordMain.groovy:21)
	at com.kms.katalon.core.mobile.keyword.internal.MobileKeywordMain$runKeyword.call(Unknown Source)
	at com.kms.katalon.core.mobile.keyword.builtin.StartExistingApplicationKeyword.startApplication(StartExistingApplicationKeyword.groovy:43)
	at com.kms.katalon.core.mobile.keyword.builtin.StartExistingApplicationKeyword.execute(StartExistingApplicationKeyword.groovy:34)
	at com.kms.katalon.core.keyword.internal.KeywordExecutor.executeKeywordForPlatform(KeywordExecutor.groovy:72)
	at com.kms.katalon.core.mobile.keyword.MobileBuiltInKeywords.startExistingApplication(MobileBuiltInKeywords.groovy:89)
	at com.kms.katalon.core.mobile.keyword.MobileBuiltInKeywords$startExistingApplication.call(Unknown Source)
	at choose_puning.run(choose_puning:17)
	... 13 more]]></system-out>
      <system-err><![CDATA[2019-12-25 14:21:23 - [TEST_SUITE][FAILED] - teacher: Test Cases/IOS App/Public Module/Choose City/choose_puning FAILED.
Reason:
com.kms.katalon.core.exception.StepFailedException: Unable to start app with application ID: 'com.goldlokedu.app' (Root cause: org.openqa.selenium.SessionNotCreatedException: Unable to create a new remote session. Please check the server log for more details. Original error: An unknown server-side error occurred while processing the command. Original error: Unable to launch WebDriverAgent because of xcodebuild failure: xcodebuild failed with code 65
xcodebuild error message:

2019-12-25 14:21:44.109 xcodebuild[4516:98354] Error writing xctestrun file: Error Domain=NSCocoaErrorDomain Code=4 "The folder “WebDriverAgentRunner_iphoneos13.2-arm64.xctestrun” doesn’t exist." UserInfo={NSFilePath=/Users/faz/Library/Developer/Xcode/DerivedData/WebDriverAgent-aiaejbhejflmruhkhsmeebmhbaia/Build/Products/WebDriverAgentRunner_iphoneos13.2-arm64.xctestrun, NSUserStringVariant=Folder, NSUnderlyingError=0x7fcf39fe2270 {Error Domain=NSPOSIXErrorDomain Code=2 "No such file or directory"}}
** TEST BUILD FAILED **
2019-12-25 14:21:44.133 xcodebuild[4516:98353]  IDETestOperationsObserverDebug: Writing diagnostic log for test session to:
/Users/faz/Library/Developer/Xcode/DerivedData/WebDriverAgent-aiaejbhejflmruhkhsmeebmhbaia/Logs/Test/Test-WebDriverAgentRunner-2019.12.25_14-21-43-+0800.xcresult/Staging/2_Test/Diagnostics/WebDriverAgentRunner-36AA6A3E-E0CE-4DAF-9A5C-DB58FBDF1225/WebDriverAgentRunner-1C9E1ECC-3AE0-4C7C-B816-D11065163395/Session-WebDriverAgentRunner-2019-12-25_142144-EGOQqD.log
2019-12-25 14:21:44.136 xcodebuild[4516:98352] [MT] IDETestOperationsObserverDebug: (8EA15F36-BDFD-42E4-AA22-45E8DF2EE4EB) Beginning test session WebDriverAgentRunner-8EA15F36-BDFD-42E4-AA22-45E8DF2EE4EB at 2019-12-25 14:21:44.134 with Xcode 11C29 on target 📱<DVTiOSDevice (0x7fcf3a2aadf0), 烟雾弹, iPhone, 13.2.2 (17B102), e6d787265ef659f59b738dbf66bcbf75a4ec54a1> {
		deviceSerialNumber:         DNPQTPW4GRY7
		identifier:                 e6d787265ef659f59b738dbf66bcbf75a4ec54a1
		deviceClass:                iPhone
		deviceName:                 烟雾弹
		deviceIdentifier:           e6d787265ef659f59b738dbf66bcbf75a4ec54a1
		productVersion:             13.2.2
		buildVersion:               17B102
		deviceSoftwareVersion:      13.2.2 (17B102)
		deviceArchitecture:         arm64
		deviceTotalCapacity:        122728800256
		deviceAvailableCapacity:    97967312896
		deviceIsTransient:          NO
		ignored:                    NO
		deviceIsBusy:               NO
		deviceIsPaired:             YES
		deviceIsActivated:          YES
		deviceActivationState:      Activated
		isPasscodeLocked:           NO
		deviceType:                 <DVTDeviceType:0x7fcf39cc8a80 Xcode.DeviceType.iPhone>
		supportedDeviceFamilies:    (
    1
)
		applications:              (null)
		provisioningProfiles:      (null)
		hasInternalSupport:        NO
		hasWritableSystem:         NO
		isSupportedOS:             YES
		bootArgs:                  (null)
		nextBootArgs:              (null)
		connected:                 YES
		isWirelessEnabled:         NO
		connectionType:            direct
		hostname:                  yanwudan.local.
		bonjourServiceName:        1c:5c:f2:b1:d0:2e@fe80::1e5c:f2ff:feb1:d02e._apple-mobdev2._tcp.local.
		activeProxiedDevice:       (null)
		} (13.2.2 (17B102))
2019-12-25 14:21:44.305 xcodebuild[4516:98352] [MT] IDETestOperationsObserverDebug: (8EA15F36-BDFD-42E4-AA22-45E8DF2EE4EB) Finished requesting crash reports. Continuing with testing.
*** If you believe this error represents a bug, please attach the result bundle at /Users/faz/Library/Developer/Xcode/DerivedData/WebDriverAgent-aiaejbhejflmruhkhsmeebmhbaia/Logs/Test/Test-WebDriverAgentRunner-2019.12.25_14-21-43-+0800.xcresult
2019-12-25 14:21:44.323 xcodebuild[4516:98352] [MT] IDETestOperationsObserverDebug: 0.199 elapsed -- Testing started completed.
2019-12-25 14:21:44.323 xcodebuild[4516:98352] [MT] IDETestOperationsObserverDebug: 0.000 sec, +0.000 sec -- start
2019-12-25 14:21:44.323 xcodebuild[4516:98352] [MT] IDETestOperationsObserverDebug: 0.199 sec, +0.199 sec -- end
2019-12-25 14:21:44.325 xcodebuild[4516:98352] Error Domain=NSCocoaErrorDomain Code=260 "The file “WebDriverAgentRunner-Runner.app” couldn’t be opened because there is no such file." UserInfo={NSFilePath=/Users/faz/Library/Developer/Xcode/DerivedData/WebDriverAgent-aiaejbhejflmruhkhsmeebmhbaia/Build/Products/Debug-iphoneos/WebDriverAgentRunner-Runner.app, NSUnderlyingError=0x7fcf3a4e5280 {Error Domain=NSPOSIXErrorDomain Code=2 "No such file or directory"}}
Test session results, code coverage, and logs:
	/Users/faz/Library/Developer/Xcode/DerivedData/WebDriverAgent-aiaejbhejflmruhkhsmeebmhbaia/Logs/Test/Test-WebDriverAgentRunner-2019.12.25_14-21-43-+0800.xcresult
Testing started on '烟雾弹'
Testing failed:
	Signing for "WebDriverAgentRunner" requires a development team. Select a development team in the Signing & Capabilities editor.
	WebDriverAgentRunner:
		WebDriverAgentRunner-Runner.app encountered an error (Failed to install or launch the test runner. (Underlying error: The file “WebDriverAgentRunner-Runner.app” couldn’t be opened because there is no such file. The file doesn’t exist. (Underlying error: The operation couldn’t be completed. No such file or directory)))
** TEST EXECUTE FAILED **. Make sure you follow the tutorial at https://github.com/appium/appium-xcuitest-driver/blob/master/docs/real-device-config.md. Try to remove the WebDriverAgentRunner application from the device if it is installed and reboot the device.
Build info: version: '3.141.59', revision: 'e82be7d358', time: '2018-11-14T08:25:53'
System info: host: 'FazAiZhongdeMacBook-Pro.local', ip: '192.168.2.28', os.name: 'Mac OS X', os.arch: 'x86_64', os.version: '10.14.6', java.version: '1.8.0_181'
Driver info: driver.version: MobileDriverFactory$startMobileDriver
remote stacktrace: UnknownError: An unknown server-side error occurred while processing the command. Original error: Unable to launch WebDriverAgent because of xcodebuild failure: xcodebuild failed with code 65
xcodebuild error message:

2019-12-25 14:21:44.109 xcodebuild[4516:98354] Error writing xctestrun file: Error Domain=NSCocoaErrorDomain Code=4 "The folder “WebDriverAgentRunner_iphoneos13.2-arm64.xctestrun” doesn’t exist." UserInfo={NSFilePath=/Users/faz/Library/Developer/Xcode/DerivedData/WebDriverAgent-aiaejbhejflmruhkhsmeebmhbaia/Build/Products/WebDriverAgentRunner_iphoneos13.2-arm64.xctestrun, NSUserStringVariant=Folder, NSUnderlyingError=0x7fcf39fe2270 {Error Domain=NSPOSIXErrorDomain Code=2 "No such file or directory"}}
** TEST BUILD FAILED **
2019-12-25 14:21:44.133 xcodebuild[4516:98353]  IDETestOperationsObserverDebug: Writing diagnostic log for test session to:
/Users/faz/Library/Developer/Xcode/DerivedData/WebDriverAgent-aiaejbhejflmruhkhsmeebmhbaia/Logs/Test/Test-WebDriverAgentRunner-2019.12.25_14-21-43-+0800.xcresult/Staging/2_Test/Diagnostics/WebDriverAgentRunner-36AA6A3E-E0CE-4DAF-9A5C-DB58FBDF1225/WebDriverAgentRunner-1C9E1ECC-3AE0-4C7C-B816-D11065163395/Session-WebDriverAgentRunner-2019-12-25_142144-EGOQqD.log
2019-12-25 14:21:44.136 xcodebuild[4516:98352] [MT] IDETestOperationsObserverDebug: (8EA15F36-BDFD-42E4-AA22-45E8DF2EE4EB) Beginning test session WebDriverAgentRunner-8EA15F36-BDFD-42E4-AA22-45E8DF2EE4EB at 2019-12-25 14:21:44.134 with Xcode 11C29 on target 📱<DVTiOSDevice (0x7fcf3a2aadf0), 烟雾弹, iPhone, 13.2.2 (17B102), e6d787265ef659f59b738dbf66bcbf75a4ec54a1> {
		deviceSerialNumber:         DNPQTPW4GRY7
		identifier:                 e6d787265ef659f59b738dbf66bcbf75a4ec54a1
		deviceClass:                iPhone
		deviceName:                 烟雾弹
		deviceIdentifier:           e6d787265ef659f59b738dbf66bcbf75a4ec54a1
		productVersion:             13.2.2
		buildVersion:               17B102
		deviceSoftwareVersion:      13.2.2 (17B102)
		deviceArchitecture:         arm64
		deviceTotalCapacity:        122728800256
		deviceAvailableCapacity:    97967312896
		deviceIsTransient:          NO
		ignored:                    NO
		deviceIsBusy:               NO
		deviceIsPaired:             YES
		deviceIsActivated:          YES
		deviceActivationState:      Activated
		isPasscodeLocked:           NO
		deviceType:                 <DVTDeviceType:0x7fcf39cc8a80 Xcode.DeviceType.iPhone>
		supportedDeviceFamilies:    (
    1
)
		applications:              (null)
		provisioningProfiles:      (null)
		hasInternalSupport:        NO
		hasWritableSystem:         NO
		isSupportedOS:             YES
		bootArgs:                  (null)
		nextBootArgs:              (null)
		connected:                 YES
		isWirelessEnabled:         NO
		connectionType:            direct
		hostname:                  yanwudan.local.
		bonjourServiceName:        1c:5c:f2:b1:d0:2e@fe80::1e5c:f2ff:feb1:d02e._apple-mobdev2._tcp.local.
		activeProxiedDevice:       (null)
		} (13.2.2 (17B102))
2019-12-25 14:21:44.305 xcodebuild[4516:98352] [MT] IDETestOperationsObserverDebug: (8EA15F36-BDFD-42E4-AA22-45E8DF2EE4EB) Finished requesting crash reports. Continuing with testing.
*** If you believe this error represents a bug, please attach the result bundle at /Users/faz/Library/Developer/Xcode/DerivedData/WebDriverAgent-aiaejbhejflmruhkhsmeebmhbaia/Logs/Test/Test-WebDriverAgentRunner-2019.12.25_14-21-43-+0800.xcresult
2019-12-25 14:21:44.323 xcodebuild[4516:98352] [MT] IDETestOperationsObserverDebug: 0.199 elapsed -- Testing started completed.
2019-12-25 14:21:44.323 xcodebuild[4516:98352] [MT] IDETestOperationsObserverDebug: 0.000 sec, +0.000 sec -- start
2019-12-25 14:21:44.323 xcodebuild[4516:98352] [MT] IDETestOperationsObserverDebug: 0.199 sec, +0.199 sec -- end
2019-12-25 14:21:44.325 xcodebuild[4516:98352] Error Domain=NSCocoaErrorDomain Code=260 "The file “WebDriverAgentRunner-Runner.app” couldn’t be opened because there is no such file." UserInfo={NSFilePath=/Users/faz/Library/Developer/Xcode/DerivedData/WebDriverAgent-aiaejbhejflmruhkhsmeebmhbaia/Build/Products/Debug-iphoneos/WebDriverAgentRunner-Runner.app, NSUnderlyingError=0x7fcf3a4e5280 {Error Domain=NSPOSIXErrorDomain Code=2 "No such file or directory"}}
Test session results, code coverage, and logs:
	/Users/faz/Library/Developer/Xcode/DerivedData/WebDriverAgent-aiaejbhejflmruhkhsmeebmhbaia/Logs/Test/Test-WebDriverAgentRunner-2019.12.25_14-21-43-+0800.xcresult
Testing started on '烟雾弹'
Testing failed:
	Signing for "WebDriverAgentRunner" requires a development team. Select a development team in the Signing & Capabilities editor.
	WebDriverAgentRunner:
		WebDriverAgentRunner-Runner.app encountered an error (Failed to install or launch the test runner. (Underlying error: The file “WebDriverAgentRunner-Runner.app” couldn’t be opened because there is no such file. The file doesn’t exist. (Underlying error: The operation couldn’t be completed. No such file or directory)))
** TEST EXECUTE FAILED **. Make sure you follow the tutorial at https://github.com/appium/appium-xcuitest-driver/blob/master/docs/real-device-config.md. Try to remove the WebDriverAgentRunner application from the device if it is installed and reboot the device.
    at getResponseForW3CError (/usr/local/lib/node_modules/appium/node_modules/appium-base-driver/lib/protocol/errors.js:804:9)
    at asyncHandler (/usr/local/lib/node_modules/appium/node_modules/appium-base-driver/lib/protocol/protocol.js:388:37)
Build info: version: '3.141.59', revision: 'e82be7d358', time: '2018-11-14T08:25:53'
System info: host: 'FazAiZhongdeMacBook-Pro.local', ip: '192.168.2.28', os.name: 'Mac OS X', os.arch: 'x86_64', os.version: '10.14.6', java.version: '1.8.0_181'
Driver info: driver.version: MobileDriverFactory$startMobileDriver
	at io.appium.java_client.remote.AppiumCommandExecutor$1.createSession(AppiumCommandExecutor.java:208)
	at io.appium.java_client.remote.AppiumCommandExecutor.createSession(AppiumCommandExecutor.java:217)
	at io.appium.java_client.remote.AppiumCommandExecutor.execute(AppiumCommandExecutor.java:239)
	at org.openqa.selenium.remote.RemoteWebDriver.execute(RemoteWebDriver.java:552)
	at io.appium.java_client.DefaultGenericMobileDriver.execute(DefaultGenericMobileDriver.java:42)
	at io.appium.java_client.AppiumDriver.execute(AppiumDriver.java:1)
	at io.appium.java_client.ios.IOSDriver.execute(IOSDriver.java:1)
	at org.openqa.selenium.remote.RemoteWebDriver.startSession(RemoteWebDriver.java:213)
	at org.openqa.selenium.remote.RemoteWebDriver.<init>(RemoteWebDriver.java:131)
	at io.appium.java_client.DefaultGenericMobileDriver.<init>(DefaultGenericMobileDriver.java:38)
	at io.appium.java_client.AppiumDriver.<init>(AppiumDriver.java:84)
	at io.appium.java_client.ios.IOSDriver.<init>(IOSDriver.java:85)
	at com.kms.katalon.core.appium.driver.AppiumDriverManager.createMobileDriver(AppiumDriverManager.java:495)
	at com.kms.katalon.core.appium.driver.AppiumDriverManager.createMobileDriver(AppiumDriverManager.java:479)
	at com.kms.katalon.core.mobile.keyword.internal.MobileDriverFactory.startMobileDriver(MobileDriverFactory.java:339)
	at com.kms.katalon.core.mobile.keyword.internal.MobileDriverFactory$startMobileDriver.call(Unknown Source)
	at com.kms.katalon.core.mobile.keyword.builtin.StartExistingApplicationKeyword$_startApplication_closure1.doCall(StartExistingApplicationKeyword.groovy:40)
	at com.kms.katalon.core.mobile.keyword.builtin.StartExistingApplicationKeyword$_startApplication_closure1.doCall(StartExistingApplicationKeyword.groovy)
	at com.kms.katalon.core.mobile.keyword.internal.MobileKeywordMain.runKeyword(MobileKeywordMain.groovy:21)
	at com.kms.katalon.core.mobile.keyword.internal.MobileKeywordMain$runKeyword.call(Unknown Source)
	at com.kms.katalon.core.mobile.keyword.builtin.StartExistingApplicationKeyword.startApplication(StartExistingApplicationKeyword.groovy:43)
	at com.kms.katalon.core.mobile.keyword.builtin.StartExistingApplicationKeyword.execute(StartExistingApplicationKeyword.groovy:34)
	at com.kms.katalon.core.keyword.internal.KeywordExecutor.executeKeywordForPlatform(KeywordExecutor.groovy:72)
	at com.kms.katalon.core.mobile.keyword.MobileBuiltInKeywords.startExistingApplication(MobileBuiltInKeywords.groovy:89)
	at com.kms.katalon.core.mobile.keyword.MobileBuiltInKeywords$startExistingApplication.call(Unknown Source)
	at choose_puning.run(choose_puning:17)
	at com.kms.katalon.core.main.ScriptEngine.run(ScriptEngine.java:194)
	at com.kms.katalon.core.main.ScriptEngine.runScriptAsRawText(ScriptEngine.java:119)
	at com.kms.katalon.core.main.TestCaseExecutor.runScript(TestCaseExecutor.java:337)
	at com.kms.katalon.core.main.TestCaseExecutor.doExecute(TestCaseExecutor.java:328)
	at com.kms.katalon.core.main.TestCaseExecutor.processExecutionPhase(TestCaseExecutor.java:307)
	at com.kms.katalon.core.main.TestCaseExecutor.accessMainPhase(TestCaseExecutor.java:299)
	at com.kms.katalon.core.main.TestCaseExecutor.execute(TestCaseExecutor.java:233)
	at com.kms.katalon.core.main.TestSuiteExecutor.accessTestCaseMainPhase(TestSuiteExecutor.java:169)
	at com.kms.katalon.core.main.TestSuiteExecutor.accessTestSuiteMainPhase(TestSuiteExecutor.java:142)
	at com.kms.katalon.core.main.TestSuiteExecutor.execute(TestSuiteExecutor.java:91)
	at com.kms.katalon.core.main.TestCaseMain.startTestSuite(TestCaseMain.java:157)
	at com.kms.katalon.core.main.TestCaseMain$startTestSuite$0.call(Unknown Source)
	at TempTestSuite1577254872853.run(TempTestSuite1577254872853.groovy:36)
Caused by: java.lang.reflect.InvocationTargetException
	at io.appium.java_client.remote.AppiumCommandExecutor$1.createSession(AppiumCommandExecutor.java:186)
	at io.appium.java_client.remote.AppiumCommandExecutor.createSession(AppiumCommandExecutor.java:217)
	at io.appium.java_client.remote.AppiumCommandExecutor.execute(AppiumCommandExecutor.java:239)
	at org.openqa.selenium.remote.RemoteWebDriver.execute(RemoteWebDriver.java:552)
	at io.appium.java_client.DefaultGenericMobileDriver.execute(DefaultGenericMobileDriver.java:42)
	at io.appium.java_client.AppiumDriver.execute(AppiumDriver.java:1)
	at io.appium.java_client.ios.IOSDriver.execute(IOSDriver.java:1)
	at org.openqa.selenium.remote.RemoteWebDriver.startSession(RemoteWebDriver.java:213)
	at org.openqa.selenium.remote.RemoteWebDriver.<init>(RemoteWebDriver.java:131)
	at io.appium.java_client.DefaultGenericMobileDriver.<init>(DefaultGenericMobileDriver.java:38)
	at io.appium.java_client.AppiumDriver.<init>(AppiumDriver.java:84)
	at io.appium.java_client.ios.IOSDriver.<init>(IOSDriver.java:85)
	at com.kms.katalon.core.appium.driver.AppiumDriverManager.createMobileDriver(AppiumDriverManager.java:495)
	at com.kms.katalon.core.appium.driver.AppiumDriverManager.createMobileDriver(AppiumDriverManager.java:479)
	at com.kms.katalon.core.mobile.keyword.internal.MobileDriverFactory.startMobileDriver(MobileDriverFactory.java:339)
	at com.kms.katalon.core.mobile.keyword.internal.MobileDriverFactory$startMobileDriver.call(Unknown Source)
	at com.kms.katalon.core.mobile.keyword.builtin.StartExistingApplicationKeyword$_startApplication_closure1.doCall(StartExistingApplicationKeyword.groovy:40)
	at com.kms.katalon.core.mobile.keyword.builtin.StartExistingApplicationKeyword$_startApplication_closure1.doCall(StartExistingApplicationKeyword.groovy)
	at com.kms.katalon.core.mobile.keyword.internal.MobileKeywordMain.runKeyword(MobileKeywordMain.groovy:21)
	at com.kms.katalon.core.mobile.keyword.internal.MobileKeywordMain$runKeyword.call(Unknown Source)
	at com.kms.katalon.core.mobile.keyword.builtin.StartExistingApplicationKeyword.startApplication(StartExistingApplicationKeyword.groovy:43)
	at com.kms.katalon.core.mobile.keyword.builtin.StartExistingApplicationKeyword.execute(StartExistingApplicationKeyword.groovy:34)
	at com.kms.katalon.core.keyword.internal.KeywordExecutor.executeKeywordForPlatform(KeywordExecutor.groovy:72)
	at com.kms.katalon.core.mobile.keyword.MobileBuiltInKeywords.startExistingApplication(MobileBuiltInKeywords.groovy:89)
	at com.kms.katalon.core.mobile.keyword.MobileBuiltInKeywords$startExistingApplication.call(Unknown Source)
	at Script1575874101227.run(Script1575874101227.groovy:17)
	... 13 more
Caused by: org.openqa.selenium.WebDriverException: An unknown server-side error occurred while processing the command. Original error: Unable to launch WebDriverAgent because of xcodebuild failure: xcodebuild failed with code 65
xcodebuild error message:

2019-12-25 14:21:44.109 xcodebuild[4516:98354] Error writing xctestrun file: Error Domain=NSCocoaErrorDomain Code=4 "The folder “WebDriverAgentRunner_iphoneos13.2-arm64.xctestrun” doesn’t exist." UserInfo={NSFilePath=/Users/faz/Library/Developer/Xcode/DerivedData/WebDriverAgent-aiaejbhejflmruhkhsmeebmhbaia/Build/Products/WebDriverAgentRunner_iphoneos13.2-arm64.xctestrun, NSUserStringVariant=Folder, NSUnderlyingError=0x7fcf39fe2270 {Error Domain=NSPOSIXErrorDomain Code=2 "No such file or directory"}}
** TEST BUILD FAILED **
2019-12-25 14:21:44.133 xcodebuild[4516:98353]  IDETestOperationsObserverDebug: Writing diagnostic log for test session to:
/Users/faz/Library/Developer/Xcode/DerivedData/WebDriverAgent-aiaejbhejflmruhkhsmeebmhbaia/Logs/Test/Test-WebDriverAgentRunner-2019.12.25_14-21-43-+0800.xcresult/Staging/2_Test/Diagnostics/WebDriverAgentRunner-36AA6A3E-E0CE-4DAF-9A5C-DB58FBDF1225/WebDriverAgentRunner-1C9E1ECC-3AE0-4C7C-B816-D11065163395/Session-WebDriverAgentRunner-2019-12-25_142144-EGOQqD.log
2019-12-25 14:21:44.136 xcodebuild[4516:98352] [MT] IDETestOperationsObserverDebug: (8EA15F36-BDFD-42E4-AA22-45E8DF2EE4EB) Beginning test session WebDriverAgentRunner-8EA15F36-BDFD-42E4-AA22-45E8DF2EE4EB at 2019-12-25 14:21:44.134 with Xcode 11C29 on target 📱<DVTiOSDevice (0x7fcf3a2aadf0), 烟雾弹, iPhone, 13.2.2 (17B102), e6d787265ef659f59b738dbf66bcbf75a4ec54a1> {
		deviceSerialNumber:         DNPQTPW4GRY7
		identifier:                 e6d787265ef659f59b738dbf66bcbf75a4ec54a1
		deviceClass:                iPhone
		deviceName:                 烟雾弹
		deviceIdentifier:           e6d787265ef659f59b738dbf66bcbf75a4ec54a1
		productVersion:             13.2.2
		buildVersion:               17B102
		deviceSoftwareVersion:      13.2.2 (17B102)
		deviceArchitecture:         arm64
		deviceTotalCapacity:        122728800256
		deviceAvailableCapacity:    97967312896
		deviceIsTransient:          NO
		ignored:                    NO
		deviceIsBusy:               NO
		deviceIsPaired:             YES
		deviceIsActivated:          YES
		deviceActivationState:      Activated
		isPasscodeLocked:           NO
		deviceType:                 <DVTDeviceType:0x7fcf39cc8a80 Xcode.DeviceType.iPhone>
		supportedDeviceFamilies:    (
    1
)
		applications:              (null)
		provisioningProfiles:      (null)
		hasInternalSupport:        NO
		hasWritableSystem:         NO
		isSupportedOS:             YES
		bootArgs:                  (null)
		nextBootArgs:              (null)
		connected:                 YES
		isWirelessEnabled:         NO
		connectionType:            direct
		hostname:                  yanwudan.local.
		bonjourServiceName:        1c:5c:f2:b1:d0:2e@fe80::1e5c:f2ff:feb1:d02e._apple-mobdev2._tcp.local.
		activeProxiedDevice:       (null)
		} (13.2.2 (17B102))
2019-12-25 14:21:44.305 xcodebuild[4516:98352] [MT] IDETestOperationsObserverDebug: (8EA15F36-BDFD-42E4-AA22-45E8DF2EE4EB) Finished requesting crash reports. Continuing with testing.
*** If you believe this error represents a bug, please attach the result bundle at /Users/faz/Library/Developer/Xcode/DerivedData/WebDriverAgent-aiaejbhejflmruhkhsmeebmhbaia/Logs/Test/Test-WebDriverAgentRunner-2019.12.25_14-21-43-+0800.xcresult
2019-12-25 14:21:44.323 xcodebuild[4516:98352] [MT] IDETestOperationsObserverDebug: 0.199 elapsed -- Testing started completed.
2019-12-25 14:21:44.323 xcodebuild[4516:98352] [MT] IDETestOperationsObserverDebug: 0.000 sec, +0.000 sec -- start
2019-12-25 14:21:44.323 xcodebuild[4516:98352] [MT] IDETestOperationsObserverDebug: 0.199 sec, +0.199 sec -- end
2019-12-25 14:21:44.325 xcodebuild[4516:98352] Error Domain=NSCocoaErrorDomain Code=260 "The file “WebDriverAgentRunner-Runner.app” couldn’t be opened because there is no such file." UserInfo={NSFilePath=/Users/faz/Library/Developer/Xcode/DerivedData/WebDriverAgent-aiaejbhejflmruhkhsmeebmhbaia/Build/Products/Debug-iphoneos/WebDriverAgentRunner-Runner.app, NSUnderlyingError=0x7fcf3a4e5280 {Error Domain=NSPOSIXErrorDomain Code=2 "No such file or directory"}}
Test session results, code coverage, and logs:
	/Users/faz/Library/Developer/Xcode/DerivedData/WebDriverAgent-aiaejbhejflmruhkhsmeebmhbaia/Logs/Test/Test-WebDriverAgentRunner-2019.12.25_14-21-43-+0800.xcresult
Testing started on '烟雾弹'
Testing failed:
	Signing for "WebDriverAgentRunner" requires a development team. Select a development team in the Signing & Capabilities editor.
	WebDriverAgentRunner:
		WebDriverAgentRunner-Runner.app encountered an error (Failed to install or launch the test runner. (Underlying error: The file “WebDriverAgentRunner-Runner.app” couldn’t be opened because there is no such file. The file doesn’t exist. (Underlying error: The operation couldn’t be completed. No such file or directory)))
** TEST EXECUTE FAILED **. Make sure you follow the tutorial at https://github.com/appium/appium-xcuitest-driver/blob/master/docs/real-device-config.md. Try to remove the WebDriverAgentRunner application from the device if it is installed and reboot the device.
Build info: version: '3.141.59', revision: 'e82be7d358', time: '2018-11-14T08:25:53'
System info: host: 'FazAiZhongdeMacBook-Pro.local', ip: '192.168.2.28', os.name: 'Mac OS X', os.arch: 'x86_64', os.version: '10.14.6', java.version: '1.8.0_181'
Driver info: driver.version: MobileDriverFactory$startMobileDriver
remote stacktrace: UnknownError: An unknown server-side error occurred while processing the command. Original error: Unable to launch WebDriverAgent because of xcodebuild failure: xcodebuild failed with code 65
xcodebuild error message:

2019-12-25 14:21:44.109 xcodebuild[4516:98354] Error writing xctestrun file: Error Domain=NSCocoaErrorDomain Code=4 "The folder “WebDriverAgentRunner_iphoneos13.2-arm64.xctestrun” doesn’t exist." UserInfo={NSFilePath=/Users/faz/Library/Developer/Xcode/DerivedData/WebDriverAgent-aiaejbhejflmruhkhsmeebmhbaia/Build/Products/WebDriverAgentRunner_iphoneos13.2-arm64.xctestrun, NSUserStringVariant=Folder, NSUnderlyingError=0x7fcf39fe2270 {Error Domain=NSPOSIXErrorDomain Code=2 "No such file or directory"}}
** TEST BUILD FAILED **
2019-12-25 14:21:44.133 xcodebuild[4516:98353]  IDETestOperationsObserverDebug: Writing diagnostic log for test session to:
/Users/faz/Library/Developer/Xcode/DerivedData/WebDriverAgent-aiaejbhejflmruhkhsmeebmhbaia/Logs/Test/Test-WebDriverAgentRunner-2019.12.25_14-21-43-+0800.xcresult/Staging/2_Test/Diagnostics/WebDriverAgentRunner-36AA6A3E-E0CE-4DAF-9A5C-DB58FBDF1225/WebDriverAgentRunner-1C9E1ECC-3AE0-4C7C-B816-D11065163395/Session-WebDriverAgentRunner-2019-12-25_142144-EGOQqD.log
2019-12-25 14:21:44.136 xcodebuild[4516:98352] [MT] IDETestOperationsObserverDebug: (8EA15F36-BDFD-42E4-AA22-45E8DF2EE4EB) Beginning test session WebDriverAgentRunner-8EA15F36-BDFD-42E4-AA22-45E8DF2EE4EB at 2019-12-25 14:21:44.134 with Xcode 11C29 on target 📱<DVTiOSDevice (0x7fcf3a2aadf0), 烟雾弹, iPhone, 13.2.2 (17B102), e6d787265ef659f59b738dbf66bcbf75a4ec54a1> {
		deviceSerialNumber:         DNPQTPW4GRY7
		identifier:                 e6d787265ef659f59b738dbf66bcbf75a4ec54a1
		deviceClass:                iPhone
		deviceName:                 烟雾弹
		deviceIdentifier:           e6d787265ef659f59b738dbf66bcbf75a4ec54a1
		productVersion:             13.2.2
		buildVersion:               17B102
		deviceSoftwareVersion:      13.2.2 (17B102)
		deviceArchitecture:         arm64
		deviceTotalCapacity:        122728800256
		deviceAvailableCapacity:    97967312896
		deviceIsTransient:          NO
		ignored:                    NO
		deviceIsBusy:               NO
		deviceIsPaired:             YES
		deviceIsActivated:          YES
		deviceActivationState:      Activated
		isPasscodeLocked:           NO
		deviceType:                 <DVTDeviceType:0x7fcf39cc8a80 Xcode.DeviceType.iPhone>
		supportedDeviceFamilies:    (
    1
)
		applications:              (null)
		provisioningProfiles:      (null)
		hasInternalSupport:        NO
		hasWritableSystem:         NO
		isSupportedOS:             YES
		bootArgs:                  (null)
		nextBootArgs:              (null)
		connected:                 YES
		isWirelessEnabled:         NO
		connectionType:            direct
		hostname:                  yanwudan.local.
		bonjourServiceName:        1c:5c:f2:b1:d0:2e@fe80::1e5c:f2ff:feb1:d02e._apple-mobdev2._tcp.local.
		activeProxiedDevice:       (null)
		} (13.2.2 (17B102))
2019-12-25 14:21:44.305 xcodebuild[4516:98352] [MT] IDETestOperationsObserverDebug: (8EA15F36-BDFD-42E4-AA22-45E8DF2EE4EB) Finished requesting crash reports. Continuing with testing.
*** If you believe this error represents a bug, please attach the result bundle at /Users/faz/Library/Developer/Xcode/DerivedData/WebDriverAgent-aiaejbhejflmruhkhsmeebmhbaia/Logs/Test/Test-WebDriverAgentRunner-2019.12.25_14-21-43-+0800.xcresult
2019-12-25 14:21:44.323 xcodebuild[4516:98352] [MT] IDETestOperationsObserverDebug: 0.199 elapsed -- Testing started completed.
2019-12-25 14:21:44.323 xcodebuild[4516:98352] [MT] IDETestOperationsObserverDebug: 0.000 sec, +0.000 sec -- start
2019-12-25 14:21:44.323 xcodebuild[4516:98352] [MT] IDETestOperationsObserverDebug: 0.199 sec, +0.199 sec -- end
2019-12-25 14:21:44.325 xcodebuild[4516:98352] Error Domain=NSCocoaErrorDomain Code=260 "The file “WebDriverAgentRunner-Runner.app” couldn’t be opened because there is no such file." UserInfo={NSFilePath=/Users/faz/Library/Developer/Xcode/DerivedData/WebDriverAgent-aiaejbhejflmruhkhsmeebmhbaia/Build/Products/Debug-iphoneos/WebDriverAgentRunner-Runner.app, NSUnderlyingError=0x7fcf3a4e5280 {Error Domain=NSPOSIXErrorDomain Code=2 "No such file or directory"}}
Test session results, code coverage, and logs:
	/Users/faz/Library/Developer/Xcode/DerivedData/WebDriverAgent-aiaejbhejflmruhkhsmeebmhbaia/Logs/Test/Test-WebDriverAgentRunner-2019.12.25_14-21-43-+0800.xcresult
Testing started on '烟雾弹'
Testing failed:
	Signing for "WebDriverAgentRunner" requires a development team. Select a development team in the Signing & Capabilities editor.
	WebDriverAgentRunner:
		WebDriverAgentRunner-Runner.app encountered an error (Failed to install or launch the test runner. (Underlying error: The file “WebDriverAgentRunner-Runner.app” couldn’t be opened because there is no such file. The file doesn’t exist. (Underlying error: The operation couldn’t be completed. No such file or directory)))
** TEST EXECUTE FAILED **. Make sure you follow the tutorial at https://github.com/appium/appium-xcuitest-driver/blob/master/docs/real-device-config.md. Try to remove the WebDriverAgentRunner application from the device if it is installed and reboot the device.
    at getResponseForW3CError (/usr/local/lib/node_modules/appium/node_modules/appium-base-driver/lib/protocol/errors.js:804:9)
    at asyncHandler (/usr/local/lib/node_modules/appium/node_modules/appium-base-driver/lib/protocol/protocol.js:388:37)
	at org.openqa.selenium.remote.W3CHandshakeResponse.lambda$errorHandler$0(W3CHandshakeResponse.java:62)
	at org.openqa.selenium.remote.HandshakeResponse.lambda$getResponseFunction$0(HandshakeResponse.java:30)
	at org.openqa.selenium.remote.ProtocolHandshake.lambda$createSession$0(ProtocolHandshake.java:126)
	at org.openqa.selenium.remote.ProtocolHandshake.createSession(ProtocolHandshake.java:128)
	... 39 more
)
	at com.kms.katalon.core.keyword.internal.KeywordMain.stepFailed(KeywordMain.groovy:50)
	at com.kms.katalon.core.mobile.keyword.internal.MobileKeywordMain.stepFailed(MobileKeywordMain.groovy:40)
	at com.kms.katalon.core.mobile.keyword.internal.MobileKeywordMain.runKeyword(MobileKeywordMain.groovy:23)
	at com.kms.katalon.core.mobile.keyword.internal.MobileKeywordMain$runKeyword.call(Unknown Source)
	at com.kms.katalon.core.mobile.keyword.builtin.StartExistingApplicationKeyword.startApplication(StartExistingApplicationKeyword.groovy:43)
	at com.kms.katalon.core.mobile.keyword.builtin.StartExistingApplicationKeyword.execute(StartExistingApplicationKeyword.groovy:34)
	at com.kms.katalon.core.keyword.internal.KeywordExecutor.executeKeywordForPlatform(KeywordExecutor.groovy:72)
	at com.kms.katalon.core.mobile.keyword.MobileBuiltInKeywords.startExistingApplication(MobileBuiltInKeywords.groovy:89)
	at com.kms.katalon.core.mobile.keyword.MobileBuiltInKeywords$startExistingApplication.call(Unknown Source)
	at choose_puning.run(choose_puning:17)
	at com.kms.katalon.core.main.ScriptEngine.run(ScriptEngine.java:194)
	at com.kms.katalon.core.main.ScriptEngine.runScriptAsRawText(ScriptEngine.java:119)
	at com.kms.katalon.core.main.TestCaseExecutor.runScript(TestCaseExecutor.java:337)
	at com.kms.katalon.core.main.TestCaseExecutor.doExecute(TestCaseExecutor.java:328)
	at com.kms.katalon.core.main.TestCaseExecutor.processExecutionPhase(TestCaseExecutor.java:307)
	at com.kms.katalon.core.main.TestCaseExecutor.accessMainPhase(TestCaseExecutor.java:299)
	at com.kms.katalon.core.main.TestCaseExecutor.execute(TestCaseExecutor.java:233)
	at com.kms.katalon.core.main.TestSuiteExecutor.accessTestCaseMainPhase(TestSuiteExecutor.java:169)
	at com.kms.katalon.core.main.TestSuiteExecutor.accessTestSuiteMainPhase(TestSuiteExecutor.java:142)
	at com.kms.katalon.core.main.TestSuiteExecutor.execute(TestSuiteExecutor.java:91)
	at com.kms.katalon.core.main.TestCaseMain.startTestSuite(TestCaseMain.java:157)
	at com.kms.katalon.core.main.TestCaseMain$startTestSuite$0.call(Unknown Source)
	at TempTestSuite1577254872853.run(TempTestSuite1577254872853.groovy:36)
Caused by: org.openqa.selenium.SessionNotCreatedException: Unable to create a new remote session. Please check the server log for more details. Original error: An unknown server-side error occurred while processing the command. Original error: Unable to launch WebDriverAgent because of xcodebuild failure: xcodebuild failed with code 65
xcodebuild error message:

2019-12-25 14:21:44.109 xcodebuild[4516:98354] Error writing xctestrun file: Error Domain=NSCocoaErrorDomain Code=4 "The folder “WebDriverAgentRunner_iphoneos13.2-arm64.xctestrun” doesn’t exist." UserInfo={NSFilePath=/Users/faz/Library/Developer/Xcode/DerivedData/WebDriverAgent-aiaejbhejflmruhkhsmeebmhbaia/Build/Products/WebDriverAgentRunner_iphoneos13.2-arm64.xctestrun, NSUserStringVariant=Folder, NSUnderlyingError=0x7fcf39fe2270 {Error Domain=NSPOSIXErrorDomain Code=2 "No such file or directory"}}
** TEST BUILD FAILED **
2019-12-25 14:21:44.133 xcodebuild[4516:98353]  IDETestOperationsObserverDebug: Writing diagnostic log for test session to:
/Users/faz/Library/Developer/Xcode/DerivedData/WebDriverAgent-aiaejbhejflmruhkhsmeebmhbaia/Logs/Test/Test-WebDriverAgentRunner-2019.12.25_14-21-43-+0800.xcresult/Staging/2_Test/Diagnostics/WebDriverAgentRunner-36AA6A3E-E0CE-4DAF-9A5C-DB58FBDF1225/WebDriverAgentRunner-1C9E1ECC-3AE0-4C7C-B816-D11065163395/Session-WebDriverAgentRunner-2019-12-25_142144-EGOQqD.log
2019-12-25 14:21:44.136 xcodebuild[4516:98352] [MT] IDETestOperationsObserverDebug: (8EA15F36-BDFD-42E4-AA22-45E8DF2EE4EB) Beginning test session WebDriverAgentRunner-8EA15F36-BDFD-42E4-AA22-45E8DF2EE4EB at 2019-12-25 14:21:44.134 with Xcode 11C29 on target 📱<DVTiOSDevice (0x7fcf3a2aadf0), 烟雾弹, iPhone, 13.2.2 (17B102), e6d787265ef659f59b738dbf66bcbf75a4ec54a1> {
		deviceSerialNumber:         DNPQTPW4GRY7
		identifier:                 e6d787265ef659f59b738dbf66bcbf75a4ec54a1
		deviceClass:                iPhone
		deviceName:                 烟雾弹
		deviceIdentifier:           e6d787265ef659f59b738dbf66bcbf75a4ec54a1
		productVersion:             13.2.2
		buildVersion:               17B102
		deviceSoftwareVersion:      13.2.2 (17B102)
		deviceArchitecture:         arm64
		deviceTotalCapacity:        122728800256
		deviceAvailableCapacity:    97967312896
		deviceIsTransient:          NO
		ignored:                    NO
		deviceIsBusy:               NO
		deviceIsPaired:             YES
		deviceIsActivated:          YES
		deviceActivationState:      Activated
		isPasscodeLocked:           NO
		deviceType:                 <DVTDeviceType:0x7fcf39cc8a80 Xcode.DeviceType.iPhone>
		supportedDeviceFamilies:    (
    1
)
		applications:              (null)
		provisioningProfiles:      (null)
		hasInternalSupport:        NO
		hasWritableSystem:         NO
		isSupportedOS:             YES
		bootArgs:                  (null)
		nextBootArgs:              (null)
		connected:                 YES
		isWirelessEnabled:         NO
		connectionType:            direct
		hostname:                  yanwudan.local.
		bonjourServiceName:        1c:5c:f2:b1:d0:2e@fe80::1e5c:f2ff:feb1:d02e._apple-mobdev2._tcp.local.
		activeProxiedDevice:       (null)
		} (13.2.2 (17B102))
2019-12-25 14:21:44.305 xcodebuild[4516:98352] [MT] IDETestOperationsObserverDebug: (8EA15F36-BDFD-42E4-AA22-45E8DF2EE4EB) Finished requesting crash reports. Continuing with testing.
*** If you believe this error represents a bug, please attach the result bundle at /Users/faz/Library/Developer/Xcode/DerivedData/WebDriverAgent-aiaejbhejflmruhkhsmeebmhbaia/Logs/Test/Test-WebDriverAgentRunner-2019.12.25_14-21-43-+0800.xcresult
2019-12-25 14:21:44.323 xcodebuild[4516:98352] [MT] IDETestOperationsObserverDebug: 0.199 elapsed -- Testing started completed.
2019-12-25 14:21:44.323 xcodebuild[4516:98352] [MT] IDETestOperationsObserverDebug: 0.000 sec, +0.000 sec -- start
2019-12-25 14:21:44.323 xcodebuild[4516:98352] [MT] IDETestOperationsObserverDebug: 0.199 sec, +0.199 sec -- end
2019-12-25 14:21:44.325 xcodebuild[4516:98352] Error Domain=NSCocoaErrorDomain Code=260 "The file “WebDriverAgentRunner-Runner.app” couldn’t be opened because there is no such file." UserInfo={NSFilePath=/Users/faz/Library/Developer/Xcode/DerivedData/WebDriverAgent-aiaejbhejflmruhkhsmeebmhbaia/Build/Products/Debug-iphoneos/WebDriverAgentRunner-Runner.app, NSUnderlyingError=0x7fcf3a4e5280 {Error Domain=NSPOSIXErrorDomain Code=2 "No such file or directory"}}
Test session results, code coverage, and logs:
	/Users/faz/Library/Developer/Xcode/DerivedData/WebDriverAgent-aiaejbhejflmruhkhsmeebmhbaia/Logs/Test/Test-WebDriverAgentRunner-2019.12.25_14-21-43-+0800.xcresult
Testing started on '烟雾弹'
Testing failed:
	Signing for "WebDriverAgentRunner" requires a development team. Select a development team in the Signing & Capabilities editor.
	WebDriverAgentRunner:
		WebDriverAgentRunner-Runner.app encountered an error (Failed to install or launch the test runner. (Underlying error: The file “WebDriverAgentRunner-Runner.app” couldn’t be opened because there is no such file. The file doesn’t exist. (Underlying error: The operation couldn’t be completed. No such file or directory)))
** TEST EXECUTE FAILED **. Make sure you follow the tutorial at https://github.com/appium/appium-xcuitest-driver/blob/master/docs/real-device-config.md. Try to remove the WebDriverAgentRunner application from the device if it is installed and reboot the device.
Build info: version: '3.141.59', revision: 'e82be7d358', time: '2018-11-14T08:25:53'
System info: host: 'FazAiZhongdeMacBook-Pro.local', ip: '192.168.2.28', os.name: 'Mac OS X', os.arch: 'x86_64', os.version: '10.14.6', java.version: '1.8.0_181'
Driver info: driver.version: MobileDriverFactory$startMobileDriver
remote stacktrace: UnknownError: An unknown server-side error occurred while processing the command. Original error: Unable to launch WebDriverAgent because of xcodebuild failure: xcodebuild failed with code 65
xcodebuild error message:

2019-12-25 14:21:44.109 xcodebuild[4516:98354] Error writing xctestrun file: Error Domain=NSCocoaErrorDomain Code=4 "The folder “WebDriverAgentRunner_iphoneos13.2-arm64.xctestrun” doesn’t exist." UserInfo={NSFilePath=/Users/faz/Library/Developer/Xcode/DerivedData/WebDriverAgent-aiaejbhejflmruhkhsmeebmhbaia/Build/Products/WebDriverAgentRunner_iphoneos13.2-arm64.xctestrun, NSUserStringVariant=Folder, NSUnderlyingError=0x7fcf39fe2270 {Error Domain=NSPOSIXErrorDomain Code=2 "No such file or directory"}}
** TEST BUILD FAILED **
2019-12-25 14:21:44.133 xcodebuild[4516:98353]  IDETestOperationsObserverDebug: Writing diagnostic log for test session to:
/Users/faz/Library/Developer/Xcode/DerivedData/WebDriverAgent-aiaejbhejflmruhkhsmeebmhbaia/Logs/Test/Test-WebDriverAgentRunner-2019.12.25_14-21-43-+0800.xcresult/Staging/2_Test/Diagnostics/WebDriverAgentRunner-36AA6A3E-E0CE-4DAF-9A5C-DB58FBDF1225/WebDriverAgentRunner-1C9E1ECC-3AE0-4C7C-B816-D11065163395/Session-WebDriverAgentRunner-2019-12-25_142144-EGOQqD.log
2019-12-25 14:21:44.136 xcodebuild[4516:98352] [MT] IDETestOperationsObserverDebug: (8EA15F36-BDFD-42E4-AA22-45E8DF2EE4EB) Beginning test session WebDriverAgentRunner-8EA15F36-BDFD-42E4-AA22-45E8DF2EE4EB at 2019-12-25 14:21:44.134 with Xcode 11C29 on target 📱<DVTiOSDevice (0x7fcf3a2aadf0), 烟雾弹, iPhone, 13.2.2 (17B102), e6d787265ef659f59b738dbf66bcbf75a4ec54a1> {
		deviceSerialNumber:         DNPQTPW4GRY7
		identifier:                 e6d787265ef659f59b738dbf66bcbf75a4ec54a1
		deviceClass:                iPhone
		deviceName:                 烟雾弹
		deviceIdentifier:           e6d787265ef659f59b738dbf66bcbf75a4ec54a1
		productVersion:             13.2.2
		buildVersion:               17B102
		deviceSoftwareVersion:      13.2.2 (17B102)
		deviceArchitecture:         arm64
		deviceTotalCapacity:        122728800256
		deviceAvailableCapacity:    97967312896
		deviceIsTransient:          NO
		ignored:                    NO
		deviceIsBusy:               NO
		deviceIsPaired:             YES
		deviceIsActivated:          YES
		deviceActivationState:      Activated
		isPasscodeLocked:           NO
		deviceType:                 <DVTDeviceType:0x7fcf39cc8a80 Xcode.DeviceType.iPhone>
		supportedDeviceFamilies:    (
    1
)
		applications:              (null)
		provisioningProfiles:      (null)
		hasInternalSupport:        NO
		hasWritableSystem:         NO
		isSupportedOS:             YES
		bootArgs:                  (null)
		nextBootArgs:              (null)
		connected:                 YES
		isWirelessEnabled:         NO
		connectionType:            direct
		hostname:                  yanwudan.local.
		bonjourServiceName:        1c:5c:f2:b1:d0:2e@fe80::1e5c:f2ff:feb1:d02e._apple-mobdev2._tcp.local.
		activeProxiedDevice:       (null)
		} (13.2.2 (17B102))
2019-12-25 14:21:44.305 xcodebuild[4516:98352] [MT] IDETestOperationsObserverDebug: (8EA15F36-BDFD-42E4-AA22-45E8DF2EE4EB) Finished requesting crash reports. Continuing with testing.
*** If you believe this error represents a bug, please attach the result bundle at /Users/faz/Library/Developer/Xcode/DerivedData/WebDriverAgent-aiaejbhejflmruhkhsmeebmhbaia/Logs/Test/Test-WebDriverAgentRunner-2019.12.25_14-21-43-+0800.xcresult
2019-12-25 14:21:44.323 xcodebuild[4516:98352] [MT] IDETestOperationsObserverDebug: 0.199 elapsed -- Testing started completed.
2019-12-25 14:21:44.323 xcodebuild[4516:98352] [MT] IDETestOperationsObserverDebug: 0.000 sec, +0.000 sec -- start
2019-12-25 14:21:44.323 xcodebuild[4516:98352] [MT] IDETestOperationsObserverDebug: 0.199 sec, +0.199 sec -- end
2019-12-25 14:21:44.325 xcodebuild[4516:98352] Error Domain=NSCocoaErrorDomain Code=260 "The file “WebDriverAgentRunner-Runner.app” couldn’t be opened because there is no such file." UserInfo={NSFilePath=/Users/faz/Library/Developer/Xcode/DerivedData/WebDriverAgent-aiaejbhejflmruhkhsmeebmhbaia/Build/Products/Debug-iphoneos/WebDriverAgentRunner-Runner.app, NSUnderlyingError=0x7fcf3a4e5280 {Error Domain=NSPOSIXErrorDomain Code=2 "No such file or directory"}}
Test session results, code coverage, and logs:
	/Users/faz/Library/Developer/Xcode/DerivedData/WebDriverAgent-aiaejbhejflmruhkhsmeebmhbaia/Logs/Test/Test-WebDriverAgentRunner-2019.12.25_14-21-43-+0800.xcresult
Testing started on '烟雾弹'
Testing failed:
	Signing for "WebDriverAgentRunner" requires a development team. Select a development team in the Signing & Capabilities editor.
	WebDriverAgentRunner:
		WebDriverAgentRunner-Runner.app encountered an error (Failed to install or launch the test runner. (Underlying error: The file “WebDriverAgentRunner-Runner.app” couldn’t be opened because there is no such file. The file doesn’t exist. (Underlying error: The operation couldn’t be completed. No such file or directory)))
** TEST EXECUTE FAILED **. Make sure you follow the tutorial at https://github.com/appium/appium-xcuitest-driver/blob/master/docs/real-device-config.md. Try to remove the WebDriverAgentRunner application from the device if it is installed and reboot the device.
    at getResponseForW3CError (/usr/local/lib/node_modules/appium/node_modules/appium-base-driver/lib/protocol/errors.js:804:9)
    at asyncHandler (/usr/local/lib/node_modules/appium/node_modules/appium-base-driver/lib/protocol/protocol.js:388:37)
Build info: version: '3.141.59', revision: 'e82be7d358', time: '2018-11-14T08:25:53'
System info: host: 'FazAiZhongdeMacBook-Pro.local', ip: '192.168.2.28', os.name: 'Mac OS X', os.arch: 'x86_64', os.version: '10.14.6', java.version: '1.8.0_181'
Driver info: driver.version: MobileDriverFactory$startMobileDriver
	at io.appium.java_client.remote.AppiumCommandExecutor$1.createSession(AppiumCommandExecutor.java:208)
	at io.appium.java_client.remote.AppiumCommandExecutor.createSession(AppiumCommandExecutor.java:217)
	at io.appium.java_client.remote.AppiumCommandExecutor.execute(AppiumCommandExecutor.java:239)
	at org.openqa.selenium.remote.RemoteWebDriver.execute(RemoteWebDriver.java:552)
	at io.appium.java_client.DefaultGenericMobileDriver.execute(DefaultGenericMobileDriver.java:42)
	at io.appium.java_client.AppiumDriver.execute(AppiumDriver.java:1)
	at io.appium.java_client.ios.IOSDriver.execute(IOSDriver.java:1)
	at org.openqa.selenium.remote.RemoteWebDriver.startSession(RemoteWebDriver.java:213)
	at org.openqa.selenium.remote.RemoteWebDriver.<init>(RemoteWebDriver.java:131)
	at io.appium.java_client.DefaultGenericMobileDriver.<init>(DefaultGenericMobileDriver.java:38)
	at io.appium.java_client.AppiumDriver.<init>(AppiumDriver.java:84)
	at io.appium.java_client.ios.IOSDriver.<init>(IOSDriver.java:85)
	at com.kms.katalon.core.appium.driver.AppiumDriverManager.createMobileDriver(AppiumDriverManager.java:495)
	at com.kms.katalon.core.appium.driver.AppiumDriverManager.createMobileDriver(AppiumDriverManager.java:479)
	at com.kms.katalon.core.mobile.keyword.internal.MobileDriverFactory.startMobileDriver(MobileDriverFactory.java:339)
	at com.kms.katalon.core.mobile.keyword.internal.MobileDriverFactory$startMobileDriver.call(Unknown Source)
	at com.kms.katalon.core.mobile.keyword.builtin.StartExistingApplicationKeyword$_startApplication_closure1.doCall(StartExistingApplicationKeyword.groovy:40)
	at com.kms.katalon.core.mobile.keyword.builtin.StartExistingApplicationKeyword$_startApplication_closure1.doCall(StartExistingApplicationKeyword.groovy)
	at com.kms.katalon.core.mobile.keyword.internal.MobileKeywordMain.runKeyword(MobileKeywordMain.groovy:21)
	... 20 more
Caused by: java.lang.reflect.InvocationTargetException
	at io.appium.java_client.remote.AppiumCommandExecutor$1.createSession(AppiumCommandExecutor.java:186)
	at io.appium.java_client.remote.AppiumCommandExecutor.createSession(AppiumCommandExecutor.java:217)
	at io.appium.java_client.remote.AppiumCommandExecutor.execute(AppiumCommandExecutor.java:239)
	at org.openqa.selenium.remote.RemoteWebDriver.execute(RemoteWebDriver.java:552)
	at io.appium.java_client.DefaultGenericMobileDriver.execute(DefaultGenericMobileDriver.java:42)
	at io.appium.java_client.AppiumDriver.execute(AppiumDriver.java:1)
	at io.appium.java_client.ios.IOSDriver.execute(IOSDriver.java:1)
	at org.openqa.selenium.remote.RemoteWebDriver.startSession(RemoteWebDriver.java:213)
	at org.openqa.selenium.remote.RemoteWebDriver.<init>(RemoteWebDriver.java:131)
	at io.appium.java_client.DefaultGenericMobileDriver.<init>(DefaultGenericMobileDriver.java:38)
	at io.appium.java_client.AppiumDriver.<init>(AppiumDriver.java:84)
	at io.appium.java_client.ios.IOSDriver.<init>(IOSDriver.java:85)
	at com.kms.katalon.core.appium.driver.AppiumDriverManager.createMobileDriver(AppiumDriverManager.java:495)
	at com.kms.katalon.core.appium.driver.AppiumDriverManager.createMobileDriver(AppiumDriverManager.java:479)
	at com.kms.katalon.core.mobile.keyword.internal.MobileDriverFactory.startMobileDriver(MobileDriverFactory.java:339)
	at com.kms.katalon.core.mobile.keyword.internal.MobileDriverFactory$startMobileDriver.call(Unknown Source)
	at com.kms.katalon.core.mobile.keyword.builtin.StartExistingApplicationKeyword$_startApplication_closure1.doCall(StartExistingApplicationKeyword.groovy:40)
	at com.kms.katalon.core.mobile.keyword.builtin.StartExistingApplicationKeyword$_startApplication_closure1.doCall(StartExistingApplicationKeyword.groovy)
	at com.kms.katalon.core.mobile.keyword.internal.MobileKeywordMain.runKeyword(MobileKeywordMain.groovy:21)
	at com.kms.katalon.core.mobile.keyword.internal.MobileKeywordMain$runKeyword.call(Unknown Source)
	at com.kms.katalon.core.mobile.keyword.builtin.StartExistingApplicationKeyword.startApplication(StartExistingApplicationKeyword.groovy:43)
	at com.kms.katalon.core.mobile.keyword.builtin.StartExistingApplicationKeyword.execute(StartExistingApplicationKeyword.groovy:34)
	at com.kms.katalon.core.keyword.internal.KeywordExecutor.executeKeywordForPlatform(KeywordExecutor.groovy:72)
	at com.kms.katalon.core.mobile.keyword.MobileBuiltInKeywords.startExistingApplication(MobileBuiltInKeywords.groovy:89)
	at com.kms.katalon.core.mobile.keyword.MobileBuiltInKeywords$startExistingApplication.call(Unknown Source)
	at Script1575874101227.run(Script1575874101227.groovy:17)
	... 13 more
Caused by: org.openqa.selenium.WebDriverException: An unknown server-side error occurred while processing the command. Original error: Unable to launch WebDriverAgent because of xcodebuild failure: xcodebuild failed with code 65
xcodebuild error message:

2019-12-25 14:21:44.109 xcodebuild[4516:98354] Error writing xctestrun file: Error Domain=NSCocoaErrorDomain Code=4 "The folder “WebDriverAgentRunner_iphoneos13.2-arm64.xctestrun” doesn’t exist." UserInfo={NSFilePath=/Users/faz/Library/Developer/Xcode/DerivedData/WebDriverAgent-aiaejbhejflmruhkhsmeebmhbaia/Build/Products/WebDriverAgentRunner_iphoneos13.2-arm64.xctestrun, NSUserStringVariant=Folder, NSUnderlyingError=0x7fcf39fe2270 {Error Domain=NSPOSIXErrorDomain Code=2 "No such file or directory"}}
** TEST BUILD FAILED **
2019-12-25 14:21:44.133 xcodebuild[4516:98353]  IDETestOperationsObserverDebug: Writing diagnostic log for test session to:
/Users/faz/Library/Developer/Xcode/DerivedData/WebDriverAgent-aiaejbhejflmruhkhsmeebmhbaia/Logs/Test/Test-WebDriverAgentRunner-2019.12.25_14-21-43-+0800.xcresult/Staging/2_Test/Diagnostics/WebDriverAgentRunner-36AA6A3E-E0CE-4DAF-9A5C-DB58FBDF1225/WebDriverAgentRunner-1C9E1ECC-3AE0-4C7C-B816-D11065163395/Session-WebDriverAgentRunner-2019-12-25_142144-EGOQqD.log
2019-12-25 14:21:44.136 xcodebuild[4516:98352] [MT] IDETestOperationsObserverDebug: (8EA15F36-BDFD-42E4-AA22-45E8DF2EE4EB) Beginning test session WebDriverAgentRunner-8EA15F36-BDFD-42E4-AA22-45E8DF2EE4EB at 2019-12-25 14:21:44.134 with Xcode 11C29 on target 📱<DVTiOSDevice (0x7fcf3a2aadf0), 烟雾弹, iPhone, 13.2.2 (17B102), e6d787265ef659f59b738dbf66bcbf75a4ec54a1> {
		deviceSerialNumber:         DNPQTPW4GRY7
		identifier:                 e6d787265ef659f59b738dbf66bcbf75a4ec54a1
		deviceClass:                iPhone
		deviceName:                 烟雾弹
		deviceIdentifier:           e6d787265ef659f59b738dbf66bcbf75a4ec54a1
		productVersion:             13.2.2
		buildVersion:               17B102
		deviceSoftwareVersion:      13.2.2 (17B102)
		deviceArchitecture:         arm64
		deviceTotalCapacity:        122728800256
		deviceAvailableCapacity:    97967312896
		deviceIsTransient:          NO
		ignored:                    NO
		deviceIsBusy:               NO
		deviceIsPaired:             YES
		deviceIsActivated:          YES
		deviceActivationState:      Activated
		isPasscodeLocked:           NO
		deviceType:                 <DVTDeviceType:0x7fcf39cc8a80 Xcode.DeviceType.iPhone>
		supportedDeviceFamilies:    (
    1
)
		applications:              (null)
		provisioningProfiles:      (null)
		hasInternalSupport:        NO
		hasWritableSystem:         NO
		isSupportedOS:             YES
		bootArgs:                  (null)
		nextBootArgs:              (null)
		connected:                 YES
		isWirelessEnabled:         NO
		connectionType:            direct
		hostname:                  yanwudan.local.
		bonjourServiceName:        1c:5c:f2:b1:d0:2e@fe80::1e5c:f2ff:feb1:d02e._apple-mobdev2._tcp.local.
		activeProxiedDevice:       (null)
		} (13.2.2 (17B102))
2019-12-25 14:21:44.305 xcodebuild[4516:98352] [MT] IDETestOperationsObserverDebug: (8EA15F36-BDFD-42E4-AA22-45E8DF2EE4EB) Finished requesting crash reports. Continuing with testing.
*** If you believe this error represents a bug, please attach the result bundle at /Users/faz/Library/Developer/Xcode/DerivedData/WebDriverAgent-aiaejbhejflmruhkhsmeebmhbaia/Logs/Test/Test-WebDriverAgentRunner-2019.12.25_14-21-43-+0800.xcresult
2019-12-25 14:21:44.323 xcodebuild[4516:98352] [MT] IDETestOperationsObserverDebug: 0.199 elapsed -- Testing started completed.
2019-12-25 14:21:44.323 xcodebuild[4516:98352] [MT] IDETestOperationsObserverDebug: 0.000 sec, +0.000 sec -- start
2019-12-25 14:21:44.323 xcodebuild[4516:98352] [MT] IDETestOperationsObserverDebug: 0.199 sec, +0.199 sec -- end
2019-12-25 14:21:44.325 xcodebuild[4516:98352] Error Domain=NSCocoaErrorDomain Code=260 "The file “WebDriverAgentRunner-Runner.app” couldn’t be opened because there is no such file." UserInfo={NSFilePath=/Users/faz/Library/Developer/Xcode/DerivedData/WebDriverAgent-aiaejbhejflmruhkhsmeebmhbaia/Build/Products/Debug-iphoneos/WebDriverAgentRunner-Runner.app, NSUnderlyingError=0x7fcf3a4e5280 {Error Domain=NSPOSIXErrorDomain Code=2 "No such file or directory"}}
Test session results, code coverage, and logs:
	/Users/faz/Library/Developer/Xcode/DerivedData/WebDriverAgent-aiaejbhejflmruhkhsmeebmhbaia/Logs/Test/Test-WebDriverAgentRunner-2019.12.25_14-21-43-+0800.xcresult
Testing started on '烟雾弹'
Testing failed:
	Signing for "WebDriverAgentRunner" requires a development team. Select a development team in the Signing & Capabilities editor.
	WebDriverAgentRunner:
		WebDriverAgentRunner-Runner.app encountered an error (Failed to install or launch the test runner. (Underlying error: The file “WebDriverAgentRunner-Runner.app” couldn’t be opened because there is no such file. The file doesn’t exist. (Underlying error: The operation couldn’t be completed. No such file or directory)))
** TEST EXECUTE FAILED **. Make sure you follow the tutorial at https://github.com/appium/appium-xcuitest-driver/blob/master/docs/real-device-config.md. Try to remove the WebDriverAgentRunner application from the device if it is installed and reboot the device.
Build info: version: '3.141.59', revision: 'e82be7d358', time: '2018-11-14T08:25:53'
System info: host: 'FazAiZhongdeMacBook-Pro.local', ip: '192.168.2.28', os.name: 'Mac OS X', os.arch: 'x86_64', os.version: '10.14.6', java.version: '1.8.0_181'
Driver info: driver.version: MobileDriverFactory$startMobileDriver
remote stacktrace: UnknownError: An unknown server-side error occurred while processing the command. Original error: Unable to launch WebDriverAgent because of xcodebuild failure: xcodebuild failed with code 65
xcodebuild error message:

2019-12-25 14:21:44.109 xcodebuild[4516:98354] Error writing xctestrun file: Error Domain=NSCocoaErrorDomain Code=4 "The folder “WebDriverAgentRunner_iphoneos13.2-arm64.xctestrun” doesn’t exist." UserInfo={NSFilePath=/Users/faz/Library/Developer/Xcode/DerivedData/WebDriverAgent-aiaejbhejflmruhkhsmeebmhbaia/Build/Products/WebDriverAgentRunner_iphoneos13.2-arm64.xctestrun, NSUserStringVariant=Folder, NSUnderlyingError=0x7fcf39fe2270 {Error Domain=NSPOSIXErrorDomain Code=2 "No such file or directory"}}
** TEST BUILD FAILED **
2019-12-25 14:21:44.133 xcodebuild[4516:98353]  IDETestOperationsObserverDebug: Writing diagnostic log for test session to:
/Users/faz/Library/Developer/Xcode/DerivedData/WebDriverAgent-aiaejbhejflmruhkhsmeebmhbaia/Logs/Test/Test-WebDriverAgentRunner-2019.12.25_14-21-43-+0800.xcresult/Staging/2_Test/Diagnostics/WebDriverAgentRunner-36AA6A3E-E0CE-4DAF-9A5C-DB58FBDF1225/WebDriverAgentRunner-1C9E1ECC-3AE0-4C7C-B816-D11065163395/Session-WebDriverAgentRunner-2019-12-25_142144-EGOQqD.log
2019-12-25 14:21:44.136 xcodebuild[4516:98352] [MT] IDETestOperationsObserverDebug: (8EA15F36-BDFD-42E4-AA22-45E8DF2EE4EB) Beginning test session WebDriverAgentRunner-8EA15F36-BDFD-42E4-AA22-45E8DF2EE4EB at 2019-12-25 14:21:44.134 with Xcode 11C29 on target 📱<DVTiOSDevice (0x7fcf3a2aadf0), 烟雾弹, iPhone, 13.2.2 (17B102), e6d787265ef659f59b738dbf66bcbf75a4ec54a1> {
		deviceSerialNumber:         DNPQTPW4GRY7
		identifier:                 e6d787265ef659f59b738dbf66bcbf75a4ec54a1
		deviceClass:                iPhone
		deviceName:                 烟雾弹
		deviceIdentifier:           e6d787265ef659f59b738dbf66bcbf75a4ec54a1
		productVersion:             13.2.2
		buildVersion:               17B102
		deviceSoftwareVersion:      13.2.2 (17B102)
		deviceArchitecture:         arm64
		deviceTotalCapacity:        122728800256
		deviceAvailableCapacity:    97967312896
		deviceIsTransient:          NO
		ignored:                    NO
		deviceIsBusy:               NO
		deviceIsPaired:             YES
		deviceIsActivated:          YES
		deviceActivationState:      Activated
		isPasscodeLocked:           NO
		deviceType:                 <DVTDeviceType:0x7fcf39cc8a80 Xcode.DeviceType.iPhone>
		supportedDeviceFamilies:    (
    1
)
		applications:              (null)
		provisioningProfiles:      (null)
		hasInternalSupport:        NO
		hasWritableSystem:         NO
		isSupportedOS:             YES
		bootArgs:                  (null)
		nextBootArgs:              (null)
		connected:                 YES
		isWirelessEnabled:         NO
		connectionType:            direct
		hostname:                  yanwudan.local.
		bonjourServiceName:        1c:5c:f2:b1:d0:2e@fe80::1e5c:f2ff:feb1:d02e._apple-mobdev2._tcp.local.
		activeProxiedDevice:       (null)
		} (13.2.2 (17B102))
2019-12-25 14:21:44.305 xcodebuild[4516:98352] [MT] IDETestOperationsObserverDebug: (8EA15F36-BDFD-42E4-AA22-45E8DF2EE4EB) Finished requesting crash reports. Continuing with testing.
*** If you believe this error represents a bug, please attach the result bundle at /Users/faz/Library/Developer/Xcode/DerivedData/WebDriverAgent-aiaejbhejflmruhkhsmeebmhbaia/Logs/Test/Test-WebDriverAgentRunner-2019.12.25_14-21-43-+0800.xcresult
2019-12-25 14:21:44.323 xcodebuild[4516:98352] [MT] IDETestOperationsObserverDebug: 0.199 elapsed -- Testing started completed.
2019-12-25 14:21:44.323 xcodebuild[4516:98352] [MT] IDETestOperationsObserverDebug: 0.000 sec, +0.000 sec -- start
2019-12-25 14:21:44.323 xcodebuild[4516:98352] [MT] IDETestOperationsObserverDebug: 0.199 sec, +0.199 sec -- end
2019-12-25 14:21:44.325 xcodebuild[4516:98352] Error Domain=NSCocoaErrorDomain Code=260 "The file “WebDriverAgentRunner-Runner.app” couldn’t be opened because there is no such file." UserInfo={NSFilePath=/Users/faz/Library/Developer/Xcode/DerivedData/WebDriverAgent-aiaejbhejflmruhkhsmeebmhbaia/Build/Products/Debug-iphoneos/WebDriverAgentRunner-Runner.app, NSUnderlyingError=0x7fcf3a4e5280 {Error Domain=NSPOSIXErrorDomain Code=2 "No such file or directory"}}
Test session results, code coverage, and logs:
	/Users/faz/Library/Developer/Xcode/DerivedData/WebDriverAgent-aiaejbhejflmruhkhsmeebmhbaia/Logs/Test/Test-WebDriverAgentRunner-2019.12.25_14-21-43-+0800.xcresult
Testing started on '烟雾弹'
Testing failed:
	Signing for "WebDriverAgentRunner" requires a development team. Select a development team in the Signing & Capabilities editor.
	WebDriverAgentRunner:
		WebDriverAgentRunner-Runner.app encountered an error (Failed to install or launch the test runner. (Underlying error: The file “WebDriverAgentRunner-Runner.app” couldn’t be opened because there is no such file. The file doesn’t exist. (Underlying error: The operation couldn’t be completed. No such file or directory)))
** TEST EXECUTE FAILED **. Make sure you follow the tutorial at https://github.com/appium/appium-xcuitest-driver/blob/master/docs/real-device-config.md. Try to remove the WebDriverAgentRunner application from the device if it is installed and reboot the device.
    at getResponseForW3CError (/usr/local/lib/node_modules/appium/node_modules/appium-base-driver/lib/protocol/errors.js:804:9)
    at asyncHandler (/usr/local/lib/node_modules/appium/node_modules/appium-base-driver/lib/protocol/protocol.js:388:37)
	at org.openqa.selenium.remote.W3CHandshakeResponse.lambda$errorHandler$0(W3CHandshakeResponse.java:62)
	at org.openqa.selenium.remote.HandshakeResponse.lambda$getResponseFunction$0(HandshakeResponse.java:30)
	at org.openqa.selenium.remote.ProtocolHandshake.lambda$createSession$0(ProtocolHandshake.java:126)
	at org.openqa.selenium.remote.ProtocolHandshake.createSession(ProtocolHandshake.java:128)
	at io.appium.java_client.remote.AppiumCommandExecutor$1.createSession(AppiumCommandExecutor.java:186)
	at io.appium.java_client.remote.AppiumCommandExecutor.createSession(AppiumCommandExecutor.java:217)
	at io.appium.java_client.remote.AppiumCommandExecutor.execute(AppiumCommandExecutor.java:239)
	at org.openqa.selenium.remote.RemoteWebDriver.execute(RemoteWebDriver.java:552)
	at io.appium.java_client.DefaultGenericMobileDriver.execute(DefaultGenericMobileDriver.java:42)
	at io.appium.java_client.AppiumDriver.execute(AppiumDriver.java:1)
	at io.appium.java_client.ios.IOSDriver.execute(IOSDriver.java:1)
	at org.openqa.selenium.remote.RemoteWebDriver.startSession(RemoteWebDriver.java:213)
	at org.openqa.selenium.remote.RemoteWebDriver.<init>(RemoteWebDriver.java:131)
	at io.appium.java_client.DefaultGenericMobileDriver.<init>(DefaultGenericMobileDriver.java:38)
	at io.appium.java_client.AppiumDriver.<init>(AppiumDriver.java:84)
	at io.appium.java_client.ios.IOSDriver.<init>(IOSDriver.java:85)
	at com.kms.katalon.core.appium.driver.AppiumDriverManager.createMobileDriver(AppiumDriverManager.java:495)
	at com.kms.katalon.core.appium.driver.AppiumDriverManager.createMobileDriver(AppiumDriverManager.java:479)
	at com.kms.katalon.core.mobile.keyword.internal.MobileDriverFactory.startMobileDriver(MobileDriverFactory.java:339)
	at com.kms.katalon.core.mobile.keyword.internal.MobileDriverFactory$startMobileDriver.call(Unknown Source)
	at com.kms.katalon.core.mobile.keyword.builtin.StartExistingApplicationKeyword$_startApplication_closure1.doCall(StartExistingApplicationKeyword.groovy:40)
	at com.kms.katalon.core.mobile.keyword.builtin.StartExistingApplicationKeyword$_startApplication_closure1.doCall(StartExistingApplicationKeyword.groovy)
	at com.kms.katalon.core.mobile.keyword.internal.MobileKeywordMain.runKeyword(MobileKeywordMain.groovy:21)
	at com.kms.katalon.core.mobile.keyword.internal.MobileKeywordMain$runKeyword.call(Unknown Source)
	at com.kms.katalon.core.mobile.keyword.builtin.StartExistingApplicationKeyword.startApplication(StartExistingApplicationKeyword.groovy:43)
	at com.kms.katalon.core.mobile.keyword.builtin.StartExistingApplicationKeyword.execute(StartExistingApplicationKeyword.groovy:34)
	at com.kms.katalon.core.keyword.internal.KeywordExecutor.executeKeywordForPlatform(KeywordExecutor.groovy:72)
	at com.kms.katalon.core.mobile.keyword.MobileBuiltInKeywords.startExistingApplication(MobileBuiltInKeywords.groovy:89)
	at com.kms.katalon.core.mobile.keyword.MobileBuiltInKeywords$startExistingApplication.call(Unknown Source)
	at choose_puning.run(choose_puning:17)
	... 13 more]]></system-err>
   </testsuite>
</testsuites>
