<?xml version="1.0" encoding="UTF-8"?>
<testsuites name="Ordinary_teacher" time="45.276" tests="8" failures="0" errors="0">
   <testsuite name="Ordinary_teacher" tests="8" failures="0" errors="0" time="45.276" timestamp="2020-01-07 00:19:57" hostname="Administrator - PC-20190203YURK" id="Test Suites/Android/Teacher Test Suite/Ordinary_teacher">
      <properties>
         <property name="deviceName" value="HUAWEI COL-AL10 (Android 9)"/>
         <property name="devicePlatform" value=""/>
         <property name="logFolder" value="E:\\\u5E84\u610F\u5F3A\\katalonworkspace\\com.goldlokedu.app\\Reports\\20200107_001948\\Android\\Teacher Test Suite\\Ordinary_teacher\\20200107_001948"/>
         <property name="logFiles" value="E:\\\u5E84\u610F\u5F3A\\katalonworkspace\\com.goldlokedu.app\\Reports\\20200107_001948\\Android\\Teacher Test Suite\\Ordinary_teacher\\20200107_001948\\appium.log, E:\\\u5E84\u610F\u5F3A\\katalonworkspace\\com.goldlokedu.app\\Reports\\20200107_001948\\Android\\Teacher Test Suite\\Ordinary_teacher\\20200107_001948\\execution0.log"/>
         <property name="attachments" value=""/>
         <property name="hostName" value="Administrator - PC-20190203YURK"/>
         <property name="os" value="Windows 7 64bit"/>
         <property name="appiumServerStatus" value="{\&quot;value\&quot;:{\&quot;build\&quot;:{\&quot;version\&quot;:\&quot;1.15.1\&quot;}},\&quot;sessionId\&quot;:null,\&quot;status\&quot;:0}"/>
         <property name="katalonVersion" value="7.2.0.1"/>
         <property name="deviceOS" value="Android"/>
         <property name="appiumVersion" value="1.15.1"/>
         <property name="deviceModel" value="COL-AL10"/>
         <property name="hostAddress" value="192.168.3.4"/>
         <property name="deviceManufacturer" value="HUAWEI"/>
         <property name="deviceId" value="VBJ4C18519001467"/>
         <property name="deviceName" value="HUAWEI COL-AL10 (Android 9)"/>
         <property name="deviceOSVersion" value="9"/>
      </properties>
      <testcase name="Test Cases/Android/Public Module/Start App/start_app" time="14.453" classname="Test Cases/Android/Public Module/Start App/start_app" status="PASSED">
         <system-out><![CDATA[2020-01-07 00:19:57 - [TEST_CASE][PASSED] - Test Cases/Android/Public Module/Start App/start_app: Test Cases/Android/Public Module/Start App/start_app

2020-01-07 00:19:58 - [TEST_STEP][PASSED] - startExistingApplication(G_AppId, STOP_ON_FAILURE): Starting app with application ID: 'com.goldlokedu.tgoldlokedu '

2020-01-07 00:19:58 - [MESSAGE][INFO] - User set preference: ['deviceId', 'VBJ4C18519001467']

2020-01-07 00:20:00 - [MESSAGE][INFO] - Appium server started on port 62,454

2020-01-07 00:20:10 - [MESSAGE][PASSED] - Starting app with application ID: 'com.goldlokedu.tgoldlokedu ']]></system-out>
         <system-err><![CDATA[]]></system-err>
      </testcase>
      <testcase name="Test Cases/Android/Bottom Navigation/Campus/tap_sms_text" time="5.474" classname="Test Cases/Android/Bottom Navigation/Campus/tap_sms_text" status="PASSED">
         <system-out><![CDATA[2020-01-07 00:20:12 - [TEST_CASE][PASSED] - Test Cases/Android/Bottom Navigation/Campus/tap_sms_text: Test Cases/Android/Bottom Navigation/Campus/tap_sms_text

2020-01-07 00:20:12 - [TEST_STEP][PASSED] - tap(findTestObject("Object Repository/Android/Bottom Bavigation/Campus/Interactive Management/sms_text"), G_Timeout, CONTINUE_ON_FAILURE): Tapped on element 'Object Repository/Android/Bottom Bavigation/Campus/Interactive Management/sms_text'

2020-01-07 00:20:15 - [MESSAGE][PASSED] - Tapped on element 'Object Repository/Android/Bottom Bavigation/Campus/Interactive Management/sms_text']]></system-out>
         <system-err><![CDATA[]]></system-err>
      </testcase>
      <testcase name="Test Cases/Android/Bottom Navigation/Campus/Interactive Management/SMS/Sending SMS/Contacts Select/tap_add_contacts_image" time="5.986" classname="Test Cases/Android/Bottom Navigation/Campus/Interactive Management/SMS/Sending SMS/Contacts Select/tap_add_contacts_image" status="PASSED">
         <system-out><![CDATA[2020-01-07 00:20:17 - [TEST_CASE][PASSED] - Test Cases/Android/Bottom Navigation/Campus/Interactive Management/SMS/Sending SMS/Contacts Select/tap_add_contacts_image: Test Cases/Android/Bottom Navigation/Campus/Interactive Management/SMS/Sending SMS/Contacts Select/tap_add_contacts_image

2020-01-07 00:20:17 - [TEST_STEP][PASSED] - tap(findTestObject("Object Repository/Android/Bottom Bavigation/Campus/Interactive Management/SMS/Sending SMS/add_contacts_image"), G_Timeout, CONTINUE_ON_FAILURE): Tapped on element 'Object Repository/Android/Bottom Bavigation/Campus/Interactive Management/SMS/Sending SMS/add_contacts_image'

2020-01-07 00:20:21 - [MESSAGE][PASSED] - Tapped on element 'Object Repository/Android/Bottom Bavigation/Campus/Interactive Management/SMS/Sending SMS/add_contacts_image']]></system-out>
         <system-err><![CDATA[]]></system-err>
      </testcase>
      <testcase name="Test Cases/Android/Bottom Navigation/Campus/Interactive Management/SMS/Sending SMS/Contacts Select/Teacher Contacts/tap_all_teacher_option" time="4.094" classname="Test Cases/Android/Bottom Navigation/Campus/Interactive Management/SMS/Sending SMS/Contacts Select/Teacher Contacts/tap_all_teacher_option" status="PASSED">
         <system-out><![CDATA[2020-01-07 00:20:23 - [TEST_CASE][PASSED] - Test Cases/Android/Bottom Navigation/Campus/Interactive Management/SMS/Sending SMS/Contacts Select/Teacher Contacts/tap_all_teacher_option: Test Cases/Android/Bottom Navigation/Campus/Interactive Management/SMS/Sending SMS/Contacts Select/Teacher Contacts/tap_all_teacher_option

2020-01-07 00:20:23 - [TEST_STEP][PASSED] - to = findTestObject("Object Repository/Android/Bottom Bavigation/Campus/Interactive Management/SMS/Sending SMS/Contacts Select Page/Teacher Contacts/checkbox_btn"): null

2020-01-07 00:20:23 - [TEST_STEP][PASSED] - tap(to, G_Timeout, CONTINUE_ON_FAILURE): Tapped on element 'Object Repository/Android/Bottom Bavigation/Campus/Interactive Management/SMS/Sending SMS/Contacts Select Page/Teacher Contacts/checkbox_btn'

2020-01-07 00:20:25 - [MESSAGE][PASSED] - Tapped on element 'Object Repository/Android/Bottom Bavigation/Campus/Interactive Management/SMS/Sending SMS/Contacts Select Page/Teacher Contacts/checkbox_btn']]></system-out>
         <system-err><![CDATA[]]></system-err>
      </testcase>
      <testcase name="Test Cases/Android/Bottom Navigation/Campus/Interactive Management/SMS/Sending SMS/Contacts Select/tap_sure_btn" time="3.625" classname="Test Cases/Android/Bottom Navigation/Campus/Interactive Management/SMS/Sending SMS/Contacts Select/tap_sure_btn" status="PASSED">
         <system-out><![CDATA[2020-01-07 00:20:27 - [TEST_CASE][PASSED] - Test Cases/Android/Bottom Navigation/Campus/Interactive Management/SMS/Sending SMS/Contacts Select/tap_sure_btn: Test Cases/Android/Bottom Navigation/Campus/Interactive Management/SMS/Sending SMS/Contacts Select/tap_sure_btn

2020-01-07 00:20:27 - [TEST_STEP][PASSED] - tap(findTestObject("Object Repository/Android/Bottom Bavigation/Campus/Interactive Management/SMS/Sending SMS/Contacts Select Page/sure_btn"), G_Timeout, CONTINUE_ON_FAILURE): Tapped on element 'Object Repository/Android/Bottom Bavigation/Campus/Interactive Management/SMS/Sending SMS/Contacts Select Page/sure_btn'

2020-01-07 00:20:29 - [MESSAGE][PASSED] - Tapped on element 'Object Repository/Android/Bottom Bavigation/Campus/Interactive Management/SMS/Sending SMS/Contacts Select Page/sure_btn']]></system-out>
         <system-err><![CDATA[]]></system-err>
      </testcase>
      <testcase name="Test Cases/Android/Bottom Navigation/Campus/Interactive Management/SMS/Sending SMS/sms_content_text/set_text_to_sms_content" time="4.352" classname="Test Cases/Android/Bottom Navigation/Campus/Interactive Management/SMS/Sending SMS/sms_content_text/set_text_to_sms_content" status="PASSED">
         <system-out><![CDATA[2020-01-07 00:20:31 - [TEST_CASE][PASSED] - Test Cases/Android/Bottom Navigation/Campus/Interactive Management/SMS/Sending SMS/sms_content_text/set_text_to_sms_content: Test Cases/Android/Bottom Navigation/Campus/Interactive Management/SMS/Sending SMS/sms_content_text/set_text_to_sms_content

2020-01-07 00:20:31 - [TEST_STEP][PASSED] - setText(findTestObject("Object Repository/Android/Bottom Bavigation/Campus/Interactive Management/SMS/Sending SMS/sms_content_edittext"), getDate() + "测试短信", G_Timeout, CONTINUE_ON_FAILURE): null

2020-01-07 00:20:31 - [TEST_STEP][PASSED] - date = new java.util.Date(): null

2020-01-07 00:20:31 - [TEST_STEP][PASSED] - df = new java.text.SimpleDateFormat(yyyy-MM-dd HH:mm:ss): null

2020-01-07 00:20:31 - [TEST_STEP][PASSED] - time = df.format(date): null

2020-01-07 00:20:31 - [TEST_STEP][PASSED] - return time: Text '2020-01-07 00:20:31测试短信' has been set to element 'Object Repository/Android/Bottom Bavigation/Campus/Interactive Management/SMS/Sending SMS/sms_content_edittext'

2020-01-07 00:20:33 - [MESSAGE][PASSED] - Text '2020-01-07 00:20:31测试短信' has been set to element 'Object Repository/Android/Bottom Bavigation/Campus/Interactive Management/SMS/Sending SMS/sms_content_edittext']]></system-out>
         <system-err><![CDATA[]]></system-err>
      </testcase>
      <testcase name="Test Cases/Android/Bottom Navigation/Campus/Interactive Management/SMS/Sending SMS/SMS Type/tap_sms_type" time="3.951" classname="Test Cases/Android/Bottom Navigation/Campus/Interactive Management/SMS/Sending SMS/SMS Type/tap_sms_type" status="PASSED">
         <system-out><![CDATA[2020-01-07 00:20:35 - [TEST_CASE][PASSED] - Test Cases/Android/Bottom Navigation/Campus/Interactive Management/SMS/Sending SMS/SMS Type/tap_sms_type: Test Cases/Android/Bottom Navigation/Campus/Interactive Management/SMS/Sending SMS/SMS Type/tap_sms_type

2020-01-07 00:20:35 - [TEST_STEP][PASSED] - tap(findTestObject("Object Repository/Android/Bottom Bavigation/Campus/Interactive Management/SMS/Sending SMS/sms_type_option_text"), G_Timeout, CONTINUE_ON_FAILURE): Tapped on element 'Object Repository/Android/Bottom Bavigation/Campus/Interactive Management/SMS/Sending SMS/sms_type_option_text'

2020-01-07 00:20:37 - [MESSAGE][PASSED] - Tapped on element 'Object Repository/Android/Bottom Bavigation/Campus/Interactive Management/SMS/Sending SMS/sms_type_option_text']]></system-out>
         <system-err><![CDATA[]]></system-err>
      </testcase>
      <testcase name="Test Cases/Android/Bottom Navigation/Campus/Interactive Management/SMS/Sending SMS/SMS Type/get_text" time="2.499" classname="Test Cases/Android/Bottom Navigation/Campus/Interactive Management/SMS/Sending SMS/SMS Type/get_text" status="PASSED">
         <system-out><![CDATA[2020-01-07 00:20:39 - [TEST_CASE][PASSED] - Test Cases/Android/Bottom Navigation/Campus/Interactive Management/SMS/Sending SMS/SMS Type/get_text: Test Cases/Android/Bottom Navigation/Campus/Interactive Management/SMS/Sending SMS/SMS Type/get_text

2020-01-07 00:20:39 - [TEST_STEP][PASSED] - str = getText(findTestObject("Object Repository/Android/Bottom Bavigation/Campus/Interactive Management/SMS/Sending SMS/Selection Box/options_view"), G_Timeout, CONTINUE_ON_FAILURE): Text of element 'Object Repository/Android/Bottom Bavigation/Campus/Interactive Management/SMS/Sending SMS/Selection Box/options_view' is: ''

2020-01-07 00:20:40 - [MESSAGE][PASSED] - Text of element 'Object Repository/Android/Bottom Bavigation/Campus/Interactive Management/SMS/Sending SMS/Selection Box/options_view' is: ''

2020-01-07 00:20:40 - [TEST_STEP][PASSED] - println("这是我抓到的文本" + str): null]]></system-out>
         <system-err><![CDATA[]]></system-err>
      </testcase>
      <system-out><![CDATA[2020-01-07 00:19:57 - [TEST_SUITE][PASSED] - Ordinary_teacher: Test Cases/Android/Bottom Navigation/Campus/Interactive Management/SMS/Sending SMS/SMS Type/get_text]]></system-out>
      <system-err><![CDATA[]]></system-err>
   </testsuite>
</testsuites>
