<?xml version="1.0" encoding="UTF-8" standalone="yes"?>
<testsuites name="Ordinary_teacher" time="27" tests="3" failures="0" errors="0">
    <testsuite name="Ordinary_teacher" tests="3" failures="0" errors="0" time="27" timestamp="2019-12-09 12:20:24" hostname="faz - 192.168.2.28" id="Test Suites/Android/teacher/Ordinary_teacher">
        <properties>
            <property name="deviceName" value="HUAWEI COL-AL10 (Android 9)"/>
            <property name="devicePlatform" value=""/>
            <property name="logFolder" value="/Users/faz/git/com.goldlokedu.app/Reports/20191209_122020/Android/teacher/Ordinary_teacher/20191209_122020"/>
            <property name="logFiles" value="/Users/faz/git/com.goldlokedu.app/Reports/20191209_122020/Android/teacher/Ordinary_teacher/20191209_122020/execution0.log, /Users/faz/git/com.goldlokedu.app/Reports/20191209_122020/Android/teacher/Ordinary_teacher/20191209_122020/appium.log"/>
            <property name="attachments" value=""/>
            <property name="hostName" value="faz - 192.168.2.28"/>
            <property name="os" value="Mac OS X 64bit"/>
            <property name="appiumServerStatus" value="{\&quot;value\&quot;:{\&quot;build\&quot;:{\&quot;version\&quot;:\&quot;1.15.1\&quot;}},\&quot;sessionId\&quot;:null,\&quot;status\&quot;:0}"/>
            <property name="katalonVersion" value="6.3.3.11"/>
            <property name="deviceOS" value="Android"/>
            <property name="appiumVersion" value="1.15.1"/>
            <property name="deviceModel" value="COL-AL10"/>
            <property name="hostAddress" value="192.168.2.28"/>
            <property name="deviceManufacturer" value="HUAWEI"/>
            <property name="deviceId" value="VBJ4C18519001467"/>
            <property name="deviceName" value="HUAWEI COL-AL10 (Android 9)"/>
            <property name="deviceOSVersion" value="9"/>
        </properties>
        <testcase name="Test Cases/Android/Public_module/start_app/start_app" classname="Test Cases/Android/Public_module/start_app/start_app" status="PASSED">
            <system-out>2019-12-09 12:20:24 - [TEST_CASE][PASSED] - Test Cases/Android/Public_module/start_app/start_app: Test Cases/Android/Public_module/start_app/start_app

2019-12-09 12:20:25 - [TEST_STEP][PASSED] - startExistingApplication(G_AppId, STOP_ON_FAILURE): Starting app with application ID: 'com.goldlokedu.tgoldlokedu '

2019-12-09 12:20:27 - [MESSAGE][INFO] - Appium server started on port 60,617

2019-12-09 12:20:37 - [MESSAGE][PASSED] - Starting app with application ID: 'com.goldlokedu.tgoldlokedu '</system-out>
            <system-err></system-err>
        </testcase>
        <testcase name="Test Cases/Android/Public_module/choose_city/choose_city_puning" classname="Test Cases/Android/Public_module/choose_city/choose_city_puning" status="PASSED">
            <system-out>2019-12-09 12:20:37 - [TEST_CASE][PASSED] - Test Cases/Android/Public_module/choose_city/choose_city_puning: Test Cases/Android/Public_module/choose_city/choose_city_puning

2019-12-09 12:20:37 - [TEST_STEP][PASSED] - tap(findTestObject("Object Repository/Android/login_page_element/change_city_btn"), 0): Tapped on element 'Object Repository/Android/login_page_element/change_city_btn'

2019-12-09 12:20:37 - [MESSAGE][WARNING] - Timeout '0' is invalid. Using default page load timeout: '30'

2019-12-09 12:20:39 - [MESSAGE][PASSED] - Tapped on element 'Object Repository/Android/login_page_element/change_city_btn'

2019-12-09 12:20:39 - [TEST_STEP][PASSED] - tap(findTestObject("Object Repository/Android/city/cityAndImage_puning"), 0): Tapped on element 'Object Repository/Android/city/cityAndImage_puning'

2019-12-09 12:20:39 - [MESSAGE][WARNING] - Timeout '0' is invalid. Using default page load timeout: '30'

2019-12-09 12:20:41 - [MESSAGE][PASSED] - Tapped on element 'Object Repository/Android/city/cityAndImage_puning'</system-out>
            <system-err></system-err>
        </testcase>
        <testcase name="Test Cases/Android/Public_module/login_app/login" classname="Test Cases/Android/Public_module/login_app/login" status="PASSED">
            <system-out>2019-12-09 12:20:41 - [TEST_CASE][PASSED] - Test Cases/Android/Public_module/login_app/login: Test Cases/Android/Public_module/login_app/login

2019-12-09 12:20:41 - [TEST_STEP][PASSED] - clearText(findTestObject("Object Repository/Android/login_page_element/username_text"), 0): Element 'Object Repository/Android/login_page_element/username_text' text is cleared

2019-12-09 12:20:42 - [MESSAGE][WARNING] - Timeout '0' is invalid. Using default page load timeout: '30'

2019-12-09 12:20:43 - [MESSAGE][PASSED] - Element 'Object Repository/Android/login_page_element/username_text' text is cleared

2019-12-09 12:20:43 - [TEST_STEP][PASSED] - setText(findTestObject("Object Repository/Android/login_page_element/username_text"), username, 0): Text '18344264447' has been set to element 'Object Repository/Android/login_page_element/username_text'

2019-12-09 12:20:43 - [MESSAGE][WARNING] - Timeout '0' is invalid. Using default page load timeout: '30'

2019-12-09 12:20:45 - [MESSAGE][PASSED] - Text '18344264447' has been set to element 'Object Repository/Android/login_page_element/username_text'

2019-12-09 12:20:45 - [TEST_STEP][PASSED] - setText(findTestObject("Android/login_page_element/password_text"), password, 0): Text '123456a@' has been set to element 'Object Repository/Android/login_page_element/password_text'

2019-12-09 12:20:45 - [MESSAGE][WARNING] - Timeout '0' is invalid. Using default page load timeout: '30'

2019-12-09 12:20:47 - [MESSAGE][PASSED] - Text '123456a@' has been set to element 'Object Repository/Android/login_page_element/password_text'

2019-12-09 12:20:47 - [TEST_STEP][PASSED] - tap(findTestObject("Object Repository/Android/login_page_element/login_btn"), 0): Tapped on element 'Object Repository/Android/login_page_element/login_btn'

2019-12-09 12:20:47 - [MESSAGE][WARNING] - Timeout '0' is invalid. Using default page load timeout: '30'

2019-12-09 12:20:51 - [MESSAGE][PASSED] - Tapped on element 'Object Repository/Android/login_page_element/login_btn'</system-out>
            <system-err></system-err>
        </testcase>
        <system-out>2019-12-09 12:20:24 - [TEST_SUITE][INCOMPLETE] - Ordinary_teacher: null</system-out>
        <system-err>2019-12-09 12:20:24 - [TEST_SUITE][INCOMPLETE] - Ordinary_teacher: null</system-err>
    </testsuite>
</testsuites>
