<?xml version="1.0" encoding="UTF-8"?>
<testsuites name="test" time="19.875" tests="1" failures="0" errors="0">
   <testsuite name="test" tests="1" failures="0" errors="0" time="19.875" timestamp="2020-01-08 17:34:03" hostname="faz - 192.168.2.119" id="Test Suites/Android/Teacher Test Suite/test">
      <properties>
         <property name="deviceName" value="HUAWEI COL-AL10 (Android 9)"/>
         <property name="devicePlatform" value=""/>
         <property name="logFolder" value="/Users/faz/git/com.goldlokedu.app/Reports/20200108_173351/Android/Teacher Test Suite/test/20200108_173354"/>
         <property name="logFiles" value="/Users/faz/git/com.goldlokedu.app/Reports/20200108_173351/Android/Teacher Test Suite/test/20200108_173354/execution0.log, /Users/faz/git/com.goldlokedu.app/Reports/20200108_173351/Android/Teacher Test Suite/test/20200108_173354/appium.log"/>
         <property name="attachments" value=""/>
         <property name="hostName" value="faz - 192.168.2.119"/>
         <property name="os" value="Mac OS X 64bit"/>
         <property name="appiumServerStatus" value="{\&quot;value\&quot;:{\&quot;build\&quot;:{\&quot;version\&quot;:\&quot;1.16.0\&quot;}},\&quot;sessionId\&quot;:null,\&quot;status\&quot;:0}"/>
         <property name="katalonVersion" value="7.2.0.1"/>
         <property name="deviceOS" value="Android"/>
         <property name="appiumVersion" value="1.16.0"/>
         <property name="deviceModel" value="COL-AL10"/>
         <property name="hostAddress" value="192.168.2.119"/>
         <property name="deviceManufacturer" value="HUAWEI"/>
         <property name="deviceId" value="VBJ4C18519001467"/>
         <property name="deviceName" value="HUAWEI COL-AL10 (Android 9)"/>
         <property name="deviceOSVersion" value="9"/>
      </properties>
      <testcase name="Test Cases/Android/Login Module/Transition Page Module/page_one_skip" time="19.43" classname="Test Cases/Android/Login Module/Transition Page Module/page_one_skip" status="PASSED">
         <system-out><![CDATA[2020-01-08 17:34:03 - [TEST_CASE][PASSED] - Test Cases/Android/Login Module/Transition Page Module/page_one_skip: Test Cases/Android/Login Module/Transition Page Module/page_one_skip

2020-01-08 17:34:04 - [TEST_STEP][PASSED] - startExistingApplication(G_AppId, CONTINUE_ON_FAILURE): Starting app with application ID: 'com.goldlokedu.tgoldlokedu '

2020-01-08 17:34:05 - [MESSAGE][INFO] - User set preference: ['deviceId', 'VBJ4C18519001467']

2020-01-08 17:34:08 - [MESSAGE][INFO] - Appium server started on port 62,172

2020-01-08 17:34:20 - [MESSAGE][PASSED] - Starting app with application ID: 'com.goldlokedu.tgoldlokedu '

2020-01-08 17:34:20 - [TEST_STEP][PASSED] - "点击过度页第一页跳过按钮": null

2020-01-08 17:34:20 - [TEST_STEP][PASSED] - closeApplication(CONTINUE_ON_FAILURE): Close app successfully

2020-01-08 17:34:20 - [MESSAGE][PASSED] - Close app successfully

2020-01-08 17:34:20 - [TEST_STEP][PASSED] - Start tear down : tearDownTestCase: Method 'tearDownTestCase' complete successfully

2020-01-08 17:34:20 - [MESSAGE][PASSED] - Method 'tearDownTestCase' complete successfully]]></system-out>
         <system-err><![CDATA[]]></system-err>
      </testcase>
      <system-out><![CDATA[2020-01-08 17:34:03 - [TEST_SUITE][PASSED] - test: Test Cases/Android/Login Module/Transition Page Module/page_one_skip]]></system-out>
      <system-err><![CDATA[]]></system-err>
   </testsuite>
</testsuites>
