<?xml version="1.0" encoding="UTF-8"?>
<testsuites name="test" time="21.874" tests="1" failures="0" errors="0">
   <testsuite name="test" tests="1" failures="0" errors="0" time="21.874" timestamp="2020-01-08 17:42:38" hostname="faz - fazaizhongdemacbook-pro.local" id="Test Suites/Android/Teacher Test Suite/test">
      <properties>
         <property name="deviceName" value="HUAWEI COL-AL10 (Android 9)"/>
         <property name="devicePlatform" value=""/>
         <property name="logFolder" value="/Users/faz/git/com.goldlokedu.app/Reports/20200108_174219/Android/Teacher Test Suite/test/20200108_174224"/>
         <property name="logFiles" value="/Users/faz/git/com.goldlokedu.app/Reports/20200108_174219/Android/Teacher Test Suite/test/20200108_174224/execution0.log, /Users/faz/git/com.goldlokedu.app/Reports/20200108_174219/Android/Teacher Test Suite/test/20200108_174224/appium.log"/>
         <property name="attachments" value=""/>
         <property name="hostName" value="faz - fazaizhongdemacbook-pro.local"/>
         <property name="os" value="Mac OS X 64bit"/>
         <property name="appiumServerStatus" value="{\&quot;value\&quot;:{\&quot;build\&quot;:{\&quot;version\&quot;:\&quot;1.16.0\&quot;}},\&quot;sessionId\&quot;:null,\&quot;status\&quot;:0}"/>
         <property name="katalonVersion" value="7.2.0.1"/>
         <property name="deviceOS" value="Android"/>
         <property name="appiumVersion" value="1.16.0"/>
         <property name="deviceModel" value="COL-AL10"/>
         <property name="hostAddress" value="169.254.114.95"/>
         <property name="deviceManufacturer" value="HUAWEI"/>
         <property name="deviceId" value="VBJ4C18519001467"/>
         <property name="deviceName" value="HUAWEI COL-AL10 (Android 9)"/>
         <property name="deviceOSVersion" value="9"/>
      </properties>
      <testcase name="Test Cases/Android/Login Module/Transition Page Module/page_one_skip" time="21.253" classname="Test Cases/Android/Login Module/Transition Page Module/page_one_skip" status="PASSED">
         <system-out><![CDATA[2020-01-08 17:42:39 - [TEST_CASE][PASSED] - Test Cases/Android/Login Module/Transition Page Module/page_one_skip: Test Cases/Android/Login Module/Transition Page Module/page_one_skip

2020-01-08 17:42:40 - [TEST_STEP][PASSED] - startExistingApplication(G_AppId, CONTINUE_ON_FAILURE): Starting app with application ID: 'com.goldlokedu.tgoldlokedu '

2020-01-08 17:42:41 - [MESSAGE][INFO] - User set preference: ['deviceId', 'VBJ4C18519001467']

2020-01-08 17:42:44 - [MESSAGE][INFO] - Appium server started on port 49,577

2020-01-08 17:42:57 - [MESSAGE][PASSED] - Starting app with application ID: 'com.goldlokedu.tgoldlokedu '

2020-01-08 17:42:57 - [TEST_STEP][PASSED] - "点击过度页第一页跳过按钮": null

2020-01-08 17:42:57 - [TEST_STEP][PASSED] - closeApplication(): Close app successfully

2020-01-08 17:42:58 - [MESSAGE][PASSED] - Close app successfully]]></system-out>
         <system-err><![CDATA[]]></system-err>
      </testcase>
      <system-out><![CDATA[2020-01-08 17:42:38 - [TEST_SUITE][PASSED] - test: Test Cases/Android/Login Module/Transition Page Module/page_one_skip]]></system-out>
      <system-err><![CDATA[]]></system-err>
   </testsuite>
</testsuites>
