<?xml version="1.0" encoding="UTF-8"?>
<testsuites name="Ordinary_teacher" time="15.582" tests="2" failures="0" errors="0">
   <testsuite name="Ordinary_teacher" tests="2" failures="0" errors="0" time="15.582" timestamp="2020-01-05 15:19:32" hostname="Administrator - PC-20190203YURK" id="Test Suites/Android/Teacher Test Suite/Ordinary_teacher">
      <properties>
         <property name="deviceName" value="HUAWEI COL-AL10 (Android 9)"/>
         <property name="devicePlatform" value=""/>
         <property name="logFolder" value="E:\\\u5E84\u610F\u5F3A\\katalonworkspace\\com.goldlokedu.app\\Reports\\20200105_151921\\Android\\Teacher Test Suite\\Ordinary_teacher\\20200105_151921"/>
         <property name="logFiles" value="E:\\\u5E84\u610F\u5F3A\\katalonworkspace\\com.goldlokedu.app\\Reports\\20200105_151921\\Android\\Teacher Test Suite\\Ordinary_teacher\\20200105_151921\\appium.log, E:\\\u5E84\u610F\u5F3A\\katalonworkspace\\com.goldlokedu.app\\Reports\\20200105_151921\\Android\\Teacher Test Suite\\Ordinary_teacher\\20200105_151921\\execution0.log"/>
         <property name="attachments" value=""/>
         <property name="hostName" value="Administrator - PC-20190203YURK"/>
         <property name="os" value="Windows 7 64bit"/>
         <property name="appiumServerStatus" value="{\&quot;value\&quot;:{\&quot;build\&quot;:{\&quot;version\&quot;:\&quot;1.15.1\&quot;}},\&quot;sessionId\&quot;:null,\&quot;status\&quot;:0}"/>
         <property name="katalonVersion" value="7.2.0.1"/>
         <property name="deviceOS" value="Android"/>
         <property name="appiumVersion" value="1.15.1"/>
         <property name="deviceModel" value="COL-AL10"/>
         <property name="hostAddress" value="192.168.3.4"/>
         <property name="deviceManufacturer" value="HUAWEI"/>
         <property name="deviceId" value="VBJ4C18519001467"/>
         <property name="deviceName" value="HUAWEI COL-AL10 (Android 9)"/>
         <property name="deviceOSVersion" value="9"/>
      </properties>
      <testcase name="Test Cases/Android/Public Module/Start App/start_app" time="15.201" classname="Test Cases/Android/Public Module/Start App/start_app" status="PASSED">
         <system-out><![CDATA[2020-01-05 15:19:32 - [TEST_CASE][PASSED] - Test Cases/Android/Public Module/Start App/start_app: Test Cases/Android/Public Module/Start App/start_app

2020-01-05 15:19:32 - [TEST_STEP][PASSED] - startExistingApplication(G_AppId, STOP_ON_FAILURE): Starting app with application ID: 'com.goldlokedu.tgoldlokedu '

2020-01-05 15:19:32 - [MESSAGE][INFO] - User set preference: ['deviceId', 'VBJ4C18519001467']

2020-01-05 15:19:34 - [MESSAGE][INFO] - Appium server started on port 55,494

2020-01-05 15:19:45 - [MESSAGE][PASSED] - Starting app with application ID: 'com.goldlokedu.tgoldlokedu ']]></system-out>
         <system-err><![CDATA[]]></system-err>
      </testcase>
      <testcase name="Test Cases/Android/Bottom Navigation/Campus/tap_sms_text" time="0.16" classname="Test Cases/Android/Bottom Navigation/Campus/tap_sms_text" status="INCOMPLETE">
         <system-out><![CDATA[2020-01-05 15:19:47 - [TEST_CASE][INCOMPLETE] - Test Cases/Android/Bottom Navigation/Campus/tap_sms_text: null

2020-01-05 15:19:47 - [TEST_STEP][INCOMPLETE] - tap(findTestObject("Object Repository/Android/Bottom Bavigation/Campus/Interactive Management/sms_text"), G_Timeout, CONTINUE_ON_FAILURE): null]]></system-out>
         <system-err><![CDATA[2020-01-05 15:19:47 - [TEST_CASE][INCOMPLETE] - Test Cases/Android/Bottom Navigation/Campus/tap_sms_text: null]]></system-err>
      </testcase>
      <system-out><![CDATA[2020-01-05 15:19:32 - [TEST_SUITE][INCOMPLETE] - Ordinary_teacher: null]]></system-out>
      <system-err><![CDATA[2020-01-05 15:19:32 - [TEST_SUITE][INCOMPLETE] - Ordinary_teacher: null]]></system-err>
   </testsuite>
</testsuites>
