<?xml version="1.0" encoding="UTF-8"?>
<testsuites name="Ordinary_teacher" time="25.346" tests="4" failures="0" errors="0">
   <testsuite name="Ordinary_teacher" tests="4" failures="0" errors="0" time="25.346" timestamp="2019-12-30 14:19:01" hostname="faz - 192.168.2.28" id="Test Suites/Android/Teacher Test Suite/Ordinary_teacher">
      <properties>
         <property name="deviceName" value="HUAWEI COL-AL10 (Android 9)"/>
         <property name="devicePlatform" value=""/>
         <property name="logFolder" value="/Users/faz/git/com.goldlokedu.app/Reports/20191230_141842/Android/Teacher Test Suite/Ordinary_teacher/20191230_141842"/>
         <property name="logFiles" value="/Users/faz/git/com.goldlokedu.app/Reports/20191230_141842/Android/Teacher Test Suite/Ordinary_teacher/20191230_141842/execution0.log, /Users/faz/git/com.goldlokedu.app/Reports/20191230_141842/Android/Teacher Test Suite/Ordinary_teacher/20191230_141842/appium.log"/>
         <property name="attachments" value=""/>
         <property name="hostName" value="faz - 192.168.2.28"/>
         <property name="os" value="Mac OS X 64bit"/>
         <property name="appiumServerStatus" value="{\&quot;value\&quot;:{\&quot;build\&quot;:{\&quot;version\&quot;:\&quot;1.16.0\&quot;}},\&quot;sessionId\&quot;:null,\&quot;status\&quot;:0}"/>
         <property name="katalonVersion" value="7.2.0.1"/>
         <property name="deviceOS" value="Android"/>
         <property name="appiumVersion" value="1.16.0"/>
         <property name="deviceModel" value="COL-AL10"/>
         <property name="hostAddress" value="192.168.2.28"/>
         <property name="deviceManufacturer" value="HUAWEI"/>
         <property name="deviceId" value="VBJ4C18519001467"/>
         <property name="deviceName" value="HUAWEI COL-AL10 (Android 9)"/>
         <property name="deviceOSVersion" value="9"/>
      </properties>
      <testcase name="Test Cases/Android/Public Module/Start App/start_app" time="14.724" classname="Test Cases/Android/Public Module/Start App/start_app" status="PASSED">
         <system-out><![CDATA[2019-12-30 14:19:02 - [TEST_CASE][PASSED] - Test Cases/Android/Public Module/Start App/start_app: Test Cases/Android/Public Module/Start App/start_app

2019-12-30 14:19:02 - [TEST_STEP][PASSED] - startExistingApplication(G_AppId, STOP_ON_FAILURE): Starting app with application ID: 'com.goldlokedu.tgoldlokedu '

2019-12-30 14:19:03 - [MESSAGE][INFO] - User set preference: ['deviceId', 'VBJ4C18519001467']

2019-12-30 14:19:05 - [MESSAGE][INFO] - Appium server started on port 56,070

2019-12-30 14:19:16 - [MESSAGE][PASSED] - Starting app with application ID: 'com.goldlokedu.tgoldlokedu ']]></system-out>
         <system-err><![CDATA[]]></system-err>
      </testcase>
      <testcase name="Test Cases/Android/Bottom Navigation/tap_bottom_resources" time="4.977" classname="Test Cases/Android/Bottom Navigation/tap_bottom_resources" status="PASSED">
         <system-out><![CDATA[2019-12-30 14:19:16 - [TEST_CASE][PASSED] - Test Cases/Android/Bottom Navigation/tap_bottom_resources: Test Cases/Android/Bottom Navigation/tap_bottom_resources

2019-12-30 14:19:17 - [TEST_STEP][PASSED] - tap(findTestObject("Object Repository/Android/Bottom Bavigation/bottom_Resources_btn"), G_Timeout, CONTINUE_ON_FAILURE): Tapped on element 'Object Repository/Android/Bottom Bavigation/bottom_Resources_btn'

2019-12-30 14:19:21 - [MESSAGE][PASSED] - Tapped on element 'Object Repository/Android/Bottom Bavigation/bottom_Resources_btn']]></system-out>
         <system-err><![CDATA[]]></system-err>
      </testcase>
      <testcase name="Test Cases/Android/Bottom Navigation/tap_bottom_my" time="2.948" classname="Test Cases/Android/Bottom Navigation/tap_bottom_my" status="PASSED">
         <system-out><![CDATA[2019-12-30 14:19:21 - [TEST_CASE][PASSED] - Test Cases/Android/Bottom Navigation/tap_bottom_my: Test Cases/Android/Bottom Navigation/tap_bottom_my

2019-12-30 14:19:22 - [TEST_STEP][PASSED] - doubleTap(findTestObject("Object Repository/Android/Bottom Bavigation/bottom_my_btn"), G_Timeout, CONTINUE_ON_FAILURE): Double tapped on element 'Object Repository/Android/Bottom Bavigation/bottom_my_btn'

2019-12-30 14:19:24 - [MESSAGE][PASSED] - Double tapped on element 'Object Repository/Android/Bottom Bavigation/bottom_my_btn']]></system-out>
         <system-err><![CDATA[]]></system-err>
      </testcase>
      <testcase name="Test Cases/Android/Bottom Navigation/tap_bottom_campus" time="1.485" classname="Test Cases/Android/Bottom Navigation/tap_bottom_campus" status="PASSED">
         <system-out><![CDATA[2019-12-30 14:19:24 - [TEST_CASE][PASSED] - Test Cases/Android/Bottom Navigation/tap_bottom_campus: Test Cases/Android/Bottom Navigation/tap_bottom_campus

2019-12-30 14:19:25 - [TEST_STEP][PASSED] - tap(findTestObject("Object Repository/Android/Bottom Bavigation/bottom_campus_btn"), G_Timeout, CONTINUE_ON_FAILURE): Tapped on element 'Object Repository/Android/Bottom Bavigation/bottom_campus_btn'

2019-12-30 14:19:26 - [MESSAGE][PASSED] - Tapped on element 'Object Repository/Android/Bottom Bavigation/bottom_campus_btn']]></system-out>
         <system-err><![CDATA[]]></system-err>
      </testcase>
      <system-out><![CDATA[2019-12-30 14:19:01 - [TEST_SUITE][PASSED] - Ordinary_teacher: Test Cases/Android/Bottom Navigation/tap_bottom_campus]]></system-out>
      <system-err><![CDATA[]]></system-err>
   </testsuite>
</testsuites>
