<?xml version="1.0" encoding="UTF-8"?>
<testsuites name="test" time="24.907" tests="1" failures="0" errors="0">
   <testsuite name="test" tests="1" failures="0" errors="0" time="24.907" timestamp="2020-01-08 17:43:44" hostname="faz - fazaizhongdemacbook-pro.local" id="Test Suites/Android/Teacher Test Suite/test">
      <properties>
         <property name="deviceName" value="HUAWEI COL-AL10 (Android 9)"/>
         <property name="devicePlatform" value=""/>
         <property name="logFolder" value="/Users/faz/git/com.goldlokedu.app/Reports/20200108_174333/Android/Teacher Test Suite/test/20200108_174336"/>
         <property name="logFiles" value="/Users/faz/git/com.goldlokedu.app/Reports/20200108_174333/Android/Teacher Test Suite/test/20200108_174336/execution0.log, /Users/faz/git/com.goldlokedu.app/Reports/20200108_174333/Android/Teacher Test Suite/test/20200108_174336/appium.log"/>
         <property name="attachments" value=""/>
         <property name="hostName" value="faz - fazaizhongdemacbook-pro.local"/>
         <property name="os" value="Mac OS X 64bit"/>
         <property name="appiumServerStatus" value="{\&quot;value\&quot;:{\&quot;build\&quot;:{\&quot;version\&quot;:\&quot;1.16.0\&quot;}},\&quot;sessionId\&quot;:null,\&quot;status\&quot;:0}"/>
         <property name="katalonVersion" value="7.2.0.1"/>
         <property name="deviceOS" value="Android"/>
         <property name="appiumVersion" value="1.16.0"/>
         <property name="deviceModel" value="COL-AL10"/>
         <property name="hostAddress" value="169.254.114.95"/>
         <property name="deviceManufacturer" value="HUAWEI"/>
         <property name="deviceId" value="VBJ4C18519001467"/>
         <property name="deviceName" value="HUAWEI COL-AL10 (Android 9)"/>
         <property name="deviceOSVersion" value="9"/>
      </properties>
      <testcase name="Test Cases/Android/Login Module/Transition Page Module/page_one_skip" time="24.368" classname="Test Cases/Android/Login Module/Transition Page Module/page_one_skip" status="PASSED">
         <system-out><![CDATA[2020-01-08 17:43:45 - [TEST_CASE][PASSED] - Test Cases/Android/Login Module/Transition Page Module/page_one_skip: Test Cases/Android/Login Module/Transition Page Module/page_one_skip

2020-01-08 17:43:46 - [TEST_STEP][PASSED] - startExistingApplication(G_AppId, CONTINUE_ON_FAILURE): Starting app with application ID: 'com.goldlokedu.tgoldlokedu '

2020-01-08 17:43:47 - [MESSAGE][INFO] - User set preference: ['deviceId', 'VBJ4C18519001467']

2020-01-08 17:43:51 - [MESSAGE][INFO] - Appium server started on port 50,214

2020-01-08 17:44:02 - [MESSAGE][PASSED] - Starting app with application ID: 'com.goldlokedu.tgoldlokedu '

2020-01-08 17:44:02 - [TEST_STEP][PASSED] - delay(5): Delayed 5 second(s)

2020-01-08 17:44:07 - [MESSAGE][PASSED] - Delayed 5 second(s)

2020-01-08 17:44:07 - [TEST_STEP][PASSED] - closeApplication(): Close app successfully

2020-01-08 17:44:07 - [MESSAGE][PASSED] - Close app successfully]]></system-out>
         <system-err><![CDATA[]]></system-err>
      </testcase>
      <system-out><![CDATA[2020-01-08 17:43:44 - [TEST_SUITE][PASSED] - test: Test Cases/Android/Login Module/Transition Page Module/page_one_skip]]></system-out>
      <system-err><![CDATA[]]></system-err>
   </testsuite>
</testsuites>
